1 Checking google.com ... t=0.22
2 Checking youtube.com ... t=0.25
3 Checking facebook.com ... t=1.96
4 Checking baidu.com ... t=0.19
5 Checking yahoo.com ... t=0.52
6 Checking amazon.com ... t=1.68
7 Checking wikipedia.org ... t=2.90
8 Checking twitter.com ... t=1.65
9 Checking google.co.in ... t=0.23
10 Checking qq.com ... t=1.27
11 Checking live.com ... t=3.47
12 Checking bing.com ... t=0.16
13 Checking taobao.com ... t=1.07
14 Checking google.co.jp ... t=0.28
15 Checking msn.com ... t=0.83
16 Checking yahoo.co.jp ... t=0.35
17 Checking linkedin.com ... t=0.99
18 Checking instagram.com ... t=0.93
19 Checking sina.com.cn ... t=0.36
20 Checking vk.com ... t=3.43
21 Checking weibo.com ... t=0.45
22 Checking google.ru ... t=0.38
23 Checking yandex.ru ... t=3.08
24 Checking google.de ... t=0.32
25 Checking ebay.com ... t=1.12
26 Checking hao123.com ... t=0.85
27 Checking reddit.com ... t=1.98
28 Checking google.co.uk ... t=0.30
29 Checking mail.ru ... t=2.90
30 Checking amazon.co.jp ... t=1.58
31 Checking t.co ... t=0.43
32 Checking google.com.br ... t=0.54
33 Checking google.fr ... t=0.30
34 Checking pinterest.com ... t=0.76
35 Checking netflix.com ... t=2.59
36 Checking google.it ... t=0.22
37 Checking microsoft.com ... t=1.67
38 Checking tmall.com ... t=1.82
39 Checking 360.cn ... t=2.64
40 Checking wordpress.com ... t=1.01
41 Checking onclickads.net ... t=1.58
42 Checking google.es ... t=0.45
43 Checking imgur.com ... t=0.35
44 Checking blogspot.com ... t=2.72
45 Checking paypal.com ... Exception: ''
t=2.34
46 Checking tumblr.com ... t=3.61
47 Checking sohu.com ... t=0.23
48 Checking naver.com ... t=0.42
49 Checking xvideos.com ... t=1.56
50 Checking google.com.mx ... t=0.23
51 Checking stackoverflow.com ... t=0.42
52 Checking diply.com ... t=0.47
53 Checking imdb.com ... t=1.36
54 Checking fc2.com ... t=0.35
55 Checking aliexpress.com ... t=0.67
56 Checking apple.com ... t=0.37
57 Checking google.co.kr ... t=0.34
58 Checking google.ca ... t=0.35
59 Checking chinadaily.com.cn ... t=0.62
60 Checking github.com ... t=1.39
61 Checking pornhub.com ... t=1.64
62 Checking ok.ru ... t=0.59
63 Checking blogger.com ... t=2.12
64 Checking kat.cr ... t=3.58
65 Checking google.com.hk ... t=0.31
66 Checking amazon.de ... t=3.14
67 Checking google.com.tr ... t=0.27
68 Checking whatsapp.com ... t=1.27
69 Checking gmw.cn ... t=0.44
70 Checking office.com ... t=1.47
71 Checking craigslist.org ... t=3.24
72 Checking rakuten.co.jp ... t=0.26
73 Checking amazon.in ... t=1.42
74 Checking nicovideo.jp ... t=0.30
75 Checking google.pl ... t=0.30
76 Checking pixnet.net ... t=0.30
77 Checking youth.cn ... t=1.78
78 Checking alibaba.com ... t=0.81
79 Checking tianya.cn ... t=0.40
80 Checking outbrain.com ... t=1.13
81 Checking google.co.id ... t=0.25
82 Checking xhamster.com ... t=0.67
83 Checking jd.com ... t=1.57
84 Checking ask.com ... t=2.52
85 Checking soso.com ... t=0.44
86 Checking googleusercontent.com ... Exception: [Errno -5] No address associated with hostname
t=0.08
87 Checking dropbox.com ... t=2.77
88 Checking go.com ... t=0.76
89 Checking google.com.tw ... t=0.85
90 Checking google.com.au ... t=1.36
91 Checking coccoc.com ... t=0.46
92 Checking xinhuanet.com ... t=0.16
93 Checking amazon.co.uk ... t=2.95
94 Checking popads.net ... t=2.91
95 Checking cntv.cn ... t=0.69
96 Checking wikia.com ... t=0.56
97 Checking twitch.tv ... t=1.12
98 Checking microsoftonline.com ... t=1.36
99 Checking cnn.com ... t=1.10
100 Checking bongacams.com ... t=2.23
101 Checking booking.com ... t=2.33
102 Checking 360.com ... t=0.60
103 Checking flipkart.com ... t=1.06
104 Checking google.com.eg ... t=0.52
105 Checking chase.com ... t=1.89
106 Checking google.com.pk ... t=0.38
107 Checking bbc.co.uk ... t=2.04
108 Checking adf.ly ... t=0.53
109 Checking haosou.com ... Exception: [Errno -2] Name or service not known
t=0.46
110 Checking adobe.com ... t=9.27
111 Checking google.com.sa ... t=0.66
112 Checking google.co.th ... t=0.41
113 Checking quora.com ... t=1.32
114 Checking daum.net ... t=0.50
115 Checking google.com.ar ... t=0.28
116 Checking youku.com ... t=0.46
117 Checking alipay.com ... t=0.69
118 Checking livedoor.jp ... t=0.29
119 Checking google.nl ... t=0.71
120 Checking 163.com ... Exception: ''
t=3.20
121 Checking ebay.co.uk ... t=0.89
122 Checking china.com ... t=0.18
123 Checking espn.go.com ... t=0.62
124 Checking nytimes.com ... t=0.93
125 Checking sogou.com ... t=1.02
126 Checking txxx.com ... t=1.49
127 Checking ebay.de ... t=0.84
128 Checking myway.com ... t=0.67
129 Checking ettoday.net ... t=0.06
130 Checking bilibili.com ... t=0.45
131 Checking indiatimes.com ... t=1.10
132 Checking bbc.com ... t=1.98
133 Checking bankofamerica.com ... t=2.95
134 Checking walmart.com ... t=1.59
135 Checking xnxx.com ... t=1.32
136 Checking dailymotion.com ... t=2.88
137 Checking china.com.cn ... t=0.60
138 Checking amazon.cn ... t=1.45
139 Checking godaddy.com ... t=3.66
140 Checking zillow.com ... t=0.86
141 Checking dailymail.co.uk ... t=1.07
142 Checking amazonaws.com ... t=1.29
143 Checking salesforce.com ... t=2.91
144 Checking globo.com ... t=1.66
145 Checking ameblo.jp ... t=0.20
146 Checking google.co.ve ... t=0.68
147 Checking vice.com ... t=1.35
148 Checking wellsfargo.com ... t=2.02
149 Checking buzzfeed.com ... t=1.40
150 Checking so.com ... Exception: [Errno -2] Name or service not known
t=0.45
151 Checking indeed.com ... t=0.88
152 Checking google.com.ua ... t=0.27
153 Checking tudou.com ... t=0.35
154 Checking nametests.com ... t=0.75
155 Checking soundcloud.com ... t=0.84
156 Checking aol.com ... t=1.87
157 Checking etsy.com ... t=1.02
158 Checking doubleclick.net ... t=0.55
159 Checking mediafire.com ... t=2.48
160 Checking yelp.com ... t=1.49
161 Checking detail.tmall.com ... Warning: Redirect exceed limit
t=10.46
162 Checking uol.com.br ... t=2.05
163 Checking weather.com ... t=0.16
164 Checking google.gr ... t=0.33
165 Checking google.co.za ... t=0.37
166 Checking avito.ru ... t=2.47
167 Checking steamcommunity.com ... t=0.43
168 Checking onlinesbi.com ... t=2.33
169 Checking slideshare.net ... t=0.99
170 Checking cnet.com ... t=3.47
171 Checking gfycat.com ... t=1.02
172 Checking huffingtonpost.com ... t=0.97
173 Checking cnzz.com ... t=2.76
174 Checking tuberel.com ... t=0.81
175 Checking zhihu.com ... t=1.61
176 Checking uptodown.com ... t=0.75
177 Checking theguardian.com ... t=1.14
178 Checking goo.ne.jp ... t=0.98
179 Checking tripadvisor.com ... t=1.09
180 Checking torrentz.eu ... t=0.75
181 Checking dmm.co.jp ... t=0.27
182 Checking stackexchange.com ... t=0.42
183 Checking google.com.co ... t=0.59
184 Checking directrev.com ... t=0.86
185 Checking naver.jp ... t=0.79
186 Checking force.com ... t=2.40
187 Checking taringa.net ... t=1.92
188 Checking redtube.com ... t=1.32
189 Checking vimeo.com ... t=1.08
190 Checking 9gag.com ... t=0.17
191 Checking taboola.com ... t=1.66
192 Checking bet365.com ... t=1.83
193 Checking feedly.com ... t=0.54
194 Checking detik.com ... t=0.40
195 Checking pixiv.net ... t=0.34
196 Checking google.com.ng ... t=0.60
197 Checking blogspot.co.id ... t=0.37
198 Checking homedepot.com ... t=1.07
199 Checking varzesh3.com ... t=1.73
200 Checking steampowered.com ... t=0.64
201 Checking hclips.com ... t=1.18
202 Checking putlocker.is ... t=0.69
203 Checking google.ro ... t=0.44
204 Checking udn.com ... t=0.25
205 Checking theladbible.com ... t=3.68
206 Checking amazon.it ... t=2.72
207 Checking flickr.com ... t=1.06
208 Checking google.com.pe ... t=0.40
209 Checking ontests.me ... t=0.59
210 Checking google.be ... t=0.47
211 Checking kakaku.com ... t=0.13
212 Checking bp.blogspot.com ... Exception: [Errno -5] No address associated with hostname
t=0.09
213 Checking washingtonpost.com ... t=1.24
214 Checking blogspot.in ... t=0.45
215 Checking target.com ... t=7.71
216 Checking slither.io ... t=0.18
217 Checking mega.nz ... t=2.79
218 Checking deviantart.com ... t=1.13
219 Checking foxnews.com ... t=0.52
220 Checking skype.com ... t=2.89
221 Checking amazon.fr ... t=2.78
222 Checking nih.gov ... t=1.64
223 Checking comcast.net ... t=2.63
224 Checking tribunnews.com ... t=0.38
225 Checking fbcdn.net ... t=1.02
226 Checking web.de ... t=1.00
227 Checking orange.fr ... t=2.99
228 Checking youm7.com ... t=0.82
229 Checking youporn.com ... t=1.31
230 Checking ikea.com ... t=0.58
231 Checking snapdeal.com ... t=1.21
232 Checking tistory.com ... t=1.46
233 Checking adnetworkperformance.com ... t=0.35
234 Checking upornia.com ... t=0.74
235 Checking americanexpress.com ... t=0.41
236 Checking spotify.com ... t=4.30
237 Checking wittyfeed.com ... t=1.27
238 Checking zol.com.cn ... t=2.82
239 Checking google.com.sg ... t=0.37
240 Checking gmx.net ... t=2.09
241 Checking ifeng.com ... t=0.56
242 Checking w3schools.com ... t=0.88
243 Checking leboncoin.fr ... t=5.50
244 Checking wikihow.com ... t=0.78
245 Checking douyu.com ... t=0.52
246 Checking google.se ... t=0.70
247 Checking livejournal.com ... t=0.80
248 Checking google.com.ph ... t=0.27
249 Checking thepiratebay.org ... t=0.81
250 Checking 51.la ... t=8.02
251 Checking forbes.com ... t=0.82
252 Checking mozilla.org ... t=0.68
253 Checking iqiyi.com ... t=0.37
254 Checking google.at ... t=0.40
255 Checking popcash.net ... t=0.61
256 Checking hdfcbank.com ... t=0.59
257 Checking capitalone.com ... t=2.24
258 Checking wix.com ... t=1.05
259 Checking irctc.co.in ... t=1.21
260 Checking onet.pl ... t=2.31
261 Checking softonic.com ... t=1.67
262 Checking allegro.pl ... t=1.08
263 Checking babytree.com ... t=4.07
264 Checking github.io ... t=0.86
265 Checking roblox.com ... t=1.22
266 Checking google.dz ... t=0.27
267 Checking xfinity.com ... t=3.61
268 Checking wikimedia.org ... t=1.77
269 Checking bestbuy.com ... t=0.22
270 Checking google.cn ... t=0.69
271 Checking groupon.com ... t=1.12
272 Checking webtretho.com ... t=0.70
273 Checking files.wordpress.com ... t=1.25
274 Checking paytm.com ... t=0.62
275 Checking imzog.com ... t=0.79
276 Checking onedio.com ... t=0.76
277 Checking twimg.com ... Exception: [Errno 110] Connection timed out
t=127.37
278 Checking t-online.de ... t=2.32
279 Checking google.ch ... t=0.34
280 Checking blog.jp ... t=0.21
281 Checking xcar.com.cn ... t=2.32
282 Checking usps.com ... t=1.07
283 Checking akamaihd.net ... Exception: [Errno -5] No address associated with hostname
t=0.08
284 Checking google.pt ... t=0.24
285 Checking pandora.com ... t=1.26
286 Checking ltn.com.tw ... t=0.13
287 Checking shutterstock.com ... t=1.12
288 Checking google.cl ... t=0.20
289 Checking wp.pl ... t=1.62
290 Checking rediff.com ... t=0.29
291 Checking mercadolivre.com.br ... t=2.59
292 Checking blastingnews.com ... t=1.36
293 Checking tokopedia.com ... t=0.74
294 Checking speedtest.net ... t=0.85
295 Checking hulu.com ... t=0.17
296 Checking eksisozluk.com ... t=2.60
297 Checking icicibank.com ... t=0.83
298 Checking ebay-kleinanzeigen.de ... t=2.54
299 Checking livejasmin.com ... t=3.63
300 Checking google.cz ... t=0.39
301 Checking chaturbate.com ... t=1.61
302 Checking xywy.com ... t=3.91
303 Checking google.ae ... t=0.27
304 Checking doorblog.jp ... Exception: [Errno -5] No address associated with hostname
t=0.31
305 Checking goodreads.com ... t=2.73
306 Checking huanqiu.com ... t=10.52
307 Checking ups.com ... t=13.77
308 Checking trello.com ... t=2.72
309 Checking accuweather.com ... t=1.78
310 Checking 2ch.net ... t=0.46
311 Checking bitauto.com ... t=4.66
312 Checking weebly.com ... t=1.42
313 Checking yesky.com ... t=1.61
314 Checking abs-cbn.com ... Exception: [Errno -5] No address associated with hostname
t=0.10
315 Checking terraclicks.com ... t=1.69
316 Checking wordreference.com ... t=3.29
317 Checking google.co.il ... t=0.31
318 Checking ndtv.com ... t=1.23
319 Checking kaskus.co.id ... t=1.65
320 Checking battle.net ... t=1.89
321 Checking 1688.com ... t=1.89
322 Checking about.com ... t=0.88
323 Checking pinimg.com ... t=1.16
324 Checking amazon.es ... t=2.81
325 Checking sourceforge.net ... t=1.39
326 Checking seznam.cz ... t=2.79
327 Checking youtube-mp3.org ... t=0.76
328 Checking slickdeals.net ... t=0.74
329 Checking caijing.com.cn ... t=0.54
330 Checking kompas.com ... t=0.33
331 Checking wordpress.org ... t=0.96
332 Checking icloud.com ... t=0.61
333 Checking google.hu ... t=0.33
334 Checking slack.com ... t=0.78
335 Checking mlb.com ... t=0.46
336 Checking zendesk.com ... t=2.04
337 Checking hp.com ... t=1.02
338 Checking archive.org ... t=1.37
339 Checking fedex.com ... t=0.80
340 Checking blogspot.com.br ... t=0.27
341 Checking rdsa2012.com ... t=0.46
342 Checking sberbank.ru ... t=1.49
343 Checking mama.cn ... t=1.92
344 Checking oracle.com ... t=3.62
345 Checking google.ie ... t=0.39
346 Checking businessinsider.com ... t=0.45
347 Checking csdn.net ... t=2.56
348 Checking media.tumblr.com ... t=0.56
349 Checking lifebuzz.com ... t=5.19
350 Checking life.tw ... t=36.03
351 Checking samsung.com ... t=1.24
352 Checking lowes.com ... t=5.25
353 Checking webmd.com ... t=3.00
354 Checking att.com ... t=1.97
355 Checking bukalapak.com ... t=0.72
356 Checking sabah.com.tr ... t=128.52
357 Checking ozock.com ... t=0.74
358 Checking 51yes.com ... t=0.32
359 Checking kinogo.co ... t=1.89
360 Checking telegraph.co.uk ... t=0.84
361 Checking 1905.com ... t=2.06
362 Checking usatoday.com ... t=0.86
363 Checking addthis.com ... t=0.70
364 Checking badoo.com ... t=1.87
365 Checking espncricinfo.com ... t=4.90
366 Checking messenger.com ... t=1.33
367 Checking cnnic.cn ... t=0.24
368 Checking dell.com ... t=0.96
369 Checking citi.com ... t=1.83
370 Checking adexc.net ... t=0.71
371 Checking liputan6.com ... t=0.32
372 Checking mailchimp.com ... t=0.44
373 Checking airbnb.com ... t=0.94
374 Checking ign.com ... t=2.35
375 Checking rambler.ru ... t=3.16
376 Checking kapanlagi.com ... t=0.38
377 Checking gsmarena.com ... t=1.53
378 Checking gizmodo.com ... t=0.48
379 Checking adplxmd.com ... t=0.83
380 Checking milliyet.com.tr ... t=2.08
381 Checking nyaa.se ... t=1.21
382 Checking loading-delivery2.com ... t=1.45
383 Checking thesaurus.com ... t=2.11
384 Checking hurriyet.com.tr ... t=2.84
385 Checking giphy.com ... t=0.14
386 Checking exoclick.com ... t=3.03
387 Checking kinopoisk.ru ... t=3.10
388 Checking secureserver.net ... t=1.21
389 Checking sharepoint.com ... t=2.17
390 Checking dmm.com ... t=0.40
391 Checking digikala.com ... t=1.76
392 Checking likes.com ... t=0.54
393 Checking google.az ... t=0.28
394 Checking evernote.com ... t=1.07
395 Checking verizonwireless.com ... t=1.28
396 Checking livedoor.biz ... Exception: [Errno -5] No address associated with hostname
t=0.26
397 Checking intuit.com ... t=1.71
398 Checking scribd.com ... t=1.49
399 Checking medium.com ... t=1.28
400 Checking friv.com ... t=0.48
401 Checking libero.it ... t=68.76
402 Checking openload.co ... t=1.24
403 Checking billdesk.com ... t=0.89
404 Checking ouo.io ... t=0.30
405 Checking ask.fm ... t=0.47
406 Checking cloudfront.net ... Exception: [Errno -5] No address associated with hostname
t=0.06
407 Checking taleo.net ... t=0.41
408 Checking tube8.com ... t=1.43
409 Checking bloomberg.com ... t=0.72
410 Checking reimageplus.com ... t=1.39
411 Checking enet.com.cn ... t=3.58
412 Checking blogfa.com ... t=0.57
413 Checking google.no ... t=0.24
414 Checking rutracker.org ... t=1.17
415 Checking sahibinden.com ... t=4.02
416 Checking naukri.com ... t=0.97
417 Checking hotstar.com ... t=0.31
418 Checking wetransfer.com ... t=3.94
419 Checking macys.com ... t=1.95
420 Checking 39.net ... Exception: ''
t=0.27
421 Checking freepik.com ... t=1.25
422 Checking repubblica.it ... t=1.62
423 Checking google.sk ... t=0.32
424 Checking impress.co.jp ... t=0.26
425 Checking wsj.com ... t=1.35
426 Checking kickstarter.com ... t=1.22
427 Checking offerhaus.link ... t=0.80
428 Checking avg.com ... t=1.06
429 Checking ck101.com ... t=0.34
430 Checking savefrom.net ... t=1.20
431 Checking expedia.com ... t=4.86
432 Checking k618.cn ... t=1.77
433 Checking livedoor.com ... t=0.25
434 Checking eastday.com ... t=0.18
435 Checking ebay.in ... t=0.84
436 Checking bild.de ... t=1.89
437 Checking amazon.ca ... t=2.14
438 Checking nba.com ... t=3.47
439 Checking kissanime.to ... t=0.24
440 Checking upwork.com ... t=3.00
441 Checking kohls.com ... t=0.11
442 Checking themeforest.net ... t=1.05
443 Checking ancestry.com ... t=2.23
444 Checking gearbest.com ... t=0.25
445 Checking box.com ... t=1.14
446 Checking doublepimp.com ... t=0.98
447 Checking 4shared.com ... t=1.48
448 Checking google.dk ... t=0.83
449 Checking blkget.com ... t=3.01
450 Checking sh.st ... t=4.08
451 Checking ppomppu.co.kr ... t=0.25
452 Checking extratorrent.cc ... t=1.02
453 Checking hatena.ne.jp ... t=1.44
454 Checking acfun.tv ... t=0.79
455 Checking jabong.com ... t=3.41
456 Checking ebay.it ... t=1.10
457 Checking trackingclick.net ... Exception: [Errno -5] No address associated with hostname
t=0.29
458 Checking telegram.org ... t=2.15
459 Checking spiegel.de ... t=1.37
460 Checking tabelog.com ... t=0.11
461 Checking haber7.com ... t=4.40
462 Checking hm.com ... t=0.96
463 Checking subscene.com ... t=0.92
464 Checking olx.pl ... t=1.40
465 Checking ameba.jp ... t=0.23
466 Checking daikynguyenvn.com ... t=0.41
467 Checking marca.com ... t=1.58
468 Checking blackboard.com ... t=4.48
469 Checking mashable.com ... t=0.10
470 Checking alicdn.com ... t=0.31
471 Checking engadget.com ... t=1.68
472 Checking goal.com ... t=1.71
473 Checking tradeadexchange.com ... t=0.51
474 Checking serving-sys.com ... Exception: [Errno -5] No address associated with hostname
t=0.06
475 Checking rt.com ... t=3.10
476 Checking hatenablog.com ... t=0.14
477 Checking newegg.com ... t=0.64
478 Checking zoho.com ... t=1.27
479 Checking mercadolibre.com.ar ... t=2.20
480 Checking zippyshare.com ... t=0.60
481 Checking realtor.com ... t=3.76
482 Checking azlyrics.com ... t=1.32
483 Checking wunderground.com ... t=1.85
484 Checking videomega.tv ... t=0.71
485 Checking gismeteo.ru ... t=3.37
486 Checking shopify.com ... t=1.52
487 Checking thesportbible.com ... t=0.52
488 Checking siteadvisor.com ... t=1.10
489 Checking gap.com ... t=2.62
490 Checking okezone.com ... t=0.51
491 Checking bhaskar.com ... t=4.30
492 Checking atlassian.net ... t=1.98
493 Checking southwest.com ... t=1.89
494 Checking blogimg.jp ... Exception: [Errno -5] No address associated with hostname
t=0.17
495 Checking elpais.com ... t=0.64
496 Checking prjcq.com ... t=0.50
497 Checking lifehacker.com ... t=0.41
498 Checking wp.com ... t=1.15
499 Checking free.fr ... t=1.62
500 Checking disqus.com ... t=0.67
501 Checking google.by ... t=2.73
502 Checking discovercard.com ... t=1.65
503 Checking dictionary.com ... t=0.97
504 Checking conservativetribune.com ... t=0.83
505 Checking beeg.com ... t=0.75
506 Checking merdeka.com ... t=0.69
507 Checking rbc.ru ... t=2.22
508 Checking asos.com ... t=1.45
509 Checking nordstrom.com ... t=0.99
510 Checking surveymonkey.com ... t=2.17
511 Checking thewatchseries.to ... t=1.17
512 Checking thatviralfeed.com ... t=0.81
513 Checking usaa.com ... t=1.67
514 Checking ytimg.com ... Exception: [Errno -5] No address associated with hostname
t=0.12
515 Checking zing.vn ... t=0.91
516 Checking blogspot.jp ... t=0.45
517 Checking umblr.com ... Exception: [Errno 110] Connection timed out
t=127.40
518 Checking csgolounge.com ... t=0.91
519 Checking mi.com ... t=1.24
520 Checking donga.com ... t=0.42
521 Checking clipconverter.cc ... t=1.19
522 Checking thefreedictionary.com ... t=1.17
523 Checking vk.me ... t=2.40
524 Checking ebay.com.au ... t=1.06
525 Checking behance.net ... t=1.42
526 Checking google.bg ... t=0.32
527 Checking reuters.com ... t=2.37
528 Checking hdzog.com ... t=3.69
529 Checking 17ok.com ... t=2.36
530 Checking mobile.de ... t=1.82
531 Checking hespress.com ... t=1.38
532 Checking liveadexchanger.com ... t=0.50
533 Checking nownews.com ... t=0.05
534 Checking costco.com ... t=1.05
535 Checking souq.com ... t=2.74
536 Checking baike.com ... t=0.45
537 Checking gamefaqs.com ... t=1.46
538 Checking infusionsoft.com ... t=1.63
539 Checking tutorialspoint.com ... t=0.46
540 Checking trulia.com ... t=1.02
541 Checking google.kz ... t=0.59
542 Checking clickadu.com ... t=2.62
543 Checking xda-developers.com ... t=1.59
544 Checking google.lk ... t=0.35
545 Checking seesaa.net ... t=0.30
546 Checking aparat.com ... t=2.10
547 Checking lenta.ru ... t=3.39
548 Checking cnblogs.com ... t=0.51
549 Checking hotels.com ... t=1.92
550 Checking yallakora.com ... t=2.70
551 Checking abcnews.go.com ... t=0.72
552 Checking playstation.com ... t=2.04
553 Checking cricbuzz.com ... t=1.08
554 Checking albawabhnews.com ... t=1.75
555 Checking ca.gov ... Exception: [Errno 110] Connection timed out
t=128.44
556 Checking meetup.com ... t=1.57
557 Checking nifty.com ... t=0.30
558 Checking bookmyshow.com ... t=2.05
559 Checking theverge.com ... t=1.00
560 Checking meaww.com ... t=0.46
561 Checking gmarket.co.kr ... t=0.30
562 Checking researchgate.net ... t=1.51
563 Checking zomato.com ... t=1.05
564 Checking independent.co.uk ... t=2.92
565 Checking weblio.jp ... t=0.24
566 Checking streamcloud.eu ... t=0.70
567 Checking webex.com ... t=0.82
568 Checking gamer.com.tw ... t=0.09
569 Checking makemytrip.com ... t=4.26
570 Checking moneycontrol.com ... t=1.68
571 Checking nikkei.com ... Exception: [Errno 110] Connection timed out
t=127.49
572 Checking kijiji.ca ... t=1.78
573 Checking leagueoflegends.com ... t=1.17
574 Checking rednet.cn ... t=1.66
575 Checking nbcnews.com ... t=3.85
576 Checking gamepedia.com ... Warning: Redirect exceed limit
t=7.49
577 Checking nike.com ... t=0.61
578 Checking sakura.ne.jp ... t=0.16
579 Checking answers.com ... t=1.23
580 Checking google.com.kw ... t=1.06
581 Checking fidelity.com ... t=1.47
582 Checking gamersky.com ... t=0.22
583 Checking bidverdrd.com ... t=0.52
584 Checking japanpost.jp ... t=0.53
585 Checking yandex.ua ... t=7.57
586 Checking blogspot.com.es ... t=1.26
587 Checking blog.me ... t=0.25
588 Checking urdupoint.com ... t=1.55
589 Checking asahi.com ... Exception: [Errno -5] No address associated with hostname
t=2.04
590 Checking indiaresults.com ... t=0.86
591 Checking fiverr.com ... t=1.85
592 Checking instructure.com ... t=1.61
593 Checking wikiwiki.jp ... t=0.36
594 Checking eskimi.com ... t=3.58
595 Checking sq.cn ... t=3.42
596 Checking redirectvoluum.com ... Exception: [Errno -5] No address associated with hostname
t=0.10
597 Checking yaolan.com ... t=1.98
598 Checking kayak.com ... t=3.36
599 Checking airtel.in ... t=0.61
600 Checking udemy.com ... t=2.96
601 Checking allrecipes.com ... t=2.88
602 Checking 4dsply.com ... t=0.34
603 Checking change.org ... t=2.17
604 Checking ebates.com ... t=1.08
605 Checking youdao.com ... t=0.30
606 Checking y8.com ... t=1.20
607 Checking shaparak.ir ... t=3.54
608 Checking uploaded.net ... t=0.71
609 Checking kooora.com ... t=0.60
610 Checking elmogaz.com ... t=1.58
611 Checking asus.com ... t=0.15
612 Checking hootsuite.com ... t=1.76
613 Checking adp.com ... t=1.94
614 Checking prezi.com ... t=1.62
615 Checking list-manage.com ... t=0.90
616 Checking ibm.com ... t=1.05
617 Checking retailmenot.com ... t=0.82
618 Checking norton.com ... t=0.99
619 Checking wayfair.com ... t=1.67
620 Checking instructables.com ... t=1.21
621 Checking dropbooks.tv ... Exception: [Errno 110] Connection timed out
t=508.96
622 Checking huaban.com ... t=2.55
623 Checking olx.in ... t=0.77
624 Checking so-net.ne.jp ... t=0.28
625 Checking justdial.com ... Exception: [Errno -2] Name or service not known
t=0.79
626 Checking netteller.com ... Exception: [Errno -5] No address associated with hostname
t=0.60
627 Checking inquirer.net ... t=0.55
628 Checking coursera.org ... t=2.12
629 Checking patch.com ... t=0.27
630 Checking overstock.com ... t=1.13
631 Checking yadi.sk ... t=5.01
632 Checking teepr.com ... t=0.49
633 Checking drudgereport.com ... t=0.93
634 Checking clien.net ... t=1.23
635 Checking cookpad.com ... t=0.11
636 Checking seasonvar.ru ... t=1.18
637 Checking ero-advertising.com ... t=0.65
638 Checking le.com ... t=1.45
639 Checking rottentomatoes.com ... t=1.45
640 Checking momoshop.com.tw ... t=0.24
641 Checking elmundo.es ... t=1.44
642 Checking e-hentai.org ... t=0.95
643 Checking woot.com ... t=1.04
644 Checking list.tmall.com ... t=3.94
645 Checking wattpad.com ... t=2.44
646 Checking aa.com ... t=1.74
647 Checking 11st.co.kr ... t=0.20
648 Checking nhk.or.jp ... Exception: [Errno -5] No address associated with hostname
t=0.13
649 Checking www.gov.uk ... t=1.31
650 Checking agar.io ... t=0.16
651 Checking stumbleupon.com ... t=0.68
652 Checking lapatilla.com ... t=0.97
653 Checking yandex.com.tr ... t=2.51
654 Checking mercadolibre.com.ve ... t=2.81
655 Checking java.com ... t=0.08
656 Checking latimes.com ... t=0.72
657 Checking yts.ag ... t=2.61
658 Checking ensonhaber.com ... t=3.62
659 Checking 123cha.com ... t=2.28
660 Checking panda.tv ... t=0.98
661 Checking interia.pl ... t=2.25
662 Checking people.com ... t=3.32
663 Checking eyny.com ... t=1.15
664 Checking blogspot.mx ... t=0.39
665 Checking chaoshi.tmall.com ... Warning: Redirect exceed limit
t=10.29
666 Checking jimdo.com ... t=1.97
667 Checking zone-telechargement.com ... t=4.42
668 Checking emol.com ... t=3.26
669 Checking sciencedirect.com ... t=1.51
670 Checking lenovo.com ... t=0.87
671 Checking urbandictionary.com ... t=1.81
672 Checking sabq.org ... t=32.79
673 Checking shopclues.com ... t=0.71
674 Checking blog-newstime.com ... t=0.27
675 Checking quizlet.com ... t=0.70
676 Checking manoramaonline.com ... t=0.51
677 Checking cbsnews.com ... t=0.83
678 Checking itmedia.co.jp ... Exception: [Errno -5] No address associated with hostname
t=0.35
679 Checking alexa.cn ... t=0.58
680 Checking intoday.in ... t=0.73
681 Checking filehippo.com ... t=0.27
682 Checking 4399.com ... t=0.30
683 Checking corriere.it ... t=2.32
684 Checking nikkeibp.co.jp ... t=0.30
685 Checking bleacherreport.com ... t=0.84
686 Checking cisco.com ... t=1.06
687 Checking torcache.net ... t=0.71
688 Checking verizon.com ... t=1.76
689 Checking npr.org ... t=0.86
690 Checking mbc.net ... t=1.52
691 Checking squarespace.com ... t=2.45
692 Checking line.me ... t=0.48
693 Checking google.com.vn ... t=0.23
694 Checking gmanetwork.com ... t=0.46
695 Checking cnmo.com ... t=1.87
696 Checking offerjuice.me ... t=0.32
697 Checking xe.com ... t=0.61
698 Checking time.com ... t=0.42
699 Checking elfagr.org ... t=1.58
700 Checking yodobashi.com ... t=0.77
701 Checking adidas.tmall.com ... Warning: Redirect exceed limit
t=6.04
702 Checking pof.com ... t=1.20
703 Checking delta.com ... t=2.04
704 Checking mit.edu ... t=0.87
705 Checking indianexpress.com ... t=0.30
706 Checking glassdoor.com ... t=1.55
707 Checking zulily.com ... t=1.39
708 Checking pantip.com ... t=0.73
709 Checking google.com.do ... t=0.49
710 Checking biglobe.ne.jp ... t=0.18
711 Checking thekitchn.com ... t=0.97
712 Checking photobucket.com ... t=0.63
713 Checking mixi.jp ... t=0.51
714 Checking ci123.com ... t=1.58
715 Checking bs.to ... t=2.12
716 Checking korabia.com ... t=1.11
717 Checking gyazo.com ... t=0.24
718 Checking mirror.co.uk ... t=0.72
719 Checking 4chan.org ... t=1.06
720 Checking paytm.in ... t=0.37
721 Checking namu.wiki ... t=2.05
722 Checking houzz.com ... t=0.86
723 Checking himado.in ... t=0.35
724 Checking myfitnesspal.com ... t=2.14
725 Checking subito.it ... t=1.82
726 Checking oeeee.com ... t=4.33
727 Checking aliyun.com ... t=0.99
728 Checking usbank.com ... t=1.29
729 Checking 104.com.tw ... t=0.07
730 Checking heroquizz.com ... t=1.48
731 Checking pch.com ... t=1.45
732 Checking google.fi ... t=0.33
733 Checking voc.com.cn ... t=1.67
734 Checking chinaz.com ... t=1.27
735 Checking vodlocker.com ... t=0.92
736 Checking howtogeek.com ... t=1.25
737 Checking prpops.com ... t=1.95
738 Checking fitbit.com ... t=1.37
739 Checking okcupid.com ... t=2.13
740 Checking aastocks.com ... t=0.17
741 Checking custhelp.com ... t=1.60
742 Checking watsons.tmall.com ... Warning: Redirect exceed limit
t=3.42
743 Checking chip.de ... t=1.31
744 Checking sears.com ... t=1.12
745 Checking chinaso.com ... t=1.79
746 Checking zhanqi.tv ... t=3.98
747 Checking google.rs ... t=0.66
748 Checking issuu.com ... t=1.80
749 Checking olx.ua ... t=1.52
750 Checking xunlei.com ... t=0.14
751 Checking olx.com.br ... t=1.85
752 Checking united.com ... t=2.18
753 Checking as.com ... t=0.66
754 Checking google.com.ec ... t=0.24
755 Checking adbooth.com ... Exception: [Errno -5] No address associated with hostname
t=1.04
756 Checking ticketmaster.com ... Exception: timed out
t=180.48
757 Checking liveinternet.ru ... t=1.49
758 Checking gigazine.net ... t=0.18
759 Checking investing.com ... t=1.34
760 Checking superuser.com ... t=0.50
761 Checking android.com ... t=0.21
762 Checking infoseek.co.jp ... t=0.40
763 Checking reverso.net ... Exception: [Errno -2] Name or service not known
t=1.53
764 Checking jrj.com.cn ... t=2.19
765 Checking discuss.com.hk ... t=0.27
766 Checking drom.ru ... t=2.98
767 Checking eventbrite.com ... t=2.76
768 Checking google.co.nz ... t=0.22
769 Checking rdsa2013.com ... t=0.48
770 Checking quikr.com ... t=1.11
771 Checking twoo.com ... t=1.16
772 Checking timeanddate.com ... t=0.75
773 Checking nexusmods.com ... t=2.04
774 Checking ero-video.net ... t=0.43
775 Checking bhphotovideo.com ... t=1.64
776 Checking wiktionary.org ... t=1.89
777 Checking buzzfil.net ... t=0.87
778 Checking indianrail.gov.in ... t=0.61
779 Checking asana.com ... t=1.79
780 Checking redfin.com ... t=1.01
781 Checking mynavi.jp ... t=1.44
782 Checking dudeplaygames.com ... Exception: [Errno -2] Name or service not known
t=0.19
783 Checking rarbg.to ... t=1.22
784 Checking fanpage.gr ... t=0.95
785 Checking india.com ... t=0.68
786 Checking mercadolibre.com.mx ... t=1.91
787 Checking tsite.jp ... t=0.66
788 Checking slate.com ... t=0.97
789 Checking youboy.com ... t=1.46
790 Checking 4pda.ru ... t=0.97
791 Checking spankbang.com ... t=0.70
792 Checking atwiki.jp ... t=1.17
793 Checking hotmovs.com ... t=0.93
794 Checking quanjing.com ... t=0.20
795 Checking syosetu.com ... t=0.14
796 Checking bomb01.com ... t=1.60
797 Checking appledaily.com.tw ... t=0.07
798 Checking suning.com ... t=0.65
799 Checking biobiochile.cl ... t=2.22
800 Checking microsoftstore.com ... t=2.77
801 Checking nextdoor.com ... t=1.25
802 Checking google.com.my ... t=0.40
803 Checking slimspots.com ... t=2.28
804 Checking pogo.com ... Warning: Redirect exceed limit
t=13.32
805 Checking jcpenney.com ... t=1.22
806 Checking tmz.com ... t=1.04
807 Checking audible.com ... t=1.31
808 Checking php.net ... t=0.35
809 Checking swagbucks.com ... t=0.86
810 Checking bola.net ... t=0.45
811 Checking anitube.se ... t=1.38
812 Checking getpocket.com ... t=1.47
813 Checking thehindu.com ... t=0.58
814 Checking priceline.com ... t=2.36
815 Checking bitbucket.org ... t=3.24
816 Checking tim.it ... t=3.76
817 Checking elwatannews.com ... t=1.66
818 Checking abril.com.br ... t=3.63
819 Checking gamespot.com ... t=1.03
820 Checking cnbc.com ... t=1.73
821 Checking 3dmgame.com ... t=2.76
822 Checking cpasbien.cm ... t=0.57
823 Checking weather.gov ... t=1.93
824 Checking diep.io ... t=0.13
825 Checking hotnewhiphop.com ... t=2.38
826 Checking constantcontact.com ... t=2.04
827 Checking academia.edu ... t=1.16
828 Checking kdnet.net ... t=0.27
829 Checking ebay.fr ... t=0.98
830 Checking gazetaexpress.com ... t=1.62
831 Checking rightmove.co.uk ... t=2.03
832 Checking google.hr ... t=0.42
833 Checking 51sole.com ... t=1.84
834 Checking youjizz.com ... t=7.91
835 Checking buy.tmall.com ... t=3.43
836 Checking misrjournal.com ... t=1.56
837 Checking searchincognito.com ... t=1.87
838 Checking cdiscount.com ... t=1.93
839 Checking reddituploads.com ... Exception: [Errno -5] No address associated with hostname
t=0.23
840 Checking primewire.ag ... t=1.46
841 Checking fanfiction.net ... t=1.09
842 Checking googleapis.com ... t=0.02
843 Checking rapidgator.net ... t=1.31
844 Checking geocities.jp ... Exception: [Errno -5] No address associated with hostname
t=0.14
845 Checking exblog.jp ... t=0.42
846 Checking creditkarma.com ... t=3.45
847 Checking marriott.com ... t=0.73
848 Checking ria.ru ... t=1.89
849 Checking viralthread.com ... t=2.58
850 Checking bankmellat.ir ... Exception: [Errno 110] Connection timed out
t=254.94
851 Checking lun.com ... t=2.00
852 Checking mega.co.nz ... t=2.98
853 Checking zappos.com ... t=1.57
854 Checking auction.co.kr ... t=0.19
855 Checking google.lt ... t=0.64
856 Checking techcrunch.com ... t=0.72
857 Checking sex.com ... t=1.50
858 Checking hh.ru ... Warning: Redirect exceed limit
t=27.57
859 Checking familydoctor.com.cn ... t=1.15
860 Checking duolingo.com ... t=1.64
861 Checking nydailynews.com ... t=1.12
862 Checking thisav.com ... t=0.33
863 Checking bodybuilding.com ... t=1.11
864 Checking ultimate-guitar.com ... t=2.93
865 Checking mediab.uy ... Exception: [Errno 111] Connection refused
t=0.06
866 Checking acunn.com ... t=1.87
867 Checking irs.gov ... t=2.14
868 Checking 123rf.com ... t=0.74
869 Checking eonline.com ... t=1.38
870 Checking pcmag.com ... t=1.01
871 Checking duckduckgo.com ... t=0.43
872 Checking state.gov ... t=1.29
873 Checking marktplaats.nl ... t=1.86
874 Checking vporn.com ... t=1.13
875 Checking foodnetwork.com ... t=1.17
876 Checking commentcamarche.net ... t=1.05
877 Checking sfr.fr ... t=1.57
878 Checking politico.com ... t=1.10
879 Checking eroterest.net ... t=6.05
880 Checking sankei.com ... t=0.47
881 Checking todayhumor.co.kr ... t=1.27
882 Checking axisbank.co.in ... Exception: [Errno -5] No address associated with hostname
t=0.68
883 Checking 58.com ... t=0.27
884 Checking staples.com ... t=2.44
885 Checking mint.com ... t=1.71
886 Checking givemesport.com ... t=1.28
887 Checking jin115.com ... t=0.14
888 Checking stockstar.com ... t=0.23
889 Checking europa.eu ... t=0.66
890 Checking tomshardware.com ... t=0.86
891 Checking kotaku.com ... t=0.39
892 Checking bt.com ... t=3.92
893 Checking intel.com ... t=0.81
894 Checking mapquest.com ... t=2.82
895 Checking misr5.com ... t=3.55
896 Checking agoda.com ... t=0.42
897 Checking chron.com ... t=0.82
898 Checking munrvscurlms.com ... Exception: [Errno 111] Connection refused
t=0.57
899 Checking lemonde.fr ... t=1.30
900 Checking gameforge.com ... t=3.46
901 Checking xbox.com ... t=1.08
902 Checking gazeta.pl ... t=2.66
903 Checking idnes.cz ... t=2.82
904 Checking dcinside.com ... t=0.38
905 Checking wiley.com ... t=2.33
906 Checking otto.de ... Exception: [Errno 110] Connection timed out
t=127.52
907 Checking hilton.com ... t=1.11
908 Checking yomiuri.co.jp ... t=0.38
909 Checking drive2.ru ... t=2.19
910 Checking genius.com ... t=0.88
911 Checking sfgate.com ... t=1.14
912 Checking farsnews.com ... t=2.47
913 Checking images-amazon.com ... Exception: [Errno -5] No address associated with hostname
t=0.09
914 Checking nypost.com ... t=0.23
915 Checking inspsearch.com ... Exception: [Errno -5] No address associated with hostname
t=0.13
916 Checking sozcu.com.tr ... t=128.62
917 Checking walgreens.com ... t=1.14
918 Checking uber.com ... t=1.23
919 Checking zara.com ... t=0.86
920 Checking fatosdesconhecidos.com.br ... t=1.28
921 Checking mcafee.com ... t=1.20
922 Checking topix.com ... t=1.55
923 Checking uptobox.com ... t=0.88
924 Checking pnc.com ... t=2.70
925 Checking sky.com ... t=1.25
926 Checking almasryalyoum.com ... t=1.45
927 Checking ccm.net ... t=0.80
928 Checking mr-johal.com ... t=0.50
929 Checking lequipe.fr ... t=1.15
930 Checking battlefield.com ... t=0.89
931 Checking garmin.com ... t=0.49
932 Checking vnexpress.net ... t=0.33
933 Checking cocolog-nifty.com ... Exception: [Errno -5] No address associated with hostname
t=0.12
934 Checking wargaming.net ... t=1.05
935 Checking popsugar.com ... t=1.04
936 Checking gutefrage.net ... t=1.56
937 Checking thewhizproducts.com ... t=1.13
938 Checking vetogate.com ... t=1.46
939 Checking yjc.ir ... t=5.48
940 Checking match.com ... t=3.48
941 Checking office365.com ... t=2.01
942 Checking banggood.com ... t=0.64
943 Checking t-mobile.com ... t=1.35
944 Checking investopedia.com ... t=1.30
945 Checking milanuncios.com ... t=1.14
946 Checking g2a.com ... t=0.92
947 Checking lazada.co.id ... t=0.80
948 Checking labanquepostale.fr ... t=6.48
949 Checking deviantart.net ... t=0.37
950 Checking chosun.com ... t=0.18
951 Checking mayoclinic.org ... t=1.36
952 Checking internethaber.com ... t=1.52
953 Checking ew.com ... t=0.91
954 Checking abplive.in ... t=2.38
955 Checking pixabay.com ... t=4.18
956 Checking tripadvisor.co.uk ... t=1.52
957 Checking credit-agricole.fr ... t=2.79
958 Checking cbssports.com ... t=0.90
959 Checking ampclicks.com ... t=1.07
960 Checking carview.co.jp ... t=0.37
961 Checking ted.com ... t=0.66
962 Checking hbogo.com ... t=1.36
963 Checking 126.com ... t=0.26
964 Checking citibank.co.in ... t=3.99
965 Checking dafont.com ... t=1.60
966 Checking nate.com ... t=0.49
967 Checking myfreecams.com ... t=1.26
968 Checking 6pm.com ... t=1.50
969 Checking whitepages.com ... t=0.80
970 Checking monster.com ... t=1.63
971 Checking thevideo.me ... t=0.69
972 Checking wav.tv ... t=0.43
973 Checking ruten.com.tw ... t=0.07
974 Checking novinky.cz ... t=5.23
975 Checking mangafox.me ... t=0.93
976 Checking uefa.com ... t=1.34
977 Checking vid.me ... t=1.34
978 Checking digitaltrends.com ... t=1.24
979 Checking humblebundle.com ... t=1.51
980 Checking mydala.com ... t=1.23
981 Checking divar.ir ... t=1.58
982 Checking springer.com ... t=2.61
983 Checking excite.co.jp ... t=2.88
984 Checking archiveofourown.org ... t=0.57
985 Checking curapelanatureza.com.br ... t=0.86
986 Checking westernjournalism.com ... t=0.63
987 Checking pole-emploi.fr ... t=2.90
988 Checking flirchi.com ... t=2.62
989 Checking apache.org ... t=0.60
990 Checking livestrong.com ... t=0.83
991 Checking flashx.tv ... t=0.94
992 Checking ryanair.com ... t=2.33
993 Checking ptt.cc ... Exception: [Errno 110] Connection timed out
t=763.57
994 Checking merriam-webster.com ... t=1.14
995 Checking liveleak.com ... t=0.99
996 Checking 2chblog.jp ... Exception: [Errno -5] No address associated with hostname
t=0.15
997 Checking elevenia.co.id ... t=0.67
998 Checking wwwpromoter.com ... t=0.56
999 Checking gazzetta.it ... t=2.05
1000 Checking google.iq ... t=0.83
