1001 Checking paparazzieg.com ... t=1.10
1002 Checking telekom.com ... t=2.50
1003 Checking babycenter.com ... t=1.01
1004 Checking khanacademy.org ... t=1.72
1005 Checking lacaixa.es ... t=129.07
1006 Checking hepsiburada.com ... t=2.12
1007 Checking marketwatch.com ... t=1.24
1008 Checking basecamp.com ... t=1.30
1009 Checking cbc.ca ... t=3.46
1010 Checking yaplakal.com ... t=2.39
1011 Checking legacy.com ... t=1.26
1012 Checking minecraft.net ... t=1.07
1013 Checking altervista.org ... t=1.86
1014 Checking hubspot.com ... t=0.91
1015 Checking cambridge.org ... t=3.58
1016 Checking informer.com ... t=1.26
1017 Checking mynet.com ... t=2.20
1018 Checking voyeurhit.com ... t=0.76
1019 Checking bedbathandbeyond.com ... t=1.39
1020 Checking blog.ir ... t=0.85
1021 Checking wish.com ... t=1.84
1022 Checking yellowpages.com ... t=1.27
1023 Checking askubuntu.com ... t=0.46
1024 Checking telegram.me ... t=2.62
1025 Checking qvc.com ... t=1.49
1026 Checking gotporn.com ... t=1.42
1027 Checking eastmoney.com ... t=3.17
1028 Checking shutterfly.com ... t=1.47
1029 Checking spaceshipads.com ... Exception: [Errno -5] No address associated with hostname
t=0.29
1030 Checking indiamart.com ... t=1.08
1031 Checking neobux.com ... t=1.46
1032 Checking nairaland.com ... t=2.46
1033 Checking myanimelist.net ... t=0.84
1034 Checking eenadu.net ... t=0.58
1035 Checking worldlifestyle.com ... t=1.17
1036 Checking shareasale.com ... t=0.32
1037 Checking breitbart.com ... t=1.09
1038 Checking mediaplex.com ... t=2.28
1039 Checking jumia.com.ng ... t=3.87
1040 Checking lloydsbank.co.uk ... t=3.09
1041 Checking deezer.com ... t=2.89
1042 Checking icolor.com.cn ... t=0.62
1043 Checking dropboxusercontent.com ... Exception: [Errno -5] No address associated with hostname
t=0.06
1044 Checking lefigaro.fr ... t=2.91
1045 Checking duowan.com ... t=0.66
1046 Checking mgid.com ... t=0.61
1047 Checking goo.gl ... t=0.18
1048 Checking tempo.co ... t=0.72
1049 Checking wired.com ... t=0.50
1050 Checking newtab-media.com ... t=0.46
1051 Checking rakuten.ne.jp ... Exception: [Errno -5] No address associated with hostname
t=0.15
1052 Checking uzone.id ... t=61.62
1053 Checking techradar.com ... t=1.74
1054 Checking samsclub.com ... Exception: [Errno 110] Connection timed out
t=127.68
1055 Checking bintang.com ... t=0.32
1056 Checking wetter.com ... t=1.87
1057 Checking convert2mp3.net ... t=0.64
1058 Checking mufg.jp ... Exception: [Errno -5] No address associated with hostname
t=0.26
1059 Checking dmv.org ... t=1.28
1060 Checking onlinecreditcenter6.com ... Exception: [Errno -5] No address associated with hostname
t=0.07
1061 Checking rakuten-card.co.jp ... t=0.62
1062 Checking royalbank.com ... t=1.72
1063 Checking poringa.net ... t=1.80
1064 Checking searchalgo.com ... t=0.89
1065 Checking panasonic.jp ... t=0.15
1066 Checking nikkansports.com ... Exception: [Errno 110] Connection timed out
t=127.47
1067 Checking kizi.com ... t=1.80
1068 Checking gawker.com ... t=1.43
1069 Checking n11.com ... t=2.28
1070 Checking chouftv.ma ... t=1.68
1071 Checking thedailybeast.com ... t=1.04
1072 Checking workercn.cn ... Exception: [Errno -5] No address associated with hostname
t=0.07
1073 Checking biblegateway.com ... t=2.21
1074 Checking oschina.net ... t=1.76
1075 Checking canva.com ... t=1.33
1076 Checking ecnavi.jp ... t=0.25
1077 Checking finn.no ... t=3.30
1078 Checking livescore.com ... t=2.47
1079 Checking gorillavid.in ... t=0.95
1080 Checking strava.com ... t=1.98
1081 Checking folha.uol.com.br ... t=2.04
1082 Checking habrahabr.ru ... t=3.11
1083 Checking gofundme.com ... t=3.16
1084 Checking el-nacional.com ... t=1.47
1085 Checking impots.gouv.fr ... t=3.44
1086 Checking immobilienscout24.de ... t=5.06
1087 Checking cityadspix.com ... t=0.12
1088 Checking tradedoubler.com ... t=2.58
1089 Checking sapo.pt ... t=37.74
1090 Checking chatwork.com ... t=0.37
1091 Checking kuronekoyamato.co.jp ... Exception: [Errno -5] No address associated with hostname
t=0.17
1092 Checking fishki.net ... t=0.78
1093 Checking cracked.com ... t=1.16
1094 Checking sopitas.com ... t=4.02
1095 Checking skysports.com ... t=5.06
1096 Checking dailypakistan.com.pk ... t=0.84
1097 Checking qingdaonews.com ... t=1.82
1098 Checking truecaller.com ... t=2.80
1099 Checking hgtv.com ... t=0.99
1100 Checking 360doc.com ... t=1.05
1101 Checking niuche.com ... t=2.99
1102 Checking google.com.bd ... t=0.54
1103 Checking streamin.to ... t=4.50
1104 Checking sindonews.com ... t=0.77
1105 Checking victoriassecret.com ... t=4.79
1106 Checking 2ch-c.net ... t=0.35
1107 Checking backpage.com ... t=0.70
1108 Checking lynda.com ... t=3.60
1109 Checking makeuseof.com ... t=1.07
1110 Checking ldblog.jp ... Exception: [Errno -5] No address associated with hostname
t=0.05
1111 Checking klikbca.com ... t=0.56
1112 Checking yandex.kz ... t=9.73
1113 Checking banesconline.com ... Exception: [Errno -5] No address associated with hostname
t=1.08
1114 Checking brassring.com ... Exception: [Errno 110] Connection timed out
t=127.36
1115 Checking hupu.com ... t=2.77
1116 Checking esuteru.com ... Exception: [Errno -5] No address associated with hostname
t=0.15
1117 Checking alwafd.org ... t=0.72
1118 Checking clarin.com ... t=1.53
1119 Checking tagged.com ... Exception: [Errno -2] Name or service not known
t=0.43
1120 Checking okta.com ... t=2.05
1121 Checking docin.com ... t=2.11
1122 Checking bitly.com ... t=1.73
1123 Checking 2gis.ru ... t=1.07
1124 Checking 1337x.to ... t=0.78
1125 Checking caixa.gov.br ... t=7.31
1126 Checking onliner.by ... t=4.33
1127 Checking 123movies.to ... t=0.54
1128 Checking panet.co.il ... t=1.08
1129 Checking allocine.fr ... t=1.74
1130 Checking narod.ru ... t=1.10
1131 Checking gumtree.com ... t=2.02
1132 Checking miniclip.com ... t=0.77
1133 Checking hamariweb.com ... t=0.62
1134 Checking tesco.com ... t=1.49
1135 Checking fandango.com ... t=1.21
1136 Checking cvs.com ... t=0.48
1137 Checking dianping.com ... t=6.40
1138 Checking focus.de ... t=1.30
1139 Checking stanford.edu ... t=0.39
1140 Checking googleadservices.com ... t=0.04
1141 Checking rei.com ... t=0.62
1142 Checking absoluteclickscom.com ... Exception: [Errno -5] No address associated with hostname
t=0.46
1143 Checking auto.ru ... t=2.72
1144 Checking cbs.com ... t=1.17
1145 Checking commbank.com.au ... t=1.15
1146 Checking coupons.com ... t=3.10
1147 Checking 12306.cn ... Exception: [Errno -5] No address associated with hostname
t=0.07
1148 Checking discover.com ... t=2.51
1149 Checking mackolik.com ... t=2.95
1150 Checking pikabu.ru ... t=0.92
1151 Checking vidzi.tv ... t=0.96
1152 Checking chekb.com ... t=1.35
1153 Checking google.si ... t=0.33
1154 Checking teamviewer.com ... t=4.81
1155 Checking nocookie.net ... Exception: [Errno -5] No address associated with hostname
t=0.07
1156 Checking xing.com ... t=1.92
1157 Checking drtuber.com ... t=1.75
1158 Checking pagesjaunes.fr ... t=2.96
1159 Checking setn.com ... t=1.07
1160 Checking popundertotal.com ... t=1.26
1161 Checking masrawy.com ... t=2.68
1162 Checking olx.co.id ... t=0.24
1163 Checking dlsite.com ... t=0.19
1164 Checking vox.com ... t=0.71
1165 Checking keepvid.com ... t=0.75
1166 Checking ing.nl ... t=1.98
1167 Checking evite.com ... t=1.22
1168 Checking google.com.gt ... t=0.29
1169 Checking disq.us ... t=0.54
1170 Checking barclaycardus.com ... t=1.83
1171 Checking to8to.com ... t=0.87
1172 Checking gittigidiyor.com ... Exception: [Errno 110] Connection timed out
t=127.67
1173 Checking junbi-tracker.com ... t=0.95
1174 Checking theatlantic.com ... t=0.69
1175 Checking jav68.me ... t=0.11
1176 Checking zougla.gr ... t=2.98
1177 Checking freecharge.in ... t=1.07
1178 Checking td.com ... t=1.42
1179 Checking haberler.com ... t=2.16
1180 Checking zimuzu.tv ... t=0.57
1181 Checking mobile01.com ... t=0.16
1182 Checking mystart.com ... t=1.96
1183 Checking gamewith.jp ... t=1.07
1184 Checking 6park.com ... t=1.08
1185 Checking axisbank.com ... t=2.54
1186 Checking cam4.com ... t=1.39
1187 Checking uniqlo.com ... t=0.26
1188 Checking ctrip.com ... t=0.95
1189 Checking meteofrance.com ... t=4.89
1190 Checking pipeaota.com ... t=0.98
1191 Checking blogspot.com.tr ... t=0.47
1192 Checking androidcentral.com ... t=2.95
1193 Checking mihanblog.com ... t=0.90
1194 Checking oneindia.com ... t=0.44
1195 Checking movie4k.to ... t=0.93
1196 Checking vrbo.com ... t=1.46
1197 Checking zatnawqy.net ... t=1.23
1198 Checking dangdang.com ... t=0.49
1199 Checking sat.gob.mx ... t=1.61
1200 Checking windows.com ... t=1.42
1201 Checking ascii.jp ... t=0.27
1202 Checking aweber.com ... t=1.04
1203 Checking unity3d.com ... t=0.64
1204 Checking nasa.gov ... t=1.71
1205 Checking mundo.com ... t=1.38
1206 Checking rappler.com ... t=0.74
1207 Checking codecanyon.net ... t=1.05
1208 Checking wowhead.com ... t=0.95
1209 Checking o2.pl ... t=3.31
1210 Checking bollywoodbubble.com ... t=0.51
1211 Checking watchfree.to ... t=1.39
1212 Checking nhadatso.com ... t=2.04
1213 Checking disney.go.com ... t=1.20
1214 Checking crunchyroll.com ... t=1.13
1215 Checking dl-protect.com ... t=0.76
1216 Checking deadspin.com ... t=0.79
1217 Checking ebay.es ... t=1.08
1218 Checking kinox.to ... t=0.99
1219 Checking tripadvisor.in ... t=0.87
1220 Checking autotrader.com ... t=1.12
1221 Checking torrentkim3.net ... t=0.59
1222 Checking sporx.com ... t=1.81
1223 Checking gstatic.com ... t=0.06
1224 Checking capitalone360.com ... t=2.53
1225 Checking icims.com ... t=2.31
1226 Checking schwab.com ... t=1.18
1227 Checking animeflv.net ... t=0.78
1228 Checking javedch.com ... t=0.58
1229 Checking postbank.de ... t=3.88
1230 Checking americanas.com.br ... t=1.63
1231 Checking discogs.com ... t=2.73
1232 Checking wiocha.pl ... t=5.63
1233 Checking jagran.com ... t=1.74
1234 Checking sponichi.co.jp ... Exception: [Errno -5] No address associated with hostname
t=1.21
1235 Checking sifyitest.com ... t=0.84
1236 Checking qualtrics.com ... t=1.69
1237 Checking mileroticos.com ... t=1.84
1238 Checking tgbus.com ... t=1.74
1239 Checking lanacion.com.ar ... t=1.87
1240 Checking ed.gov ... t=1.50
1241 Checking gogoanime.io ... t=0.08
1242 Checking sephora.com ... t=1.33
1243 Checking littlethings.com ... t=1.02
1244 Checking zozo.jp ... t=1.01
1245 Checking haberturk.com ... t=2.32
1246 Checking arstechnica.com ... t=0.67
1247 Checking ampxchange.com ... t=0.90
1248 Checking mainichi.jp ... t=0.38
1249 Checking forever21.com ... t=1.23
1250 Checking jb51.net ... t=3.08
1251 Checking autodesk.com ... t=1.19
1252 Checking pchome.com.tw ... t=0.06
1253 Checking ebay.ca ... t=1.05
1254 Checking echo.msk.ru ... t=0.70
1255 Checking ea.com ... t=0.75
1256 Checking flightradar24.com ... t=1.66
1257 Checking iheart.com ... t=0.51
1258 Checking freelancer.com ... t=1.43
1259 Checking usnews.com ... t=0.99
1260 Checking bestadbid.com ... t=1.97
1261 Checking engageya.com ... t=2.19
1262 Checking argaam.com ... t=1.51
1263 Checking egou.com ... t=1.81
1264 Checking dreamstime.com ... t=2.00
1265 Checking playoverwatch.com ... t=0.57
1266 Checking blogspot.kr ... t=0.27
1267 Checking repelis.tv ... t=0.24
1268 Checking jw.org ... t=1.13
1269 Checking iplt20.com ... t=0.60
1270 Checking harvard.edu ... t=0.80
1271 Checking indiegogo.com ... t=1.38
1272 Checking efukt.com ... t=0.48
1273 Checking suara.com ... t=2.31
1274 Checking nhl.com ... t=2.50
1275 Checking citibankonline.com ... t=1.51
1276 Checking aljazeera.net ... t=1.52
1277 Checking 21cn.com ... t=0.29
1278 Checking xtube.com ... t=1.33
1279 Checking elcomercio.pe ... t=0.68
1280 Checking barnesandnoble.com ... t=1.14
1281 Checking vente-privee.com ... t=6.75
1282 Checking gotowebinar.com ... t=3.30
1283 Checking inven.co.kr ... t=3.54
1284 Checking unicredit.it ... t=12.65
1285 Checking payseal.com ... Exception: [Errno 110] Connection timed out
t=127.43
1286 Checking yenisafak.com ... t=1.40
1287 Checking togetter.com ... t=0.16
1288 Checking etao.com ... t=2.19
1289 Checking avito.ma ... t=1.03
1290 Checking nationalgeographic.com ... t=1.06
1291 Checking filmifullhdizlesene.org ... t=1.80
1292 Checking cinemablend.com ... t=2.04
1293 Checking dict.cc ... t=1.51
1294 Checking argos.co.uk ... t=1.11
1295 Checking toysrus.com ... t=1.22
1296 Checking uidai.gov.in ... t=1.13
1297 Checking dealwifi.com ... t=0.54
1298 Checking rozblog.com ... t=1.64
1299 Checking gjoyz.com ... t=0.32
1300 Checking cbslocal.com ... t=0.41
1301 Checking kizlarsoruyor.com ... t=1.61
1302 Checking bandcamp.com ... t=0.63
1303 Checking yr.no ... t=1.91
1304 Checking jeuxvideo.com ... t=2.55
1305 Checking yandex.by ... t=9.24
1306 Checking ilmeteo.it ... t=2.06
1307 Checking adme.ru ... t=1.62
1308 Checking bahn.de ... t=3.19
1309 Checking noaa.gov ... t=1.63
1310 Checking hibapress.com ... t=0.57
1311 Checking abc.es ... t=2.63
1312 Checking tabnak.ir ... t=3.12
1313 Checking jalan.net ... t=1.44
1314 Checking express.pk ... t=1.43
1315 Checking clixsense.com ... t=1.48
1316 Checking cda.pl ... t=4.52
1317 Checking rollingstone.com ... t=0.46
1318 Checking mediaset.it ... t=0.92
1319 Checking eztv.ag ... t=1.88
1320 Checking futwatch.com ... t=0.73
1321 Checking ccb.com ... t=0.20
1322 Checking hulu.jp ... t=0.51
1323 Checking bsnl.in ... t=2.11
1324 Checking joins.com ... t=0.67
1325 Checking poste.it ... t=1.94
1326 Checking turbobit.net ... t=0.72
1327 Checking pixlr.com ... t=1.63
1328 Checking prothom-alo.com ... t=0.82
1329 Checking codepen.io ... t=0.66
1330 Checking op.gg ... t=0.76
1331 Checking a10.com ... t=1.34
1332 Checking motherless.com ... t=0.83
1333 Checking istockphoto.com ... t=0.75
1334 Checking cnki.net ... t=0.25
1335 Checking bc.vc ... t=0.87
1336 Checking takungpao.com ... t=0.52
1337 Checking kbb.com ... t=1.65
1338 Checking xmediaserve.com ... t=0.67
1339 Checking solarmovie.ph ... t=1.76
1340 Checking thewhizmarketing.com ... t=1.10
1341 Checking gnavi.co.jp ... t=0.53
1342 Checking food.com ... t=0.64
1343 Checking sprint.com ... t=1.60
1344 Checking hsbc.co.uk ... t=3.98
1345 Checking freelotto.com ... t=0.34
1346 Checking ukr.net ... t=6.52
1347 Checking gongchang.com ... t=2.38
1348 Checking nudevista.com ... t=1.52
1349 Checking digitalworldads.com ... t=0.70
1350 Checking wonderlandads.com ... t=0.90
1351 Checking opensubtitles.org ... t=2.03
1352 Checking facenama.com ... t=1.92
1353 Checking mangareader.net ... t=3.78
1354 Checking iherb.com ... t=0.95
1355 Checking plays.tv ... t=0.40
1356 Checking grammarly.com ... t=2.26
1357 Checking emdep.vn ... t=0.41
1358 Checking fanli.com ... t=1.34
1359 Checking thechive.com ... t=0.26
1360 Checking tut.by ... t=6.42
1361 Checking incometaxindiaefiling.gov.in ... t=0.49
1362 Checking ranker.com ... t=0.61
1363 Checking ccavenue.com ... t=2.65
1364 Checking virginmedia.com ... t=2.59
1365 Checking criteo.com ... t=1.18
1366 Checking mirtesen.ru ... t=0.95
1367 Checking hollywoodreporter.com ... t=0.96
1368 Checking championat.com ... t=2.44
1369 Checking miui.com ... t=3.33
1370 Checking interpark.com ... t=0.16
1371 Checking unam.mx ... t=3.78
1372 Checking mataharimall.com ... t=0.96
1373 Checking abc.net.au ... t=0.73
1374 Checking pchome.net ... t=0.63
1375 Checking pbs.org ... t=2.58
1376 Checking meb.gov.tr ... t=4.30
1377 Checking gumtree.com.au ... t=1.49
1378 Checking alfalfalfa.com ... t=0.39
1379 Checking my-hit.org ... t=1.97
1380 Checking gemius.pl ... t=3.85
1381 Checking yeniakit.com.tr ... t=1.99
1382 Checking getbootstrap.com ... t=0.63
1383 Checking jet.com ... t=0.58
1384 Checking google.tn ... t=0.25
1385 Checking forgeofempires.com ... t=5.96
1386 Checking hostgator.com ... t=0.48
1387 Checking jezebel.com ... t=0.43
1388 Checking ngacn.cc ... Exception: [Errno -5] No address associated with hostname
t=0.12
1389 Checking tunein.com ... t=0.41
1390 Checking 4gamer.net ... t=1.07
1391 Checking porn.com ... t=1.49
1392 Checking nextmedia.com ... t=0.83
1393 Checking concursolutions.com ... t=1.13
1394 Checking donanimhaber.com ... t=1.87
1395 Checking toastedballs.com ... t=1.40
1396 Checking shaadi.com ... t=0.80
1397 Checking gazeta.ru ... t=2.35
1398 Checking businessweekly.com.tw ... Exception: [Errno -5] No address associated with hostname
t=0.03
1399 Checking bankrate.com ... t=0.67
1400 Checking duba.com ... t=2.42
1401 Checking gidonline.club ... t=0.69
1402 Checking leo.org ... t=1.59
1403 Checking life.ru ... t=3.83
1404 Checking tvguide.com ... t=1.33
1405 Checking today.com ... t=2.04
1406 Checking mts.ru ... t=4.36
1407 Checking lg.com ... t=1.47
1408 Checking feng.com ... t=1.05
1409 Checking dribbble.com ... t=1.78
1410 Checking servingclks.com ... t=1.88
1411 Checking jquery.com ... t=0.33
1412 Checking v1.cn ... t=1.93
1413 Checking caf.fr ... t=2.22
1414 Checking ynet.co.il ... t=0.87
1415 Checking talk.tw ... t=2.06
1416 Checking edx.org ... t=1.59
1417 Checking dawn.com ... t=0.98
1418 Checking super.cz ... t=5.06
1419 Checking adultfriendfinder.com ... t=0.56
1420 Checking foursquare.com ... t=0.54
1421 Checking 24h.com.vn ... t=0.81
1422 Checking here.com ... t=0.97
1423 Checking vesti.ru ... t=2.10
1424 Checking chicagotribune.com ... t=0.89
1425 Checking warmportrait.com ... Exception: [Errno -5] No address associated with hostname
t=0.34
1426 Checking doodle.com ... t=0.91
1427 Checking fnb.co.za ... t=3.18
1428 Checking picofile.com ... t=1.02
1429 Checking bttiantang.com ... Exception: ''
t=1.18
1430 Checking infobae.com ... t=7.36
1431 Checking codeproject.com ... t=1.48
1432 Checking tnaflix.com ... t=1.57
1433 Checking 500px.com ... t=1.66
1434 Checking linkshrink.net ... t=2.66
1435 Checking google.lv ... t=0.67
1436 Checking mydrivers.com ... t=1.77
1437 Checking freejobalert.com ... t=1.47
1438 Checking directv.com ... t=1.41
1439 Checking xiami.com ... t=0.65
1440 Checking blogspot.my ... t=0.28
1441 Checking agenziaentrate.gov.it ... t=3.75
1442 Checking orf.at ... t=0.61
1443 Checking digitalocean.com ... t=1.33
1444 Checking zhaopin.com ... t=0.75
1445 Checking sanook.com ... t=1.14
1446 Checking aftonbladet.se ... t=1.94
1447 Checking sitepoint.com ... t=1.07
1448 Checking ulmart.ru ... t=3.77
1449 Checking chess.com ... t=0.96
1450 Checking programme-tv.net ... t=1.78
1451 Checking yahoo-mbga.jp ... t=0.29
1452 Checking arcot.com ... t=1.67
1453 Checking gotomeeting.com ... t=2.19
1454 Checking ali213.net ... t=0.55
1455 Checking zhibo8.cc ... t=0.35
1456 Checking imagebam.com ... t=128.19
1457 Checking kinja.com ... t=0.82
1458 Checking google.com.bo ... t=0.67
1459 Checking vine.co ... t=1.41
1460 Checking xl415.com ... t=0.92
1461 Checking ubuntu.com ... t=1.23
1462 Checking bluehost.com ... t=4.73
1463 Checking xiaomi.com ... t=0.29
1464 Checking payu.in ... t=1.78
1465 Checking bmi.ir ... t=1.52
1466 Checking editor.wix.com ... t=0.99
1467 Checking virgilio.it ... t=23.93
1468 Checking garanti.com.tr ... t=4.10
1469 Checking fotostrana.ru ... t=3.44
1470 Checking hindustantimes.com ... t=0.78
1471 Checking metacritic.com ... t=4.56
1472 Checking consumerreports.org ... t=1.05
1473 Checking danawa.com ... t=0.41
1474 Checking smugmug.com ... t=4.59
1475 Checking iza.ne.jp ... Exception: [Errno -5] No address associated with hostname
t=0.13
1476 Checking drugs.com ... t=0.14
1477 Checking vistaprint.com ... Warning: Redirect exceed limit
t=11.77
1478 Checking 17173.com ... t=0.48
1479 Checking november-lax.com ... t=0.61
1480 Checking onclickpredictiv.com ... t=0.38
1481 Checking kongregate.com ... t=0.70
1482 Checking stubhub.com ... t=1.30
1483 Checking elconfidencial.com ... t=1.34
1484 Checking yhd.com ... t=6.48
1485 Checking telegraaf.nl ... t=3.62
1486 Checking gamestop.com ... t=1.41
1487 Checking nbcsports.com ... t=3.04
1488 Checking blogspot.tw ... t=0.30
1489 Checking tomsguide.com ... t=2.37
1490 Checking mobafire.com ... t=0.89
1491 Checking vg.no ... t=2.46
1492 Checking kompasiana.com ... t=1.65
1493 Checking windows.net ... t=0.87
1494 Checking jsfiddle.net ... t=1.95
1495 Checking 0659.pics ... Exception: [Errno -5] No address associated with hostname
t=0.91
1496 Checking serverfault.com ... t=0.48
1497 Checking seriesflv.net ... t=0.10
1498 Checking piriform.com ... t=0.49
1499 Checking xuite.net ... t=0.16
1500 Checking huawei.com ... t=0.43
1501 Checking smallpdf.com ... t=0.30
1502 Checking theodysseyonline.com ... t=2.38
1503 Checking onlinevideoconverter.com ... t=0.99
1504 Checking abc.go.com ... t=0.71
1505 Checking wuxiaworld.com ... t=0.13
1506 Checking himasoku.com ... t=0.18
1507 Checking userscloud.com ... t=0.98
1508 Checking timewarnercable.com ... t=3.35
1509 Checking fool.com ... t=1.47
1510 Checking 591.com.tw ... t=11.78
1511 Checking layarkaca21.tv ... t=0.84
1512 Checking diynetwork.com ... t=1.25
1513 Checking ozon.ru ... t=2.52
1514 Checking edmunds.com ... t=0.95
1515 Checking wetteronline.de ... t=2.21
1516 Checking dhgate.com ... Exception: timed out
t=185.36
1517 Checking fivethirtyeight.com ... t=0.27
1518 Checking linternaute.com ... t=1.34
1519 Checking nature.com ... t=5.45
1520 Checking elsevier.com ... t=0.89
1521 Checking persianblog.ir ... t=37.17
1522 Checking santander.co.uk ... t=2.21
1523 Checking torrentz.com ... t=0.84
1524 Checking sp.gov.br ... Exception: [Errno -5] No address associated with hostname
t=0.67
1525 Checking uludagsozluk.com ... t=0.96
1526 Checking taimienphi.vn ... t=0.44
1527 Checking express.co.uk ... t=2.49
1528 Checking ilbe.com ... t=1.36
1529 Checking ehow.com ... t=1.19
1530 Checking secureinternetbank.com ... Exception: [Errno -5] No address associated with hostname
t=0.50
1531 Checking news.com.au ... t=3.26
1532 Checking sony.jp ... t=0.67
1533 Checking asriran.com ... t=2.92
1534 Checking discordapp.com ... t=1.09
1535 Checking kisscartoon.me ... t=0.11
1536 Checking seekingalpha.com ... t=0.35
1537 Checking autoscout24.de ... t=3.31
1538 Checking welt.de ... t=1.59
1539 Checking jalopnik.com ... t=0.30
1540 Checking entrepreneur.com ... t=1.49
1541 Checking goibibo.com ... t=3.16
1542 Checking wunderlist.com ... t=3.31
1543 Checking pcgamer.com ... t=2.19
1544 Checking brazzers.com ... t=1.30
1545 Checking flirt4free.com ... t=1.49
1546 Checking tripadvisor.it ... t=0.94
1547 Checking qiwi.com ... t=2.41
1548 Checking pastebin.com ... t=0.50
1549 Checking itau.com.br ... t=0.46
1550 Checking smartnewtab.com ... t=0.59
1551 Checking autotrader.co.uk ... t=3.34
1552 Checking filmweb.pl ... t=3.15
1553 Checking 1und1.de ... t=2.45
1554 Checking sap.com ... t=2.95
1555 Checking synchronycredit.com ... Exception: [Errno -5] No address associated with hostname
t=0.41
1556 Checking codecademy.com ... t=1.80
1557 Checking dhl.com ... t=1.72
1558 Checking webssearches.com ... t=0.49
1559 Checking vonvon.me ... t=0.50
1560 Checking kapook.com ... t=2.29
1561 Checking scoopwhoop.com ... t=1.30
1562 Checking planetromeo.com ... t=5.75
1563 Checking cafe24.com ... t=2.35
1564 Checking aarp.org ... t=1.58
1565 Checking goodgamestudios.com ... t=3.16
1566 Checking chexun.com ... t=0.48
1567 Checking payoneer.com ... t=0.94
1568 Checking dpreview.com ... t=3.01
1569 Checking digg.com ... t=0.35
1570 Checking python.org ... t=2.55
1571 Checking cbseresults.nic.in ... t=0.61
1572 Checking service.gov.uk ... t=0.99
1573 Checking refinery29.com ... t=0.83
1574 Checking etorrent.kr ... t=0.62
1575 Checking att.net ... t=1.87
1576 Checking lego.com ... t=3.80
1577 Checking sulekha.com ... t=1.64
1578 Checking 1111.com.tw ... t=0.07
1579 Checking unblocked.tv ... t=2.99
1580 Checking coupang.com ... t=0.68
1581 Checking starsports.com ... t=1.69
1582 Checking gtarcade.com ... t=1.33
1583 Checking projectfreetv.im ... t=0.68
1584 Checking ibanking-services.com ... Exception: [Errno -5] No address associated with hostname
t=0.43
1585 Checking usmagazine.com ... t=0.61
1586 Checking chefkoch.de ... t=1.80
1587 Checking ocn.ne.jp ... Exception: [Errno -5] No address associated with hostname
t=0.30
1588 Checking opentable.com ... t=1.49
1589 Checking vidto.me ... t=0.92
1590 Checking inc.com ... t=0.83
1591 Checking mp4ba.com ... t=0.56
1592 Checking si.com ... t=1.05
1593 Checking rakuten-bank.co.jp ... t=1.22
1594 Checking cars.com ... t=0.97
1595 Checking comenity.net ... t=3.67
1596 Checking couchtuner.ag ... t=1.11
1597 Checking mysmartprice.com ... t=0.51
1598 Checking tattoodo.com ... t=1.19
1599 Checking mail.com ... t=2.72
1600 Checking ilfattoquotidiano.it ... t=2.60
1601 Checking cdstm.cn ... t=0.51
1602 Checking ynet.com ... t=0.83
1603 Checking daily.co.jp ... t=0.88
1604 Checking indeed.co.uk ... t=0.92
1605 Checking filmesonlinegratis.net ... t=1.82
1606 Checking moz.com ... t=1.69
1607 Checking suntrust.com ... Exception: [Errno -3] Temporary failure in name resolution
t=20.02
1608 Checking macrumors.com ... t=3.52
1609 Checking plarium.com ... t=0.51
1610 Checking mxttrf.com ... Exception: [Errno -5] No address associated with hostname
t=0.52
1611 Checking protect0r.com ... Exception: [Errno -5] No address associated with hostname
t=0.74
1612 Checking sbisec.co.jp ... Exception: [Errno -5] No address associated with hostname
t=0.11
1613 Checking 2chan.net ... Exception: [Errno -5] No address associated with hostname
t=0.13
1614 Checking privatbank.ua ... t=2.25
1615 Checking movie2free.com ... t=2.84
1616 Checking patheos.com ... t=1.43
1617 Checking dailykos.com ... t=0.88
1618 Checking tutsplus.com ... t=0.64
1619 Checking weheartit.com ... t=0.54
1620 Checking metrolyrics.com ... t=0.84
1621 Checking crhoy.com ... t=1.16
1622 Checking yandex.com ... t=2.01
1623 Checking musica.com ... t=2.91
1624 Checking postimg.org ... t=1.49
1625 Checking ibtimes.co.uk ... t=1.35
1626 Checking bab.la ... t=0.73
1627 Checking caisse-epargne.fr ... Exception: [Errno 110] Connection timed out
t=127.52
1628 Checking peyvandha.ir ... t=1.52
1629 Checking pcworld.com ... t=0.95
1630 Checking sports.ru ... t=1.75
1631 Checking zalukaj.com ... t=1.15
1632 Checking starbucks.com ... t=1.24
1633 Checking flaticon.com ... t=1.43
1634 Checking cankaoxiaoxi.com ... t=0.63
1635 Checking airasia.com ... t=0.38
1636 Checking healthline.com ... t=0.98
1637 Checking idealo.de ... t=1.85
1638 Checking cityheaven.net ... t=0.39
1639 Checking ecollege.com ... t=2.20
1640 Checking pelis24.com ... t=0.11
1641 Checking epochtimes.com ... t=0.14
1642 Checking fang.com ... t=1.29
1643 Checking ihg.com ... t=0.89
1644 Checking salon.com ... t=0.84
1645 Checking ex.ua ... t=2.04
1646 Checking macromill.com ... t=0.27
1647 Checking myappline.com ... t=1.57
1648 Checking popmaster.ir ... t=1.52
1649 Checking homepage-web.com ... t=1.68
1650 Checking tenki.jp ... t=0.62
1651 Checking epfoservices.in ... t=1.01
1652 Checking auntyacid.com ... t=1.56
1653 Checking 1fichier.com ... t=1.97
1654 Checking goodhousekeeping.com ... t=0.52
1655 Checking google.com.pr ... t=0.24
1656 Checking newyorker.com ... t=0.59
1657 Checking firstpost.com ... t=0.84
1658 Checking thepennyhoarder.com ... t=1.55
1659 Checking correios.com.br ... Exception: [Errno 110] Connection timed out
t=128.23
1660 Checking ajanshaber.com ... t=4.09
1661 Checking foxsports.com ... t=1.47
1662 Checking customizednewtab.com ... t=1.20
1663 Checking telegrafi.com ... t=1.47
1664 Checking nfl.com ... t=0.11
1665 Checking indeed.co.in ... t=1.02
1666 Checking jma.go.jp ... Exception: [Errno -5] No address associated with hostname
t=0.09
1667 Checking admaimai.com ... t=2.61
1668 Checking xkcd.com ... t=0.71
1669 Checking alfabank.ru ... t=2.81
1670 Checking techtarget.com ... t=1.56
1671 Checking nu.nl ... t=2.57
1672 Checking piliapp.com ... t=1.52
1673 Checking national-lottery.co.uk ... t=4.36
1674 Checking olx.ro ... t=1.33
1675 Checking p30download.com ... t=2.30
1676 Checking worldstarhiphop.com ... t=1.07
1677 Checking jugem.jp ... t=0.21
1678 Checking banvenez.com ... Exception: [Errno -5] No address associated with hostname
t=0.56
1679 Checking masralarabia.com ... t=0.58
1680 Checking epwk.com ... t=5.08
1681 Checking mic.com ... t=1.63
1682 Checking blogspot.de ... t=0.25
1683 Checking rikunabi.com ... Exception: [Errno -5] No address associated with hostname
t=0.09
1684 Checking coolmath-games.com ... t=0.30
1685 Checking 1and1.com ... t=3.95
1686 Checking spankwire.com ... t=1.75
1687 Checking qz.com ... t=0.26
1688 Checking new-rutor.org ... t=2.99
1689 Checking ft.com ... t=2.10
1690 Checking hbonow.com ... t=1.25
1691 Checking 10086.cn ... t=0.31
1692 Checking xero.com ... t=1.07
1693 Checking picmonkey.com ... t=1.98
1694 Checking dayt.se ... t=0.76
1695 Checking bustle.com ... t=0.98
1696 Checking khabaronline.ir ... t=1.32
1697 Checking ieee.org ... t=1.44
1698 Checking laposte.net ... t=3.27
1699 Checking tiscali.it ... t=1.54
1700 Checking vmware.com ... t=0.90
1701 Checking cdc.gov ... t=1.10
1702 Checking list-manage1.com ... t=0.96
1703 Checking ny.gov ... t=1.03
1704 Checking ddanzi.com ... t=1.56
1705 Checking hotpepper.jp ... t=0.24
1706 Checking billboard.com ... t=0.92
1707 Checking avast.com ... t=1.57
1708 Checking watchmygf.net ... t=0.60
1709 Checking thesun.co.uk ... t=1.39
1710 Checking boredpanda.com ... t=1.48
1711 Checking last.fm ... t=1.07
1712 Checking maybank2u.com.my ... t=1.05
1713 Checking mbank.pl ... t=4.95
1714 Checking psu.edu ... t=1.68
1715 Checking sbi.co.in ... t=2.36
1716 Checking homeaway.com ... t=2.58
1717 Checking traffichunt.com ... t=0.93
1718 Checking tasnimnews.com ... Exception: [Errno 111] Connection refused
t=1.70
1719 Checking study.com ... t=0.73
1720 Checking thethao247.vn ... t=0.29
1721 Checking docusign.net ... t=1.83
1722 Checking javhd.com ... t=0.82
1723 Checking prnt.sc ... t=0.54
1724 Checking mashreghnews.ir ... t=6.34
1725 Checking halifax-online.co.uk ... Exception: [Errno -5] No address associated with hostname
t=0.74
1726 Checking rr.com ... t=1.64
1727 Checking jkanime.net ... t=0.28
1728 Checking shasha.ps ... t=2.86
1729 Checking jqw.com ... t=0.17
1730 Checking bb.com.br ... t=1.02
1731 Checking tahrirnews.com ... t=0.80
1732 Checking softpedia.com ... t=1.38
1733 Checking dhs.gov ... t=2.53
1734 Checking careerbuilder.com ... t=1.87
1735 Checking cleartrip.com ... t=1.79
1736 Checking reallifecam.com ... t=0.77
1737 Checking mangahere.co ... t=1.83
1738 Checking toutiao.com ... t=0.22
1739 Checking samplicio.us ... t=0.51
1740 Checking teletica.com ... t=1.10
1741 Checking nymag.com ... t=0.28
1742 Checking howstuffworks.com ... t=1.33
1743 Checking baixaki.com.br ... t=0.95
1744 Checking wildberries.ru ... t=3.87
1745 Checking wnd.com ... t=1.56
1746 Checking rozetka.com.ua ... t=1.25
1747 Checking skroutz.gr ... t=2.67
1748 Checking orbitz.com ... t=1.48
1749 Checking realclearpolitics.com ... t=1.08
1750 Checking sbnation.com ... t=0.75
1751 Checking ragestream.com ... t=0.64
1752 Checking algornalgy.com ... t=1.43
1753 Checking alaan.org ... t=2.89
1754 Checking t411.ch ... t=1.11
1755 Checking passportindia.gov.in ... t=0.44
1756 Checking fbsbx.com ... t=1.12
1757 Checking lds.org ... t=0.59
1758 Checking b71genemob.com ... t=0.86
1759 Checking gaana.com ... t=0.47
1760 Checking hamusoku.com ... t=0.31
1761 Checking dickssportinggoods.com ... t=1.26
1762 Checking beytoote.com ... t=1.96
1763 Checking blocket.se ... t=4.89
1764 Checking bayt.com ... t=5.38
1765 Checking terra.com.br ... t=5.18
1766 Checking bamilo.com ... t=1.74
1767 Checking christian-dogma.com ... t=1.75
1768 Checking shop-pro.jp ... t=0.38
1769 Checking medpse.com ... Exception: [Errno -2] Name or service not known
t=0.45
1770 Checking ashleyrnadison.com ... t=0.98
1771 Checking nmisr.com ... t=4.90
1772 Checking online-convert.com ... t=1.58
1773 Checking rabobank.nl ... t=4.98
1774 Checking tvn24.pl ... t=2.59
1775 Checking zergnet.com ... t=0.47
1776 Checking arecio.work ... t=3.69
1777 Checking moi.gov.sa ... Exception: [Errno 110] Connection timed out
t=127.56
1778 Checking cb01.co ... t=0.88
1779 Checking plex.tv ... t=4.75
1780 Checking berkeley.edu ... t=9.65
1781 Checking fortune.com ... t=0.27
1782 Checking edmodo.com ... t=1.59
1783 Checking southcn.com ... t=0.67
1784 Checking msnbc.com ... t=0.84
1785 Checking earthlink.net ... t=1.39
1786 Checking travelocity.com ... t=1.62
1787 Checking 90min.com ... t=1.32
1788 Checking ipko.pl ... t=3.43
1789 Checking 17track.net ... t=3.99
1790 Checking techbang.com ... t=0.52
1791 Checking utorrent.com ... t=0.86
1792 Checking lightinthebox.com ... t=1.65
1793 Checking officedepot.com ... t=0.89
1794 Checking deliverydom.com ... Exception: [Errno -5] No address associated with hostname
t=0.16
1795 Checking vanguard.com ... t=4.06
1796 Checking ana.co.jp ... t=0.52
1797 Checking gizmodo.jp ... t=0.70
1798 Checking cox.net ... t=3.98
1799 Checking bol.com ... t=3.46
1800 Checking idealista.com ... t=2.14
1801 Checking perfectgirls.net ... t=1.96
1802 Checking typepad.com ... t=0.91
1803 Checking tokyo.jp ... Exception: [Errno -5] No address associated with hostname
t=0.05
1804 Checking chiphell.com ... Exception: [Errno -2] Name or service not known
t=5.60
1805 Checking kicker.de ... t=2.19
1806 Checking medscape.com ... t=5.65
1807 Checking nur.kz ... t=5.73
1808 Checking nitroflare.com ... t=0.73
1809 Checking voyages-sncf.com ... t=2.41
1810 Checking dominos.com ... t=1.46
1811 Checking cima4u.tv ... t=0.85
1812 Checking p5w.net ... t=2.55
1813 Checking kenh14.vn ... t=0.49
1814 Checking androidauthority.com ... t=1.16
1815 Checking freshdesk.com ... t=0.27
1816 Checking google.jo ... t=0.75
1817 Checking all2lnk.com ... t=0.72
1818 Checking newsnow.co.uk ... t=2.34
1819 Checking lavanguardia.com ... t=3.27
1820 Checking haraj.com.sa ... t=0.72
1821 Checking shufoo.net ... t=0.55
1822 Checking vagalume.com.br ... t=1.15
1823 Checking exhentai.org ... t=2.73
1824 Checking otomoto.pl ... t=0.98
1825 Checking clips4sale.com ... t=0.49
1826 Checking doc88.com ... t=1.54
1827 Checking brainyquote.com ... t=1.03
1828 Checking provinet.net ... Exception: [Errno -5] No address associated with hostname
t=0.82
1829 Checking theweathernetwork.com ... t=4.76
1830 Checking hilltopads.net ... t=0.89
1831 Checking alc.co.jp ... t=0.43
1832 Checking tf1.fr ... t=2.26
1833 Checking jobrapido.com ... t=2.06
1834 Checking sarkariresult.com ... t=1.32
1835 Checking hsn.com ... t=1.90
1836 Checking renren.com ... t=0.32
1837 Checking dostor.org ... t=1.58
1838 Checking nbc.com ... t=3.08
1839 Checking jiameng.com ... t=1.53
1840 Checking greatergood.com ... t=0.74
1841 Checking internetdownloadmanager.com ... t=0.71
1842 Checking justporno.tv ... t=7.34
1843 Checking sunporno.com ... t=1.62
1844 Checking vtv.vn ... t=0.54
1845 Checking zalando.de ... t=2.62
1846 Checking mysql.com ... t=0.85
1847 Checking iltalehti.fi ... t=2.03
1848 Checking dns-shop.ru ... t=3.78
1849 Checking konga.com ... t=0.95
1850 Checking fwbntw.com ... t=0.66
1851 Checking ravelry.com ... t=2.30
1852 Checking standardmedia.co.ke ... t=2.28
1853 Checking googlevideo.com ... t=0.31
1854 Checking agenciatributaria.gob.es ... Exception: [Errno -5] No address associated with hostname
t=0.88
1855 Checking monografias.com ... t=1.02
1856 Checking trustpilot.com ... t=2.47
1857 Checking easyjet.com ... t=1.37
1858 Checking movierulz.to ... t=1.85
1859 Checking toyokeizai.net ... t=0.16
1860 Checking sakshi.com ... t=0.98
1861 Checking gamme.com.tw ... t=0.15
1862 Checking url1.me ... t=1.58
1863 Checking tdbank.com ... t=0.44
1864 Checking popkade.ir ... t=1.26
1865 Checking mathworks.com ... t=2.62
1866 Checking squareup.com ... t=3.15
1867 Checking fetlife.com ... t=1.05
1868 Checking lindaikejisblog.com ... t=0.75
1869 Checking 24video.xxx ... t=2.08
1870 Checking google.com.gh ... t=0.28
1871 Checking elcomercio.com ... Exception: [Errno -5] No address associated with hostname
t=0.59
1872 Checking kakao.com ... t=1.00
1873 Checking alarabiya.net ... t=0.69
1874 Checking zipbogo.net ... t=0.47
1875 Checking eluniverso.com ... t=1.05
1876 Checking video-one.com ... t=0.69
1877 Checking reclameaqui.com.br ... t=1.23
1878 Checking juegos.com ... t=1.35
1879 Checking skyscanner.net ... t=3.29
1880 Checking blogsky.com ... t=1.74
1881 Checking ksl.com ... t=1.89
1882 Checking beeline.ru ... t=5.58
1883 Checking cnbeta.com ... t=3.73
1884 Checking cqnews.net ... t=3.93
1885 Checking 20minutes.fr ... t=1.62
1886 Checking vip.com ... t=0.70
1887 Checking 178.com ... t=0.40
1888 Checking realestate.com.au ... t=3.21
1889 Checking all-free-download.com ... t=0.51
1890 Checking telegraf.com.ua ... t=0.81
1891 Checking ouo.press ... t=1.38
1892 Checking rockstargames.com ... Exception: timed out
t=180.38
1893 Checking cargurus.com ... t=2.23
1894 Checking trade.tmall.com ... t=0.72
1895 Checking 420wap.com ... t=0.76
1896 Checking mos.ru ... t=6.81
1897 Checking sheknows.com ... t=0.82
1898 Checking metro.co.uk ... t=0.54
1899 Checking jal.co.jp ... t=0.46
1900 Checking alohatube.com ... t=0.80
1901 Checking bancsabadell.com ... t=4.02
1902 Checking wikispaces.com ... t=2.26
1903 Checking qiita.com ... t=0.66
1904 Checking mackeeper.com ... t=1.82
1905 Checking creditmutuel.fr ... t=1.16
1906 Checking visualstudio.com ... t=1.98
1907 Checking iconosquare.com ... t=1.71
1908 Checking herokuapp.com ... t=3.77
1909 Checking lostfilm.tv ... t=2.14
1910 Checking histats.com ... t=0.53
1911 Checking gamefactory.jp ... Exception: [Errno -5] No address associated with hostname
t=0.08
1912 Checking sputniknews.com ... t=0.92
1913 Checking alimama.com ... t=0.48
1914 Checking ssa.gov ... t=3.23
1915 Checking navyfederal.org ... t=2.18
1916 Checking iciba.com ... t=0.62
1917 Checking ssisurveys.com ... t=1.87
1918 Checking curse.com ... t=3.50
1919 Checking lazada.co.th ... t=0.44
1920 Checking avclub.com ... t=1.08
1921 Checking nttdocomo.co.jp ... Exception: [Errno -5] No address associated with hostname
t=0.18
1922 Checking addtoany.com ... t=1.82
1923 Checking theblaze.com ... t=0.71
1924 Checking 99acres.com ... t=1.11
1925 Checking jcrew.com ... t=2.18
1926 Checking google.com.sv ... t=0.47
1927 Checking 8drama.com ... t=0.46
1928 Checking slidesharecdn.com ... Exception: [Errno -5] No address associated with hostname
t=0.07
1929 Checking safefinder.com ... t=0.66
1930 Checking irecommend.ru ... t=0.92
1931 Checking popmyads.com ... t=0.12
1932 Checking globaltestmarket.com ... t=1.32
1933 Checking edgetrends.com ... t=1.43
1934 Checking google.ba ... t=0.30
1935 Checking pages.tmall.com ... t=4.52
1936 Checking complex.com ... t=1.30
1937 Checking mobilepinbox.com ... Exception: [Errno -2] Name or service not known
t=0.08
1938 Checking patreon.com ... t=1.36
1939 Checking blogspot.pe ... t=0.42
1940 Checking flashscore.com ... t=1.35
1941 Checking webmoney.ru ... t=3.77
1942 Checking polyvore.com ... t=0.96
1943 Checking google.com.lb ... t=0.41
1944 Checking fazenda.gov.br ... t=0.95
1945 Checking w3school.com.cn ... t=1.24
1946 Checking kp.ru ... t=2.10
1947 Checking urbanoutfitters.com ... t=1.66
1948 Checking letras.mus.br ... t=2.43
1949 Checking index.hu ... t=1.19
1950 Checking monotaro.com ... t=0.74
1951 Checking 20minutos.es ... t=1.37
1952 Checking mizuhobank.co.jp ... Exception: [Errno -5] No address associated with hostname
t=0.06
1953 Checking mgtv.com ... t=0.58
1954 Checking fanatik.com.tr ... t=2.45
1955 Checking alexa.com ... t=1.25
1956 Checking ticketmonster.co.kr ... t=1.23
1957 Checking ilsole24ore.com ... t=2.20
1958 Checking kddi.com ... t=0.27
1959 Checking smi2.ru ... t=0.61
1960 Checking mappy.com ... t=2.37
1961 Checking depositphotos.com ... t=2.24
1962 Checking over-blog.com ... t=2.52
1963 Checking allabout.co.jp ... t=0.45
1964 Checking cabelas.com ... t=0.68
1965 Checking craigslist.ca ... t=2.92
1966 Checking phonearena.com ... t=1.04
1967 Checking lazyadsmedia.com ... Exception: [Errno -2] Name or service not known
t=0.39
1968 Checking smh.com.au ... t=1.76
1969 Checking imagetwist.com ... t=0.95
1970 Checking imagefap.com ... t=1.79
1971 Checking nation.co.ke ... t=1.36
1972 Checking bbt.com ... t=2.71
1973 Checking periscope.tv ... t=0.95
1974 Checking mojang.com ... t=0.70
1975 Checking uidai.net.in ... Exception: [Errno 110] Connection timed out
t=127.42
1976 Checking sh0rt.site ... t=2.14
1977 Checking tebyan.net ... t=1.33
1978 Checking myntra.com ... t=0.29
1979 Checking prntscr.com ... t=1.20
1980 Checking naij.com ... t=2.26
1981 Checking blizzard.cn ... t=0.30
1982 Checking blomaga.jp ... Exception: [Errno -5] No address associated with hostname
t=0.18
1983 Checking shahrekhabar.com ... t=1.88
1984 Checking dream.co.id ... t=0.68
1985 Checking dealnews.com ... t=0.46
1986 Checking zimbio.com ... t=0.83
1987 Checking scotiabank.com ... t=1.81
1988 Checking disney.com ... t=1.97
1989 Checking state.tx.us ... Exception: [Errno -5] No address associated with hostname
t=0.86
1990 Checking myspace.com ... t=2.39
1991 Checking weightwatchers.com ... t=2.00
1992 Checking oceanofgames.com ... t=1.25
1993 Checking staticflickr.com ... Exception: [Errno -5] No address associated with hostname
t=0.06
1994 Checking worldoftanks.ru ... t=0.65
1995 Checking baskino.club ... t=0.78
1996 Checking emirates.com ... t=1.33
1997 Checking heise.de ... t=1.74
1998 Checking ig.com.br ... t=1.75
1999 Checking battlenet.com.cn ... t=0.88
2000 Checking w3.org ... t=2.07
