2001 Checking watchseries.li ... t=2.15
2002 Checking baiducontent.com ... Exception: [Errno -5] No address associated with hostname
t=0.15
2003 Checking snopes.com ... t=0.89
2004 Checking gumtree.co.za ... t=0.91
2005 Checking square-enix.com ... t=0.63
2006 Checking atlassian.com ... t=1.60
2007 Checking chouhaa.info ... t=1.95
2008 Checking ithome.com ... t=2.78
2009 Checking tilestwra.com ... t=2.13
2010 Checking azet.sk ... t=4.60
2011 Checking lotterypost.com ... t=2.04
2012 Checking rutube.ru ... t=0.54
2013 Checking linkwithin.com ... t=1.32
2014 Checking world.tmall.com ... t=0.51
2015 Checking parwrite.com ... t=1.06
2016 Checking saisoncard.co.jp ... Exception: [Errno -5] No address associated with hostname
t=0.12
2017 Checking redbus.in ... t=0.87
2018 Checking ceneo.pl ... t=2.29
2019 Checking monova.org ... t=0.81
2020 Checking mtsindia.in ... t=0.33
2021 Checking bancomercantil.com ... Exception: [Errno -5] No address associated with hostname
t=0.57
2022 Checking 51cto.com ... t=3.62
2023 Checking dytt8.net ... t=2.36
2024 Checking okwave.jp ... t=0.14
2025 Checking zeit.de ... t=2.19
2026 Checking rajasthan.gov.in ... t=1.07
2027 Checking pornhd.com ... t=1.58
2028 Checking hitc.com ... t=1.40
2029 Checking mehrnews.com ... t=1.67
2030 Checking sueddeutsche.de ... t=3.59
2031 Checking fiducia.de ... t=5.94
2032 Checking cdninstagram.com ... Exception: [Errno -5] No address associated with hostname
t=0.14
2033 Checking lagaceta.com.ar ... t=1.92
2034 Checking creativemarket.com ... t=1.84
2035 Checking ghanaweb.com ... t=1.42
2036 Checking gog.com ... t=3.67
2037 Checking juksy.com ... t=0.63
2038 Checking abv.bg ... t=3.04
2039 Checking way2sms.com ... t=0.84
2040 Checking huya.com ... t=0.53
2041 Checking protothema.gr ... t=2.24
2042 Checking dummies.com ... t=2.10
2043 Checking cosmopolitan.com ... t=1.70
2044 Checking 1tv.ru ... t=2.67
2045 Checking focus.cn ... Exception: ''
t=16.69
2046 Checking nuvid.com ... t=1.65
2047 Checking yammer.com ... t=0.82
2048 Checking b9dm.com ... t=0.47
2049 Checking hexun.com ... t=0.37
2050 Checking nipic.com ... Exception: [Errno -2] Name or service not known
t=2.72
2051 Checking kinokrad.net ... t=0.64
2052 Checking bradesco.com.br ... t=0.84
2053 Checking pref.com ... t=0.57
2054 Checking suruga-ya.jp ... t=1.54
2055 Checking mentalfloss.com ... t=0.94
2056 Checking rolandgarros.com ... t=2.38
2057 Checking minecraftforum.net ... Warning: Redirect exceed limit
t=8.03
2058 Checking vidbull.com ... t=0.71
2059 Checking roasted.com ... t=1.12
2060 Checking baomihua.com ... t=0.14
2061 Checking moudamepo.com ... t=0.13
2062 Checking consultant.ru ... t=2.24
2063 Checking voirfilms.org ... t=1.36
2064 Checking angieslist.com ... t=0.61
2065 Checking wetter.de ... t=2.11
2066 Checking carsensor.net ... t=0.70
2067 Checking szn.cz ... Exception: [Errno -5] No address associated with hostname
t=0.92
2068 Checking 58pic.com ... t=1.47
2069 Checking office.net ... Exception: [Errno -5] No address associated with hostname
t=0.06
2070 Checking bizjournals.com ... t=1.68
2071 Checking thehill.com ... t=0.50
2072 Checking debate.com.mx ... t=1.15
2073 Checking multitran.ru ... t=1.81
2074 Checking dek-d.com ... t=1.53
2075 Checking hotukdeals.com ... t=2.26
2076 Checking dm5.com ... t=20.90
2077 Checking overdrive.com ... t=2.79
2078 Checking hellou.co.uk ... t=2.28
2079 Checking isna.ir ... t=2.21
2080 Checking deutsche-bank.de ... t=5.37
2081 Checking gome.com.cn ... t=1.36
2082 Checking mvideo.ru ... t=2.25
2083 Checking fastpic.ru ... t=128.97
2084 Checking redbox.com ... Exception: [Errno 110] Connection timed out
t=127.42
2085 Checking porntube.com ... t=0.70
2086 Checking city-data.com ... t=0.95
2087 Checking dhl.de ... t=2.77
2088 Checking hotwire.com ... t=3.08
2089 Checking ucoz.ru ... t=1.27
2090 Checking rbcroyalbank.com ... t=0.87
2091 Checking transfermarkt.de ... t=2.28
2092 Checking todaypk.com ... t=1.26
2093 Checking jetbrains.com ... t=1.18
2094 Checking techtudo.com.br ... t=2.47
2095 Checking po-kaki-to.com ... t=0.62
2096 Checking jd.hk ... t=0.77
2097 Checking makeleio.gr ... t=1.50
2098 Checking 123kubo.com ... t=2.43
2099 Checking charter.net ... t=1.56
2100 Checking cloudzonetrk.com ... t=0.85
2101 Checking dw.com ... t=2.45
2102 Checking filmibeat.com ... t=2.09
2103 Checking qidian.com ... t=0.52
2104 Checking mundodeportivo.com ... t=3.02
2105 Checking docusign.com ... t=1.71
2106 Checking societegenerale.fr ... t=1.24
2107 Checking aucfan.com ... t=0.21
2108 Checking economist.com ... t=0.90
2109 Checking vjav.com ... t=1.51
2110 Checking minuto30.com ... t=0.46
2111 Checking id.net ... t=3.56
2112 Checking caribbeancom.com ... t=0.95
2113 Checking logitech.com ... t=0.70
2114 Checking hateblo.jp ... t=0.55
2115 Checking mtv.com ... t=1.35
2116 Checking trafficserving.com ... t=1.18
2117 Checking barclays.co.uk ... t=2.29
2118 Checking lolesports.com ... t=1.50
2119 Checking lcl.fr ... t=3.08
2120 Checking vector.co.jp ... Exception: [Errno -5] No address associated with hostname
t=0.28
2121 Checking sportsdirect.com ... t=1.43
2122 Checking medicinenet.com ... t=0.43
2123 Checking lady8844.com ... t=1.12
2124 Checking pcadvisor.co.uk ... t=1.62
2125 Checking statcounter.com ... t=0.47
2126 Checking zazzle.com ... t=0.82
2127 Checking bigpoint.com ... t=71.15
2128 Checking buenastareas.com ... t=0.95
2129 Checking aljaras.com ... t=0.65
2130 Checking cna.com.tw ... t=0.30
2131 Checking one.com ... t=5.83
2132 Checking pubted.com ... t=7.99
2133 Checking itv.com ... t=2.23
2134 Checking gtbank.com ... t=20.34
2135 Checking nvidia.com ... t=1.41
2136 Checking cornell.edu ... t=2.10
2137 Checking jetblue.com ... t=1.79
2138 Checking leadzupc.com ... t=4.21
2139 Checking google.com.kh ... t=0.31
2140 Checking nnmclub.to ... t=1.00
2141 Checking gettyimages.com ... t=0.89
2142 Checking libraryreserve.com ... t=2.70
2143 Checking bastillepost.com ... t=0.78
2144 Checking css-tricks.com ... t=13.99
2145 Checking pordede.com ... t=1.03
2146 Checking myworkday.com ... t=1.60
2147 Checking telecomitalia.it ... Exception: ''
t=1.27
2148 Checking wikiwand.com ... t=1.13
2149 Checking ixxx.com ... t=1.42
2150 Checking sbicard.com ... t=2.85
2151 Checking cloudflare.com ... t=0.46
2152 Checking pex.jp ... t=0.29
2153 Checking say-move.org ... t=0.46
2154 Checking hdrezka.me ... t=0.77
2155 Checking everydayhealth.com.tw ... t=0.76
2156 Checking 01net.com ... t=2.33
2157 Checking softbank.jp ... t=0.36
2158 Checking 90tv.ir ... t=1.27
2159 Checking nouvelobs.com ... t=1.88
2160 Checking ap.org ... t=0.88
2161 Checking lifehack.org ... t=1.25
2162 Checking href.li ... t=0.51
2163 Checking likemag.com ... t=2.07
2164 Checking rocketnews24.com ... t=0.28
2165 Checking prensalibre.com ... t=2.66
2166 Checking advertiserurl.com ... t=0.80
2167 Checking kickasstorrentsam.com ... Exception: [Errno -2] Name or service not known
t=0.14
2168 Checking sport1.de ... t=3.79
2169 Checking republika.co.id ... t=0.80
2170 Checking kmart.com ... t=1.42
2171 Checking zoomit.ir ... t=2.81
2172 Checking wwe.com ... t=1.76
2173 Checking yunpan.cn ... t=0.63
2174 Checking adslgate.com ... t=1.20
2175 Checking cari.com.my ... t=0.24
2176 Checking thrillist.com ... t=2.65
2177 Checking erail.in ... t=0.79
2178 Checking padsdelivery.com ... t=0.75
2179 Checking sport.es ... t=2.25
2180 Checking bol.uol.com.br ... t=2.83
2181 Checking uproxx.com ... t=0.32
2182 Checking polygon.com ... t=0.91
2183 Checking rtve.es ... t=2.29
2184 Checking gruposantander.es ... Exception: [Errno -5] No address associated with hostname
t=3.69
2185 Checking mindbodyonline.com ... t=1.69
2186 Checking kaiserpermanente.org ... t=3.42
2187 Checking torrentproject.se ... t=2.38
2188 Checking iltasanomat.fi ... t=1.02
2189 Checking zedo.com ... t=0.65
2190 Checking starwoodhotels.com ... t=1.52
2191 Checking faz.net ... t=2.13
2192 Checking shine.com ... t=2.29
2193 Checking 3sk.tv ... t=0.85
2194 Checking lazada.com.my ... t=0.60
2195 Checking sparknotes.com ... t=1.60
2196 Checking bartarinha.ir ... t=1.41
2197 Checking bbb.org ... t=1.92
2198 Checking purdue.edu ... t=0.60
2199 Checking inps.it ... Exception: [Errno -5] No address associated with hostname
t=0.96
2200 Checking google.com.uy ... t=0.33
2201 Checking layalina.com ... t=2.01
2202 Checking carwale.com ... t=1.63
2203 Checking pornolab.net ... t=0.97
2204 Checking nhaccuatui.com ... t=0.45
2205 Checking flipboard.com ... t=1.74
2206 Checking iflscience.com ... t=0.54
2207 Checking niusnews.com ... t=0.53
2208 Checking voluumtrk.com ... t=0.87
2209 Checking tripadvisor.fr ... t=0.94
2210 Checking service-now.com ... t=0.72
2211 Checking vidyomani.tv ... t=3.39
2212 Checking andhrajyothy.com ... t=0.63
2213 Checking rakuten-sec.co.jp ... t=0.71
2214 Checking websta.me ... t=0.51
2215 Checking sendspace.com ... t=2.22
2216 Checking yatra.com ... t=0.94
2217 Checking bankmandiri.co.id ... t=0.38
2218 Checking greatandhra.com ... t=1.08
2219 Checking colourpop.com ... t=1.56
2220 Checking schoology.com ... t=1.53
2221 Checking healthgrades.com ... t=1.25
2222 Checking lonelyplanet.com ... t=1.01
2223 Checking pizzahut.com ... t=2.70
2224 Checking jra.go.jp ... Exception: [Errno -5] No address associated with hostname
t=2.85
2225 Checking adobelogin.com ... t=0.46
2226 Checking diamond.jp ... t=0.25
2227 Checking zdf.de ... t=2.66
2228 Checking gocomics.com ... t=1.46
2229 Checking gosuslugi.ru ... t=5.50
2230 Checking etrade.com ... t=2.43
2231 Checking commerzbank.de ... t=2.05
2232 Checking smbc-card.com ... Exception: [Errno -5] No address associated with hostname
t=0.13
2233 Checking lazada.com.ph ... t=0.48
2234 Checking wow.com ... t=1.41
2235 Checking wyborcza.pl ... t=5.42
2236 Checking wemakeprice.com ... t=0.94
2237 Checking npmjs.com ... t=1.71
2238 Checking withgoogle.com ... t=0.31
2239 Checking streamable.com ... t=1.18
2240 Checking exist.ru ... t=0.97
2241 Checking attn.com ... t=1.03
2242 Checking blogspot.com.co ... t=1.13
2243 Checking google.ee ... t=0.62
2244 Checking lastampa.it ... t=2.49
2245 Checking tiu.ru ... t=1.18
2246 Checking iwank.tv ... t=2.44
2247 Checking iconfinder.com ... t=2.92
2248 Checking cic.gc.ca ... t=1.57
2249 Checking weathernews.jp ... t=0.14
2250 Checking hearthpwn.com ... Warning: Redirect exceed limit
t=7.26
2251 Checking britishairways.com ... t=2.80
2252 Checking bancobrasil.com.br ... t=1.64
2253 Checking realsimple.com ... t=1.04
2254 Checking alodokter.com ... t=0.91
2255 Checking zoopla.co.uk ... t=2.55
2256 Checking famitsu.com ... t=0.76
2257 Checking rakuten.com ... t=0.69
2258 Checking asp.net ... t=1.18
2259 Checking westpac.com.au ... t=1.55
2260 Checking semrush.com ... t=1.84
2261 Checking hihi2.com ... t=0.72
2262 Checking yiqifa.com ... t=0.35
2263 Checking ucla.edu ... t=1.11
2264 Checking nguoiduatin.vn ... t=0.43
2265 Checking couchtuner.city ... t=0.50
2266 Checking avira.com ... t=2.90
2267 Checking pubmatic.com ... Exception: [Errno -2] Name or service not known
t=0.55
2268 Checking aruba.it ... t=5.24
2269 Checking tikona.in ... t=1.40
2270 Checking iobit.com ... t=1.66
2271 Checking hubpages.com ... t=0.59
2272 Checking sina.com.tw ... t=0.23
2273 Checking amarujala.com ... t=0.78
2274 Checking willhaben.at ... t=4.50
2275 Checking hsbc.com.hk ... t=0.48
2276 Checking agenciatributaria.es ... Exception: timed out
t=180.78
2277 Checking ycombinator.com ... t=0.77
2278 Checking oricon.co.jp ... t=0.38
2279 Checking mightytext.net ... t=0.79
2280 Checking geico.com ... t=5.16
2281 Checking cheezburger.com ... t=0.89
2282 Checking bet365.es ... t=2.76
2283 Checking chengdu.cn ... t=3.49
2284 Checking indiarailinfo.com ... t=1.74
2285 Checking fontawesome.io ... t=0.52
2286 Checking academic.ru ... t=1.26
2287 Checking bobaedream.co.kr ... t=1.34
2288 Checking reverb.com ... t=2.26
2289 Checking videodownloadconverter.com ... t=1.74
2290 Checking made-in-china.com ... t=1.85
2291 Checking kaspersky.com ... t=1.81
2292 Checking bizrate.com ... t=0.82
2293 Checking akb48matomemory.com ... Exception: [Errno -5] No address associated with hostname
t=0.46
2294 Checking sparkpregame.com ... t=2.92
2295 Checking githubusercontent.com ... Exception: [Errno -5] No address associated with hostname
t=0.18
2296 Checking cumhuriyet.com.tr ... t=1.89
2297 Checking manualslib.com ... t=2.01
2298 Checking history.com ... t=1.00
2299 Checking futhead.com ... t=1.31
2300 Checking dnaindia.com ... t=1.62
2301 Checking tbs.co.jp ... Exception: [Errno -5] No address associated with hostname
t=0.20
2302 Checking webcrawler.com ... t=1.34
2303 Checking variety.com ... t=0.29
2304 Checking jjack56.com ... Exception: [Errno -5] No address associated with hostname
t=0.25
2305 Checking cctv.com ... t=0.72
2306 Checking kissmanga.com ... t=0.14
2307 Checking empflix.com ... t=3.11
2308 Checking bbva.es ... t=1.82
2309 Checking irpopup.ir ... t=1.61
2310 Checking tankionline.com ... t=0.64
2311 Checking spanishdict.com ... t=1.33
2312 Checking onlinekhabar.com ... t=1.08
2313 Checking animaljam.com ... t=1.36
2314 Checking trademe.co.nz ... t=2.34
2315 Checking redbubble.com ... t=1.88
2316 Checking storm.mg ... t=0.49
2317 Checking tosarang2.net ... t=1.03
2318 Checking nps.gov ... Exception: ''
t=0.48
2319 Checking omni7.jp ... Exception: [Errno -5] No address associated with hostname
t=0.28
2320 Checking tripadvisor.es ... t=1.26
2321 Checking zdnet.com ... t=3.69
2322 Checking knowyourmeme.com ... t=0.48
2323 Checking arabi21.com ... t=0.54
2324 Checking biblehub.com ... t=0.55
2325 Checking mtime.com ... t=1.44
2326 Checking nrk.no ... t=2.84
2327 Checking citrixonline.com ... t=1.65
2328 Checking ustream.tv ... t=0.66
2329 Checking computerbild.de ... t=3.55
2330 Checking ren.tv ... t=1.42
2331 Checking chinatimes.com ... t=0.16
2332 Checking goo-net.com ... t=1.31
2333 Checking imgchili.net ... t=0.74
2334 Checking timeout.com ... t=0.58
2335 Checking le360.ma ... t=3.97
2336 Checking zum.com ... t=2.32
2337 Checking envato.com ... t=0.91
2338 Checking pirateproxy.pe ... t=1.10
2339 Checking yalla-shoot.com ... t=1.51
2340 Checking adservone.com ... t=3.65
2341 Checking umich.edu ... t=0.63
2342 Checking fnac.com ... t=2.30
2343 Checking solidfiles.com ... t=4.41
2344 Checking theknot.com ... t=1.81
2345 Checking pbskids.org ... t=0.46
2346 Checking liveperson.net ... Exception: [Errno 110] Connection timed out
t=127.46
2347 Checking mundosexanuncio.com ... t=2.73
2348 Checking plala.or.jp ... t=0.83
2349 Checking regions.com ... t=1.40
2350 Checking algocashmaster.net ... t=2.99
2351 Checking cibc.com ... t=1.73
2352 Checking btolat.com ... t=1.91
2353 Checking malwarebytes.org ... t=0.31
2354 Checking rajnikantvscidjokes.in ... t=1.46
2355 Checking neogaf.com ... t=2.43
2356 Checking leparisien.fr ... t=2.09
2357 Checking keezmovies.com ... t=1.38
2358 Checking sky.it ... t=2.56
2359 Checking tamilrockers.to ... t=2.31
2360 Checking sosodesktop.com ... t=0.63
2361 Checking psychologytoday.com ... t=1.69
2362 Checking papajohns.com ... t=0.99
2363 Checking jusbrasil.com.br ... t=2.04
2364 Checking hipersushiads.com ... t=1.04
2365 Checking teacherspayteachers.com ... t=1.60
2366 Checking go2cloud.org ... t=0.43
2367 Checking watchcartoononline.com ... t=1.61
2368 Checking gumtree.pl ... t=1.40
2369 Checking mysynchrony.com ... t=9.05
2370 Checking netshoes.com.br ... t=2.63
2371 Checking bloglovin.com ... t=3.33
2372 Checking ansa.it ... t=4.00
2373 Checking webry.info ... Exception: [Errno -5] No address associated with hostname
t=0.25
2374 Checking livingsocial.com ... t=1.75
2375 Checking anz.com ... t=2.33
2376 Checking heavy.com ... t=0.29
2377 Checking ingdirect.es ... t=2.33
2378 Checking submarino.com.br ... t=2.40
2379 Checking soft98.ir ... t=1.31
2380 Checking netsuite.com ... t=1.04
2381 Checking bigfishgames.com ... t=1.54
2382 Checking fextralife.com ... t=0.73
2383 Checking namecheap.com ... t=1.45
2384 Checking camelcamelcamel.com ... t=0.47
2385 Checking bama.ir ... t=1.52
2386 Checking eset.com ... t=2.10
2387 Checking eyoonn.com ... t=0.84
2388 Checking delfi.lt ... t=3.44
2389 Checking pitchfork.com ... t=0.48
2390 Checking lolking.net ... t=0.88
2391 Checking baiducdn.org ... t=0.46
2392 Checking mejortorrent.com ... t=2.32
2393 Checking readms.com ... t=0.58
2394 Checking washington.edu ... t=1.63
2395 Checking g4d7.com ... Exception: [Errno -5] No address associated with hostname
t=0.11
2396 Checking fs.to ... t=1.64
2397 Checking books.com.tw ... t=0.14
2398 Checking alnaharegypt.com ... t=1.31
2399 Checking ford.com ... t=0.82
2400 Checking screenrant.com ... t=0.46
2401 Checking doisongphapluat.com ... t=0.51
2402 Checking shadbase.com ... t=1.02
2403 Checking uscis.gov ... t=0.74
2404 Checking icook.tw ... t=0.78
2405 Checking abnamro.nl ... Exception: [Errno -2] Name or service not known
t=5.13
2406 Checking eluniversal.com.mx ... t=1.05
2407 Checking prom.ua ... t=3.66
2408 Checking pointtown.com ... t=0.40
2409 Checking vodafone.in ... t=3.75
2410 Checking va.gov ... t=0.86
2411 Checking meituan.com ... t=0.54
2412 Checking esquire.com ... t=0.60
2413 Checking geforce.com ... t=0.66
2414 Checking yourdictionary.com ... t=1.12
2415 Checking sonyentertainmentnetwork.com ... Exception: hostname 'sonyentertainmentnetwork.com' doesn't match either of 'businessaccount-uat.microsoft.com', 'businessaccount.microsoft.com'
t=1.17
2416 Checking ulta.com ... t=1.17
2417 Checking fotolia.com ... t=3.56
2418 Checking frtye.com ... t=0.83
2419 Checking otzovik.com ... t=1.25
2420 Checking tukif.com ... t=1.97
2421 Checking 3tinyz.com ... t=1.53
2422 Checking rackspace.com ... t=2.16
2423 Checking nesaporn.com ... t=0.66
2424 Checking findagrave.com ... t=0.77
2425 Checking elitetorrent.net ... t=2.65
2426 Checking surveyrouter.com ... t=1.16
2427 Checking face-masr.com ... t=0.50
2428 Checking anybunny.com ... t=1.14
2429 Checking yonhapnews.co.kr ... t=0.51
2430 Checking gazetevatan.com ... t=5.30
2431 Checking up.nic.in ... t=1.35
2432 Checking suumo.jp ... t=0.15
2433 Checking buscape.com.br ... t=1.93
2434 Checking adam4adam.com ... t=1.01
2435 Checking naijaloaded.com.ng ... t=16.08
2436 Checking jmw.com.cn ... t=0.37
2437 Checking tandfonline.com ... t=0.91
2438 Checking usajobs.gov ... t=1.47
2439 Checking invisionapp.com ... t=2.06
2440 Checking jiji.com ... t=1.36
2441 Checking eldorado.ru ... t=6.26
2442 Checking safenetdir.com ... t=1.42
2443 Checking sugklonistiko.gr ... t=2.53
2444 Checking mangapanda.com ... t=1.66
2445 Checking google.com.np ... t=0.53
2446 Checking streamcomplet.com ... t=1.08
2447 Checking rentalcars.com ... t=1.83
2448 Checking verseriesynovelas.tv ... t=2.94
2449 Checking docomo.ne.jp ... Exception: [Errno -5] No address associated with hostname
t=0.09
2450 Checking researchnow.com ... t=2.17
2451 Checking forocoches.com ... t=1.61
2452 Checking zcool.com.cn ... t=0.74
2453 Checking tv.com ... t=1.31
2454 Checking swiki.jp ... t=1.16
2455 Checking newsmth.net ... t=1.13
2456 Checking siriusxm.com ... t=0.67
2457 Checking whatgameisthat.com ... t=2.79
2458 Checking amd.com ... t=0.76
2459 Checking heartyhomecooking.com ... t=2.80
2460 Checking ameritrade.com ... t=0.90
2461 Checking cheatsheet.com ... t=1.26
2462 Checking bouyguestelecom.fr ... t=2.71
2463 Checking rg.ru ... t=3.31
2464 Checking thenextweb.com ... t=0.52
2465 Checking kotak.com ... t=1.32
2466 Checking spiceworks.com ... t=0.68
2467 Checking sport.pl ... t=3.34
2468 Checking intentmedia.net ... Exception: [Errno -5] No address associated with hostname
t=0.12
2469 Checking listindiario.com ... t=0.78
2470 Checking toptenreviews.com ... t=1.41
2471 Checking dix3.com ... t=1.67
2472 Checking cafemom.com ... t=1.13
2473 Checking tagesschau.de ... t=1.63
2474 Checking olx.kz ... t=1.74
2475 Checking menards.com ... t=1.28
2476 Checking brightside.me ... t=0.74
2477 Checking koreastardaily.com ... t=0.74
2478 Checking newsmax.com ... t=2.43
2479 Checking origin.com ... t=0.67
2480 Checking chooseauto.com.cn ... Exception: [Errno -5] No address associated with hostname
t=0.50
2481 Checking iloveoldschoolmusic.com ... t=0.67
2482 Checking planetminecraft.com ... t=1.29
2483 Checking trovaprezzi.it ... t=1.63
2484 Checking wmtransfer.com ... t=4.71
2485 Checking ebscohost.com ... t=6.46
2486 Checking tvnow.de ... t=2.41
2487 Checking ku6.com ... t=0.54
2488 Checking rae.es ... t=3.75
2489 Checking nhentai.net ... t=1.08
2490 Checking matomeantena.com ... t=0.53
2491 Checking frys.com ... t=0.78
2492 Checking sedty.com ... t=1.42
2493 Checking sun-gazing.com ... t=2.20
2494 Checking slrclub.com ... t=0.80
2495 Checking simpletds.net ... t=0.94
2496 Checking anipo.jp ... t=0.57
2497 Checking yourdailydish.com ... t=1.85
2498 Checking ingbank.pl ... t=3.47
2499 Checking sciencedaily.com ... t=1.34
2500 Checking king.com ... t=2.43
2501 Checking express.com.pk ... t=0.81
2502 Checking n-tv.de ... t=2.46
2503 Checking kotobank.jp ... t=0.48
2504 Checking tubepatrol.porn ... t=0.99
2505 Checking duga.jp ... t=0.40
2506 Checking recruit.co.jp ... t=0.50
2507 Checking lohaco.jp ... t=0.25
2508 Checking kroger.com ... t=1.90
2509 Checking autoblog.com ... t=1.68
2510 Checking idntimes.com ... t=0.55
2511 Checking provincial.com ... t=2.90
2512 Checking wa.gov ... t=1.83
2513 Checking google.co.ma ... t=1.53
2514 Checking almubasher.com.sa ... Exception: [Errno -5] No address associated with hostname
t=4.27
2515 Checking gleam.io ... t=1.97
2516 Checking nordstromrack.com ... t=1.34
2517 Checking pornmd.com ... t=3.43
2518 Checking rzd.ru ... t=1.23
2519 Checking jstor.org ... t=1.62
2520 Checking logmein.com ... t=2.37
2521 Checking teryez.com ... Exception: [Errno -2] Name or service not known
t=0.82
2522 Checking popularmechanics.com ... t=3.05
2523 Checking navitime.co.jp ... Exception: [Errno -5] No address associated with hostname
t=2.21
2524 Checking einfachporno.xxx ... t=1.35
2525 Checking sportbox.ru ... t=4.78
2526 Checking twitcasting.tv ... t=0.26
2527 Checking mawdoo3.com ... t=0.16
2528 Checking rougeframboise.com ... t=3.44
2529 Checking caranddriver.com ... t=0.97
2530 Checking usenet.nl ... t=4.57
2531 Checking familysearch.org ... t=1.69
2532 Checking citilink.ru ... t=3.03
2533 Checking traffichaus.com ... t=0.86
2534 Checking netdna-cdn.com ... Exception: [Errno -5] No address associated with hostname
t=0.18
2535 Checking mec.gov.br ... t=1.30
2536 Checking ivi.ru ... t=2.23
2537 Checking privalia.com ... t=0.95
2538 Checking zerohedge.com ... t=1.46
2539 Checking ehowenespanol.com ... t=0.99
2540 Checking opera.com ... t=1.35
2541 Checking cc.com ... t=1.55
2542 Checking sankakucomplex.com ... t=1.46
2543 Checking 28.com ... t=2.87
2544 Checking xoclkrvstrafms.com ... Exception: [Errno 111] Connection refused
t=0.12
2545 Checking infojobs.net ... t=4.12
2546 Checking sanjesh.org ... t=2.72
2547 Checking akhbarak.net ... t=1.39
2548 Checking gomovix.com ... t=2.71
2549 Checking successfactors.com ... t=0.64
2550 Checking spotscenered.info ... t=1.27
2551 Checking abema.tv ... t=0.15
2552 Checking sourcenext.com ... Exception: [Errno -5] No address associated with hostname
t=0.19
2553 Checking 247sports.com ... t=0.63
2554 Checking elbotola.com ... t=1.69
2555 Checking ouedkniss.com ... t=2.20
2556 Checking ae.com ... t=3.85
2557 Checking showroomprive.com ... t=3.05
2558 Checking pochta.ru ... t=4.87
2559 Checking dongtw.com ... t=0.45
2560 Checking journaldesfemmes.com ... t=1.52
2561 Checking google.com.bh ... t=0.48
2562 Checking sanspo.com ... Exception: [Errno -5] No address associated with hostname
t=0.24
2563 Checking apartmenttherapy.com ... t=0.76
2564 Checking nab.com.au ... t=0.87
2565 Checking sport.cz ... t=5.77
2566 Checking minijuegos.com ... t=1.48
2567 Checking torrentdownloads.me ... t=5.23
2568 Checking torrentmade.com ... t=1.29
2569 Checking yxdown.com ... t=3.48
2570 Checking www.nhs.uk ... t=0.24
2571 Checking walla.co.il ... t=1.46
2572 Checking apartments.com ... t=0.20
2573 Checking geektimes.ru ... t=6.40
2574 Checking megafon.ru ... Exception: ''
t=2.41
2575 Checking marksandspencer.com ... t=0.60
2576 Checking ning.com ... t=1.16
2577 Checking banquepopulaire.fr ... Exception: [Errno -5] No address associated with hostname
t=1.20
2578 Checking readthedocs.io ... t=3.86
2579 Checking legendsofhonor.com ... t=0.19
2580 Checking lamoda.ru ... t=2.01
2581 Checking kwejk.pl ... t=0.72
2582 Checking 1111.tmall.com ... t=2.20
2583 Checking daraz.pk ... t=4.12
2584 Checking plurk.com ... t=1.03
2585 Checking pornhublive.com ... t=0.64
2586 Checking homes.co.jp ... t=0.71
2587 Checking cloudservepoint.com ... t=0.75
2588 Checking zoosk.com ... t=1.63
2589 Checking indiapost.gov.in ... t=0.65
2590 Checking ccb.com.cn ... Exception: [Errno -5] No address associated with hostname
t=0.45
2591 Checking aaa.com ... t=1.66
2592 Checking centurylink.com ... t=1.72
2593 Checking domaintools.com ... t=0.54
2594 Checking olx.com.pk ... t=1.09
2595 Checking zoom.us ... t=0.57
2596 Checking sonymobile.com ... t=1.43
2597 Checking promptfile.com ... t=1.37
2598 Checking ozee.com ... t=1.57
2599 Checking elintransigente.com ... t=1.50
2600 Checking news24.com ... t=3.42
2601 Checking playground.ru ... t=3.31
2602 Checking serviporno.com ... t=1.30
2603 Checking saramin.co.kr ... t=1.30
2604 Checking ing-diba.de ... t=1.27
2605 Checking qatarairways.com ... Exception: [Errno -2] Name or service not known
t=1.45
2606 Checking ppy.sh ... t=0.83
2607 Checking arbeitsagentur.de ... t=3.81
2608 Checking artstation.com ... t=1.12
2609 Checking enews.com.tw ... t=0.27
2610 Checking techinsider.io ... t=0.96
2611 Checking seesaawiki.jp ... t=0.37
2612 Checking cyberciti.biz ... t=1.13
2613 Checking dy2018.com ... Exception: [Errno -5] No address associated with hostname
t=2.14
2614 Checking korrespondent.net ... t=1.51
2615 Checking yaraon-blog.com ... t=0.18
2616 Checking bmo.com ... t=1.64
2617 Checking dikaiologitika.gr ... t=2.15
2618 Checking 189.cn ... t=2.32
2619 Checking fssnet.co.in ... Exception: [Errno -5] No address associated with hostname
t=127.92
2620 Checking drupal.org ... t=2.18
2621 Checking chomikuj.pl ... t=1.56
2622 Checking usda.gov ... t=1.35
2623 Checking standardchartered.com ... t=0.63
2624 Checking leroymerlin.fr ... t=1.90
2625 Checking caffeinamagazine.it ... t=2.77
2626 Checking mydomainadvisor.com ... t=3.61
2627 Checking puu.sh ... t=0.28
2628 Checking timesjobs.com ... t=1.79
2629 Checking 1varzesh.com ... t=1.48
2630 Checking onlymyhealth.com ... t=1.66
2631 Checking scrapee.net ... t=4.59
2632 Checking buienradar.nl ... t=3.87
2633 Checking 4tube.com ... t=0.95
2634 Checking bhg.com ... t=1.48
2635 Checking mercadolibre.com ... t=1.70
2636 Checking boc.cn ... Exception: [Errno -5] No address associated with hostname
t=1.87
2637 Checking superjob.ru ... t=5.03
2638 Checking clubic.com ... t=1.84
2639 Checking turnitin.com ... t=0.34
2640 Checking templatemonster.com ... t=1.17
2641 Checking bonprix.de ... t=2.20
2642 Checking eporner.com ... t=2.01
2643 Checking acer.com ... t=1.11
2644 Checking dantri.com.vn ... t=0.69
2645 Checking baimao.com ... t=1.58
2646 Checking seek.com.au ... t=1.92
2647 Checking cox.com ... t=2.43
2648 Checking ntdtv.com ... t=0.15
2649 Checking megapopads.com ... t=0.83
2650 Checking nationwide.co.uk ... t=3.44
2651 Checking alwakeelnews.com ... t=4.45
2652 Checking larousse.fr ... t=0.97
2653 Checking regnum.ru ... t=3.27
2654 Checking redichat.com ... t=1.51
2655 Checking ems.com.cn ... t=0.21
2656 Checking pojoksatu.id ... t=0.46
2657 Checking manta.com ... t=0.64
2658 Checking spzan.com ... Exception: [Errno -5] No address associated with hostname
t=0.45
2659 Checking todoist.com ... t=0.52
2660 Checking hltv.org ... t=1.53
2661 Checking bulbagarden.net ... t=0.57
2662 Checking standardbank.co.za ... t=4.57
2663 Checking kalerkantho.com ... t=1.72
2664 Checking epicurious.com ... t=0.96
2665 Checking filgoal.com ... t=3.24
2666 Checking i.ua ... t=2.76
2667 Checking betradar.com ... t=4.90
2668 Checking meduza.io ... t=2.33
2669 Checking 365jia.cn ... t=0.23
2670 Checking wikibooks.org ... t=2.65
2671 Checking oneplus.net ... t=3.92
2672 Checking nesn.com ... t=0.44
2673 Checking smv.to ... t=0.69
2674 Checking gazzetta.gr ... t=2.79
2675 Checking hani.co.kr ... t=0.40
2676 Checking skrill.com ... t=2.85
2677 Checking pps.tv ... t=0.50
2678 Checking rimanews.com ... t=0.27
2679 Checking nowvideo.sx ... t=3.09
2680 Checking uploadboy.com ... t=0.99
2681 Checking turkiye.gov.tr ... t=4.81
2682 Checking tribune.com.pk ... t=2.10
2683 Checking mercola.com ... t=1.77
2684 Checking cheapoair.com ... t=3.03
2685 Checking xvideo-jp.com ... Exception: [Errno 110] Connection timed out
t=127.31
2686 Checking rt.ru ... t=3.13
2687 Checking static1.squarespace.com ... t=0.54
2688 Checking phimmoi.net ... t=0.81
2689 Checking landsend.com ... t=1.27
2690 Checking gelocal.it ... t=1.46
2691 Checking yify-torrent.org ... t=1.71
2692 Checking dailythanthi.com ... t=2.13
2693 Checking fromdoctopdf.com ... t=1.92
2694 Checking zimbra.free.fr ... t=2.12
2695 Checking moneysavingexpert.com ... t=1.91
2696 Checking khan.co.kr ... t=0.71
2697 Checking graphicriver.net ... t=1.15
2698 Checking anetwork.ir ... t=3.57
2699 Checking blic.rs ... t=3.26
2700 Checking fixmymacos.com ... t=0.71
2701 Checking boardgamegeek.com ... t=0.40
2702 Checking bigfile.to ... t=3.55
2703 Checking gilt.com ... t=1.43
2704 Checking blockchain.info ... t=1.27
2705 Checking adnxs.com ... Exception: [Errno -5] No address associated with hostname
t=0.49
2706 Checking ponparemall.com ... t=0.55
2707 Checking linguee.fr ... t=1.37
2708 Checking viva.co.id ... t=0.92
2709 Checking wisc.edu ... t=1.31
2710 Checking ixbt.com ... t=3.00
2711 Checking elcorteingles.es ... t=3.86
2712 Checking lajmi.net ... t=0.75
2713 Checking emuparadise.me ... t=0.58
2714 Checking signupgenius.com ... t=1.56
2715 Checking newmovie-hd.com ... t=2.70
2716 Checking asda.com ... t=0.86
2717 Checking trustedreviews.com ... t=1.07
2718 Checking sportskeeda.com ... t=2.80
2719 Checking johnlewis.com ... t=2.24
2720 Checking proboards.com ... t=1.78
2721 Checking paraloscuriosos.com ... t=3.18
2722 Checking payumoney.com ... t=1.25
2723 Checking rackcdn.com ... Exception: [Errno -5] No address associated with hostname
t=0.59
2724 Checking nalog.ru ... t=8.12
2725 Checking dxy.cn ... t=0.76
2726 Checking laposte.fr ... t=3.50
2727 Checking vcommission.com ... t=1.21
2728 Checking akairan.com ... t=0.99
2729 Checking allmyvideos.net ... t=1.36
2730 Checking moviepilot.com ... t=0.73
2731 Checking accenture.com ... t=3.24
2732 Checking mediamarkt.de ... t=1.97
2733 Checking google.com.mm ... t=1.06
2734 Checking obdesign.com.tw ... Exception: [Errno -5] No address associated with hostname
t=0.06
2735 Checking tutu.ru ... t=2.41
2736 Checking mpc.am ... t=1.13
2737 Checking business-standard.com ... t=1.26
2738 Checking intellicast.com ... t=1.91
2739 Checking ssl-images-amazon.com ... Exception: [Errno -5] No address associated with hostname
t=0.09
2740 Checking dagbladet.no ... t=1.99
2741 Checking islamweb.net ... Exception: [Errno -2] Name or service not known
t=0.55
2742 Checking du.ac.in ... Exception: ''
t=160.43
2743 Checking cnyes.com ... t=0.09
2744 Checking eleconomista.es ... t=1.37
2745 Checking tass.ru ... t=2.47
2746 Checking literotica.com ... t=1.17
2747 Checking holiday-weather.com ... t=1.61
2748 Checking dreevee.com ... t=0.15
2749 Checking hinet.net ... Exception: [Errno -5] No address associated with hostname
t=0.02
2750 Checking soccerway.com ... t=2.12
2751 Checking kshowonline.com ... t=1.08
2752 Checking money.pl ... t=2.52
2753 Checking ifttt.com ... t=1.60
2754 Checking phoenixads.co.in ... t=1.20
2755 Checking smbc.co.jp ... Exception: [Errno -5] No address associated with hostname
t=0.15
2756 Checking dnsrsearch.com ... Exception: [Errno -5] No address associated with hostname
t=1.04
2757 Checking coursehero.com ... t=1.24
2758 Checking leadpages.co ... t=2.05
2759 Checking espeedcheck.com ... t=1.36
2760 Checking hkgolden.com ... t=0.48
2761 Checking toyota.jp ... t=0.23
2762 Checking rus.ec ... t=15.40
2763 Checking cloob.com ... t=2.63
2764 Checking tv8.com.tr ... t=2.44
2765 Checking desjardins.com ... t=2.34
2766 Checking ab4hr.com ... t=0.69
2767 Checking atmarkit.co.jp ... t=0.41
2768 Checking lodynet.com ... t=1.57
2769 Checking thomsonreuters.com ... t=1.35
2770 Checking monsterindia.com ... t=2.37
2771 Checking encuentra24.com ... t=1.48
2772 Checking zopim.com ... t=2.36
2773 Checking bravotube.net ... t=2.20
2774 Checking tpsl-india.in ... Exception: [Errno 110] Connection timed out
t=127.66
2775 Checking inquisitr.com ... t=2.47
2776 Checking masutabe.info ... t=0.76
2777 Checking blogos.com ... t=0.20
2778 Checking sbrf.ru ... t=3.44
2779 Checking thepornsurvey.com ... t=1.91
2780 Checking finalfantasyxiv.com ... t=0.65
2781 Checking googledrive.com ... t=2.45
2782 Checking pc6.com ... t=1.49
2783 Checking codeplex.com ... t=1.05
2784 Checking snapchat.com ... t=0.55
2785 Checking spokeo.com ... t=0.98
2786 Checking yle.fi ... t=0.70
2787 Checking hirufm.lk ... t=3.37
2788 Checking dotabuff.com ... t=0.87
2789 Checking mysearch.com ... t=1.35
2790 Checking netpnb.com ... t=5.37
2791 Checking harborfreight.com ... t=1.15
2792 Checking thingiverse.com ... t=1.35
2793 Checking espnfc.com ... t=1.34
2794 Checking namethatporn.com ... t=0.47
2795 Checking webtoons.com ... t=0.96
2796 Checking farfetch.com ... t=1.69
2797 Checking fynsy.com ... t=1.02
2798 Checking pcpartpicker.com ... t=0.63
2799 Checking bfmtv.com ... t=1.98
2800 Checking intesasanpaolo.com ... t=3.65
2801 Checking nos.nl ... Warning: Redirect exceed limit
t=13.62
2802 Checking soy502.com ... t=7.26
2803 Checking un.org ... t=2.75
2804 Checking datafile.com ... t=1.65
2805 Checking omegle.com ... t=0.79
2806 Checking columbia.edu ... t=1.16
2807 Checking service-public.fr ... t=3.09
2808 Checking bookingbuddy.com ... t=2.06
2809 Checking oxforddictionaries.com ... t=1.21
2810 Checking opensooq.com ... t=10.10
2811 Checking google.am ... t=1.28
2812 Checking betfair.com ... t=2.94
2813 Checking incisozluk.com.tr ... t=0.93
2814 Checking carmencitta.me ... t=2.80
2815 Checking priceminister.com ... t=4.28
2816 Checking techrepublic.com ... t=2.01
2817 Checking francetvinfo.fr ... t=2.25
2818 Checking glassdoor.co.in ... t=3.01
2819 Checking wapka.mobi ... t=1.66
2820 Checking viki.com ... t=0.89
2821 Checking payscale.com ... t=1.47
2822 Checking tamin.ir ... t=5.13
2823 Checking digitalmacaronni.com ... Exception: [Errno -2] Name or service not known
t=0.47
2824 Checking couchsurfing.com ... t=1.88
2825 Checking news18.com ... t=2.26
2826 Checking bankia.es ... t=4.31
2827 Checking marinetraffic.com ... t=1.28
2828 Checking estadao.com.br ... t=0.68
2829 Checking who.int ... t=4.63
2830 Checking index.hr ... t=1.10
2831 Checking statefarm.com ... t=133.08
2832 Checking videolan.org ... t=2.05
2833 Checking a-q-f.com ... Exception: [Errno -5] No address associated with hostname
t=0.67
2834 Checking acttv.in ... t=1.00
2835 Checking toranoana.jp ... Exception: [Errno -5] No address associated with hostname
t=0.48
2836 Checking ipsosinteractive.com ... Exception: [Errno 110] Connection timed out
t=128.06
2837 Checking nsw.gov.au ... t=2.57
2838 Checking saavn.com ... t=0.70
2839 Checking bitrix24.ru ... t=5.50
2840 Checking livechatinc.com ... t=2.98
2841 Checking largehdtube.com ... t=2.40
2842 Checking ttmeiju.com ... t=0.44
2843 Checking ameli.fr ... t=2.25
2844 Checking feebee.com.tw ... t=0.15
2845 Checking boxofficemojo.com ... t=1.23
2846 Checking pelispedia.tv ... t=0.63
2847 Checking grabon.in ... t=0.61
2848 Checking forexfactory.com ... t=0.93
2849 Checking yifysubtitles.com ... t=1.69
2850 Checking natwest.com ... t=3.31
2851 Checking newsru.com ... t=1.37
2852 Checking skidrowreloaded.com ... t=1.57
2853 Checking chegg.com ... t=0.97
2854 Checking fineco.it ... t=5.44
2855 Checking gasengi.com ... t=0.99
2856 Checking research-panel.jp ... t=0.52
2857 Checking fatwallet.com ... t=1.48
2858 Checking fakt.pl ... t=2.49
2859 Checking icbc.com.cn ... t=2.50
2860 Checking vic.gov.au ... t=1.57
2861 Checking google.com.ni ... t=0.73
2862 Checking minube.com ... t=1.91
2863 Checking gravatar.com ... t=0.83
2864 Checking origo.hu ... t=4.77
2865 Checking bancomer.com ... t=7.26
2866 Checking what-character-are-you.com ... t=0.74
2867 Checking champion.gg ... t=0.20
2868 Checking lastpass.com ... t=1.04
2869 Checking 07073.com ... t=2.88
2870 Checking google.com.qa ... t=0.68
2871 Checking linktender.net ... t=0.43
2872 Checking vulture.com ... t=1.32
2873 Checking tune.pk ... t=0.84
2874 Checking tnt-online.ru ... t=1.03
2875 Checking mysurvey.com ... t=1.69
2876 Checking tmall.hk ... Exception: [Errno 110] Connection timed out
t=509.20
2877 Checking sport24.gr ... t=3.64
2878 Checking udacity.com ... t=1.77
2879 Checking jpnn.com ... t=1.37
2880 Checking ultipro.com ... t=1.07
2881 Checking theonion.com ... t=1.33
2882 Checking actcorp.in ... t=0.74
2883 Checking cardekho.com ... t=2.28
2884 Checking kanald.com.tr ... t=11.17
2885 Checking younow.com ... t=2.89
2886 Checking pearsoncmg.com ... t=0.93
2887 Checking armorgames.com ... t=0.54
2888 Checking uloz.to ... t=3.36
2889 Checking nacion.com ... t=1.66
2890 Checking lifehacker.ru ... t=2.04
2891 Checking swedbank.se ... t=4.16
2892 Checking ibtimes.com ... t=1.18
2893 Checking results-nic.in ... t=0.90
2894 Checking mk.co.kr ... t=0.22
2895 Checking yoox.com ... t=6.57
2896 Checking gnula.nu ... t=1.10
2897 Checking torrentunblock.com ... t=2.31
2898 Checking tripadvisor.de ... t=1.30
2899 Checking lloydsbank.com ... t=4.32
2900 Checking dx.com ... t=1.13
2901 Checking vanguardngr.com ... t=1.05
2902 Checking lofter.com ... Exception: ''
t=0.23
2903 Checking inoreader.com ... t=1.72
2904 Checking ggpht.com ... Exception: [Errno -5] No address associated with hostname
t=0.12
2905 Checking woman.ru ... t=5.21
2906 Checking similarweb.com ... t=2.51
2907 Checking tvline.com ... t=0.30
2908 Checking google.com.cy ... t=0.87
2909 Checking eltiempo.com ... t=2.52
2910 Checking xsrv.jp ... t=0.23
2911 Checking filmix.net ... t=1.28
2912 Checking esporte.uol.com.br ... t=1.78
2913 Checking springfile.org ... t=1.25
2914 Checking babbel.com ... t=4.94
2915 Checking mercantilbanco.com ... Exception: [Errno -5] No address associated with hostname
t=1.04
2916 Checking huffingtonpost.jp ... t=1.57
2917 Checking zeroredirect11.com ... t=0.66
2918 Checking williamhill.com ... t=1.20
2919 Checking boursorama.com ... t=3.97
2920 Checking metrotvnews.com ... t=2.13
2921 Checking wolframalpha.com ... t=2.22
2922 Checking sli.mg ... t=0.48
2923 Checking on.cc ... t=0.21
2924 Checking ubuntuforums.org ... t=1.06
2925 Checking webs.com ... t=0.71
2926 Checking skyrock.com ... t=0.91
2927 Checking popupads.ir ... t=1.93
2928 Checking e1.ru ... t=3.32
2929 Checking rincondelvago.com ... t=2.17
2930 Checking infowars.com ... t=1.38
2931 Checking livestream.com ... t=0.36
2932 Checking hatenablog.jp ... t=0.85
2933 Checking utexas.edu ... t=1.62
2934 Checking eroprofile.com ... t=1.82
2935 Checking afreecatv.com ... t=0.34
2936 Checking dizibox.com ... t=1.52
2937 Checking startimes.com ... t=1.22
2938 Checking incruit.com ... t=1.27
2939 Checking hln.be ... t=0.96
2940 Checking hollywoodlife.com ... t=0.35
2941 Checking menshealth.com ... t=3.50
2942 Checking clickfunnels.com ... t=1.31
2943 Checking omgpm.com ... t=2.95
2944 Checking ubi.com ... t=2.37
2945 Checking javpop.com ... t=1.42
2946 Checking realtor.ca ... t=5.18
2947 Checking scoop.it ... t=1.49
2948 Checking fiuxy.net ... t=2.02
2949 Checking creditonebank.com ... t=2.29
2950 Checking bluestacks.com ... t=0.80
2951 Checking zapmeta.co.in ... t=1.70
2952 Checking dmzj.com ... t=1.75
2953 Checking qzone.cc ... t=4.48
2954 Checking bidvertiser.com ... t=1.05
2955 Checking jcb.co.jp ... Exception: [Errno -5] No address associated with hostname
t=0.24
2956 Checking ifixit.com ... t=2.20
2957 Checking pulzo.com ... t=2.13
2958 Checking pons.com ... t=3.11
2959 Checking alquds.co.uk ... t=1.32
2960 Checking q.gs ... t=0.54
2961 Checking mabanque.bnpparibas ... t=3.48
2962 Checking casasbahia.com.br ... t=1.33
2963 Checking yimg.com ... t=0.66
2964 Checking jorudan.co.jp ... t=0.15
2965 Checking hellogiggles.com ... t=0.79
2966 Checking dinamalar.com ... t=1.15
2967 Checking furaffinity.net ... t=1.59
2968 Checking trivago.com ... Exception: [Errno -2] Name or service not known
t=2.18
2969 Checking dnb.no ... t=2.32
2970 Checking emag.ro ... t=5.80
2971 Checking jianshu.com ... t=2.83
2972 Checking ipeen.com.tw ... t=1.48
2973 Checking yes24.com ... t=0.89
2974 Checking popunderclick.com ... t=0.77
2975 Checking uwants.com ... t=0.31
2976 Checking mnrate.com ... t=0.30
2977 Checking lidl.de ... t=1.60
2978 Checking ismedia.jp ... t=1.38
2979 Checking ally.com ... t=1.58
2980 Checking qoo10.sg ... t=0.53
2981 Checking redhat.com ... t=3.21
2982 Checking expressen.se ... t=2.48
2983 Checking jkforum.net ... Exception: [Errno -2] Name or service not known
t=1.10
2984 Checking banamex.com ... t=1.10
2985 Checking promocodeclub.com ... t=0.12
2986 Checking eurosport.fr ... t=1.13
2987 Checking bostonglobe.com ... t=0.69
2988 Checking tinypic.com ... t=0.49
2989 Checking doktortakvimi.com ... t=3.82
2990 Checking quanmin.tv ... t=0.62
2991 Checking sznews.com ... t=0.36
2992 Checking vanityfair.com ... t=0.77
2993 Checking michaels.com ... t=1.67
2994 Checking dorkly.com ... t=0.91
2995 Checking tcs.com ... t=1.11
2996 Checking segundamano.mx ... t=0.57
2997 Checking noticias.uol.com.br ... t=1.99
2998 Checking kinozal.tv ... t=0.79
2999 Checking eltiempo.es ... t=2.87
3000 Checking mamba.ru ... t=2.56
