3001 Checking thebuzztube.com ... t=0.49
3002 Checking optimum.net ... t=2.66
3003 Checking riotgames.com ... t=0.50
3004 Checking nullrefer.com ... t=0.52
3005 Checking lumosity.com ... t=4.82
3006 Checking banamex.com.mx ... t=0.59
3007 Checking jang.com.pk ... t=0.98
3008 Checking vogue.com.tw ... t=1.64
3009 Checking csod.com ... t=2.41
3010 Checking potterybarn.com ... t=2.50
3011 Checking who.is ... t=1.85
3012 Checking zakzak.co.jp ... t=0.37
3013 Checking espnfc.us ... t=1.18
3014 Checking twipple.jp ... t=0.25
3015 Checking xl.pt ... t=2.03
3016 Checking dailycaller.com ... t=0.43
3017 Checking moneyforward.com ... t=0.68
3018 Checking immowelt.de ... t=3.03
3019 Checking kissasian.com ... t=0.02
3020 Checking acs.org ... t=4.17
3021 Checking pravda.com.ua ... t=3.16
3022 Checking mk.ru ... t=1.67
3023 Checking centrum24.pl ... t=3.02
3024 Checking teespring.com ... t=1.99
3025 Checking travelchannel.com ... t=0.60
3026 Checking absa.co.za ... t=2.36
3027 Checking secondlife.com ... t=0.56
3028 Checking anjuke.com ... t=2.47
3029 Checking enstage.com ... t=0.71
3030 Checking deref-gmx.net ... t=2.27
3031 Checking zamunda.net ... Exception: [Errno 110] Connection timed out
t=127.40
3032 Checking heureka.cz ... t=1.42
3033 Checking giga.de ... t=2.37
3034 Checking ctitv.com.tw ... Exception: [Errno -5] No address associated with hostname
t=0.03
3035 Checking sammobile.com ... t=2.08
3036 Checking creativebloq.com ... t=1.96
3037 Checking avenues.info ... t=0.50
3038 Checking 53.com ... t=1.74
3039 Checking magicbricks.com ... t=1.24
3040 Checking duden.de ... t=1.96
3041 Checking tdscpc.gov.in ... t=1.56
3042 Checking vodafone.de ... t=1.97
3043 Checking gfan.com ... t=1.68
3044 Checking extra.com.br ... t=0.28
3045 Checking governmentjobs.com ... t=1.57
3046 Checking flightaware.com ... t=1.10
3047 Checking nwolb.com ... t=6.12
3048 Checking login.tmall.com ... t=2.34
3049 Checking hitomi.la ... t=0.02
3050 Checking blogmura.com ... t=0.37
3051 Checking dramafever.com ... t=1.18
3052 Checking collegeboard.org ... t=1.04
3053 Checking tlootas.org ... t=1.08
3054 Checking dmkt-sp.jp ... Exception: [Errno -5] No address associated with hostname
t=0.14
3055 Checking upworthy.com ... t=0.89
3056 Checking kijiji.it ... t=1.45
3057 Checking google.lu ... t=0.27
3058 Checking fotor.com ... t=0.56
3059 Checking radaronline.com ... t=0.47
3060 Checking perezhilton.com ... t=0.89
3061 Checking google.com.py ... t=1.09
3062 Checking mathrubhumi.com ... t=12.04
3063 Checking xxxtubedot.com ... t=0.33
3064 Checking huffingtonpost.kr ... t=1.11
3065 Checking mheducation.com ... t=1.18
3066 Checking jagranjosh.com ... t=0.58
3067 Checking playbuzz.com ... t=0.90
3068 Checking hugedomains.com ... t=0.38
3069 Checking slashdot.org ... t=1.70
3070 Checking webgozar.com ... t=0.52
3071 Checking bigcartel.com ... t=1.04
3072 Checking immobiliare.it ... t=2.01
3073 Checking thomann.de ... t=2.23
3074 Checking digitalprivacyalert.org ... t=1.12
3075 Checking po.st ... t=1.10
3076 Checking beingindian.com ... t=0.17
3077 Checking seriouseats.com ... t=1.00
3078 Checking tzarmedia.com ... t=1.68
3079 Checking conduit.com ... t=0.43
3080 Checking xueqiu.com ... t=0.40
3081 Checking boredomtherapy.com ... t=0.03
3082 Checking level3.com ... t=2.58
3083 Checking newgrounds.com ... t=1.17
3084 Checking vidio.com ... t=1.13
3085 Checking farfesh.com ... t=3.26
3086 Checking 204.12.226.68 ... t=0.68
3087 Checking olx.com.eg ... t=2.25
3088 Checking getresponse.com ... t=2.58
3089 Checking watchformytechstuff.com ... t=0.54
3090 Checking finishline.com ... t=0.25
3091 Checking boston.com ... t=1.10
3092 Checking apytrc.com ... t=0.85
3093 Checking mt.co.kr ... t=0.17
3094 Checking torrenthound.com ... t=1.36
3095 Checking abola.pt ... t=1.15
3096 Checking voonik.com ... t=6.19
3097 Checking bancodevenezuela.com ... t=2.14
3098 Checking turkishairlines.com ... Exception: timed out
t=180.84
3099 Checking inep.gov.br ... t=2.14
3100 Checking venturead.com ... t=0.53
3101 Checking tchibo.de ... t=1.63
3102 Checking bd24live.com ... t=0.73
3103 Checking vtb24.ru ... t=7.17
3104 Checking wenxuecity.com ... t=1.15
3105 Checking angularjs.org ... t=1.35
3106 Checking bioyun.com ... t=1.22
3107 Checking aranzulla.it ... t=1.61
3108 Checking laughy.jp ... t=0.19
3109 Checking aljazeera.com ... t=0.92
3110 Checking pornerbros.com ... t=0.03
3111 Checking zapmeta.ws ... t=1.89
3112 Checking filmaffinity.com ... t=2.97
3113 Checking ixl.com ... t=0.96
3114 Checking sony.com ... t=0.20
3115 Checking hometalk.com ... t=1.08
3116 Checking dkb.de ... t=4.64
3117 Checking gamejolt.com ... t=0.46
3118 Checking allkpop.com ... t=0.73
3119 Checking health.com ... t=0.88
3120 Checking mthai.com ... t=0.59
3121 Checking wikimapia.org ... t=0.52
3122 Checking scol.com.cn ... t=0.22
3123 Checking lankasri.com ... t=1.64
3124 Checking sport-fm.gr ... Exception: [Errno -5] No address associated with hostname
t=1.33
3125 Checking with2.net ... t=0.16
3126 Checking mapion.co.jp ... t=0.37
3127 Checking blkget5.com ... t=1.66
3128 Checking japannetbank.co.jp ... Exception: [Errno -5] No address associated with hostname
t=0.21
3129 Checking funshopfun.com ... Exception: [Errno -2] Name or service not known
t=1.15
3130 Checking buffer.com ... t=1.71
3131 Checking scholastic.com ... t=1.65
3132 Checking umn.edu ... t=22149.34
3133 Checking shinobi.jp ... t=0.52
3134 Checking expansion.com ... t=1.33
3135 Checking comicbook.com ... t=0.43
3136 Checking tvtropes.org ... t=0.55
3137 Checking ekstrabladet.dk ... t=1.11
3138 Checking askmebazaar.com ... t=0.96
3139 Checking anandabazar.com ... t=0.85
3140 Checking pckeeper.software ... t=0.43
3141 Checking cyberforum.ru ... t=2.67
3142 Checking csfd.cz ... t=2.59
3143 Checking huffingtonpost.co.uk ... t=1.01
3144 Checking prizegrab.com ... t=0.52
3145 Checking downloadha.com ... t=2.76
3146 Checking sagepub.com ... Exception: [SSL: CERTIFICATE_VERIFY_FAILED] certificate verify failed (_ssl.c:590)
t=1.73
3147 Checking joyme.com ... t=0.63
3148 Checking amazon.com.mx ... t=2.39
3149 Checking tripadvisor.ru ... t=1.28
3150 Checking telekom.de ... t=3.46
3151 Checking mango.com ... t=1.03
3152 Checking trafficfactory.biz ... t=1.81
3153 Checking thoughtcatalog.com ... t=0.42
3154 Checking adidas.com ... Exception: timed out
t=181.34
3155 Checking distractify.com ... t=0.45
3156 Checking warning.or.kr ... t=0.27
3157 Checking bloomingdales.com ... t=0.52
3158 Checking supaads.com ... t=0.70
3159 Checking aglasem.com ... t=0.35
3160 Checking rstyle.me ... t=1.91
3161 Checking bluewin.ch ... t=6.99
3162 Checking vz.ru ... t=1.81
3163 Checking citibank.com ... t=1.27
3164 Checking rawstory.com ... t=0.91
3165 Checking collegehumor.com ... t=0.93
3166 Checking banki.ru ... t=2.44
3167 Checking javfor.me ... t=0.46
3168 Checking allmusic.com ... t=1.32
3169 Checking dumpert.nl ... t=1.93
3170 Checking sagawa-exp.co.jp ... Exception: [Errno -5] No address associated with hostname
t=0.18
3171 Checking sabay.com.kh ... t=0.40
3172 Checking lowyat.net ... t=0.44
3173 Checking zap2it.com ... t=0.33
3174 Checking kar.nic.in ... Exception: [Errno 110] Connection timed out
t=127.48
3175 Checking jetstar.com ... t=0.49
3176 Checking llbean.com ... t=2.14
3177 Checking mangastream.com ... t=0.42
3178 Checking ya.ru ... t=2.86
3179 Checking kugou.com ... t=0.45
3180 Checking sme.sk ... t=3.28
3181 Checking bakufu.jp ... t=0.12
3182 Checking 39yst.com ... t=1.05
3183 Checking grubhub.com ... t=2.61
3184 Checking neteller.com ... Warning: Redirect exceed limit
t=32.88
3185 Checking clicrbs.com.br ... t=2.46
3186 Checking farpost.ru ... t=1.80
3187 Checking scottrade.com ... t=2.88
3188 Checking centurylink.net ... t=0.95
3189 Checking downloadastro.com ... t=0.95
3190 Checking deadline.com ... t=0.43
3191 Checking arduino.cc ... t=1.96
3192 Checking nyu.edu ... t=1.64
3193 Checking sarayanews.com ... t=0.98
3194 Checking upsconline.nic.in ... t=0.61
3195 Checking privat24.ua ... t=2.91
3196 Checking powvideo.net ... t=0.78
3197 Checking dreamfilmhd.bz ... t=0.81
3198 Checking marumaru.in ... t=0.47
3199 Checking light-dark.net ... t=1.28
3200 Checking laredoute.fr ... t=1.57
3201 Checking mlsmatrix.com ... Exception: [Errno -5] No address associated with hostname
t=0.07
3202 Checking skyscrapercity.com ... t=2.10
3203 Checking thestorypedia.com ... t=0.47
3204 Checking mercadolibre.com.co ... t=1.90
3205 Checking ssg.com ... t=0.54
3206 Checking fast.com ... t=0.19
3207 Checking sierratradingpost.com ... t=0.86
3208 Checking isohunt.to ... t=2.45
3209 Checking bgr.com ... t=1.05
3210 Checking xb11766.com ... t=0.37
3211 Checking verywell.com ... t=1.69
3212 Checking talktalk.co.uk ... t=10.14
3213 Checking gpoint.co.jp ... Exception: [Errno 110] Connection timed out
t=128.10
3214 Checking mamaclub.com ... t=0.19
3215 Checking alitrip.com ... t=2.19
3216 Checking iefimerida.gr ... t=2.50
3217 Checking wondershare.com ... t=0.55
3218 Checking westeros.org ... t=0.47
3219 Checking yahoo.net ... t=0.93
3220 Checking ucdavis.edu ... t=1.48
3221 Checking lufthansa.com ... t=1.63
3222 Checking pop-music.ir ... t=1.47
3223 Checking librus.pl ... t=3.89
3224 Checking stardoll.com ... t=2.98
3225 Checking traidnt.net ... t=2.87
3226 Checking hyatt.com ... t=1.42
3227 Checking santandernet.com.br ... Exception: [Errno -5] No address associated with hostname
t=0.32
3228 Checking netbk.co.jp ... Exception: [Errno -5] No address associated with hostname
t=0.15
3229 Checking wimp.com ... t=1.33
3230 Checking asiae.co.kr ... t=0.19
3231 Checking linguee.de ... t=1.22
3232 Checking onclicktop.com ... t=0.49
3233 Checking porndoe.com ... t=0.60
3234 Checking latam.com ... t=0.80
3235 Checking dubizzle.com ... t=4.57
3236 Checking lockerdome.com ... t=0.46
3237 Checking hongkiat.com ... t=1.60
3238 Checking sf-express.com ... Exception: [Errno 110] Connection timed out
t=127.35
3239 Checking bdnews24.com ... t=0.22
3240 Checking direct.gov.uk ... t=2.08
3241 Checking oxfordjournals.org ... t=1.35
3242 Checking doctissimo.fr ... t=3.41
3243 Checking mudah.my ... t=0.60
3244 Checking trafficmonsoon.com ... t=1.75
3245 Checking dilidili.com ... t=0.31
3246 Checking r7.com ... t=0.84
3247 Checking shmoop.com ... t=1.12
3248 Checking hayneedle.com ... t=1.81
3249 Checking gizmag.com ... t=0.97
3250 Checking ink361.com ... t=0.65
3251 Checking rivals.com ... t=0.63
3252 Checking bzw315.com ... t=0.27
3253 Checking getchu.com ... t=0.87
3254 Checking 5dcar.com ... t=13.11
3255 Checking filelist.ro ... t=2.34
3256 Checking crunchbase.com ... t=4.31
3257 Checking upsocl.com ... t=3.01
3258 Checking enamad.ir ... t=2.04
3259 Checking huihui.cn ... t=0.44
3260 Checking wlp-acs.com ... Exception: [Errno -5] No address associated with hostname
t=1.32
3261 Checking punchng.com ... t=0.82
3262 Checking onlinemoviewatchs.tv ... t=1.99
3263 Checking venturebeat.com ... t=3.43
3264 Checking myfonts.com ... t=1.07
3265 Checking cn163.net ... t=0.58
3266 Checking bobibanking.com ... t=3.26
3267 Checking nj.com ... t=1.48
3268 Checking livescores.biz ... t=2.15
3269 Checking ardmediathek.de ... t=1.14
3270 Checking maplestage.com ... t=0.53
3271 Checking livetv.sx ... t=0.59
3272 Checking hi5.com ... Exception: [Errno -2] Name or service not known
t=0.52
3273 Checking fastcompany.com ... t=1.05
3274 Checking newsit.gr ... t=2.47
3275 Checking walmart.com.br ... t=2.53
3276 Checking ipage.com ... t=2.84
3277 Checking banorte.com ... t=4.25
3278 Checking sinoptik.ua ... t=3.47
3279 Checking jadsmediaflw.com ... Exception: [Errno 111] Connection refused
t=0.07
3280 Checking kickasstorrentsim.com ... t=0.97
3281 Checking tomtom.com ... t=2.52
3282 Checking kolesa.kz ... t=2.77
3283 Checking omgwhut.com ... t=0.53
3284 Checking wpengine.com ... t=2.67
3285 Checking trovi.com ... t=1.28
3286 Checking bsnl.co.in ... t=1.57
3287 Checking eater.com ... t=0.68
3288 Checking deref-web.de ... t=2.84
3289 Checking fudan.edu.cn ... Exception: [Errno 22] Invalid argument
t=1.51
3290 Checking brazzersnetwork.com ... t=0.43
3291 Checking searchlock.com ... t=1.43
3292 Checking hola.com ... t=2.61
3293 Checking eurostreaming.tv ... t=0.94
3294 Checking elegantthemes.com ... t=1.14
3295 Checking mmotraffic.com ... t=1.23
3296 Checking ntv.com.tr ... t=2.83
3297 Checking moddb.com ... t=0.80
3298 Checking gtmetrix.com ... t=2.91
3299 Checking diariodelweb.it ... t=3.93
3300 Checking centrum.cz ... Exception: [Errno 101] Network is unreachable
t=128.39
3301 Checking kommersant.ru ... t=1.59
3302 Checking next.co.uk ... t=0.80
3303 Checking someecards.com ... t=0.67
3304 Checking fraghero.com ... t=0.47
3305 Checking web.tv ... t=1.80
3306 Checking joomla.org ... t=1.76
3307 Checking theglobeandmail.com ... t=2.69
3308 Checking lexpress.fr ... t=2.59
3309 Checking santander.com.br ... t=0.97
3310 Checking marmiton.org ... t=2.74
3311 Checking tro-ma-ktiko.blogspot.gr ... t=1.05
3312 Checking angel.co ... t=2.23
3313 Checking shiftdelete.net ... t=1.19
3314 Checking livemint.com ... t=0.75
3315 Checking 8tracks.com ... t=0.47
3316 Checking pureadexchange.com ... t=0.44
3317 Checking reference.com ... t=2.13
3318 Checking govpshosting.com ... t=0.77
3319 Checking countryliving.com ... t=0.92
3320 Checking justanswer.com ... t=1.89
3321 Checking wufoo.com ... t=0.98
3322 Checking socialblade.com ... t=1.06
3323 Checking rotahaber.com ... t=3.90
3324 Checking viidii.info ... t=0.64
3325 Checking netgear.com ... t=0.40
3326 Checking anandtech.com ... t=0.80
3327 Checking amtrak.com ... t=3.13
3328 Checking meishichina.com ... t=2.34
3329 Checking alarab.com ... t=0.88
3330 Checking bigbasket.com ... t=1.31
3331 Checking bbvanet.com.mx ... Exception: [Errno -3] Temporary failure in name resolution
t=20.02
3332 Checking usembassy.gov ... t=1.43
3333 Checking mydealz.de ... t=1.60
3334 Checking homes.com ... t=4.13
3335 Checking razerzone.com ... t=0.78
3336 Checking gov.kz ... Exception: [Errno -5] No address associated with hostname
t=2.44
3337 Checking msi.com ... t=2.43
3338 Checking freshbooks.com ... t=1.62
3339 Checking hbr.org ... t=1.14
3340 Checking totaljerkface.com ... t=0.99
3341 Checking j-cast.com ... t=0.43
3342 Checking definicion.de ... t=0.59
3343 Checking watchseries.cr ... t=1.17
3344 Checking ebrun.com ... t=0.97
3345 Checking sc.com ... t=0.98
3346 Checking ad.nl ... t=0.66
3347 Checking morningstar.com ... t=1.29
3348 Checking diy.com ... t=6.75
3349 Checking sinaimg.cn ... Exception: [Errno -5] No address associated with hostname
t=0.39
3350 Checking olx.ph ... t=1.35
3351 Checking fdj.fr ... t=5.47
3352 Checking viator.com ... t=1.39
3353 Checking btime.com ... t=1.22
3354 Checking teamtreehouse.com ... t=1.80
3355 Checking syosetu.org ... t=1.10
3356 Checking minecraftskins.com ... t=0.05
3357 Checking gigacircle.com ... t=0.70
3358 Checking lacasadelcurioso.com ... t=0.87
3359 Checking hohosearch.com ... t=0.47
3360 Checking teslamotors.com ... t=1.07
3361 Checking 7k7k.com ... t=0.76
3362 Checking ideacellular.com ... t=2.07
3363 Checking upenn.edu ... Exception: [Errno -5] No address associated with hostname
t=0.88
3364 Checking shitaraba.net ... Exception: [Errno -5] No address associated with hostname
t=0.46
3365 Checking televisa.com ... t=3.41
3366 Checking cr173.com ... t=1.59
3367 Checking heavy-r.com ... t=0.65
3368 Checking illinois.edu ... t=0.91
3369 Checking demotywatory.pl ... t=0.69
3370 Checking wetalk.tw ... t=0.75
3371 Checking thestreet.com ... t=2.34
3372 Checking juntadeandalucia.es ... t=4.05
3373 Checking honda.co.jp ... Exception: [Errno -5] No address associated with hostname
t=0.37
3374 Checking aif.ru ... t=2.32
3375 Checking wizzair.com ... Exception: [Errno 110] Connection timed out
t=127.36
3376 Checking smartsheet.com ... t=2.44
3377 Checking cyol.com ... t=1.11
3378 Checking buyvip.com ... t=1.71
3379 Checking rai.tv ... t=1.47
3380 Checking shein.com ... t=0.84
3381 Checking theepochtimes.com ... t=0.17
3382 Checking stern.de ... t=2.60
3383 Checking pmang.jp ... Exception: [Errno 110] Connection timed out
t=127.37
3384 Checking caixin.com ... t=0.71
3385 Checking yourstory.com ... t=0.29
3386 Checking shopbop.com ... t=2.28
3387 Checking animeyt.tv ... t=0.67
3388 Checking 3bmeteo.com ... t=4.92
3389 Checking stuff.co.nz ... t=1.21
3390 Checking adorocinema.com ... t=2.67
3391 Checking travelzoo.com ... t=1.00
3392 Checking senejet.net ... t=1.75
3393 Checking hbo.com ... t=1.74
3394 Checking eldiario.es ... t=3.43
3395 Checking jofogas.hu ... t=3.29
3396 Checking nyc.gov ... t=3.83
3397 Checking ap.gov.in ... t=4.81
3398 Checking persiantools.com ... t=1.45
3399 Checking buzzlie.com ... t=0.80
3400 Checking manager.co.th ... t=0.32
3401 Checking sabavision.com ... t=2.59
3402 Checking inmotionhosting.com ... t=1.35
3403 Checking ashemaletube.com ... t=1.07
3404 Checking blesk.cz ... t=3.46
3405 Checking blick.ch ... t=1.20
3406 Checking alaskaair.com ... t=1.69
3407 Checking users.wix.com ... t=0.67
3408 Checking nieuwsblad.be ... t=3.60
3409 Checking freenet.de ... t=4.19
3410 Checking dawanda.com ... t=1.48
3411 Checking teacup.com ... t=0.92
3412 Checking elsalvador.com ... t=2.19
3413 Checking autozone.com ... t=1.64
3414 Checking laprensagrafica.com ... t=1.75
3415 Checking gayboystube.com ... t=0.90
3416 Checking watchtowergaming.com ... t=0.74
3417 Checking garena.com ... t=0.20
3418 Checking pudelek.pl ... t=2.98
3419 Checking dsw.com ... t=0.79
3420 Checking gmx.at ... t=2.78
3421 Checking irna.ir ... Exception: [Errno -3] Temporary failure in name resolution
t=23.15
3422 Checking diaforetiko.gr ... t=4.83
3423 Checking jjwxc.net ... t=0.55
3424 Checking 18183.com ... t=0.38
3425 Checking paheal.net ... t=0.80
3426 Checking comdirect.de ... t=2.46
3427 Checking mapsofindia.com ... t=1.29
3428 Checking seloger.com ... t=3.81
3429 Checking nsdl.com ... t=1.67
3430 Checking typeform.com ... t=3.93
3431 Checking archive.is ... t=1.26
3432 Checking sketchup.com ... t=0.96
3433 Checking ngs.ru ... t=0.89
3434 Checking csc.gov.in ... t=6.87
3435 Checking mixcloud.com ... t=30.57
3436 Checking ucsd.edu ... t=0.87
3437 Checking litv.tv ... t=0.19
3438 Checking tripadvisor.jp ... t=1.98
3439 Checking celebritypranky.com ... t=0.94
3440 Checking sbs.co.kr ... t=0.24
3441 Checking bolshoyvopros.ru ... t=4.14
3442 Checking resultados-futbol.com ... t=1.91
3443 Checking meinestadt.de ... t=3.66
3444 Checking honda.com ... t=1.21
3445 Checking rp5.ru ... t=2.39
3446 Checking bom.gov.au ... t=2.45
3447 Checking iqoption.com ... t=3.23
3448 Checking mirrorcreator.com ... t=5.68
3449 Checking pepperfry.com ... t=1.01
3450 Checking rai.it ... t=1.61
3451 Checking takealot.com ... t=1.87
3452 Checking nest.com ... t=1.34
3453 Checking popped.biz ... t=0.36
3454 Checking mixplugin.com ... t=0.99
3455 Checking intl-alliance.com ... t=1.39
3456 Checking funnyjunk.com ... t=0.42
3457 Checking taoche.com ... t=0.46
3458 Checking shabdkosh.com ... t=0.33
3459 Checking adk2x.com ... Exception: [Errno -5] No address associated with hostname
t=0.03
3460 Checking commonhealth.com.tw ... t=0.11
3461 Checking bancoestado.cl ... Exception: [Errno -5] No address associated with hostname
t=2.15
3462 Checking tureng.com ... t=2.39
3463 Checking afip.gob.ar ... t=2.28
3464 Checking royalmail.com ... t=2.45
3465 Checking cuevana2.tv ... t=2.06
3466 Checking cuny.edu ... t=1.96
3467 Checking tvrain.ru ... t=2.82
3468 Checking tv2.no ... t=3.07
3469 Checking olx.pt ... Exception: [Errno 110] Connection timed out
t=1527.66
3470 Checking keywordblocks.com ... t=0.49
3471 Checking carmax.com ... t=3.06
3472 Checking teamliquid.net ... t=1.54
3473 Checking raspberrypi.org ... t=2.94
3474 Checking transaccionesbancolombia.com ... Exception: [Errno -5] No address associated with hostname
t=0.49
3475 Checking knowable.com ... t=0.58
3476 Checking forumfree.it ... t=2.46
3477 Checking freemail.hu ... t=1.30
3478 Checking craftsy.com ... t=0.94
3479 Checking anthropologie.com ... t=1.93
3480 Checking mensxp.com ... t=4.07
3481 Checking strawpoll.me ... Warning: Redirect exceed limit
t=7.41
3482 Checking tupaki.com ... t=1.72
3483 Checking modcloth.com ... t=1.30
3484 Checking careers360.com ... t=0.43
3485 Checking emgn.com ... t=0.15
3486 Checking musichostnetwork.com ... t=16.48
3487 Checking questionablecontent.net ... t=0.47
3488 Checking spotlight-media.jp ... t=0.10
3489 Checking 91mobiles.com ... t=1.51
3490 Checking banesco.com ... Exception: [Errno -5] No address associated with hostname
t=1.67
3491 Checking pikore.com ... t=1.48
3492 Checking washingtontimes.com ... t=0.99
3493 Checking idbibank.co.in ... Exception: [Errno 110] Connection timed out
t=127.74
3494 Checking ucoz.com ... t=1.68
3495 Checking mydocomo.com ... Exception: [Errno -5] No address associated with hostname
t=0.30
3496 Checking ibtimes.co.in ... t=2.64
3497 Checking livescience.com ... t=1.07
3498 Checking panasonic.com ... t=0.74
3499 Checking tamilgun.com ... t=0.63
3500 Checking pixhost.org ... t=1.50
3501 Checking triviatoday.com ... t=1.93
3502 Checking britishcouncil.org ... t=0.83
3503 Checking zemtv.com ... t=0.11
3504 Checking zoominfo.com ... t=0.93
3505 Checking agame.com ... t=1.57
3506 Checking monex.co.jp ... Exception: [Errno -5] No address associated with hostname
t=0.25
3507 Checking instantprivacyalert.com ... t=1.41
3508 Checking divyabhaskar.co.in ... t=2.26
3509 Checking fanpage.it ... t=2.36
3510 Checking dr.dk ... t=6.06
3511 Checking everydayhealth.com ... t=0.93
3512 Checking google.tt ... t=0.71
3513 Checking nseindia.com ... t=0.09
3514 Checking military38.com ... t=0.44
3515 Checking adfoc.us ... t=0.48
3516 Checking blackberry.com ... t=1.32
3517 Checking tecmundo.com.br ... t=0.98
3518 Checking balkanweb.com ... t=6.23
3519 Checking wine-searcher.com ... t=1.43
3520 Checking 121ware.com ... t=1.64
3521 Checking t-nation.com ... t=2.19
3522 Checking ole.com.ar ... t=2.74
3523 Checking canalrcn.com ... t=3.01
3524 Checking denizhaber.com.tr ... t=2.99
3525 Checking aizhan.com ... t=1.76
3526 Checking email.cz ... t=5.72
3527 Checking google.ge ... t=1.63
3528 Checking soltana.ma ... t=2.57
3529 Checking bseindia.com ... t=1.72
3530 Checking whatculture.com ... t=0.60
3531 Checking smartprix.com ... t=1.34
3532 Checking bazos.sk ... t=7.27
3533 Checking channel4.com ... t=1.45
3534 Checking fullhdfilmizlesene.org ... t=1.78
3535 Checking symantec.com ... t=0.84
3536 Checking cybozu.com ... t=0.75
3537 Checking blkget8.com ... t=1.02
3538 Checking bola.com ... t=0.61
3539 Checking sport-express.ru ... t=10.85
3540 Checking aktualne.cz ... Exception: [Errno 101] Network is unreachable
t=128.53
3541 Checking tinkoff.ru ... t=2.75
3542 Checking frontier.com ... t=2.97
3543 Checking iminent.com ... t=1.77
3544 Checking worldcat.org ... t=2.35
3545 Checking mastercard.com.au ... t=4.05
3546 Checking ponta.jp ... t=0.65
3547 Checking moretify.com ... t=0.91
3548 Checking netkeiba.com ... t=0.40
3549 Checking ria.com ... t=6.18
3550 Checking britannica.com ... t=2.73
3551 Checking price.com.hk ... t=0.41
3552 Checking myegy.to ... t=3.69
3553 Checking mhlw.go.jp ... Exception: [Errno -5] No address associated with hostname
t=0.12
3554 Checking znanija.com ... t=1.11
3555 Checking youradexchange.com ... t=0.39
3556 Checking 1001fonts.com ... t=1.46
3557 Checking etnet.com.hk ... t=0.82
3558 Checking dardarkom.com ... t=1.11
3559 Checking alibaba-inc.com ... Exception: [Errno 110] Connection timed out
t=127.55
3560 Checking wpbeginner.com ... t=0.84
3561 Checking elle.com ... t=0.91
3562 Checking ouest-france.fr ... t=1.88
3563 Checking tn.com.ar ... t=0.83
3564 Checking jobkorea.co.kr ... Exception: [Errno 110] Connection timed out
t=127.50
3565 Checking holidaycheck.de ... t=2.04
3566 Checking isbank.com.tr ... t=5.08
3567 Checking aiomp3.com ... t=0.73
3568 Checking shopstyle.com ... t=0.99
3569 Checking yaske.cc ... t=1.06
3570 Checking izvestia.ru ... t=1.05
3571 Checking dirty.ru ... t=4.11
3572 Checking massdrop.com ... t=4.42
3573 Checking 51auto.com ... t=8.33
3574 Checking daserste.de ... t=2.58
3575 Checking lifedaily.com ... t=0.93
3576 Checking jobvite.com ... t=1.52
3577 Checking patrika.com ... t=1.22
3578 Checking cifraclub.com.br ... t=0.98
3579 Checking ml.com ... t=2.87
3580 Checking dallasnews.com ... t=1.93
3581 Checking akoam.com ... t=0.81
3582 Checking windowscentral.com ... t=4.54
3583 Checking examiner.com ... t=1.14
3584 Checking hosyusokuhou.jp ... t=0.46
3585 Checking entekhab.ir ... t=7.10
3586 Checking bestbuy.ca ... t=1.89
3587 Checking probuilds.net ... t=0.59
3588 Checking ogone.com ... t=7.46
3589 Checking hammihan.com ... t=1.72
3590 Checking kerala.gov.in ... t=5.78
3591 Checking nasdaq.com ... t=0.82
3592 Checking panoramio.com ... t=1.11
3593 Checking watchepisodes.to ... t=1.95
3594 Checking zoznam.sk ... t=4.15
3595 Checking dardashanewspaper.com ... t=2.30
3596 Checking alternativeto.net ... t=0.68
3597 Checking garaanews.com ... t=1.06
3598 Checking nick.com ... t=0.59
3599 Checking tvp.pl ... t=4.43
3600 Checking derstandard.at ... t=1.63
3601 Checking auone.jp ... t=0.98
3602 Checking kurir.rs ... t=4.35
3603 Checking frwdx.com ... Exception: [Errno -5] No address associated with hostname
t=0.03
3604 Checking opendns.com ... t=2.87
3605 Checking itslearning.com ... Exception: [Errno -2] Name or service not known
t=0.82
3606 Checking fundsxpress.com ... t=3.69
3607 Checking hankyung.com ... t=0.75
3608 Checking geocaching.com ... t=7.63
3609 Checking mmo-champion.com ... t=1.86
3610 Checking enterprise.com ... t=1.76
3611 Checking fotocasa.es ... t=3.43
3612 Checking mobirum.com ... t=0.31
3613 Checking censor.net.ua ... t=1.22
3614 Checking sidecubes.com ... t=0.82
3615 Checking tax.gov.ir ... Exception: [Errno 110] Connection timed out
t=255.99
3616 Checking gismeteo.ua ... t=4.72
3617 Checking retty.me ... t=0.50
3618 Checking ovh.net ... t=0.95
3619 Checking walmart.ca ... t=2.45
3620 Checking divxtotal.com ... t=2.72
3621 Checking vmall.com ... t=2.18
3622 Checking upjers.com ... t=5.84
3623 Checking theadvocate.com ... t=5.72
3624 Checking neimanmarcus.com ... t=1.16
3625 Checking sparda.de ... t=3.06
3626 Checking listenonrepeat.com ... t=0.36
3627 Checking blu-ray.com ... t=1.08
3628 Checking elyomnews.com ... t=3.47
3629 Checking mobikwik.com ... t=2.24
3630 Checking dolartoday.com ... t=1.25
3631 Checking tradeindia.com ... t=0.36
3632 Checking pandora.tv ... t=0.91
3633 Checking blibli.com ... t=1.26
3634 Checking fmworld.net ... t=0.49
3635 Checking fararu.com ... t=2.81
3636 Checking adweek.com ... t=2.25
3637 Checking sky.de ... t=3.69
3638 Checking oyunskor.com ... t=2.12
3639 Checking fda.gov ... t=0.75
3640 Checking aeon.co.jp ... Exception: [Errno -5] No address associated with hostname
t=0.40
3641 Checking cmbchina.com ... Exception: [Errno 110] Connection timed out
t=127.36
3642 Checking djpunjab.video ... t=0.89
3643 Checking el7l.tv ... t=0.68
3644 Checking texas.gov ... t=2.94
3645 Checking nex1music.ir ... t=2.48
3646 Checking 4cdn.org ... t=0.37
3647 Checking progressive.com ... t=3.70
3648 Checking myheritage.com ... t=4.54
3649 Checking autoscout24.it ... t=4.39
3650 Checking zaycev.net ... t=2.71
3651 Checking post-survey.com ... Exception: [Errno 110] Connection timed out
t=127.32
3652 Checking jandan.net ... t=1.35
3653 Checking startpage.com ... t=2.16
3654 Checking sabaharabi.com ... t=1.43
3655 Checking dizimag.co ... t=0.08
3656 Checking kinoprofi.net ... t=0.78
3657 Checking vivo.sx ... t=3.44
3658 Checking usp.br ... t=1.53
3659 Checking citizensbankonline.com ... Exception: [Errno 110] Connection timed out
t=254.70
3660 Checking news-us.jp ... t=1.19
3661 Checking hochi.co.jp ... Exception: [Errno -5] No address associated with hostname
t=0.18
3662 Checking vibbo.com ... t=1.53
3663 Checking hangame.co.jp ... t=0.37
3664 Checking santabanta.com ... t=1.06
3665 Checking runescape.com ... t=0.41
3666 Checking upsc.gov.in ... t=0.97
3667 Checking imvu.com ... t=0.94
3668 Checking labirint.ru ... t=2.84
3669 Checking hpe.com ... t=1.59
3670 Checking tuicool.com ... t=0.89
3671 Checking ets.org ... t=0.95
3672 Checking aladin.co.kr ... t=2.41
3673 Checking tenforums.com ... t=1.23
3674 Checking lotsofslots.net ... t=0.92
3675 Checking metafilter.com ... t=1.02
3676 Checking ad4game.com ... t=0.65
3677 Checking khmerload.com ... t=0.36
3678 Checking wikidot.com ... t=1.08
3679 Checking play-bar.net ... t=0.96
3680 Checking draugiem.lv ... t=14.59
3681 Checking royalgames.com ... t=1.63
3682 Checking yummly.com ... t=1.45
3683 Checking dafiti.com.br ... t=1.01
3684 Checking obozrevatel.com ... t=2.49
3685 Checking instiz.net ... t=0.79
3686 Checking stream.cz ... t=6.02
3687 Checking adyieldoptimizer.com ... Exception: [Errno -5] No address associated with hostname
t=0.13
3688 Checking sunfrog.com ... t=2.98
3689 Checking googlegroups.com ... t=3.41
3690 Checking ads.gold ... Exception: [Errno 111] Connection refused
t=0.08
3691 Checking 17k.com ... t=0.59
3692 Checking maalaimalar.com ... t=1.40
3693 Checking goindigo.in ... t=1.79
3694 Checking icy-veins.com ... t=2.62
3695 Checking traveloka.com ... t=0.51
3696 Checking unilad.co.uk ... t=1.24
3697 Checking gujarat.gov.in ... t=0.73
3698 Checking vodafone.it ... t=4.16
3699 Checking j.gs ... t=1.14
3700 Checking westernunion.com ... t=5.40
3701 Checking consequenceofsound.net ... t=0.48
3702 Checking citruspay.com ... t=2.47
3703 Checking 3dnews.ru ... t=2.07
3704 Checking pptv.com ... t=15.93
3705 Checking petsmart.com ... t=1.49
3706 Checking anysex.com ... t=0.72
3707 Checking fb.ru ... t=2.08
3708 Checking elvenar.com ... t=5.86
3709 Checking deccanchronicle.com ... t=1.33
3710 Checking fixya.com ... t=1.14
3711 Checking fasttech.com ... t=1.25
3712 Checking megafilmeshd20.org ... t=0.57
3713 Checking telecinco.es ... t=3.52
3714 Checking honto.jp ... t=0.62
3715 Checking boots.com ... t=25.85
3716 Checking creaders.net ... t=0.60
3717 Checking talkingpointsmemo.com ... t=0.62
3718 Checking blizzard.com ... t=1.49
3719 Checking manyvids.com ... t=0.40
3720 Checking pekao24.pl ... t=1.93
3721 Checking leroymerlin.ru ... t=1.10
3722 Checking canadiantire.ca ... t=3.41
3723 Checking enjoydressup.com ... t=1.59
3724 Checking arxiv.org ... t=1.12
3725 Checking viadeo.com ... t=2.15
3726 Checking marketgid.com ... t=1.55
3727 Checking diretta.it ... t=3.68
3728 Checking clickjogos.com.br ... t=1.09
3729 Checking lachainemeteo.com ... t=1.96
3730 Checking skycn.com ... t=0.60
3731 Checking mybigcommerce.com ... Exception: [Errno 111] Connection refused
t=0.52
3732 Checking canon.jp ... t=0.20
3733 Checking saudiairlines.com ... t=3.41
3734 Checking globalsources.com ... t=0.32
3735 Checking championselect.net ... t=0.24
3736 Checking pluralsight.com ... t=1.52
3737 Checking nintendo.com ... t=1.48
3738 Checking vitalsource.com ... t=4.01
3739 Checking narvar.com ... t=1.21
3740 Checking sporcle.com ... t=1.19
3741 Checking serebii.net ... t=0.82
3742 Checking gouv.qc.ca ... t=3.15
3743 Checking whatismyipaddress.com ... t=0.57
3744 Checking altadefinizione.online ... t=1.57
3745 Checking carfax.com ... t=1.86
3746 Checking guokr.com ... t=0.86
3747 Checking suntory.co.jp ... t=0.55
3748 Checking tamilwin.com ... t=2.40
3749 Checking 9to5mac.com ... t=0.30
3750 Checking chainreactioncycles.com ... t=2.64
3751 Checking jobsdb.com ... t=0.28
3752 Checking main.jp ... t=1.15
3753 Checking sparkpeople.com ... t=0.51
3754 Checking ntv.ru ... t=2.76
3755 Checking bancosantander.es ... t=5.03
3756 Checking videoyoum7.com ... t=0.70
3757 Checking khabarfarsi.com ... t=0.69
3758 Checking easybib.com ... t=1.05
3759 Checking gardenweb.com ... t=1.08
3760 Checking worldbank.org ... t=1.92
3761 Checking coupondunia.in ... t=0.75
3762 Checking th3professional.com ... t=0.35
3763 Checking easypdfcombine.com ... t=1.53
3764 Checking wonderhowto.com ... t=1.24
3765 Checking yuncomics.com ... t=0.33
3766 Checking livemaster.ru ... t=2.94
3767 Checking elle.com.tw ... t=1.03
3768 Checking prnewswire.com ... t=1.38
3769 Checking iptorrents.com ... t=0.70
3770 Checking svyaznoy.ru ... t=2.20
3771 Checking mca.gov.in ... t=1.79
3772 Checking list-manage2.com ... t=1.08
3773 Checking winhunters.com ... t=0.99
3774 Checking plejada.pl ... t=1.45
3775 Checking arcor.de ... t=3.34
3776 Checking computerhope.com ... t=1.03
3777 Checking parenting.com.tw ... t=0.45
3778 Checking atv.com.tr ... t=2.83
3779 Checking surveygizmo.com ... t=2.75
3780 Checking fujitv.co.jp ... Exception: [Errno -5] No address associated with hostname
t=0.15
3781 Checking medu.ir ... Exception: [Errno -2] Name or service not known
t=2.57
3782 Checking imitrk.com ... Exception: [Errno -5] No address associated with hostname
t=0.03
3783 Checking dbs.com.sg ... t=0.72
3784 Checking cra-arc.gc.ca ... t=2.33
3785 Checking lagou.com ... t=1.27
3786 Checking canon.com ... t=0.98
3787 Checking providr.com ... t=1.11
3788 Checking jreast.co.jp ... Exception: [Errno -5] No address associated with hostname
t=0.26
3789 Checking univision.com ... t=3.15
3790 Checking freeones.com ... t=0.74
3791 Checking sportsauthority.com ... t=1.11
3792 Checking joshinweb.jp ... t=0.41
3793 Checking lifemedia.jp ... t=1.16
3794 Checking netease.com ... Exception: ''
t=3.21
3795 Checking safeway.com ... t=1.28
3796 Checking oanda.com ... t=2.64
3797 Checking marthastewart.com ... t=1.49
3798 Checking mobile.ir ... t=3.66
3799 Checking house365.com ... t=1.75
3800 Checking cic.fr ... t=7.42
3801 Checking softgozar.com ... t=1.78
3802 Checking hapitas.jp ... t=1.02
3803 Checking financial-net.com ... Exception: [Errno -5] No address associated with hostname
t=0.83
3804 Checking stripe.com ... t=1.46
3805 Checking watch-episodes.tv ... t=1.67
3806 Checking justjared.com ... t=0.66
3807 Checking usgs.gov ... t=3.72
3808 Checking biccamera.com ... Exception: [Errno 110] Connection timed out
t=127.29
3809 Checking formula1.com ... t=1.18
3810 Checking badtameezdil.net ... t=0.78
3811 Checking pccomponentes.com ... t=1.52
3812 Checking cint.com ... t=5.63
3813 Checking bazos.cz ... t=8.34
3814 Checking vudu.com ... t=1.80
3815 Checking voot.com ... t=0.74
3816 Checking huntington.com ... t=2.50
3817 Checking washwasha.org ... t=1.67
3818 Checking pokemon.com ... t=1.22
3819 Checking cafebazaar.ir ... t=2.40
3820 Checking campograndenews.com.br ... t=1.81
3821 Checking brucelead.com ... t=0.72
3822 Checking joann.com ... t=2.56
3823 Checking tlen.pl ... t=3.79
3824 Checking adpop-1.com ... t=1.64
3825 Checking milb.com ... t=0.84
3826 Checking 1000mg.jp ... t=0.21
3827 Checking tradingview.com ... t=2.15
3828 Checking navient.com ... t=0.79
3829 Checking xvideos-field5.com ... t=0.43
3830 Checking bellemaison.jp ... t=0.22
3831 Checking upsssc.gov.in ... t=1.02
3832 Checking lichess.org ... t=5.99
3833 Checking loft.com ... t=1.38
3834 Checking popitunder.com ... t=1.01
3835 Checking segmentfault.com ... t=0.72
3836 Checking dingit.tv ... t=1.23
3837 Checking makepolo.com ... t=0.55
3838 Checking downtownfeed.com ... t=0.45
3839 Checking tubegalore.com ... t=0.49
3840 Checking porndig.com ... t=0.05
3841 Checking istruzione.it ... Exception: [Errno -5] No address associated with hostname
t=1.51
3842 Checking simplyhired.com ... t=1.11
3843 Checking libertaddigital.com ... t=3.45
3844 Checking minuteviral.com ... t=0.75
3845 Checking viamichelin.fr ... t=1.44
3846 Checking cnhubei.com ... t=1.52
3847 Checking cimbclicks.com.my ... t=2.63
3848 Checking usc.edu ... t=1.49
3849 Checking uservoice.com ... t=1.83
3850 Checking hmv.co.jp ... t=1.13
3851 Checking mako.co.il ... t=3.99
3852 Checking blackdoctor.org ... t=0.35
3853 Checking rankingsandreviews.com ... t=1.60
3854 Checking ahrefs.com ... t=2.90
3855 Checking stargames.com ... t=0.94
3856 Checking brother.com ... t=0.58
3857 Checking pussyspace.com ... t=0.03
3858 Checking moe.gov.sa ... t=5.05
3859 Checking nissen.co.jp ... t=0.22
3860 Checking hertz.com ... t=1.40
3861 Checking google.com.ly ... t=0.47
3862 Checking javarchive.com ... t=0.05
3863 Checking tvmuse.com ... t=3.05
3864 Checking cplusplus.com ... t=5.07
3865 Checking alphacoders.com ... t=0.51
3866 Checking grepolis.com ... t=4.60
3867 Checking ovh.com ... t=5.45
3868 Checking eclipse.org ... t=1.22
3869 Checking ilgiornale.it ... t=3.53
3870 Checking studentdoctor.net ... t=2.92
3871 Checking askmen.com ... t=1.73
3872 Checking oregonlive.com ... t=1.84
3873 Checking atpanel.com ... Exception: [Errno 110] Connection timed out
t=254.71
3874 Checking footlocker.com ... t=1.43
3875 Checking movistar.es ... t=3.76
3876 Checking mediametrics.ru ... t=3.25
3877 Checking thinkgeek.com ... t=2.58
3878 Checking motherjones.com ... t=1.33
3879 Checking societe.com ... t=3.60
3880 Checking a-static.com ... t=3.15
3881 Checking kuwo.cn ... t=0.26
3882 Checking umeng.com ... t=0.63
3883 Checking ecuavisa.com ... t=1.36
3884 Checking banco.bradesco ... t=1.02
3885 Checking philly.com ... t=1.27
3886 Checking htc.com ... t=0.09
3887 Checking explosm.net ... t=0.60
3888 Checking wtoip.com ... t=3.32
3889 Checking gry.pl ... t=2.00
3890 Checking ohmynews.com ... t=0.76
3891 Checking huffingtonpost.it ... t=2.01
3892 Checking oriflame.com ... t=1.54
3893 Checking desiserials.tv ... t=1.63
3894 Checking pretty52.com ... t=1.03
3895 Checking lrytas.lt ... t=3.78
3896 Checking egloos.com ... t=0.43
3897 Checking ktrmr.com ... t=1.52
3898 Checking car.gr ... t=2.66
3899 Checking shindanmaker.com ... t=0.46
3900 Checking seattletimes.com ... t=0.83
3901 Checking haruka-yumenoato.net ... t=0.38
3902 Checking bakusai.com ... t=0.75
3903 Checking eol.cn ... t=3.37
3904 Checking petfinder.com ... t=2.16
3905 Checking fantasti.cc ... t=0.37
3906 Checking freep.com ... t=4.58
3907 Checking nexon.com ... t=0.71
3908 Checking mangbongda.us ... t=0.61
3909 Checking bet9ja.com ... t=3.80
3910 Checking 3dwwwgame.com ... Exception: [Errno -5] No address associated with hostname
t=1.17
3911 Checking mensfitness.com ... t=1.29
3912 Checking paginegialle.it ... t=2.05
3913 Checking nordea.fi ... t=3.79
3914 Checking rubiconproject.com ... t=0.45
3915 Checking tripadvisor.ca ... t=1.91
3916 Checking asianews2ch.jp ... t=0.53
3917 Checking binaryoptionscops.info ... t=0.65
3918 Checking the-star.co.ke ... t=2.35
3919 Checking wallpaperscraft.com ... t=2.10
3920 Checking ofpof.com ... t=1.18
3921 Checking kyodo-d.jp ... t=0.48
3922 Checking bradsdeals.com ... t=1.01
3923 Checking 3djuegos.com ... t=2.91
3924 Checking desidime.com ... t=2.31
3925 Checking addictinggames.com ... t=1.13
3926 Checking asg.to ... t=0.21
3927 Checking tinyurl.com ... t=0.30
3928 Checking bibliocommons.com ... t=0.63
3929 Checking qld.gov.au ... t=1.51
3930 Checking akiba-online.com ... t=0.82
3931 Checking darty.com ... t=2.27
3932 Checking mlive.com ... t=1.72
3933 Checking kaixin001.com ... t=1.57
3934 Checking potpourrichordataoscilloscope.com ... t=0.69
3935 Checking imgflip.com ... t=0.41
3936 Checking aetna.com ... t=2.02
3937 Checking onlinedown.net ... t=0.86
3938 Checking comicbookresources.com ... t=1.33
3939 Checking meizu.com ... t=0.38
3940 Checking ilady.com.cn ... t=0.56
3941 Checking k12.ca.us ... Exception: [Errno -5] No address associated with hostname
t=0.12
3942 Checking gmail.com ... t=0.38
3943 Checking abcya.com ... t=3.03
3944 Checking cmu.edu ... t=2.69
3945 Checking musixmatch.com ... t=2.76
3946 Checking rusvesna.su ... t=0.72
3947 Checking nowvideo.li ... t=4.61
3948 Checking cian.ru ... t=2.72
3949 Checking globaltimes.cn ... t=0.21
3950 Checking pr.gov.br ... t=2.31
3951 Checking ilmessaggero.it ... t=1.45
3952 Checking almaany.com ... t=0.89
3953 Checking jutarnji.hr ... t=1.13
3954 Checking aktuality.sk ... t=4.66
3955 Checking sidereel.com ... t=0.87
3956 Checking tatadocomo.com ... t=1.74
3957 Checking mangapark.me ... t=0.78
3958 Checking mlit.go.jp ... Exception: [Errno -5] No address associated with hostname
t=0.37
3959 Checking check24.de ... t=1.51
3960 Checking zamzar.com ... t=0.92
3961 Checking therichest.com ... t=1.12
3962 Checking anime-sharing.com ... t=1.15
3963 Checking wizards.com ... t=1.62
3964 Checking airbnb.fr ... t=0.68
3965 Checking atresplayer.com ... t=3.42
3966 Checking m3.com ... t=0.40
3967 Checking wallpaperswide.com ... t=1.53
3968 Checking xiamp4.com ... t=1.42
3969 Checking just4single.com ... t=0.53
3970 Checking dunyanews.tv ... t=1.64
3971 Checking chinaunix.net ... t=1.25
3972 Checking proprofs.com ... t=1.21
3973 Checking arabseed.com ... t=1.54
3974 Checking larepublica.pe ... t=0.49
3975 Checking rpp.pe ... t=2.94
3976 Checking ti.com ... t=1.69
3977 Checking ahram.org.eg ... Exception: [Errno 110] Connection timed out
t=128.53
3978 Checking finanzen.net ... t=3.05
3979 Checking guidegame.vn ... t=1.39
3980 Checking serialssolutions.com ... t=4.15
3981 Checking hattrick.org ... t=2.95
3982 Checking cnr.cn ... t=0.72
3983 Checking nk.pl ... t=1.58
3984 Checking classmates.com ... t=1.76
3985 Checking thenetway.co ... Exception: [SSL: CERTIFICATE_VERIFY_FAILED] certificate verify failed (_ssl.c:590)
t=1.48
3986 Checking marvel.com ... t=0.57
3987 Checking gunbroker.com ... t=1.49
3988 Checking ebay.ie ... t=0.99
3989 Checking boingboing.net ... t=1.36
3990 Checking androidpit.com ... t=5.05
3991 Checking mercurynews.com ... t=1.58
3992 Checking comdotgame.com ... t=0.44
3993 Checking icicidirect.com ... t=2.22
3994 Checking 10010.com ... t=1.55
3995 Checking dasoertliche.de ... t=3.84
3996 Checking kariyer.net ... t=2.70
3997 Checking appbank.net ... t=0.43
3998 Checking fragrantica.com ... t=0.67
3999 Checking prwidgets.com ... t=0.72
4000 Checking mci.ir ... Exception: [Errno 110] Connection timed out
t=128.78
