4001 Checking myrecipes.com ... t=0.63
4002 Checking archlinux.org ... t=2.49
4003 Checking telstra.com.au ... t=2.11
4004 Checking blogspot.com.ng ... t=0.35
4005 Checking mitele.es ... t=2.53
4006 Checking news247.gr ... t=1.92
4007 Checking qoo10.jp ... t=0.45
4008 Checking spacemov.com ... t=1.24
4009 Checking payback.de ... t=3.33
4010 Checking tusfiles.net ... t=1.86
4011 Checking secretsdujeu.com ... t=0.95
4012 Checking girlsaskguys.com ... t=0.76
4013 Checking kohsantepheapdaily.com.kh ... t=2.39
4014 Checking underarmour.com ... t=1.66
4015 Checking fanpop.com ... t=0.61
4016 Checking cafepress.com ... t=0.77
4017 Checking linguee.es ... t=1.42
4018 Checking zwaar.net ... t=0.51
4019 Checking dpstream.net ... t=2.02
4020 Checking openoffice.org ... t=1.36
4021 Checking cas.sk ... t=2.65
4022 Checking toluna.com ... t=3.16
4023 Checking care.com ... t=1.88
4024 Checking pornxs.com ... t=0.03
4025 Checking nuomi.com ... t=7.55
4026 Checking padlet.com ... t=1.63
4027 Checking gendama.jp ... t=0.67
4028 Checking tomshardware.co.uk ... t=2.42
4029 Checking loldytt.com ... t=0.35
4030 Checking sainsburys.co.uk ... t=0.68
4031 Checking santanderrio.com.ar ... Exception: [Errno 110] Connection timed out
t=128.47
4032 Checking bankbazaar.com ... t=1.61
4033 Checking tickld.com ... t=1.14
4034 Checking cgg.gov.in ... t=0.58
4035 Checking nungmovies-hd.com ... t=0.78
4036 Checking adcash.com ... t=0.83
4037 Checking atpworldtour.com ... t=1.89
4038 Checking depositfiles.com ... t=1.16
4039 Checking gq.com ... t=1.25
4040 Checking 518.com.tw ... t=1.06
4041 Checking torrentfreak.com ... t=1.62
4042 Checking ufl.edu ... t=1.70
4043 Checking jooble.org ... t=2.21
4044 Checking adobeconnect.com ... Exception: [Errno 110] Connection timed out
t=127.39
4045 Checking tsn.ca ... t=0.54
4046 Checking ss.lv ... t=4.21
4047 Checking roku.com ... t=1.82
4048 Checking coinbase.com ... t=2.26
4049 Checking seemorgh.com ... t=0.44
4050 Checking looper.com ... t=1.08
4051 Checking flexmls.com ... t=3.11
4052 Checking fatakat.com ... t=1.72
4053 Checking yemeksepeti.com ... t=5.95
4054 Checking pec.it ... Exception: EOF occurred in violation of protocol (_ssl.c:590)
t=2.89
4055 Checking chsi.com.cn ... t=0.50
4056 Checking google.com.af ... t=1.94
4057 Checking huffingtonpost.fr ... t=1.16
4058 Checking digialm.com ... Exception: [Errno 111] Connection refused
t=0.49
4059 Checking allbest.ru ... t=1.05
4060 Checking jxnews.com.cn ... t=0.42
4061 Checking 115.com ... t=0.26
4062 Checking cineulagam.com ... t=1.95
4063 Checking seosprint.net ... t=1.81
4064 Checking goodsearch.com ... t=0.90
4065 Checking klm.com ... t=0.82
4066 Checking jetairways.com ... t=4.58
4067 Checking pontofrio.com.br ... t=1.43
4068 Checking gsshop.com ... t=0.47
4069 Checking jia360.com ... t=2.18
4070 Checking limetorrents.cc ... t=4.25
4071 Checking uhaul.com ... Exception: [Errno 110] Connection timed out
t=22270.53
4072 Checking homeadvisor.com ... t=0.88
4073 Checking citationmachine.net ... t=1.02
4074 Checking ebayimg.com ... Exception: [Errno -5] No address associated with hostname
t=0.13
4075 Checking git-scm.com ... t=1.55
4076 Checking winbank.gr ... t=3.03
4077 Checking mql5.com ... t=1.87
4078 Checking active.com ... t=3.86
4079 Checking dineroen30dias.net ... t=0.66
4080 Checking wrike.com ... t=2.04
4081 Checking bizpacreview.com ... t=0.99
4082 Checking nikki.ne.jp ... Exception: [Errno 101] Network is unreachable
t=10.06
4083 Checking tsb.co.uk ... t=3.08
4084 Checking dxlive.com ... t=0.17
4085 Checking cardinalcommerce.com ... t=2.21
4086 Checking cybersource.com ... t=0.84
4087 Checking adreactor.com ... t=2.83
4088 Checking hdblog.it ... t=1.00
4089 Checking lefrecce.it ... t=0.70
4090 Checking plus.es ... t=4.19
4091 Checking mxtoolbox.com ... t=0.43
4092 Checking afisha.ru ... t=1.55
4093 Checking torrentfunk.com ... t=2.00
4094 Checking forumcommunity.net ... t=1.54
4095 Checking juicyads.com ... t=0.26
4096 Checking castorama.fr ... t=6.25
4097 Checking vivanuncios.com.mx ... t=1.61
4098 Checking directadvert.ru ... t=2.58
4099 Checking manutd.com ... t=1.06
4100 Checking experts-exchange.com ... t=2.54
4101 Checking indeed.fr ... t=1.08
4102 Checking princeton.edu ... t=4.14
4103 Checking pearson.com ... t=1.06
4104 Checking colorlib.com ... t=0.93
4105 Checking tarafdari.com ... t=2.93
4106 Checking libgen.io ... t=1.09
4107 Checking backcountry.com ... t=0.48
4108 Checking campaign-archive1.com ... t=2.37
4109 Checking silvergames.com ... t=2.22
4110 Checking westelm.com ... t=1.47
4111 Checking twentytwowords.com ... t=0.50
4112 Checking thumbtack.com ... t=1.45
4113 Checking unsplash.com ... t=2.29
4114 Checking loxgraph.com ... t=1.53
4115 Checking elblog.com ... t=0.65
4116 Checking echoroukonline.com ... t=2.75
4117 Checking exlibrisgroup.com ... t=1.21
4118 Checking imagevenue.com ... t=0.53
4119 Checking band.us ... t=0.34
4120 Checking dospara.co.jp ... t=0.42
4121 Checking elitedaily.com ... t=0.47
4122 Checking crateandbarrel.com ... t=1.09
4123 Checking noticiaaldia.com ... t=0.55
4124 Checking join.me ... t=4.38
4125 Checking thinkprogress.org ... t=0.94
4126 Checking sevenforums.com ... t=1.68
4127 Checking lolnexus.com ... Warning: Redirect exceed limit
t=6.47
4128 Checking babyblog.ru ... t=6.78
4129 Checking radiko.jp ... t=0.24
4130 Checking realitykings.com ... t=0.36
4131 Checking jpn.org ... t=0.16
4132 Checking kafan.cn ... t=0.83
4133 Checking myvidster.com ... t=4.51
4134 Checking toggl.com ... t=1.55
4135 Checking hotelscombined.com ... t=0.89
4136 Checking italia-film.co ... t=0.07
4137 Checking trafficshop.com ... t=1.63
4138 Checking worldoftanks.eu ... t=0.76
4139 Checking vidal.fr ... t=4.04
4140 Checking dominos.co.in ... t=0.79
4141 Checking all.biz ... t=4.04
4142 Checking shatel.ir ... t=2.64
4143 Checking producthunt.com ... t=0.99
4144 Checking aol.de ... t=1.48
4145 Checking independent.ie ... t=2.18
4146 Checking bigmir.net ... t=2.08
4147 Checking media-box.co ... t=1.31
4148 Checking a9vg.com ... t=0.45
4149 Checking immonet.de ... t=2.61
4150 Checking elnedaa.com ... t=0.86
4151 Checking ntvspor.net ... t=1.37
4152 Checking cnnturk.com ... t=1.06
4153 Checking xataka.com ... t=1.32
4154 Checking kinguin.net ... t=3.48
4155 Checking petco.com ... t=1.44
4156 Checking burusoku-vip.com ... t=0.38
4157 Checking 5giay.vn ... t=1.38
4158 Checking videohive.net ... t=1.56
4159 Checking yinyuetai.com ... t=1.37
4160 Checking 0755.pics ... Exception: [Errno -5] No address associated with hostname
t=0.56
4161 Checking fark.com ... t=1.25
4162 Checking booloo.com ... t=0.44
4163 Checking shopathome.com ... t=5.13
4164 Checking wanfangdata.com.cn ... t=0.42
4165 Checking pcbeta.com ... t=1.89
4166 Checking contw.com ... t=0.91
4167 Checking staseraintv.com ... t=11.96
4168 Checking dntrx.com ... t=1.32
4169 Checking virustotal.com ... t=0.87
4170 Checking blogspot.cl ... t=0.24
4171 Checking acesso.uol.com.br ... t=4.54
4172 Checking sciencealert.com ... t=4.03
4173 Checking vkmag.com ... t=1.56
4174 Checking natalie.mu ... t=0.69
4175 Checking funda.nl ... t=2.13
4176 Checking athome.co.jp ... t=0.64
4177 Checking postimees.ee ... t=3.38
4178 Checking niksalehi.com ... t=2.44
4179 Checking kodi.tv ... t=1.89
4180 Checking gitlab.com ... t=2.74
4181 Checking juooo.com ... t=1.04
4182 Checking trenitalia.com ... t=2.03
4183 Checking laiguana.tv ... t=1.30
4184 Checking intercambiosvirtuales.org ... t=2.73
4185 Checking i-gamer.net ... t=0.26
4186 Checking alabout.com ... t=0.31
4187 Checking lolskill.net ... t=1.56
4188 Checking rsch.jp ... t=0.17
4189 Checking criteo.net ... Exception: [Errno -5] No address associated with hostname
t=0.19
4190 Checking paultan.org ... t=0.22
4191 Checking voicenews.gr ... t=1.41
4192 Checking classicofloves.com ... t=3.54
4193 Checking paperlesspost.com ... t=2.18
4194 Checking cityviplink.com ... t=0.45
4195 Checking v2ex.com ... t=1.19
4196 Checking worldpay.com ... t=0.57
4197 Checking akdapi.com ... t=0.77
4198 Checking 99114.com ... t=2.37
4199 Checking enjin.com ... t=3.82
4200 Checking vagas.com.br ... t=2.31
4201 Checking confirmit.com ... t=3.11
4202 Checking epson.com ... t=0.93
4203 Checking acrobat.com ... t=1.06
4204 Checking dose.com ... t=5.20
4205 Checking ebc.net.tw ... t=0.83
4206 Checking drugstore.com ... t=4.42
4207 Checking cinecalidad.com ... t=1.26
4208 Checking coub.com ... t=0.54
4209 Checking scielo.br ... t=0.72
4210 Checking dailystar.co.uk ... t=1.92
4211 Checking actblue.com ... t=1.09
4212 Checking laptopmag.com ... t=1.68
4213 Checking jjang0u.com ... t=0.57
4214 Checking rojadirecta.cat ... t=2.24
4215 Checking fyvor.com ... t=1.52
4216 Checking annapurnapost.com ... t=2.27
4217 Checking kbs.co.kr ... t=0.17
4218 Checking videowood.tv ... t=1.17
4219 Checking tvbs.com.tw ... t=5.10
4220 Checking alfavita.gr ... t=1.34
4221 Checking abebooks.com ... t=1.14
4222 Checking presslogic.com ... t=2.45
4223 Checking tnews.ir ... t=1.50
4224 Checking higherperspectives.com ... t=2.10
4225 Checking gottabemobile.com ... t=0.99
4226 Checking rockauto.com ... t=1.12
4227 Checking reviewjournal.com ... t=0.72
4228 Checking thesimsresource.com ... t=0.40
4229 Checking onlinemultfilmy.ru ... t=0.99
4230 Checking mp3lio.co ... t=0.76
4231 Checking sonhoo.com ... t=0.20
4232 Checking imgbox.com ... t=0.49
4233 Checking naughtyamerica.com ... t=0.26
4234 Checking thestar.com ... t=1.32
4235 Checking vogue.com ... t=19.34
4236 Checking coocan.jp ... t=1.01
4237 Checking decolar.com ... t=1.96
4238 Checking smallseotools.com ... t=0.37
4239 Checking newpost.gr ... t=1.00
4240 Checking paisdelosjuegos.es ... t=1.72
4241 Checking cloudapp.net ... Exception: [Errno -5] No address associated with hostname
t=0.33
4242 Checking digid.nl ... t=3.11
4243 Checking dwnews.com ... t=0.71
4244 Checking tsetmc.com ... t=2.61
4245 Checking newlook.com ... t=1.54
4246 Checking akhbarona.com ... t=2.18
4247 Checking oi.com.br ... t=1.18
4248 Checking dealmoon.com ... t=0.94
4249 Checking glosbe.com ... t=2.48
4250 Checking official.gr ... t=2.40
4251 Checking banglanews24.com ... t=0.63
4252 Checking msu.edu ... t=1.52
4253 Checking golfdigest.co.jp ... t=0.47
4254 Checking ralphlauren.com ... t=1.72
4255 Checking response.jp ... t=0.12
4256 Checking bankersadda.com ... t=0.47
4257 Checking in.gr ... t=2.51
4258 Checking lifehacker.jp ... t=0.22
4259 Checking screencast.com ... t=0.66
4260 Checking google.mg ... t=2.27
4261 Checking elkhadra.com ... t=4.26
4262 Checking disneystore.com ... t=2.56
4263 Checking tr-sanat.info ... t=0.68
4264 Checking apkpure.com ... t=2.06
4265 Checking smbc-comics.com ... t=0.69
4266 Checking avxhome.in ... t=1.27
4267 Checking wangtu.com ... Exception: [Errno 110] Connection timed out
t=127.40
4268 Checking linio.com.mx ... t=1.84
4269 Checking befunky.com ... t=2.16
4270 Checking batanga.com ... t=1.54
4271 Checking tower.im ... t=2.32
4272 Checking gomaji.com ... t=0.28
4273 Checking clickbank.com ... t=0.88
4274 Checking statista.com ... t=1.52
4275 Checking saksfifthavenue.com ... t=1.30
4276 Checking mag2.com ... t=0.38
4277 Checking ziprecruiter.com ... t=1.47
4278 Checking raiffeisen.at ... t=3.97
4279 Checking gsis.gr ... t=1.36
4280 Checking wowow.co.jp ... t=0.55
4281 Checking digiato.com ... t=1.21
4282 Checking catracalivre.com.br ... t=2.40
4283 Checking pcloud.com ... t=1.15
4284 Checking azure.com ... t=2.48
4285 Checking currys.co.uk ... t=2.48
4286 Checking spaggiari.eu ... t=1.03
4287 Checking els-cdn.com ... Exception: [Errno -5] No address associated with hostname
t=0.02
4288 Checking steamgifts.com ... t=2.41
4289 Checking theage.com.au ... t=0.76
4290 Checking vista.ir ... t=1.87
4291 Checking cumlouder.com ... t=0.05
4292 Checking xossip.com ... t=0.41
4293 Checking krone.at ... t=0.68
4294 Checking saraiva.com.br ... t=0.80
4295 Checking myuhc.com ... t=3.71
4296 Checking 1stbrowser.com ... t=1.11
4297 Checking getintopc.com ... t=1.16
4298 Checking pcdiy.com.tw ... Exception: [Errno -5] No address associated with hostname
t=0.02
4299 Checking seneweb.com ... t=0.77
4300 Checking uspto.gov ... t=1.45
4301 Checking me2.do ... t=0.27
4302 Checking 20min.ch ... Exception: [Errno 110] Connection timed out
t=128.25
4303 Checking getformsonline.com ... t=1.15
4304 Checking kanoon.ir ... t=3.11
4305 Checking dietnavi.com ... t=0.19
4306 Checking nintendo.co.jp ... Exception: [Errno 111] Connection refused
t=0.12
4307 Checking rcom.co.in ... t=0.67
4308 Checking startribune.com ... t=4.14
4309 Checking tympanus.net ... t=0.73
4310 Checking logsoku.com ... t=0.74
4311 Checking ubs.com ... t=6.11
4312 Checking scientificamerican.com ... t=2.12
4313 Checking cosme.net ... t=0.99
4314 Checking koha.net ... t=0.60
4315 Checking baomoi.com ... t=0.54
4316 Checking trileqe.com ... t=0.55
4317 Checking spirit.com ... Exception: [Errno 110] Connection timed out
t=127.22
4318 Checking canalblog.com ... t=1.24
4319 Checking androidpolice.com ... t=0.87
4320 Checking reed.co.uk ... t=1.51
4321 Checking afkarnews.ir ... t=4.04
4322 Checking nzherald.co.nz ... t=2.91
4323 Checking kakprosto.ru ... t=2.40
4324 Checking outlook.com ... t=2.04
4325 Checking state.pa.us ... Exception: [Errno -3] Temporary failure in name resolution
t=20.02
4326 Checking avon.com ... t=1.73
4327 Checking aclst.com ... Exception: [Errno -5] No address associated with hostname
t=0.03
4328 Checking portaldasfinancas.gov.pt ... Exception: [Errno -5] No address associated with hostname
t=2.02
4329 Checking muzofon.com ... t=1.01
4330 Checking campaign-archive2.com ... t=25.05
4331 Checking dreammail.jp ... t=1.13
4332 Checking groupon.it ... t=2.24
4333 Checking windowsazure.com ... t=3.18
4334 Checking nga.cn ... t=0.14
4335 Checking bet-at-home.com ... t=5.26
4336 Checking ratemyprofessors.com ... t=0.57
4337 Checking onelogin.com ... t=2.01
4338 Checking trend.az ... t=1.81
4339 Checking parents.com ... t=1.06
4340 Checking ox.ac.uk ... t=1.88
4341 Checking polarpornhd.com ... t=1.62
4342 Checking vq91811.com ... t=0.38
4343 Checking oldnavy.com ... t=1.15
4344 Checking tobest2.net ... t=0.92
4345 Checking biography.com ... t=1.12
4346 Checking bigbangnews.com ... t=1.51
4347 Checking imlive.com ... t=0.24
4348 Checking sarzamindownload.com ... t=4.72
4349 Checking tgju.org ... t=1.32
4350 Checking thetrainline.com ... t=2.77
4351 Checking stream2watch.co ... t=1.92
4352 Checking beanfun.com ... t=0.08
4353 Checking wccftech.com ... t=0.16
4354 Checking tfl.gov.uk ... t=2.48
4355 Checking tawk.to ... t=2.09
4356 Checking debenhams.com ... t=1.22
4357 Checking miomio.tv ... t=0.41
4358 Checking ccidnet.com ... Exception: [Errno -5] No address associated with hostname
t=0.91
4359 Checking tripadvisor.com.br ... t=1.29
4360 Checking namnak.com ... t=1.10
4361 Checking lifo.gr ... t=2.18
4362 Checking solvusoft.com ... t=0.74
4363 Checking docker.com ... t=2.55
4364 Checking ustraveldocs.com ... t=0.42
4365 Checking instantcheckmate.com ... t=2.79
4366 Checking telewizjada.net ... t=1.61
4367 Checking pagesix.com ... t=0.36
4368 Checking tcafemm.com ... t=0.35
4369 Checking santander.com.mx ... t=1.37
4370 Checking bet365.it ... t=2.64
4371 Checking yessearches.com ... t=0.52
4372 Checking cue-monitor.jp ... t=0.72
4373 Checking mystartsearch.com ... t=0.35
4374 Checking strawberrynet.com ... t=0.36
4375 Checking 2nn.jp ... t=0.82
4376 Checking groupon.co.uk ... t=3.64
4377 Checking milliyetemlak.com ... t=2.51
4378 Checking vitacost.com ... t=0.55
4379 Checking gencat.cat ... t=2.05
4380 Checking time.ir ... t=3.56
4381 Checking loteriasyapuestas.es ... t=3.78
4382 Checking pcstore.com.tw ... t=0.15
4383 Checking tvb.com ... t=0.52
4384 Checking imore.com ... t=2.96
4385 Checking unc.edu ... t=1.44
4386 Checking nttxstore.jp ... t=0.47
4387 Checking delfi.lv ... t=3.48
4388 Checking virginia.gov ... t=2.44
4389 Checking coolenjoy.net ... t=0.24
4390 Checking sportpesa.com ... t=3.21
4391 Checking exploader.net ... Exception: [Errno 110] Connection timed out
t=127.37
4392 Checking siteground.com ... t=2.10
4393 Checking bollywoodshaadis.com ... t=0.89
4394 Checking gamerch.com ... t=0.27
4395 Checking prestashop.com ... t=2.52
4396 Checking tvnet.lv ... t=3.37
4397 Checking limeroad.com ... t=0.73
4398 Checking k2s.cc ... t=0.68
4399 Checking jiemian.com ... t=1.05
4400 Checking extraimago.com ... t=1.33
4401 Checking infopanel.asia ... t=0.55
4402 Checking ifanr.com ... t=0.72
4403 Checking eurosport.com ... t=1.11
4404 Checking toster.ru ... t=2.54
4405 Checking thedodo.com ... t=1.66
4406 Checking radikal.ru ... t=0.86
4407 Checking lacentrale.fr ... t=1.85
4408 Checking ns5n.com ... Exception: [Errno -5] No address associated with hostname
t=0.14
4409 Checking toyota.com ... t=0.19
4410 Checking pia.jp ... t=0.49
4411 Checking toshiba.com ... t=1.68
4412 Checking property24.com ... t=3.47
4413 Checking memurlar.net ... t=2.61
4414 Checking onlinelic.in ... t=0.74
4415 Checking gametop.com ... t=0.51
4416 Checking tokyo-porn-tube.com ... t=1.01
4417 Checking noa.al ... t=0.94
4418 Checking maturealbum.com ... t=0.72
4419 Checking warthunder.com ... t=2.13
4420 Checking podio.com ... t=1.84
4421 Checking iiyi.com ... t=0.63
4422 Checking tonarinoyj.jp ... t=0.38
4423 Checking fast-torrent.ru ... t=1.24
4424 Checking weather.com.cn ... t=4.48
4425 Checking gamestorrents.com ... t=2.18
4426 Checking axol.jp ... Exception: [Errno -5] No address associated with hostname
t=0.11
4427 Checking vecteezy.com ... t=0.93
4428 Checking tfile.co ... t=0.80
4429 Checking telerik.com ... t=1.50
4430 Checking themuse.com ... t=1.66
4431 Checking vipsister23.com ... t=0.07
4432 Checking umd.edu ... t=0.64
4433 Checking bojem3a.info ... t=1.16
4434 Checking pgatour.com ... t=0.68
4435 Checking snagajob.com ... t=1.12
4436 Checking lordpopup.com ... t=1.21
4437 Checking bbcgoodfood.com ... t=1.72
4438 Checking dcard.tw ... t=0.47
4439 Checking jeevansathi.com ... t=1.56
4440 Checking rosegal.com ... t=0.68
4441 Checking tableau.com ... t=1.05
4442 Checking trendyol.com ... t=3.22
4443 Checking uchicago.edu ... t=1.22
4444 Checking orientaltrading.com ... t=2.06
4445 Checking pexels.com ... t=0.26
4446 Checking tasteofhome.com ... t=1.65
4447 Checking groupme.com ... t=2.26
4448 Checking prevention.com ... t=0.95
4449 Checking vc.ru ... t=3.68
4450 Checking dailyfeed.co.uk ... t=0.66
4451 Checking vidtomp3.com ... t=2.02
4452 Checking rutor.info ... t=0.78
4453 Checking screwfix.com ... t=8.74
4454 Checking shoutmeloud.com ... t=1.40
4455 Checking businessdictionary.com ... t=0.98
4456 Checking mytatasky.com ... t=1.18
4457 Checking faithtap.com ... t=0.46
4458 Checking ebaumsworld.com ... t=2.03
4459 Checking e-estekhdam.com ... t=4.18
4460 Checking blog.hu ... t=7.92
4461 Checking ntv.co.jp ... t=0.29
4462 Checking ilaiki.net ... t=1.41
4463 Checking yale.edu ... t=2.14
4464 Checking mplife.com ... t=0.94
4465 Checking 6play.fr ... t=2.53
4466 Checking news-choice.net ... t=0.48
4467 Checking tamilyogi.com ... t=0.64
4468 Checking commonfloor.com ... t=2.54
4469 Checking media-fire.org ... t=2.86
4470 Checking techtimes.com ... t=1.00
4471 Checking porn.porn ... t=0.31
4472 Checking manga-enquete.com ... t=0.33
4473 Checking linguee.com ... t=1.20
4474 Checking anige-sokuhouvip.com ... Exception: [Errno -2] Name or service not known
t=0.74
4475 Checking rs-online.com ... t=3.37
4476 Checking asu.edu ... t=2.08
4477 Checking boohoo.com ... t=1.70
4478 Checking giantbomb.com ... t=1.10
4479 Checking i-doxs.net ... Exception: [Errno -5] No address associated with hostname
t=0.37
4480 Checking eprice.com.tw ... t=0.42
4481 Checking alluc.ee ... t=1.88
4482 Checking liverpool.com.mx ... t=1.78
4483 Checking capterra.com ... t=1.20
4484 Checking gosugamers.net ... t=1.31
4485 Checking pnu.ac.ir ... t=262.07
4486 Checking 24xw.com ... Exception: [Errno -5] No address associated with hostname
t=0.19
4487 Checking aviasales.ru ... t=3.06
4488 Checking publix.com ... Exception: [Errno 110] Connection timed out
t=127.72
4489 Checking nerdist.com ... t=1.76
4490 Checking paragonrels.com ... Exception: [Errno -5] No address associated with hostname
t=2.48
4491 Checking onlinebank.com ... Exception: [Errno 110] Connection timed out
t=128.37
4492 Checking girlsgogames.com ... t=1.48
4493 Checking osym.gov.tr ... t=7.05
4494 Checking mercadolibre.com.pe ... t=2.75
4495 Checking zarinpal.com ... t=4.76
4496 Checking juno.com ... t=1.71
4497 Checking ziggo.nl ... t=2.71
4498 Checking miaopai.com ... t=0.74
4499 Checking alsahmnews.com ... t=5.78
4500 Checking fmovies.to ... t=0.68
4501 Checking c-and-a.com ... t=3.09
4502 Checking guancha.cn ... t=6.28
4503 Checking footmercato.net ... t=0.82
4504 Checking staticwebdom.com ... t=1.14
4505 Checking hobbyking.com ... t=1.26
4506 Checking whois.com ... t=1.55
4507 Checking media.wix.com ... t=0.42
4508 Checking nationalreview.com ... t=0.94
4509 Checking avmo.pw ... t=2.94
4510 Checking goud.ma ... t=1.53
4511 Checking indiabix.com ... t=2.13
4512 Checking filmifullizle.org ... t=0.75
4513 Checking bpi.ir ... t=2.51
4514 Checking khaberni.com ... t=1.88
4515 Checking nextdirect.com ... t=1.31
4516 Checking searchengineland.com ... t=0.62
4517 Checking znds.com ... t=1.04
4518 Checking inbox.lv ... t=5.70
4519 Checking olleh.com ... t=10.50
4520 Checking googleblog.com ... t=0.28
4521 Checking bigcommerce.com ... t=1.45
4522 Checking pdfonline.com ... t=0.54
4523 Checking masturbate.io ... t=0.72
4524 Checking toofy.tv ... t=0.69
4525 Checking ricardo.ch ... Exception: [Errno 110] Connection timed out
t=127.27
4526 Checking alwatanvoice.com ... Exception: [Errno -2] Name or service not known
t=0.72
4527 Checking dl-xvideos.com ... t=0.49
4528 Checking downloadming.io ... t=2.02
4529 Checking patient.info ... t=1.18
4530 Checking wankr.com.cn ... t=0.27
4531 Checking o2online.de ... t=3.36
4532 Checking tvbok.com ... t=0.32
4533 Checking authorize.net ... t=1.08
4534 Checking aol.co.uk ... t=2.07
4535 Checking buffalo.jp ... t=0.83
4536 Checking nicoseiga.jp ... t=0.67
4537 Checking djelfa.info ... t=2.36
4538 Checking colatour.com.tw ... t=0.12
4539 Checking aufeminin.com ... t=3.82
4540 Checking vod.pl ... t=1.42
4541 Checking hawamer.com ... t=0.65
4542 Checking adorama.com ... t=0.80
4543 Checking alsbbora.com ... t=1.41
4544 Checking historythings.com ... t=0.48
4545 Checking thewirecutter.com ... t=1.49
4546 Checking khabarpu.com ... t=1.61
4547 Checking livenation.com ... t=1.48
4548 Checking scout.com ... t=2.32
4549 Checking tori.fi ... t=1.43
4550 Checking svt.se ... t=8.38
4551 Checking idol-blog.com ... Exception: [Errno 110] Connection timed out
t=127.40
4552 Checking carnival.com ... t=0.52
4553 Checking uline.com ... t=0.75
4554 Checking safaribooksonline.com ... t=1.31
4555 Checking 36kr.com ... t=0.92
4556 Checking heraldcorp.com ... t=0.97
4557 Checking technews.tw ... t=0.11
4558 Checking pagseguro.uol.com.br ... t=3.54
4559 Checking couponfollow.com ... t=0.52
4560 Checking worldmarket.com ... t=1.60
4561 Checking mathsisfun.com ... t=1.26
4562 Checking o2tvseries.com ... t=1.26
4563 Checking dice.com ... t=2.86
4564 Checking ganool.ag ... t=1.29
4565 Checking homedepot.ca ... t=2.18
4566 Checking charmingphotolife.me ... t=1.51
4567 Checking synxis.com ... t=3.08
4568 Checking mentalflare.com ... t=0.85
4569 Checking royalcaribbean.com ... t=1.43
4570 Checking flvto.biz ... t=0.95
4571 Checking bookzz.org ... t=0.84
4572 Checking telenet.be ... t=2.68
4573 Checking domain.com.au ... t=1.25
4574 Checking cvent.com ... t=0.51
4575 Checking airbnb.co.uk ... t=0.66
4576 Checking biz-journal.jp ... t=0.14
4577 Checking bnpparibasfortis.be ... t=3.86
4578 Checking xjtour.com ... t=1.04
4579 Checking bodmillenium.com ... Exception: [Errno -5] No address associated with hostname
t=1.35
4580 Checking philips.com ... t=2.01
4581 Checking storypick.com ... t=0.46
4582 Checking r10.net ... t=1.43
4583 Checking yepi.com ... t=1.84
4584 Checking nerdwallet.com ... t=1.76
4585 Checking ecosia.org ... t=3.36
4586 Checking probiller.com ... t=0.73
4587 Checking bonanza.com ... t=2.36
4588 Checking liul.net ... t=0.91
4589 Checking ighome.com ... t=1.37
4590 Checking standardchartered.co.in ... t=1.39
4591 Checking dji.com ... t=1.58
4592 Checking mongodb.com ... t=2.25
4593 Checking goldcarpet.cn ... t=0.55
4594 Checking p-bandai.jp ... t=0.32
4595 Checking hsbc.com.mx ... Exception: [Errno -5] No address associated with hostname
t=2.24
4596 Checking kataweb.it ... t=1.43
4597 Checking hitta.se ... t=3.98
4598 Checking google.cm ... t=2.07
4599 Checking enuri.com ... t=1.04
4600 Checking runnersworld.com ... t=1.05
4601 Checking pornsharing.com ... t=0.59
4602 Checking truecar.com ... t=1.53
4603 Checking buhidoh.net ... t=0.03
4604 Checking techsmith.com ... t=2.18
4605 Checking loopnet.com ... Exception: [Errno 110] Connection timed out
t=127.69
4606 Checking jamnews.ir ... t=5.50
4607 Checking synology.com ... t=0.18
4608 Checking ikman.lk ... t=1.71
4609 Checking yandex.net ... t=3.83
4610 Checking zdbb.net ... t=1.90
4611 Checking ficbook.net ... t=0.78
4612 Checking gamestar.de ... t=2.26
4613 Checking pingdom.com ... t=2.71
4614 Checking gamespark.jp ... t=0.51
4615 Checking aichun.co ... t=1.65
4616 Checking packtpub.com ... t=1.91
4617 Checking dailybananas.com ... t=0.60
4618 Checking mosaiquefm.net ... t=2.50
4619 Checking afpbb.com ... t=0.27
4620 Checking ghatreh.com ... t=2.41
4621 Checking unionbankonline.co.in ... t=0.83
4622 Checking songkick.com ... t=1.91
4623 Checking stockcharts.com ... t=0.37
4624 Checking just-eat.co.uk ... t=0.95
4625 Checking 15min.lt ... t=4.94
4626 Checking dailydot.com ... t=0.86
4627 Checking delish.com ... t=0.86
4628 Checking wikiquote.org ... t=2.87
4629 Checking euronews.com ... t=2.21
4630 Checking mobtada.com ... t=1.39
4631 Checking izlesene.com ... t=7.58
4632 Checking allstate.com ... t=1.29
4633 Checking vikatan.com ... t=1.11
4634 Checking warau.jp ... t=1.29
4635 Checking airdroid.com ... t=1.25
4636 Checking googlesyndication.com ... t=0.26
4637 Checking gleenow.com ... t=1.31
4638 Checking tamu.edu ... t=2.04
4639 Checking magazineluiza.com.br ... t=0.76
4640 Checking corrieredellosport.it ... t=3.14
4641 Checking theprofitsmaker.com ... Exception: [Errno -5] No address associated with hostname
t=0.22
4642 Checking ligtv.com.tr ... t=2.21
4643 Checking ad-link.jp ... Exception: [Errno -5] No address associated with hostname
t=0.50
4644 Checking wpmudev.org ... t=2.37
4645 Checking newsweek.com ... t=1.17
4646 Checking ceskatelevize.cz ... t=5.62
4647 Checking cybozulive.com ... t=0.81
4648 Checking blogphongthuy.com ... t=3.69
4649 Checking womenshealthmag.com ... t=1.03
4650 Checking phoenix.edu ... t=1.33
4651 Checking joyclub.de ... t=0.65
4652 Checking planetsuzy.org ... t=0.49
4653 Checking geocities.co.jp ... Exception: [Errno -5] No address associated with hostname
t=0.17
4654 Checking odatv.com ... t=1.53
4655 Checking carters.com ... t=1.30
4656 Checking fao.org ... t=5.67
4657 Checking cheers.com.tw ... t=0.21
4658 Checking 24sata.hr ... t=2.32
4659 Checking nomura.co.jp ... Exception: [Errno -5] No address associated with hostname
t=0.24
4660 Checking dir.bg ... t=3.94
4661 Checking thetoptens.com ... t=0.39
4662 Checking akinator.com ... Exception: [Errno -2] Name or service not known
t=1.99
4663 Checking jst.go.jp ... Exception: [Errno -5] No address associated with hostname
t=0.40
4664 Checking vedomosti.ru ... t=2.71
4665 Checking sekindo.com ... t=1.49
4666 Checking ucweb.com ... t=1.26
4667 Checking uci.edu ... t=0.77
4668 Checking alphaporno.com ... t=0.72
4669 Checking sciencemag.org ... t=1.54
4670 Checking mapy.cz ... t=3.96
4671 Checking nicesearches.com ... t=0.48
4672 Checking ctvnews.ca ... t=1.29
4673 Checking elmwatin.com ... t=1.39
4674 Checking kapaza.be ... t=4.27
4675 Checking e-boks.dk ... t=2.63
4676 Checking woothemes.com ... t=2.93
4677 Checking etnews.com ... t=0.57
4678 Checking find-travel.jp ... t=0.38
4679 Checking mangatown.com ... t=1.27
4680 Checking rueducommerce.fr ... t=6.15
4681 Checking sweetwater.com ... t=1.50
4682 Checking hotpads.com ... t=1.73
4683 Checking javynow.com ... t=0.22
4684 Checking gopro.com ... t=1.60
4685 Checking hangseng.com ... t=0.69
4686 Checking walkerplus.com ... t=0.79
4687 Checking aircanada.com ... t=0.29
4688 Checking nii.ac.jp ... Exception: [Errno -5] No address associated with hostname
t=0.27
4689 Checking accorhotels.com ... t=2.07
4690 Checking skyscanner.ru ... t=4.13
4691 Checking skyscanner.com ... t=3.58
4692 Checking rediffmailpro.com ... t=1.45
4693 Checking appscase.com ... t=1.05
4694 Checking lovoo.com ... t=2.28
4695 Checking deloitte.com ... t=2.66
4696 Checking xdf.cn ... t=0.70
4697 Checking gusuwang.com ... t=0.98
4698 Checking freshersworld.com ... t=1.34
4699 Checking powerschool.com ... t=1.66
4700 Checking tuikuan.tmall.com ... t=1.37
4701 Checking e621.net ... t=0.02
4702 Checking straitstimes.com ... t=0.41
4703 Checking box.net ... t=2.37
4704 Checking 6vhao.com ... t=5.86
4705 Checking liekr.com ... t=0.55
4706 Checking sharefile.com ... t=1.30
4707 Checking ocnk.net ... t=1.54
4708 Checking medallia.com ... t=2.49
4709 Checking intelius.com ... Exception: [Errno 110] Connection timed out
t=127.34
4710 Checking chewy.com ... t=2.61
4711 Checking babylon.com ... t=1.03
4712 Checking lan.com ... t=1.13
4713 Checking donnaplay.com ... t=1.69
4714 Checking sbis.ru ... t=3.12
4715 Checking sirsi.net ... t=0.84
4716 Checking facilisimo.com ... t=1.44
4717 Checking premierleague.com ... t=1.16
4718 Checking lastminute.com ... t=1.12
4719 Checking macrojuegos.com ... t=0.77
4720 Checking dict.cn ... t=0.50
4721 Checking azcentral.com ... t=8.14
4722 Checking baseball-reference.com ... t=1.08
4723 Checking dilbert.com ... t=1.41
4724 Checking thairath.co.th ... t=3.96
4725 Checking fontspace.com ... t=0.74
4726 Checking unext.jp ... t=2.23
4727 Checking zalando.it ... t=2.28
4728 Checking yam.com ... t=0.78
4729 Checking njuskalo.hr ... t=3.12
4730 Checking t66y.com ... t=0.03
4731 Checking etonline.com ... t=1.68
4732 Checking lineblog.me ... t=0.67
4733 Checking soompi.com ... t=0.98
4734 Checking mycanal.fr ... t=28.46
4735 Checking thepiratebay.se ... t=1.06
4736 Checking adafruit.com ... t=3.83
4737 Checking ttshow.tw ... t=0.18
4738 Checking altadefinizione01.click ... t=1.62
4739 Checking gumroad.com ... t=1.72
4740 Checking b92.net ... t=3.85
4741 Checking quotev.com ... t=0.96
4742 Checking 114la.com ... t=1.11
4743 Checking lepoint.fr ... t=2.09
4744 Checking badabun.net ... t=1.37
4745 Checking planalto.gov.br ... t=1.67
4746 Checking finviz.com ... t=1.32
4747 Checking tv2.dk ... t=1.53
4748 Checking zaobao.com ... t=0.32
4749 Checking firestorage.jp ... t=0.50
4750 Checking kinoman.tv ... t=0.98
4751 Checking teamwork.com ... t=2.91
4752 Checking archdaily.com ... t=0.50
4753 Checking sanguosha.com ... t=0.22
4754 Checking sigmaaldrich.com ... t=1.52
4755 Checking tre.it ... t=0.94
4756 Checking img.yt ... t=0.61
4757 Checking smashingmagazine.com ... t=1.50
4758 Checking unroll.me ... t=1.41
4759 Checking xiu.com ... t=1.24
4760 Checking giallozafferano.it ... t=2.63
4761 Checking oxu.az ... t=5.16
4762 Checking nutmore.com ... t=3.99
4763 Checking 2cto.com ... t=0.77
4764 Checking youngcons.com ... t=1.03
4765 Checking harpersbazaar.com ... t=0.89
4766 Checking nodejs.org ... t=2.68
4767 Checking youmaker.com ... t=0.70
4768 Checking vg247.com ... t=3.25
4769 Checking uscourts.gov ... t=0.79
4770 Checking cathaypacific.com ... t=0.53
4771 Checking guitarcenter.com ... t=1.19
4772 Checking mysku.ru ... t=1.52
4773 Checking fastspring.com ... t=0.36
4774 Checking mailerlite.com ... t=3.07
4775 Checking timesofmalta.com ... t=1.26
4776 Checking epfindia.com ... t=0.89
4777 Checking fontsquirrel.com ... t=2.28
4778 Checking bmail.uol.com.br ... t=3.11
4779 Checking delta-search.com ... Exception: [Errno -5] No address associated with hostname
t=0.15
4780 Checking thepetitionsite.com ... t=0.83
4781 Checking mitbbs.com ... t=1.19
4782 Checking liontravel.com ... t=0.14
4783 Checking beatport.com ... t=1.53
4784 Checking easports.com ... t=1.44
4785 Checking nsw.edu.au ... Exception: [Errno -5] No address associated with hostname
t=0.21
4786 Checking systemrequirementslab.com ... t=1.24
4787 Checking 2ememain.be ... t=1.82
4788 Checking dobreprogramy.pl ... t=3.14
4789 Checking gamingwonderland.com ... t=1.93
4790 Checking joyreactor.cc ... t=1.47
4791 Checking vueling.com ... t=2.28
4792 Checking softcoin.com ... t=0.88
4793 Checking rockpapershotgun.com ... t=3.34
4794 Checking tampermonkey.net ... t=1.34
4795 Checking k12.com ... t=1.74
4796 Checking pso2.jp ... t=0.09
4797 Checking dawnnews.tv ... t=1.05
4798 Checking famousbirthdays.com ... t=0.16
4799 Checking express-scripts.com ... t=3.78
4800 Checking myadvertisingpays.com ... t=1.22
4801 Checking locanto.in ... t=4.26
4802 Checking net-a-porter.com ... t=1.86
4803 Checking hqtube.xxx ... t=0.52
4804 Checking barclaycard.co.uk ... t=7.91
4805 Checking 19lou.com ... t=0.62
4806 Checking imgrum.net ... t=4.33
4807 Checking laravel.com ... t=1.13
4808 Checking myfedloan.org ... t=2.36
4809 Checking crash.net ... t=1.33
4810 Checking waveapps.com ... t=1.65
4811 Checking utoronto.ca ... t=2.40
4812 Checking rotoworld.com ... t=0.55
4813 Checking gnu.org ... t=3.17
4814 Checking proxysite.com ... t=1.29
4815 Checking safetycomefirst.com ... t=0.89
4816 Checking speakingtree.in ... t=1.74
4817 Checking rutgers.edu ... t=2.59
4818 Checking dion.ne.jp ... Exception: [Errno -5] No address associated with hostname
t=0.17
4819 Checking osxdaily.com ... t=0.50
4820 Checking tv-asahi.co.jp ... Exception: [Errno -5] No address associated with hostname
t=0.15
4821 Checking gosunoob.com ... t=2.65
4822 Checking greatist.com ... t=0.86
4823 Checking centos.org ... t=3.31
4824 Checking c-sharpcorner.com ... t=1.56
4825 Checking hamyarwp.com ... t=1.80
4826 Checking haqqin.az ... t=0.78
4827 Checking chowhound.com ... t=2.11
4828 Checking voanews.com ... t=0.30
4829 Checking shareably.net ... t=1.35
4830 Checking bungie.net ... t=1.41
4831 Checking huffingtonpost.es ... t=1.91
4832 Checking sunmaker.com ... t=2.79
4833 Checking potora.jp ... t=0.62
4834 Checking research.net ... t=2.16
4835 Checking gsmhosting.com ... t=0.41
4836 Checking tripadvisor.com.au ... t=2.35
4837 Checking 360kan.com ... t=0.60
4838 Checking tosarang.net ... t=2.59
4839 Checking pornolaba.com ... t=0.92
4840 Checking weiyun.com ... t=0.79
4841 Checking barstoolsports.com ... t=1.06
4842 Checking rssing.com ... t=2.19
4843 Checking mediamarkt.es ... t=3.19
4844 Checking choicehotels.com ... t=1.24
4845 Checking team-bhp.com ... t=1.73
4846 Checking kt9267.com ... t=0.54
4847 Checking besttrendnews.net ... t=0.27
4848 Checking vivo.com.br ... Exception: ''
t=1.34
4849 Checking aeroflot.ru ... t=3.69
4850 Checking flyfrontier.com ... t=2.58
4851 Checking costco.ca ... t=0.81
4852 Checking contra.gr ... t=4.30
4853 Checking financialexpress.com ... t=1.56
4854 Checking eurogamer.net ... t=2.00
4855 Checking sportmaster.ru ... t=3.19
4856 Checking macmillandictionary.com ... t=2.06
4857 Checking tryboobs.com ... t=0.80
4858 Checking lesnumeriques.com ... t=1.84
4859 Checking travelandleisure.com ... t=0.93
4860 Checking desitvbox.me ... t=1.28
4861 Checking tvfplay.com ... t=0.26
4862 Checking retrip.jp ... t=0.44
4863 Checking dealsplus.com ... t=1.50
4864 Checking p30world.com ... t=4.49
4865 Checking 56.com ... t=0.69
4866 Checking budsgunshop.com ... t=2.61
4867 Checking trafficbroker.com ... t=0.96
4868 Checking nationalrail.co.uk ... t=1.17
4869 Checking nat.gov.tw ... Exception: [Errno 110] Connection timed out
t=127.26
4870 Checking webinarjam.net ... t=1.00
4871 Checking poshmark.com ... t=0.90
4872 Checking nguyentandung.org ... t=0.88
4873 Checking media-ad.jp ... Exception: [Errno -5] No address associated with hostname
t=0.06
4874 Checking yinhang.com ... t=1.48
4875 Checking macworld.com ... t=1.21
4876 Checking musiciansfriend.com ... t=1.63
4877 Checking onpato.ru ... t=1.57
4878 Checking toptestes.com ... t=1.34
4879 Checking jdpay.com ... t=4.78
4880 Checking nbg.gr ... t=9.09
4881 Checking buyma.com ... t=0.46
4882 Checking ozipcompression.com ... t=0.58
4883 Checking transferhit.com ... t=0.83
4884 Checking eurosport.ru ... t=1.19
4885 Checking dl-zip.com ... t=0.81
4886 Checking vietnamnet.vn ... t=0.52
4887 Checking iol.pt ... t=3.10
4888 Checking ar15.com ... t=1.63
4889 Checking sensacine.com ... t=2.78
4890 Checking oyorooms.com ... t=2.29
4891 Checking gry-online.pl ... t=2.37
4892 Checking chinanetrank.com ... t=0.70
4893 Checking wolfram.com ... t=1.07
4894 Checking topky.sk ... t=4.00
4895 Checking shonenjump.com ... t=1.30
4896 Checking digit.in ... t=1.72
4897 Checking netvibes.com ... t=2.80
4898 Checking home.pl ... t=2.72
4899 Checking elespectador.com ... t=1.41
4900 Checking mushusei.io ... t=0.48
4901 Checking saturn.de ... t=2.69
4902 Checking sofmap.com ... t=0.53
4903 Checking cinemalek.com ... t=0.76
4904 Checking seamless.com ... t=0.32
4905 Checking beritasatu.com ... t=0.87
4906 Checking zoxy.club ... t=3.92
4907 Checking silkroad.com ... t=1.22
4908 Checking longzhu.com ... t=0.37
4909 Checking jiyoujia.com ... Warning: Redirect exceed limit
t=11.18
4910 Checking noonpresse.com ... t=0.67
4911 Checking iconarchive.com ... t=1.01
4912 Checking marieclaire.com ... t=0.78
4913 Checking mp3fly.in ... t=0.95
4914 Checking uptodate.com ... t=4.54
4915 Checking dinakaran.com ... Exception: [Errno -5] No address associated with hostname
t=1.00
4916 Checking treccani.it ... t=3.77
4917 Checking ynepb.gov.cn ... t=1.68
4918 Checking inosmi.ru ... t=1.70
4919 Checking putlockerr.ac ... t=1.02
4920 Checking cam.ac.uk ... t=3.07
4921 Checking dzone.com ... t=2.00
4922 Checking olx.co.za ... t=1.45
4923 Checking licindia.in ... t=1.35
4924 Checking tvsubtitles.net ... t=8.87
4925 Checking lapresse.ca ... t=0.86
4926 Checking dygang.com ... t=1.71
4927 Checking dtiblog.com ... Exception: ''
t=176.78
4928 Checking alriyadh.com ... t=2.17
4929 Checking harvestapp.com ... t=2.86
4930 Checking lifescript.com ... t=0.82
4931 Checking nespresso.com ... t=2.63
4932 Checking tomshw.it ... t=2.22
4933 Checking doostiha.ir ... t=4.80
4934 Checking seriesblanco.com ... t=1.88
4935 Checking totaljobs.com ... t=1.61
4936 Checking forexpf.ru ... t=2.33
4937 Checking mercari.com ... t=1.17
4938 Checking telmex.com ... t=0.77
4939 Checking mazika2day.com ... t=0.55
4940 Checking cookinglight.com ... t=1.05
4941 Checking theweek.com ... t=0.42
4942 Checking ninemsn.com.au ... t=2.03
4943 Checking pussysaga.com ... t=0.51
4944 Checking promopro.com ... t=2.02
4945 Checking diigo.com ... t=1.61
4946 Checking luxuryslotonline.com ... t=0.87
4947 Checking dramaq.biz ... t=1.00
4948 Checking bettycrocker.com ... t=1.75
4949 Checking dodocook.com ... t=0.23
4950 Checking babyou.com ... t=1.57
4951 Checking freevideo.cz ... t=1.61
4952 Checking jvzoo.com ... t=2.51
4953 Checking idokep.hu ... t=3.81
4954 Checking yan.vn ... t=1.12
4955 Checking nic.ir ... t=3.06
4956 Checking paidverts.com ... t=0.50
4957 Checking films-regarder.com ... t=1.74
4958 Checking mgstage.com ... Exception: [Errno 110] Connection timed out
t=127.30
4959 Checking yjbys.com ... t=0.58
4960 Checking licdn.com ... Exception: [Errno -5] No address associated with hostname
t=0.18
4961 Checking karar.com ... t=1.51
4962 Checking hostelworld.com ... t=1.77
4963 Checking epson.jp ... t=0.46
4964 Checking a8.net ... t=0.48
4965 Checking pomponik.pl ... t=3.06
4966 Checking tvzvezda.ru ... t=1.64
4967 Checking istgah.com ... t=0.74
4968 Checking shink.in ... t=0.66
4969 Checking zapmeta.com ... t=1.37
4970 Checking bt.dk ... t=1.10
4971 Checking wdr.de ... t=9.65
4972 Checking alpha.gr ... Exception: [Errno 111] Connection refused
t=4.82
4973 Checking naszemiasto.pl ... t=3.07
4974 Checking hautelook.com ... t=0.78
4975 Checking hujiang.com ... t=0.74
4976 Checking alhea.com ... t=0.51
4977 Checking kuaidi100.com ... t=0.52
4978 Checking ebags.com ... t=1.53
4979 Checking digikey.com ... t=1.14
4980 Checking scribol.com ... t=1.12
4981 Checking vov.vn ... t=0.52
4982 Checking seagate.com ... t=1.23
4983 Checking debian.org ... t=2.23
4984 Checking dogpile.com ... t=0.85
4985 Checking seoul.co.kr ... t=1.45
4986 Checking axaxl.com ... Exception: [Errno -5] No address associated with hostname
t=1.00
4987 Checking index-education.net ... t=2.84
4988 Checking miniinthebox.com ... t=2.09
4989 Checking almesryoon.com ... t=0.96
4990 Checking freemake.com ... t=0.92
4991 Checking elnoticiero.com.ec ... t=2.42
4992 Checking persianv.com ... t=1.61
4993 Checking renfe.com ... t=2.65
4994 Checking singpass.gov.sg ... Exception: [Errno -5] No address associated with hostname
t=0.88
4995 Checking turbo.az ... t=2.82
4996 Checking cwtv.com ... t=0.86
4997 Checking u17.com ... t=0.25
4998 Checking netvasco.com.br ... t=1.19
4999 Checking ajc.com ... t=4.47
5000 Checking kompass.com ... t=3.37
