5001 Checking entrancecorner.com ... t=1.06
5002 Checking vocabulary.com ... t=1.50
5003 Checking zapier.com ... t=1.60
5004 Checking panerabread.com ... t=1.11
5005 Checking deichmann.com ... t=3.99
5006 Checking techspot.com ... t=0.89
5007 Checking nrttv.com ... t=0.32
5008 Checking labaq.com ... t=0.21
5009 Checking dm530.com ... t=6.67
5010 Checking mathtag.com ... t=0.94
5011 Checking williams-sonoma.com ... t=1.10
5012 Checking infoescola.com ... t=3.23
5013 Checking shueisha.co.jp ... t=0.47
5014 Checking tinydeal.com ... t=1.03
5015 Checking geekbuying.com ... t=1.99
5016 Checking wechat.com ... t=11.45
5017 Checking webdunia.com ... t=0.84
5018 Checking awwwards.com ... t=2.66
5019 Checking 800notes.com ... t=0.56
5020 Checking tsinghua.edu.cn ... Exception: [Errno -5] No address associated with hostname
t=0.30
5021 Checking sncf.com ... t=2.91
5022 Checking kabu.co.jp ... t=0.71
5023 Checking planningcenteronline.com ... t=1.96
5024 Checking cleveland.com ... t=1.40
5025 Checking anidub.com ... t=1.51
5026 Checking perfil.com ... t=2.35
5027 Checking tamilo.com ... t=1.04
5028 Checking break.com ... t=2.48
5029 Checking sdna.gr ... t=2.38
5030 Checking amalgama-lab.com ... t=3.73
5031 Checking zakon.kz ... t=4.06
5032 Checking huffingtonpost.ca ... t=1.95
5033 Checking gogoanime.com ... t=3.28
5034 Checking hipchat.com ... t=0.97
5035 Checking 3158.cn ... t=6.45
5036 Checking 0495.pics ... Exception: [Errno -5] No address associated with hostname
t=0.98
5037 Checking myasiantv.se ... t=0.77
5038 Checking midwayusa.com ... t=0.97
5039 Checking dicio.com.br ... t=1.11
5040 Checking becu.org ... t=1.79
5041 Checking redsys.es ... Exception: [Errno -5] No address associated with hostname
t=1.35
5042 Checking foodandwine.com ... t=0.99
5043 Checking lilplay.com ... t=1.51
5044 Checking estacio.br ... t=3.88
5045 Checking slitherio.org ... t=0.59
5046 Checking symbaloo.com ... t=2.33
5047 Checking verycd.com ... t=0.52
5048 Checking cyzone.cn ... t=1.69
5049 Checking russia.tv ... t=1.34
5050 Checking osdn.jp ... t=0.48
5051 Checking hdonline.vn ... t=1.77
5052 Checking duke.edu ... t=2.79
5053 Checking bethesda.net ... t=0.14
5054 Checking nulltheme.net ... t=0.91
5055 Checking appfolio.com ... t=0.82
5056 Checking forumhouse.ru ... t=4.46
5057 Checking terapeak.com ... t=0.89
5058 Checking beautyexchange.com.hk ... t=0.50
5059 Checking loc.gov ... t=2.51
5060 Checking rizopoulospost.com ... t=1.66
5061 Checking realself.com ... t=0.48
5062 Checking spring.io ... t=0.44
5063 Checking glaz.tv ... t=2.77
5064 Checking glamour.com ... t=0.96
5065 Checking touchofmodern.com ... t=1.84
5066 Checking alef.ir ... t=2.02
5067 Checking bookdepository.com ... t=1.49
5068 Checking grainger.com ... t=0.46
5069 Checking game8.jp ... t=0.45
5070 Checking filmsenzalimiti.co ... t=0.14
5071 Checking suntimes.com ... t=0.80
5072 Checking gazetaglobale.net ... t=1.02
5073 Checking t-online.hu ... t=6.09
5074 Checking lesechos.fr ... t=2.90
5075 Checking anyporn.com ... t=0.30
5076 Checking nikkei.co.jp ... Exception: [Errno -5] No address associated with hostname
t=0.16
5077 Checking 10jqka.com.cn ... t=1.19
5078 Checking memrise.com ... t=2.08
5079 Checking elperiodico.com ... t=3.19
5080 Checking kaidee.com ... t=0.94
5081 Checking jwplayer.com ... t=1.49
5082 Checking webgains.com ... t=2.05
5083 Checking blog.com ... t=1.36
5084 Checking ratewrite.tmall.com ... t=2.89
5085 Checking utarget.ru ... t=9.59
5086 Checking nikkan-gendai.com ... t=0.41
5087 Checking javatpoint.com ... t=3.07
5088 Checking manhunt.net ... t=0.24
5089 Checking calculator.net ... t=1.52
5090 Checking smarterpassword.com ... t=1.86
5091 Checking thrivemarket.com ... t=2.20
5092 Checking player.pl ... t=2.91
5093 Checking garena.in.th ... t=0.56
5094 Checking qatarliving.com ... t=1.26
5095 Checking appgame.com ... t=0.85
5096 Checking yad2.co.il ... t=4.89
5097 Checking einthusan.com ... t=0.50
5098 Checking lazada.vn ... t=1.13
5099 Checking mylust.com ... t=0.80
5100 Checking siemens.com ... t=1.42
5101 Checking beva.com ... t=0.59
5102 Checking unblocked.one ... t=0.81
5103 Checking microcenter.com ... t=1.92
5104 Checking infolinks.com ... t=0.79
5105 Checking antenam.info ... t=0.26
5106 Checking amzreviewtrader.com ... t=1.85
5107 Checking contentabc.com ... Exception: [Errno 111] Connection refused
t=127.52
5108 Checking jawharafm.net ... t=6.74
5109 Checking truyencv.com ... t=0.29
5110 Checking decathlon.fr ... t=1.59
5111 Checking sparkasse.at ... t=4.79
5112 Checking newsbomb.gr ... t=2.50
5113 Checking clickyab.com ... t=0.74
5114 Checking zarplata.ru ... t=2.05
5115 Checking soha.vn ... t=4.33
5116 Checking nearbuy.com ... t=0.82
5117 Checking unwire.hk ... t=0.15
5118 Checking computerworld.com ... t=1.20
5119 Checking 91jm.com ... t=1.07
5120 Checking businessinsider.in ... t=1.72
5121 Checking amung.us ... t=1.17
5122 Checking subscribe.ru ... t=1.56
5123 Checking 52pojie.cn ... t=6.51
5124 Checking ard.de ... t=1.95
5125 Checking thewindowsclub.com ... t=4.43
5126 Checking enotes.com ... t=1.26
5127 Checking netbet.ro ... t=2.21
5128 Checking persiangig.com ... Exception: [Errno 110] Connection timed out
t=22270.59
5129 Checking openclassrooms.com ... t=1.71
5130 Checking litres.ru ... t=3.19
5131 Checking mypoints.com ... Warning: Redirect exceed limit
t=8.74
5132 Checking arcgis.com ... t=2.27
5133 Checking fujitsu.com ... t=0.83
5134 Checking hizliresim.com ... t=0.70
5135 Checking interfax.ru ... t=2.94
5136 Checking xitek.com ... t=0.59
5137 Checking minecraftservers.org ... t=0.55
5138 Checking ttt4.com ... t=1.38
5139 Checking startv.com.tr ... t=2.82
5140 Checking mafa.com ... t=0.85
5141 Checking spectacularimageheaven.net ... t=0.54
5142 Checking vancl.com ... t=1.05
5143 Checking zynga.com ... t=1.64
5144 Checking mtb.com ... t=4.90
5145 Checking winshang.com ... t=1.09
5146 Checking bloggersarena.com ... t=0.79
5147 Checking thiruttuvcd.me ... t=1.80
5148 Checking passeidireto.com ... t=2.48
5149 Checking identi.li ... t=0.67
5150 Checking auspost.com.au ... t=1.58
5151 Checking gfxxtra.com ... t=1.29
5152 Checking politicususa.com ... t=2.84
5153 Checking fortadpays.com ... t=3.09
5154 Checking createspace.com ... t=1.91
5155 Checking utah.edu ... t=1.29
5156 Checking technopoint.ru ... t=1.10
5157 Checking rosewholesale.com ... t=0.36
5158 Checking sec.gov ... t=2.59
5159 Checking prokerala.com ... t=1.04
5160 Checking nullpoantenna.com ... t=0.41
5161 Checking srf.ch ... t=1.86
5162 Checking kicktipp.de ... t=2.78
5163 Checking paychex.com ... t=12.40
5164 Checking tooxclusive.com ... t=0.74
5165 Checking kia.com ... t=1.42
5166 Checking webmotors.com.br ... t=6.10
5167 Checking reklama5.mk ... t=1.33
5168 Checking computrabajo.com.mx ... t=1.18
5169 Checking tvspielfilm.de ... t=1.30
5170 Checking jp.net ... t=1.85
5171 Checking when.com ... t=2.41
5172 Checking mypearson.com ... Exception: [Errno -5] No address associated with hostname
t=1.24
5173 Checking brainly.com.br ... t=1.00
5174 Checking apartmentguide.com ... t=1.88
5175 Checking tiphero.com ... t=0.93
5176 Checking safemls.net ... Exception: [Errno -5] No address associated with hostname
t=0.94
5177 Checking petapixel.com ... t=0.44
5178 Checking decipherinc.com ... t=0.73
5179 Checking aplus.com ... t=0.46
5180 Checking basspro.com ... t=0.56
5181 Checking 1544.ir ... t=1.50
5182 Checking mamibuy.com.tw ... t=1.22
5183 Checking libreoffice.org ... t=2.91
5184 Checking army.mil ... Exception: [Errno -5] No address associated with hostname
t=0.61
5185 Checking liansuo.com ... t=7.37
5186 Checking smithsonianmag.com ... t=1.37
5187 Checking bunte.de ... t=3.59
5188 Checking arte.tv ... t=3.14
5189 Checking sib.im ... t=0.98
5190 Checking huffpostarabi.com ... t=1.52
5191 Checking jjyyfsdowns.net ... t=1.48
5192 Checking irr.ru ... Exception: [Errno 110] Connection timed out
t=132.15
5193 Checking northwestern.edu ... t=2.89
5194 Checking cooltest.me ... t=1.66
5195 Checking batmanstream.com ... t=1.37
5196 Checking 55haitao.com ... t=1.42
5197 Checking meijutt.com ... t=1.90
5198 Checking firefoxchina.cn ... t=1.20
5199 Checking magister.net ... Exception: [Errno -5] No address associated with hostname
t=1.15
5200 Checking faceit.com ... t=1.76
5201 Checking vbox7.com ... t=1.06
5202 Checking companieshouse.gov.uk ... t=3.51
5203 Checking mbtrx.com ... t=0.46
5204 Checking clicktripz.com ... t=0.85
5205 Checking elo7.com.br ... t=1.61
5206 Checking sblo.jp ... t=28.90
5207 Checking apkmirror.com ... t=0.98
5208 Checking spicejet.com ... t=1.71
5209 Checking jdhg.com ... t=0.85
5210 Checking rk.com ... t=0.22
5211 Checking fifa.com ... t=0.97
5212 Checking miamiherald.com ... t=1.71
5213 Checking canalplus.fr ... t=2.59
5214 Checking sigmalive.com ... t=3.46
5215 Checking medindia.net ... t=1.91
5216 Checking very.co.uk ... t=1.59
5217 Checking genial.guru ... t=0.61
5218 Checking maturemoms.tv ... t=0.73
5219 Checking motorola.com ... t=3.15
5220 Checking runoob.com ... t=0.70
5221 Checking ilcorsaronero.info ... t=0.83
5222 Checking optifine.net ... t=1.20
5223 Checking blogosfera.uol.com.br ... t=2.64
5224 Checking amiami.jp ... t=0.48
5225 Checking mercadolibre.cl ... t=3.04
5226 Checking publico.es ... t=2.70
5227 Checking onlinesbh.com ... t=4.79
5228 Checking neopets.com ... t=1.76
5229 Checking runetki.com ... t=0.33
5230 Checking vippers.jp ... t=0.35
5231 Checking futbol24.com ... t=2.58
5232 Checking liberation.fr ... t=2.35
5233 Checking state.nj.us ... Exception: [Errno -5] No address associated with hostname
t=1.05
5234 Checking bittorrent.com ... t=1.91
5235 Checking leadpages.net ... t=1.34
5236 Checking gao7.com ... t=0.96
5237 Checking yapo.cl ... t=1.47
5238 Checking voluumtrk2.com ... t=0.48
5239 Checking google.co.cr ... t=1.15
5240 Checking blackhatworld.com ... t=5.22
5241 Checking bdjobs.com ... t=0.80
5242 Checking gigya.com ... t=0.94
5243 Checking extremetube.com ... t=0.42
5244 Checking hhj9.com ... t=0.67
5245 Checking tv-tokyo.co.jp ... Exception: [Errno -5] No address associated with hostname
t=0.15
5246 Checking 99designs.com ... t=1.41
5247 Checking mturk.com ... t=4.54
5248 Checking al3asma.com ... t=3.00
5249 Checking society6.com ... t=1.64
5250 Checking madrid.org ... Exception: [Errno -5] No address associated with hostname
t=1.49
5251 Checking hashocean.com ... t=0.64
5252 Checking futurelearn.com ... t=2.26
5253 Checking hola.org ... t=0.46
5254 Checking vevo.com ... t=0.99
5255 Checking xendan.org ... t=0.83
5256 Checking ea3w.com ... t=1.57
5257 Checking bonappetit.com ... t=1.15
5258 Checking indiewire.com ... t=0.98
5259 Checking occ.com.mx ... t=7.30
5260 Checking ruelala.com ... t=0.74
5261 Checking altsantiri.gr ... t=3.67
5262 Checking 2ch.sc ... t=0.15
5263 Checking donmai.us ... t=0.55
5264 Checking liepin.com ... t=2.09
5265 Checking thestar.com.my ... t=0.84
5266 Checking ib-game.jp ... t=0.50
5267 Checking whattoexpect.com ... t=2.64
5268 Checking opposingviews.com ... t=1.12
5269 Checking java2s.com ... t=0.54
5270 Checking soft112.com ... t=1.77
5271 Checking oa.com ... t=1.50
5272 Checking hewitt.com ... Exception: [Errno -5] No address associated with hostname
t=0.77
5273 Checking poptm.com ... t=0.68
5274 Checking sewar.net ... t=0.48
5275 Checking al.com ... t=3.46
5276 Checking comcast.com ... t=2.93
5277 Checking 24.hu ... t=1.60
5278 Checking kidstaff.com.ua ... t=3.18
5279 Checking pagalworld.info ... t=0.86
5280 Checking gamebase.com.tw ... t=0.17
5281 Checking purepeople.com ... t=2.03
5282 Checking aib.ie ... t=2.35
5283 Checking mom.me ... t=0.61
5284 Checking amctheatres.com ... t=3.64
5285 Checking reserveamerica.com ... t=1.48
5286 Checking malltail.com ... t=0.26
5287 Checking publitas.com ... t=1.26
5288 Checking hillaryclinton.com ... t=1.91
5289 Checking amc.com ... t=2.43
5290 Checking blueapron.com ... t=2.41
5291 Checking hotline.ua ... t=1.79
5292 Checking fl.ru ... t=4.15
5293 Checking rapidtables.com ... t=0.71
5294 Checking przegladsportowy.pl ... t=3.00
5295 Checking maduradas.com ... t=0.95
5296 Checking muyzorras.com ... t=0.58
5297 Checking garena.tw ... t=0.09
5298 Checking songsmp3.info ... t=1.53
5299 Checking ashams.com ... t=1.50
5300 Checking 82cook.com ... t=0.71
5301 Checking comicbus.com ... t=0.83
5302 Checking sdo.com ... t=1.74
5303 Checking thisoldhouse.com ... t=1.31
5304 Checking yoob.com ... t=0.05
5305 Checking cruisecritic.com ... t=2.28
5306 Checking noticias24.com ... t=0.88
5307 Checking penny-arcade.com ... t=0.91
5308 Checking freepdfconvert.com ... t=2.41
5309 Checking kinokong.net ... t=0.75
5310 Checking u-car.com.tw ... t=0.98
5311 Checking slineads.com ... t=0.68
5312 Checking excelsior.com.mx ... t=2.32
5313 Checking eazel.com ... t=2.84
5314 Checking nosvideo.com ... t=0.98
5315 Checking imgfarm.com ... t=0.68
5316 Checking topshop.com ... t=0.83
5317 Checking cliponyu.com ... t=1.53
5318 Checking worksmobile.com ... t=1.97
5319 Checking webike.net ... t=0.67
5320 Checking shoplocal.com ... t=1.19
5321 Checking launchpad.net ... t=2.76
5322 Checking modernweekly.com ... t=0.34
5323 Checking conrad.de ... t=3.34
5324 Checking practo.com ... t=0.80
5325 Checking roosterteeth.com ... t=1.08
5326 Checking weeronline.nl ... Exception: [Errno -2] Name or service not known
t=3.39
5327 Checking anadolu.edu.tr ... t=2.41
5328 Checking hobbylobby.com ... t=1.04
5329 Checking 360game.vn ... t=0.17
5330 Checking tn.gov.in ... t=2.44
5331 Checking xiaomi.cn ... t=0.60
5332 Checking 9news.com.au ... Exception: [Errno 110] Connection timed out
t=127.38
5333 Checking ee.co.uk ... t=0.97
5334 Checking leguide.com ... t=2.46
5335 Checking senasofiaplus.edu.co ... t=1.14
5336 Checking ilacrehberi.com ... t=2.54
5337 Checking thewrap.com ... t=1.00
5338 Checking shiksha.com ... t=1.85
5339 Checking qualcomm.com ... t=0.60
5340 Checking komputerswiat.pl ... t=3.66
5341 Checking fashionguide.com.tw ... t=0.14
5342 Checking crutchfield.com ... t=4.20
5343 Checking dota2.com ... t=1.07
5344 Checking rare.us ... t=0.53
5345 Checking bankier.pl ... t=1.46
5346 Checking tumangaonline.com ... t=0.04
5347 Checking indishare.me ... t=1.10
5348 Checking roodo.com ... t=0.32
5349 Checking upi.com ... t=1.56
5350 Checking vid.ag ... t=1.67
5351 Checking motor-talk.de ... t=2.00
5352 Checking computerbase.de ... t=2.79
5353 Checking bathandbodyworks.com ... t=1.50
5354 Checking zuanke8.com ... Exception: [Errno -5] No address associated with hostname
t=0.53
5355 Checking mbalib.com ... t=0.97
5356 Checking timesofindia.com ... t=2.32
5357 Checking buy123.com.tw ... t=0.41
5358 Checking dqx.jp ... Exception: [Errno -5] No address associated with hostname
t=0.16
5359 Checking dastelefonbuch.de ... t=2.53
5360 Checking jiayuan.com ... t=0.70
5361 Checking smart-torrents.com ... t=2.57
5362 Checking rtbf.be ... t=4.45
5363 Checking brobible.com ... t=0.52
5364 Checking yapikredi.com.tr ... t=4.24
5365 Checking classiccars.com ... t=0.62
5366 Checking duomai.com ... t=0.56
5367 Checking online-life.cc ... t=3.88
5368 Checking blablacar.fr ... t=1.88
5369 Checking ncsecu.org ... t=2.37
5370 Checking urssaf.fr ... Exception: [Errno -5] No address associated with hostname
t=1.26
5371 Checking gametwist.com ... t=12.41
5372 Checking freebitco.in ... t=0.55
5373 Checking eharmony.com ... t=1.15
5374 Checking speednetwork6.com ... Exception: [Errno -5] No address associated with hostname
t=0.16
5375 Checking warriorforum.com ... t=0.88
5376 Checking ulke.com.tr ... t=5.53
5377 Checking tophotels.ru ... t=1.67
5378 Checking adsmena.com ... t=0.69
5379 Checking medi1tv.com ... t=4.79
5380 Checking stltoday.com ... t=1.96
5381 Checking npo.nl ... t=13.36
5382 Checking speednetwork1.com ... Exception: [Errno -5] No address associated with hostname
t=0.15
5383 Checking theregister.co.uk ... t=1.57
5384 Checking gossipdigital.com ... t=1.49
5385 Checking brightonclick.com ... t=0.62
5386 Checking notebookcheck.net ... t=1.24
5387 Checking branchroughlend.info ... t=0.95
5388 Checking ojooo.com ... t=1.94
5389 Checking hsbc.com ... t=2.61
5390 Checking iu.edu ... t=3.65
5391 Checking huffingtonpost.in ... t=1.18
5392 Checking onlinesoccermanager.com ... t=2.21
5393 Checking qinqinbaby.com ... t=0.77
5394 Checking coinmill.com ... t=0.44
5395 Checking nta.go.jp ... Exception: [Errno -5] No address associated with hostname
t=0.18
5396 Checking adyen.com ... t=7.56
5397 Checking khaosod.co.th ... t=0.59
5398 Checking insight.co.kr ... t=0.31
5399 Checking go108.com.cn ... t=0.56
5400 Checking qcqco.com ... Exception: [Errno -5] No address associated with hostname
t=0.91
5401 Checking flyertalk.com ... t=2.59
5402 Checking anonym.to ... t=1.26
5403 Checking whitehouse.gov ... t=0.86
5404 Checking baby.ru ... t=2.48
5405 Checking paigeeworld.com ... t=1.34
5406 Checking techpowerup.com ... t=4.65
5407 Checking rome2rio.com ... t=1.94
5408 Checking get-a-fuck-tonight.com ... t=5.28
5409 Checking discas.net ... t=5.78
5410 Checking neogame.jp ... Exception: [Errno -5] No address associated with hostname
t=0.21
5411 Checking jqueryui.com ... t=0.44
5412 Checking standard.co.uk ... t=4.78
5413 Checking oantagonista.com ... t=15.11
5414 Checking tuttosport.com ... t=2.70
5415 Checking askul.co.jp ... t=0.43
5416 Checking pmu.fr ... Warning: Redirect exceed limit
t=64.84
5417 Checking mathxl.com ... t=2.35
5418 Checking schoolloop.com ... t=1.36
5419 Checking cyanogenmod.org ... t=0.82
5420 Checking rojadirecta.me ... t=1.67
5421 Checking camdolls.com ... t=1.99
5422 Checking islamicfinder.org ... t=0.61
5423 Checking mg.gov.br ... Exception: [SSL: CERTIFICATE_VERIFY_FAILED] certificate verify failed (_ssl.c:590)
t=2.53
5424 Checking dailypost.ng ... t=0.49
5425 Checking applitrack.com ... t=2.99
5426 Checking axeso5.com ... t=1.67
5427 Checking pciconcursos.com.br ... t=2.09
5428 Checking hpconnected.com ... t=3.81
5429 Checking league-funny.com ... t=0.27
5430 Checking 24news.today ... t=0.50
5431 Checking d-upp.com ... t=0.27
5432 Checking laprensa.com.ni ... t=0.87
5433 Checking misumi-ec.com ... Exception: [Errno -5] No address associated with hostname
t=0.18
5434 Checking yimg.jp ... Exception: [Errno -5] No address associated with hostname
t=0.15
5435 Checking frazens.com ... t=0.41
5436 Checking jhu.edu ... t=2.79
5437 Checking bitsnoop.com ... t=0.87
5438 Checking yourlust.com ... t=0.84
5439 Checking hudong.com ... t=0.22
5440 Checking dotloop.com ... t=2.22
5441 Checking bershka.com ... t=0.37
5442 Checking jotform.com ... t=1.12
5443 Checking laracasts.com ... t=1.62
5444 Checking listentoyoutube.com ... t=0.95
5445 Checking redbull.com ... t=1.83
5446 Checking key.com ... t=3.45
5447 Checking airbnb.it ... t=0.79
5448 Checking openrice.com ... t=1.33
5449 Checking imooc.com ... t=0.80
5450 Checking craftsvilla.com ... t=0.53
5451 Checking successfactors.eu ... Exception: [Errno -5] No address associated with hostname
t=0.50
5452 Checking speednetwork14.com ... Exception: [Errno -5] No address associated with hostname
t=0.03
5453 Checking irishtimes.com ... t=2.57
5454 Checking sbiepay.com ... Exception: [Errno 110] Connection timed out
t=127.70
5455 Checking redlink.com.ar ... Exception: [Errno -5] No address associated with hostname
t=1.58
5456 Checking ncsu.edu ... t=3.53
5457 Checking metoffice.gov.uk ... t=0.87
5458 Checking appannie.com ... t=1.65
5459 Checking aesoponline.com ... Exception: [Errno -2] Name or service not known
t=0.93
5460 Checking rediffmail.com ... t=0.83
5461 Checking delfi.ee ... t=2.68
5462 Checking svtplay.se ... t=6.29
5463 Checking gamebomb.ru ... t=2.10
5464 Checking elheddaf.com ... t=1.17
5465 Checking weather.gc.ca ... t=1.23
5466 Checking moviefone.com ... t=1.65
5467 Checking shopping-now.jp ... t=0.16
5468 Checking 037hd.com ... t=0.83
5469 Checking tantannews.com ... t=1.42
5470 Checking designmantic.com ... t=1.08
5471 Checking mercadopago.com ... t=2.44
5472 Checking esam.ir ... t=2.52
5473 Checking cbse.nic.in ... t=36.97
5474 Checking gamesradar.com ... t=3.77
5475 Checking lelong.com.my ... t=0.42
5476 Checking webofknowledge.com ... t=4.81
5477 Checking nickjr.com ... t=2.78
5478 Checking polar.com ... t=3.56
5479 Checking lianjia.com ... t=1.54
5480 Checking tele2.ru ... t=2.98
5481 Checking irancell.ir ... t=6.35
5482 Checking gva.es ... t=9.62
5483 Checking hidemyass.com ... t=0.20
5484 Checking americasfreedomfighters.com ... t=0.96
5485 Checking youngliving.com ... t=3.25
5486 Checking tamindir.com ... t=1.82
5487 Checking hurriyetemlak.com ... t=3.54
5488 Checking berliner-sparkasse.de ... t=7.33
5489 Checking ethz.ch ... t=5.10
5490 Checking dreamhost.com ... t=1.76
5491 Checking eprice.it ... t=4.23
5492 Checking nukistream.com ... t=1.14
5493 Checking zbj.com ... t=1.46
5494 Checking youtubeinmp4.com ... t=0.67
5495 Checking lenovo.com.cn ... t=1.08
5496 Checking skybet.com ... Exception: [Errno 110] Connection timed out
t=127.29
5497 Checking yiwugou.com ... t=2.20
5498 Checking dizipub.com ... t=0.41
5499 Checking novaskin.me ... t=0.78
5500 Checking gbf-wiki.com ... t=0.23
5501 Checking rte.ie ... t=1.52
5502 Checking allmodern.com ... t=3.65
5503 Checking flightrising.com ... t=1.05
5504 Checking mtv.fi ... t=3.97
5505 Checking guildwars2.com ... t=2.21
5506 Checking hjenglish.com ... t=2.36
5507 Checking twc.com ... t=5.22
5508 Checking edline.net ... t=1.63
5509 Checking google.com.om ... t=1.82
5510 Checking sinonimos.com.br ... t=0.94
5511 Checking advfn.com ... t=5.57
5512 Checking elamwal.com ... t=1.90
5513 Checking rj.gov.br ... t=6.66
5514 Checking baykoreans.net ... t=0.66
5515 Checking search.com ... t=2.64
5516 Checking fgov.be ... t=1.30
5517 Checking sb24.com ... t=0.93
5518 Checking lifehacklane.com ... t=0.49
5519 Checking nova.cz ... Exception: [Errno 101] Network is unreachable
t=7.90
5520 Checking wykop.pl ... t=5.85
5521 Checking 3movs.com ... t=1.96
5522 Checking n121adserv.com ... t=1.64
5523 Checking htmlpublish.com ... t=0.32
5524 Checking tdcanadatrust.com ... t=1.26
5525 Checking casadellibro.com ... t=2.44
5526 Checking 1001freefonts.com ... t=1.74
5527 Checking dumpaday.com ... t=1.38
5528 Checking egypttoday.co.uk ... t=1.41
5529 Checking jossandmain.com ... t=1.88
5530 Checking metropoles.com ... t=1.41
5531 Checking airindia.in ... t=1.07
5532 Checking avery.com ... t=1.66
5533 Checking virginia.edu ... t=255.37
5534 Checking h2porn.com ... t=0.38
5535 Checking citrix.com ... t=3.38
5536 Checking plusnetwork.com ... t=0.95
5537 Checking paginebianche.it ... t=1.92
5538 Checking dana.ir ... t=1.71
5539 Checking gta5-mods.com ... t=1.25
5540 Checking scambioetico.org ... t=2.71
5541 Checking 7769domain.com ... t=0.63
5542 Checking al-marsd.com ... t=1.54
5543 Checking hentaihaven.org ... t=0.02
5544 Checking 52pk.com ... t=6.11
5545 Checking carrefour.fr ... t=1.69
5546 Checking lemall.com ... t=2.79
5547 Checking alza.cz ... t=7.95
5548 Checking megashare.sc ... t=1.27
5549 Checking segodnya.ua ... t=3.13
5550 Checking macworld.co.uk ... t=2.14
5551 Checking ch.com ... t=0.92
5552 Checking foozine.com ... t=2.74
5553 Checking olx.bg ... Exception: [Errno 111] Connection refused
t=28.46
5554 Checking desk.com ... t=1.11
5555 Checking hornbach.de ... Exception: [Errno 110] Connection timed out
t=127.67
5556 Checking mymanga.me ... t=0.64
5557 Checking etsystatic.com ... Exception: [Errno -5] No address associated with hostname
t=0.19
5558 Checking academy.com ... t=1.90
5559 Checking tigerdirect.com ... t=1.98
5560 Checking digitalspy.com ... t=1.19
5561 Checking crowdworks.jp ... t=0.49
5562 Checking rsc.org ... t=3.16
5563 Checking yifymovie.re ... t=1.87
5564 Checking minecraft-mp.com ... t=0.74
5565 Checking mail.uol.com.br ... t=3.35
5566 Checking ohio.gov ... t=1.03
5567 Checking yourtailorednews.com ... t=0.40
5568 Checking qjy168.com ... t=0.82
5569 Checking carsales.com.au ... t=1.76
5570 Checking game-debate.com ... t=1.42
5571 Checking in.gov ... t=1.64
5572 Checking phununet.com ... t=78.34
5573 Checking computrabajo.com.co ... t=0.99
5574 Checking cardvrmirrorr.ru ... t=1.32
5575 Checking fox.com ... t=0.36
5576 Checking yourbittorrent.com ... t=0.74
5577 Checking expatriates.com ... t=1.05
5578 Checking lexilogos.com ... t=2.03
5579 Checking jtb.co.jp ... t=0.47
5580 Checking eurobank.gr ... Exception: ''
t=1.97
5581 Checking ratp.fr ... Exception: timed out
t=180.88
5582 Checking wdc.com ... t=24.45
5583 Checking zyngagames.com ... t=0.57
5584 Checking spectranet.com.ng ... t=3.24
5585 Checking vseinstrumenti.ru ... t=2.46
5586 Checking fardanews.com ... t=4.84
5587 Checking camfrog.com ... t=1.25
5588 Checking diario.mx ... t=0.65
5589 Checking tes.com ... t=1.58
5590 Checking journaldunet.com ... t=1.37
5591 Checking yahoo-help.jp ... Exception: [Errno -5] No address associated with hostname
t=0.15
5592 Checking dmhy.org ... t=0.47
5593 Checking pulscen.ru ... t=3.06
5594 Checking oreillyauto.com ... t=2.60
5595 Checking lavozdegalicia.es ... t=2.65
5596 Checking plotek.pl ... t=3.94
5597 Checking startsiden.no ... t=2.62
5598 Checking tdameritrade.com ... t=0.70
5599 Checking novayagazeta.ru ... t=2.95
5600 Checking about.me ... t=1.68
5601 Checking manuscriptcentral.com ... t=2.47
5602 Checking buzzorange.com ... t=0.97
5603 Checking rabota.ru ... t=2.70
5604 Checking work.ua ... t=3.42
5605 Checking dealabs.com ... t=1.36
5606 Checking brasilescola.uol.com.br ... t=2.17
5607 Checking calameo.com ... t=2.57
5608 Checking hwupgrade.it ... t=1.00
5609 Checking poki.com ... t=0.79
5610 Checking antpedia.com ... t=0.72
5611 Checking humana.com ... t=2.50
5612 Checking tweakers.net ... t=3.67
5613 Checking livefilestore.com ... Exception: [Errno -5] No address associated with hostname
t=0.15
5614 Checking infibeam.com ... t=0.98
5615 Checking e-monsite.com ... t=15.31
5616 Checking ubc.ca ... t=1.01
5617 Checking alayam24.com ... t=1.45
5618 Checking g-fox.cn ... t=0.29
5619 Checking onlyinyourstate.com ... t=2.81
5620 Checking businesswire.com ... t=2.47
5621 Checking fruitmail.net ... Exception: [Errno -5] No address associated with hostname
t=0.68
5622 Checking belk.com ... t=0.29
5623 Checking bankifsccode.com ... t=0.55
5624 Checking aftabir.com ... t=1.87
5625 Checking pearsonvue.com ... t=4.80
5626 Checking turktelekom.com.tr ... t=5.59
5627 Checking statcan.gc.ca ... t=1.79
5628 Checking nascar.com ... t=0.66
5629 Checking eurovision.tv ... t=2.00
5630 Checking tidal.com ... t=0.48
5631 Checking iol.co.za ... t=0.84
5632 Checking cuantarazon.com ... t=1.96
5633 Checking thumbzilla.com ... t=0.37
5634 Checking express.com ... t=0.53
5635 Checking popsci.com ... t=0.94
5636 Checking ziddu.com ... t=4.26
5637 Checking cyberlink.com ... t=0.18
5638 Checking sparebank1.no ... t=3.21
5639 Checking interpals.net ... t=1.06
5640 Checking nudevista.tv ... t=0.93
5641 Checking collider.com ... t=0.47
5642 Checking bankofindia.com ... t=0.73
5643 Checking pronews.gr ... t=5.62
5644 Checking bell.ca ... t=2.29
5645 Checking jamejamonline.ir ... t=4.51
5646 Checking scroll.in ... t=0.20
5647 Checking hdfilmcehennemi.com ... t=1.50
5648 Checking genvideos.org ... t=0.54
5649 Checking androidfilehost.com ... t=1.51
5650 Checking elbilad.net ... t=1.25
5651 Checking hepsibahis308.com ... t=0.97
5652 Checking free-av-douga.com ... t=0.20
5653 Checking newsbeast.gr ... t=2.64
5654 Checking kongzhong.com ... t=0.79
5655 Checking anthem.com ... t=4.87
5656 Checking collabserv.com ... Exception: [Errno 110] Connection timed out
t=127.63
5657 Checking videisimo.net ... t=1.01
5658 Checking akakce.com ... t=3.20
5659 Checking hvg.hu ... t=0.72
5660 Checking thestudentroom.co.uk ... t=0.89
5661 Checking onecall2ch.com ... t=0.37
5662 Checking mymovies.it ... t=3.23
5663 Checking showup.tv ... t=0.61
5664 Checking gossiplankanews.com ... t=0.35
5665 Checking qip.ru ... t=2.34
5666 Checking 2dehands.be ... t=1.77
5667 Checking stepstone.de ... t=1.86
5668 Checking eventim.de ... t=1.16
5669 Checking experian.com ... t=2.05
5670 Checking mindbodygreen.com ... t=1.23
5671 Checking 23andme.com ... t=3.98
5672 Checking aproductmsg.com ... Exception: [Errno -5] No address associated with hostname
t=0.21
5673 Checking ndr.de ... t=2.51
5674 Checking 18374ir.com ... t=1.45
5675 Checking whirlpool.net.au ... t=0.80
5676 Checking canalporno.com ... t=0.49
5677 Checking securecode.com ... t=3.37
5678 Checking wind.it ... t=4.13
5679 Checking megogo.net ... t=5.13
5680 Checking sep.gob.mx ... Exception: [Errno -3] Temporary failure in name resolution
t=20.02
5681 Checking grid.mk ... t=1.46
5682 Checking imprssngl.info ... t=0.91
5683 Checking etoro.com ... t=2.41
5684 Checking jawabkom.com ... t=1.87
5685 Checking mobutrafsrcms.com ... Exception: [Errno 111] Connection refused
t=0.07
5686 Checking clicknupload.link ... t=1.76
5687 Checking orico.co.jp ... Exception: [Errno -5] No address associated with hostname
t=0.19
5688 Checking bu.edu ... t=1.73
5689 Checking freepik.es ... t=1.30
5690 Checking muji.net ... t=0.75
5691 Checking biomedcentral.com ... t=0.87
5692 Checking hirunews.lk ... t=4.06
5693 Checking recode.net ... t=0.71
5694 Checking moi.gov.qa ... t=3.28
5695 Checking chaduo.com ... t=1.37
5696 Checking minkch.com ... t=0.15
5697 Checking livecareer.com ... t=3.62
5698 Checking rabota.ua ... t=1.54
5699 Checking adstract.com ... Exception: [Errno -5] No address associated with hostname
t=0.06
5700 Checking htmlbook.ru ... t=2.23
5701 Checking stirileprotv.ro ... t=1.83
5702 Checking game8.biz ... t=1.00
5703 Checking dailysnark.com ... t=0.50
5704 Checking childrensplace.com ... t=1.02
5705 Checking searchmgr.com ... t=0.30
5706 Checking gazetatema.net ... t=2.56
5707 Checking 61saat.com ... t=4.68
5708 Checking dream11.com ... t=1.66
5709 Checking gov.on.ca ... t=3.82
5710 Checking claimbtc.com ... t=0.69
5711 Checking yumpu.com ... t=1.98
5712 Checking economia.uol.com.br ... t=1.98
5713 Checking foundationapi.com ... t=0.50
5714 Checking globalnews.ca ... t=0.38
5715 Checking bcsh.com ... t=2.87
5716 Checking zhcw.com ... t=0.83
5717 Checking jobstreet.co.id ... t=1.48
5718 Checking jimmyjohns.com ... t=4.55
5719 Checking zealer.com ... t=1.13
5720 Checking tower.jp ... t=0.44
5721 Checking ignou.ac.in ... t=0.82
5722 Checking e3rfkora.com ... t=1.62
5723 Checking peru.com ... t=2.32
5724 Checking topuniversities.com ... t=0.94
5725 Checking babyschool.com.cn ... t=1.47
5726 Checking gazetablic.com ... t=1.45
5727 Checking pcbaby.com.cn ... t=0.31
5728 Checking dropant.com ... t=5.74
5729 Checking dagospia.com ... t=1.82
5730 Checking xlovecam.com ... t=0.59
5731 Checking herb.co ... t=0.57
5732 Checking geeksforgeeks.org ... t=0.97
5733 Checking cwb.gov.tw ... t=0.10
5734 Checking iobnet.co.in ... Exception: [Errno -5] No address associated with hostname
t=1.76
5735 Checking alltube.tv ... t=0.62
5736 Checking nairabet.com ... t=2.38
5737 Checking kaola.com ... t=0.48
5738 Checking myradioaccess.com ... t=1.42
5739 Checking empowr.com ... t=1.06
5740 Checking iberia.com ... t=3.48
5741 Checking pier1.com ... t=1.53
5742 Checking mouthshut.com ... t=6.26
5743 Checking admin.ch ... Exception: [Errno -5] No address associated with hostname
t=1.31
5744 Checking rns.online ... t=4.94
5745 Checking coches.net ... t=1.25
5746 Checking endomondo.com ... t=2.00
5747 Checking aftenposten.no ... t=2.97
5748 Checking ksu.edu.sa ... t=1.26
5749 Checking cooltext.com ... t=0.77
5750 Checking forbes.ru ... t=1.99
5751 Checking rd.com ... t=14.48
5752 Checking bandsintown.com ... t=2.35
5753 Checking addic7ed.com ... t=1.46
5754 Checking ctfile.com ... t=0.19
5755 Checking ufindmedia.com ... t=0.21
5756 Checking ashleymadison.com ... t=0.02
5757 Checking vlive.tv ... t=0.81
5758 Checking 9xmovies.in ... t=2.24
5759 Checking freecodecamp.com ... t=2.26
5760 Checking workable.com ... t=2.94
5761 Checking ennaharonline.com ... t=7.47
5762 Checking starzplay.com ... t=1.72
5763 Checking oddshot.tv ... t=1.53
5764 Checking cj.com ... t=1.06
5765 Checking careerpark.jp ... t=0.73
5766 Checking avvo.com ... t=1.07
5767 Checking iguang.tw ... t=0.23
5768 Checking verywed.com ... t=1.72
5769 Checking csair.com ... t=1.38
5770 Checking aemet.es ... t=3.03
5771 Checking cigna.com ... t=1.95
5772 Checking vslovetv.com ... t=0.14
5773 Checking worldfree4u.cc ... t=0.72
5774 Checking msecnd.net ... Exception: [Errno -5] No address associated with hostname
t=0.28
5775 Checking eonet.jp ... t=0.26
5776 Checking aukro.cz ... t=1.46
5777 Checking netshahr.com ... t=4.41
5778 Checking anser.ne.jp ... Exception: [Errno -5] No address associated with hostname
t=0.32
5779 Checking katstorrent.org ... t=1.90
5780 Checking cs.com.cn ... t=0.33
5781 Checking vivastreet.com ... t=2.27
5782 Checking search.ch ... t=2.73
5783 Checking nikkan-spa.jp ... t=0.37
5784 Checking elnuevodiario.com.ni ... t=2.31
5785 Checking clkntrk.com ... t=0.57
5786 Checking etihad.com ... t=4.01
5787 Checking bookoffonline.co.jp ... t=0.44
5788 Checking hardwarezone.com.sg ... t=1.05
5789 Checking oraclecorp.com ... Exception: [Errno -2] Name or service not known
t=0.30
5790 Checking surrenderat20.net ... t=0.56
5791 Checking stylebistro.com ... t=1.67
5792 Checking lacuerda.net ... t=0.95
5793 Checking bravotv.com ... t=0.88
5794 Checking superanimes.com ... t=1.30
5795 Checking eslamoda.com ... t=0.62
5796 Checking javlibrary.com ... t=0.96
5797 Checking tsn.ua ... t=3.10
5798 Checking boe.es ... t=1.47
5799 Checking rainierland.com ... t=0.10
5800 Checking putlocker.live ... t=0.79
5801 Checking myreadingmanga.info ... t=0.02
5802 Checking netbarg.com ... t=1.13
5803 Checking storify.com ... t=0.60
5804 Checking ut.ac.ir ... t=4.57
5805 Checking viralnova.com ... t=0.98
5806 Checking 95516.com ... t=6.23
5807 Checking biquge.la ... t=0.64
5808 Checking arabictorrent.net ... t=2.48
5809 Checking pracuj.pl ... t=6.78
5810 Checking maharashtra.gov.in ... t=2.90
5811 Checking afip.gov.ar ... t=1.47
5812 Checking tnt.com ... t=3.00
5813 Checking curbed.com ... t=1.39
5814 Checking sbs.com.au ... t=3.27
5815 Checking acm.org ... t=1.01
5816 Checking onenote.com ... t=0.81
5817 Checking homeshop18.com ... t=1.55
5818 Checking csmonitor.com ... t=1.63
5819 Checking linkis.com ... t=0.51
5820 Checking infojobs.com.br ... t=1.33
5821 Checking cpanel.net ... t=1.66
5822 Checking bible.com ... t=1.21
5823 Checking escapadarural.com ... t=13.24
5824 Checking fontanka.ru ... t=3.00
5825 Checking metrodeal.com ... t=1.23
5826 Checking subdivx.com ... t=1.05
5827 Checking iranestekhdam.ir ... t=1.14
5828 Checking food52.com ... t=0.48
5829 Checking arenabg.com ... t=2.96
5830 Checking ycwb.com ... t=0.53
5831 Checking skoob.com.br ... t=2.39
5832 Checking dn.se ... t=1.08
5833 Checking gucheng.com ... t=0.47
5834 Checking zakupki.gov.ru ... t=3.65
5835 Checking france24.com ... t=1.48
5836 Checking cheaa.com ... t=0.84
5837 Checking authoritynutrition.com ... t=1.21
5838 Checking virtualbox.org ... t=1.39
5839 Checking backbenz.com ... t=0.61
5840 Checking advanceautoparts.com ... t=4.02
5841 Checking manchestereveningnews.co.uk ... t=0.99
5842 Checking quoka.de ... t=2.71
5843 Checking thomson.co.uk ... t=1.36
5844 Checking dirtyasiantube.com ... t=0.59
5845 Checking fotomac.com.tr ... t=2.17
5846 Checking ultimatix.net ... Exception: [Errno -5] No address associated with hostname
t=0.77
5847 Checking pjmedia.com ... t=1.49
5848 Checking torrenty.org ... Exception: [Errno 110] Connection timed out
t=127.40
5849 Checking e-reading.club ... t=2.27
5850 Checking krisha.kz ... t=2.41
5851 Checking junkmail.co.za ... t=4.34
5852 Checking healthcare.gov ... t=1.88
5853 Checking navercorp.com ... t=0.60
5854 Checking space.com ... t=1.62
5855 Checking nuevoloquo.com ... t=1.21
5856 Checking mpnrs.com ... t=1.22
5857 Checking cam4.es ... t=0.50
5858 Checking banksifsccode.com ... t=0.97
5859 Checking wistia.com ... t=1.29
5860 Checking worldoftanks.com ... t=0.60
5861 Checking allday.com ... t=0.44
5862 Checking dcfever.com ... t=0.30
5863 Checking 1and1.es ... t=3.37
5864 Checking goobike.com ... t=1.40
5865 Checking clickme.net ... t=0.15
5866 Checking pipedrive.com ... t=1.39
5867 Checking natemat.pl ... t=1.34
5868 Checking asahibeer.co.jp ... t=0.63
5869 Checking jappy.de ... t=2.41
5870 Checking clubpenguin.com ... t=1.11
5871 Checking asos.de ... t=1.39
5872 Checking tehran.ir ... t=2.33
5873 Checking coderanch.com ... t=0.77
5874 Checking vulcan.net.pl ... t=0.04
5875 Checking avis.com ... t=3.24
5876 Checking gq.com.tw ... t=1.05
5877 Checking ssl-verified.site ... Exception: [Errno -5] No address associated with hostname
t=0.13
5878 Checking twirpx.com ... t=1.57
5879 Checking ahlysports.com ... t=0.08
5880 Checking ck12.org ... t=1.90
5881 Checking marketo.com ... t=1.63
5882 Checking 176.com ... t=0.26
5883 Checking imprsngl.info ... t=0.85
5884 Checking u-tokyo.ac.jp ... Exception: [Errno -5] No address associated with hostname
t=0.33
5885 Checking carid.com ... t=1.62
5886 Checking norwegian.com ... t=2.75
5887 Checking bigccq.cn ... t=0.21
5888 Checking emojipedia.org ... t=0.47
5889 Checking imujer.com ... t=2.41
5890 Checking bagas31.com ... t=2.06
5891 Checking windguru.cz ... t=3.65
5892 Checking adblockplus.org ... t=2.51
5893 Checking anime-show.com ... t=1.34
5894 Checking tvefamosos.uol.com.br ... t=1.88
5895 Checking finam.ru ... t=2.74
5896 Checking cocacola.co.jp ... t=1.30
5897 Checking climatempo.com.br ... t=2.10
5898 Checking vatanbilgisayar.com ... t=2.41
5899 Checking accountonline.com ... t=1.74
5900 Checking moviepilot.de ... t=3.29
5901 Checking westlaw.com ... Exception: [Errno -2] Name or service not known
t=2.97
5902 Checking arizona.edu ... t=1.34
5903 Checking vzw.com ... t=2.07
5904 Checking halifax.co.uk ... t=2.58
5905 Checking taz.gr ... t=4.23
5906 Checking ancestry.co.uk ... t=1.24
5907 Checking the-daily.buzz ... t=1.08
5908 Checking morpakampus.com ... t=5.68
5909 Checking collinsdictionary.com ... t=1.64
5910 Checking sdamgia.ru ... t=1.84
5911 Checking dynamics.com ... t=1.62
5912 Checking shlandscape.com ... Exception: [Errno 110] Connection timed out
t=128.96
5913 Checking boldsky.com ... t=1.27
5914 Checking 021lh.net ... t=2.12
5915 Checking sas.com ... t=4.97
5916 Checking hackerrank.com ... t=1.81
5917 Checking myworkdayjobs.com ... Exception: [Errno -5] No address associated with hostname
t=0.22
5918 Checking adevarul.ro ... t=0.94
5919 Checking news-postseven.com ... Exception: [Errno -5] No address associated with hostname
t=0.22
5920 Checking domain-error.com ... t=0.39
5921 Checking meteociel.fr ... t=1.32
5922 Checking subhd.com ... t=0.29
5923 Checking mybroadband.co.za ... t=2.71
5924 Checking play.pl ... t=1.72
5925 Checking ekitan.com ... t=0.37
5926 Checking shopyourway.com ... t=5.57
5927 Checking 2ch.hk ... t=0.04
5928 Checking gov.hu ... Exception: [Errno -5] No address associated with hostname
t=1.69
5929 Checking povarenok.ru ... t=3.18
5930 Checking dota2lounge.com ... t=0.41
5931 Checking ntu.edu.tw ... Exception: [Errno -5] No address associated with hostname
t=0.21
5932 Checking ig.com ... t=3.47
5933 Checking majorgeeks.com ... t=2.05
5934 Checking hebei.com.cn ... t=11.22
5935 Checking aftership.com ... t=1.58
5936 Checking htcmania.com ... t=5.73
5937 Checking abof.com ... t=0.32
5938 Checking ifilez.org ... t=2.14
5939 Checking bet365.gr ... t=4.81
5940 Checking bni.co.id ... t=1.13
5941 Checking tsa.gov ... t=1.15
5942 Checking speedvideo.net ... t=2.30
5943 Checking irib.ir ... t=3.92
5944 Checking dwarozh.net ... t=0.46
5945 Checking chobirich.com ... t=1.49
5946 Checking psma02.com ... t=3.89
5947 Checking secretchina.com ... t=1.33
5948 Checking ncaa.com ... t=1.21
5949 Checking pokemonshowdown.com ... t=0.68
5950 Checking inbox.com ... t=2.21
5951 Checking animenewsnetwork.com ... t=1.54
5952 Checking oregonstate.edu ... t=0.79
5953 Checking boardingarea.com ... t=0.54
5954 Checking tjx.com ... Exception: [Errno -5] No address associated with hostname
t=1.66
5955 Checking amazon.com.br ... t=2.34
5956 Checking gentside.com ... t=2.29
5957 Checking twojapogoda.pl ... t=4.48
5958 Checking name.com ... t=1.59
5959 Checking matome-plus.com ... t=0.24
5960 Checking dba.dk ... t=2.03
5961 Checking jkj9.com ... t=2.64
5962 Checking 11street.my ... t=1.19
5963 Checking code.org ... t=1.12
5964 Checking elog-ch.com ... t=0.35
5965 Checking francetv.fr ... t=3.14
5966 Checking rubi8.com ... t=1.01
5967 Checking findlaw.com ... t=1.42
5968 Checking nlcafe.hu ... t=3.73
5969 Checking oclc.org ... t=11.75
5970 Checking besoccer.com ... t=2.48
5971 Checking yinxiang.com ... t=1.17
5972 Checking topinearth.com ... t=5.16
5973 Checking hikaritv.net ... Exception: [Errno -5] No address associated with hostname
t=0.43
5974 Checking gsu.edu ... t=1.73
5975 Checking dotamax.com ... t=0.77
5976 Checking stoiximan.gr ... t=3.19
5977 Checking pakwheels.com ... t=1.48
5978 Checking perfectmoney.is ... t=2.02
5979 Checking die-deutsche-methode.com ... t=0.57
5980 Checking hemnet.se ... t=2.92
5981 Checking radiotimes.com ... t=1.29
5982 Checking pokerstars.com ... t=3.81
5983 Checking onlinemoviesgold.pro ... t=1.58
5984 Checking intodns.com ... t=1.01
5985 Checking giveawayoftheday.com ... t=5.78
5986 Checking aliorbank.pl ... t=5.73
5987 Checking ytn.co.kr ... t=0.21
5988 Checking groupon.fr ... t=1.53
5989 Checking trafficjunky.net ... t=2.09
5990 Checking nabble.com ... t=1.39
5991 Checking 16personalities.com ... t=7.24
5992 Checking click-sec.com ... Exception: [Errno -5] No address associated with hostname
t=0.30
5993 Checking taxheaven.gr ... t=5.60
5994 Checking oculus.com ... t=1.67
5995 Checking aramame.net ... t=0.21
5996 Checking tineye.com ... t=0.47
5997 Checking overclock.net ... t=1.14
5998 Checking consumerbrandingsurveys.com ... t=0.48
5999 Checking costcotravel.com ... t=3.46
6000 Checking dslreports.com ... t=1.19
