6001 Checking testberichte.de ... t=2.18
6002 Checking eastbay.com ... t=0.32
6003 Checking thestandnews.com ... t=3.10
6004 Checking yamaha.com ... t=0.46
6005 Checking slon.ru ... t=2.66
6006 Checking photofans.cn ... t=0.68
6007 Checking koovs.com ... t=1.78
6008 Checking domofond.ru ... t=2.83
6009 Checking ororo.tv ... t=3.51
6010 Checking rtl.de ... t=3.07
6011 Checking ebcbuzz.com ... t=0.10
6012 Checking amadeus.com ... t=1.49
6013 Checking nix.ru ... t=1.86
6014 Checking svoboda.org ... t=1.07
6015 Checking telangana.gov.in ... t=2.49
6016 Checking belgium.be ... t=0.85
6017 Checking fastweb.it ... t=3.51
6018 Checking flypgs.com ... Exception: [Errno 110] Connection timed out
t=127.70
6019 Checking icio.us ... t=1.87
6020 Checking ikonfx.com ... t=5.51
6021 Checking sggc.com.cn ... t=10.42
6022 Checking tuoitre.vn ... t=1.03
6023 Checking wareable.com ... t=1.47
6024 Checking ayayh.com ... t=1.52
6025 Checking boulanger.com ... t=3.76
6026 Checking milenio.com ... t=2.18
6027 Checking avaaz.org ... t=1.57
6028 Checking asos.fr ... t=1.19
6029 Checking enstage-sas.com ... t=1.25
6030 Checking tver.jp ... t=0.15
6031 Checking bet.com ... t=0.98
6032 Checking elkhabar.com ... t=1.25
6033 Checking bdupload.org ... t=1.70
6034 Checking torrentday.com ... t=1.96
6035 Checking cokeandpopcorn.ch ... t=1.12
6036 Checking tp-link.com ... t=1.00
6037 Checking geni.com ... t=3.13
6038 Checking iprima.cz ... t=6.30
6039 Checking cognizant.com ... t=6.18
6040 Checking pizap.com ... t=0.36
6041 Checking xamarin.com ... t=2.10
6042 Checking 16888.com ... t=0.47
6043 Checking shawacademy.com ... t=3.09
6044 Checking phys.org ... t=1.37
6045 Checking shared.sx ... t=0.83
6046 Checking usa.gov ... t=1.29
6047 Checking kanasoku.info ... t=0.22
6048 Checking 1080.plus ... t=0.62
6049 Checking aramex.com ... t=3.33
6050 Checking 4travel.jp ... t=0.24
6051 Checking shop-apotheke.com ... t=3.16
6052 Checking ok.guru ... t=0.69
6053 Checking easyphotoedit.com ... t=1.64
6054 Checking imgdream.net ... t=0.32
6055 Checking afl.com.au ... t=1.65
6056 Checking doda.jp ... t=0.75
6057 Checking blikk.hu ... t=4.40
6058 Checking basecamphq.com ... t=1.43
6059 Checking hatenadiary.jp ... t=0.32
6060 Checking woxikon.de ... t=2.43
6061 Checking hollisterco.com ... t=1.20
6062 Checking 83suncity.com ... t=0.97
6063 Checking colorado.edu ... t=1.32
6064 Checking jiji.ng ... t=2.63
6065 Checking meteomedia.com ... t=7.56
6066 Checking ebay.at ... t=1.04
6067 Checking self.com ... t=0.76
6068 Checking epa.gov ... t=4.65
6069 Checking garant.ru ... t=3.35
6070 Checking shoofegy.com ... t=3.17
6071 Checking dopr.net ... t=1.31
6072 Checking ca2016.com ... t=1.37
6073 Checking winzip.com ... t=1.00
6074 Checking 23wx.com ... Exception: ''
t=0.38
6075 Checking offerupnow.com ... t=0.48
6076 Checking immoweb.be ... t=5.63
6077 Checking mr-world.com ... t=1.45
6078 Checking gdeposylka.ru ... t=3.58
6079 Checking pulsk.com ... t=6.67
6080 Checking ihotelier.com ... Exception: [Errno -2] Name or service not known
t=2.41
6081 Checking state.fl.us ... Exception: ''
t=1.11
6082 Checking zangsisi.net ... t=0.68
6083 Checking nissan.co.jp ... t=2.07
6084 Checking flyme.cn ... t=0.25
6085 Checking govome.com ... t=0.55
6086 Checking muchong.com ... t=0.20
6087 Checking pr0gramm.com ... t=0.65
6088 Checking papy.co.jp ... t=0.54
6089 Checking indianrailways.gov.in ... t=0.89
6090 Checking quidco.com ... t=0.66
6091 Checking webhostingtalk.ir ... t=2.56
6092 Checking bankinter.com ... t=11.18
6093 Checking bancopopular.es ... t=18.22
6094 Checking wordhippo.com ... t=1.26
6095 Checking logme.in ... t=1.58
6096 Checking addmefast.com ... t=0.65
6097 Checking alot.com ... t=0.90
6098 Checking oasgames.com ... t=0.99
6099 Checking online2pdf.com ... t=7.41
6100 Checking ilpost.it ... t=2.98
6101 Checking metaspoon.com ... t=1.33
6102 Checking tcafeh.com ... t=0.47
6103 Checking sammydress.com ... t=0.64
6104 Checking mediaworld.it ... t=3.65
6105 Checking gunosy.com ... t=0.80
6106 Checking houseoffraser.co.uk ... t=2.81
6107 Checking indeed.com.mx ... t=1.06
6108 Checking jumia.com.eg ... t=4.16
6109 Checking gardeningknowhow.com ... t=2.40
6110 Checking cncn.org.cn ... t=7.33
6111 Checking yell.com ... t=3.51
6112 Checking ooopic.com ... t=0.66
6113 Checking 000webhost.com ... t=1.01
6114 Checking wickedweasel.com ... t=0.26
6115 Checking hottopic.com ... t=1.07
6116 Checking sheypoor.com ... t=1.88
6117 Checking blogtamsu.vn ... t=0.99
6118 Checking 51hejia.com ... t=3.34
6119 Checking ballotpedia.org ... t=1.36
6120 Checking 5usport.com ... t=1.50
6121 Checking en-japan.com ... t=0.62
6122 Checking motorsport.com ... t=1.12
6123 Checking igg-games.com ... t=0.67
6124 Checking nagariknews.com ... t=1.85
6125 Checking dgtle.com ... t=0.77
6126 Checking healthunlocked.com ... t=2.00
6127 Checking hiweb.ir ... t=3.74
6128 Checking carzoom.in ... t=0.79
6129 Checking istartsurf.com ... t=0.37
6130 Checking couponraja.in ... t=0.65
6131 Checking editorialmanager.com ... Exception: [Errno -5] No address associated with hostname
t=0.19
6132 Checking smrtgadyieldoptimizing.com ... Exception: [Errno -5] No address associated with hostname
t=1.25
6133 Checking obi.de ... t=5.27
6134 Checking uncomo.com ... t=1.84
6135 Checking juara.net ... t=0.85
6136 Checking matsui.co.jp ... Exception: [Errno -5] No address associated with hostname
t=0.19
6137 Checking c-ij.com ... Exception: [Errno -5] No address associated with hostname
t=0.18
6138 Checking equifax.com ... t=1.71
6139 Checking watchseries.ag ... t=0.98
6140 Checking ryuanime.io ... t=1.20
6141 Checking curseforge.com ... Warning: Redirect exceed limit
t=6.41
6142 Checking aili.com ... t=1.02
6143 Checking extrastores.com ... t=3.24
6144 Checking jiveon.com ... t=2.43
6145 Checking supersport.com ... t=9.17
6146 Checking elespanol.com ... t=2.23
6147 Checking revistaforum.com.br ... t=1.59
6148 Checking startlap.hu ... t=1.90
6149 Checking openstreetmap.org ... t=2.57
6150 Checking girlsplay.com ... t=3.08
6151 Checking jobs.net ... t=2.11
6152 Checking capital.gr ... t=6.20
6153 Checking tengrinews.kz ... t=6.96
6154 Checking sofort.com ... t=6.97
6155 Checking gametracker.com ... t=0.78
6156 Checking youxiduo.com ... t=1.86
6157 Checking buyee.jp ... t=1.64
6158 Checking leclercdrive.fr ... Exception: timed out
t=22323.81
6159 Checking khamenei.ir ... t=2.95
6160 Checking neko-miku.com ... t=0.21
6161 Checking wings.io ... t=0.62
6162 Checking opencart.com ... t=0.97
6163 Checking 87643.net ... t=0.24
6164 Checking liberty.edu ... t=2.18
6165 Checking weddingwire.com ... t=1.96
6166 Checking pluto.tv ... t=0.43
6167 Checking lolipop.jp ... t=0.94
6168 Checking wenkang.cn ... t=1.47
6169 Checking bezuzyteczna.pl ... t=0.61
6170 Checking trendmicro.com ... t=1.48
6171 Checking mediatakeout.com ... t=0.42
6172 Checking moneysupermarket.com ... t=1.75
6173 Checking atlas.sk ... t=2.08
6174 Checking trivago.de ... t=3.01
6175 Checking hc360.com ... t=1.64
6176 Checking desi-tashan.com ... t=2.23
6177 Checking falabella.com ... t=5.18
6178 Checking huffingtonpost.gr ... t=3.25
6179 Checking blogcms.jp ... t=0.61
6180 Checking pushbullet.com ... t=0.64
6181 Checking lyricstranslate.com ... t=1.03
6182 Checking track-e9n50i.link ... t=0.60
6183 Checking walmart.com.mx ... t=1.92
6184 Checking minecraftforge.net ... t=3.19
6185 Checking kyobobook.co.kr ... t=0.89
6186 Checking sfacg.com ... t=0.62
6187 Checking cmsite.co.jp ... t=0.36
6188 Checking homebase.co.uk ... t=1.28
6189 Checking hmrc.gov.uk ... t=4.26
6190 Checking minecraftsix.com ... t=0.35
6191 Checking motogp.com ... t=0.77
6192 Checking nchsoftware.com ... t=0.55
6193 Checking brainly.lat ... t=0.99
6194 Checking cntraveler.com ... t=1.04
6195 Checking shafaqna.com ... t=1.90
6196 Checking ilovepdf.com ... t=1.35
6197 Checking singaporeair.com ... t=0.44
6198 Checking kiwilimon.com ... t=1.89
6199 Checking axaxz.com ... Exception: [Errno -5] No address associated with hostname
t=0.90
6200 Checking add-anime.net ... t=0.76
6201 Checking miercn.com ... t=0.69
6202 Checking filecrypt.cc ... t=1.17
6203 Checking caclubindia.com ... t=1.81
6204 Checking anakbnet.com ... t=0.77
6205 Checking rajanews.com ... t=6.36
6206 Checking hibasport.com ... t=0.50
6207 Checking netacad.com ... t=1.65
6208 Checking chaoxing.com ... t=5.68
6209 Checking berniesanders.com ... t=0.11
6210 Checking newrelic.com ... t=1.20
6211 Checking kumpulbagi.id ... t=0.53
6212 Checking hdwallpapers.in ... t=1.93
6213 Checking faststore.org ... t=1.22
6214 Checking dota2.ru ... t=1.79
6215 Checking sii.cl ... Exception: [Errno 110] Connection timed out
t=128.00
6216 Checking tekstowo.pl ... t=2.18
6217 Checking mycokerewards.com ... t=5.51
6218 Checking convio.net ... t=1.33
6219 Checking rahnama.com ... t=0.98
6220 Checking welq.jp ... t=0.82
6221 Checking emc.com ... t=129.11
6222 Checking adsrvmedia.net ... t=1.17
6223 Checking topcashback.co.uk ... t=4.56
6224 Checking mponline.gov.in ... t=3.53
6225 Checking shaanig.org ... t=2.76
6226 Checking youthwant.com.tw ... t=0.13
6227 Checking ucm.es ... t=0.98
6228 Checking wa.gov.au ... t=3.24
6229 Checking channelnewsasia.com ... t=0.59
6230 Checking ge.com ... t=1.77
6231 Checking heureka.sk ... t=1.70
6232 Checking brainjet.com ... t=3.09
6233 Checking makeshop.jp ... t=0.71
6234 Checking atom.io ... t=1.80
6235 Checking bisnis.com ... t=1.39
6236 Checking girlschannel.net ... t=0.31
6237 Checking overclockers.ru ... t=4.11
6238 Checking peopleperhour.com ... t=1.12
6239 Checking pornoxo.com ... t=0.69
6240 Checking myegy.win ... t=1.15
6241 Checking pron.tv ... t=0.37
6242 Checking freshnewsasia.com ... t=1.89
6243 Checking loxblog.com ... t=2.71
6244 Checking gemius.com ... t=7.18
6245 Checking popularscience.tv ... t=0.38
6246 Checking biglots.com ... t=1.81
6247 Checking alison.com ... t=1.64
6248 Checking qyer.com ... t=0.67
6249 Checking kahoot.it ... t=1.24
6250 Checking mps.it ... t=6.53
6251 Checking greenhouse.io ... t=2.50
6252 Checking sherdog.com ... t=0.69
6253 Checking aclick-adnow.com ... Exception: [Errno -5] No address associated with hostname
t=1.39
6254 Checking dailygossip.news ... t=0.46
6255 Checking translated.net ... t=5.17
6256 Checking ubnt.com ... t=2.39
6257 Checking housebeautiful.com ... t=0.84
6258 Checking shazam.com ... t=3.60
6259 Checking inboxdollars.com ... t=1.74
6260 Checking news247.info ... t=2.81
6261 Checking satu.kz ... t=5.25
6262 Checking lancers.jp ... t=0.78
6263 Checking streeteasy.com ... t=0.79
6264 Checking seriesbang.to ... t=1.60
6265 Checking stamplive.com ... t=1.10
6266 Checking teamsnap.com ... t=2.20
6267 Checking tocana.jp ... t=0.12
6268 Checking ourtime.com ... t=1.41
6269 Checking kinovo.me ... t=0.87
6270 Checking manga-zip.net ... t=0.32
6271 Checking viraltrend.nl ... t=0.62
6272 Checking bunshun.jp ... t=0.60
6273 Checking eiga.com ... t=0.19
6274 Checking studenti.it ... t=3.01
6275 Checking chevrolet.com ... t=1.45
6276 Checking athenahealth.com ... t=1.25
6277 Checking jmty.jp ... t=0.19
6278 Checking cinematrix.net ... t=2.30
6279 Checking animenova.org ... t=0.92
6280 Checking southernliving.com ... t=1.13
6281 Checking getgo123.com ... t=2.82
6282 Checking t24.com.tr ... t=1.32
6283 Checking bangbros.com ... t=0.69
6284 Checking china.cn ... t=0.66
6285 Checking unisa.ac.za ... t=5.39
6286 Checking babylon-software.com ... t=1.07
6287 Checking musavat.com ... Exception: [Errno 110] Connection timed out
t=127.26
6288 Checking filefactory.com ... t=0.81
6289 Checking linuxquestions.org ... Exception: [Errno 110] Connection timed out
t=127.71
6290 Checking studentloans.gov ... Exception: [Errno 110] Connection timed out
t=255.23
6291 Checking flashback.org ... t=4.16
6292 Checking stylecaster.com ... t=0.55
6293 Checking fullprogramlarindir.com ... t=3.71
6294 Checking 78.cn ... t=1.82
6295 Checking livingly.com ... t=1.57
6296 Checking filmon.com ... t=1.99
6297 Checking thanhnien.vn ... t=0.76
6298 Checking motika.com.mk ... t=4.50
6299 Checking keeplinks.eu ... t=0.97
6300 Checking vietcombank.com.vn ... t=0.37
6301 Checking gulte.com ... t=2.59
6302 Checking ringcentral.com ... t=0.82
6303 Checking rtl.fr ... t=3.63
6304 Checking timetobreak.com ... t=0.85
6305 Checking wikisource.org ... t=3.00
6306 Checking filecast.co.kr ... t=0.22
6307 Checking onlineaccess1.com ... Exception: [Errno 110] Connection timed out
t=127.44
6308 Checking carrefour.es ... t=1.66
6309 Checking mo.gov ... t=0.25
6310 Checking papystreaming.com ... t=1.44
6311 Checking aukro.ua ... t=1.29
6312 Checking mmafighting.com ... t=1.43
6313 Checking turkcell.com.tr ... t=5.38
6314 Checking bbspink.com ... t=0.16
6315 Checking runtastic.com ... t=3.62
6316 Checking siamsport.co.th ... t=1.57
6317 Checking myplaycity.com ... t=1.96
6318 Checking volvocars.com ... t=0.66
6319 Checking christianbook.com ... t=1.80
6320 Checking 5278.mobi ... t=0.39
6321 Checking webstaurantstore.com ... t=0.79
6322 Checking cengage.com ... Exception: [Errno -5] No address associated with hostname
t=0.29
6323 Checking comingsoon.net ... t=0.73
6324 Checking paginasamarillas.com.co ... t=1.58
6325 Checking osu.edu ... t=4.10
6326 Checking lunapic.com ... t=2.26
6327 Checking daclips.in ... t=0.96
6328 Checking cityhouse.cn ... Exception: [Errno -2] Name or service not known
t=0.81
6329 Checking zoom.com.br ... t=1.62
6330 Checking jeu.info ... t=1.28
6331 Checking shlac.com ... Exception: [Errno -5] No address associated with hostname
t=1.73
6332 Checking songtexte.com ... t=1.26
6333 Checking ijreview.com ... t=0.77
6334 Checking orange.es ... t=2.84
6335 Checking adyou.me ... t=0.46
6336 Checking iranjib.ir ... t=3.84
6337 Checking oreilly.com ... t=0.81
6338 Checking day.az ... t=1.95
6339 Checking matchtv.ru ... t=1.11
6340 Checking muscleandfitness.com ... t=1.05
6341 Checking 24ur.com ... t=4.01
6342 Checking meowshare.com ... t=0.84
6343 Checking ufc.com ... t=0.96
6344 Checking couponcabin.com ... t=3.09
6345 Checking grupobancolombia.com ... t=3.62
6346 Checking nolo.com ... t=1.61
6347 Checking americatv.com.pe ... t=2.51
6348 Checking cool3c.com ... t=2.51
6349 Checking expedia.co.uk ... t=2.95
6350 Checking politics.com.ph ... t=1.40
6351 Checking ooreka.fr ... t=2.51
6352 Checking hdmovieswatch.net ... t=1.24
6353 Checking peliculasflv.tv ... t=1.65
6354 Checking sportinglife.com ... t=1.13
6355 Checking ncore.cc ... Exception: [Errno -2] Name or service not known
t=2.70
6356 Checking seatguru.com ... t=1.17
6357 Checking movie25.ph ... t=1.65
6358 Checking merrickbank.com ... t=3.41
6359 Checking click.in ... t=14.30
6360 Checking lockscalecompare.com ... t=0.94
6361 Checking state.mn.us ... t=1.70
6362 Checking shipthankrecognizing.info ... t=0.87
6363 Checking notjustok.com ... t=0.63
6364 Checking strato.de ... t=4.82
6365 Checking animefreak.tv ... t=6.23
6366 Checking arubanetworks.com ... t=1.59
6367 Checking adexce.net ... t=1.02
6368 Checking gungho.jp ... t=0.19
6369 Checking aporrea.org ... t=1.02
6370 Checking michigan.gov ... t=1.43
6371 Checking zxart.cn ... t=2.40
6372 Checking thepointsguy.com ... t=0.57
6373 Checking cheetahmail.com ... t=3.48
6374 Checking meetme.com ... t=1.07
6375 Checking care2.com ... t=0.84
6376 Checking matomecup.com ... t=0.38
6377 Checking hellowork.go.jp ... Exception: [Errno -5] No address associated with hostname
t=0.47
6378 Checking mouser.com ... t=0.88
6379 Checking milli.az ... t=1.94
6380 Checking ipaddress.com ... t=1.61
6381 Checking somethingawful.com ... t=0.85
6382 Checking uct.ac.za ... t=1.71
6383 Checking zalando.pl ... t=2.75
6384 Checking btbbt.cc ... Exception: [Errno 101] Network is unreachable
t=77.18
6385 Checking nhac.vn ... t=0.79
6386 Checking ebela.in ... t=0.56
6387 Checking 99.com ... t=0.70
6388 Checking lovetoknow.com ... t=1.10
6389 Checking meneame.net ... t=1.81
6390 Checking vfsglobal.com ... t=1.05
6391 Checking jahannews.com ... Exception: [Errno 110] Connection timed out
t=129.53
6392 Checking varlamov.ru ... t=2.49
6393 Checking census.gov ... Exception: [Errno 110] Connection timed out
t=127.94
6394 Checking studfiles.ru ... t=2.64
6395 Checking 65439.com ... t=0.81
6396 Checking xhamsterlive.com ... t=0.62
6397 Checking findprice.com.tw ... t=0.12
6398 Checking yohogirls.com ... t=7.87
6399 Checking gatech.edu ... t=2.80
6400 Checking win-kupon.com ... t=0.95
6401 Checking pullandbear.com ... t=1.09
6402 Checking banatstylegames.com ... t=0.93
6403 Checking bwin.com ... t=0.51
6404 Checking igli5.com ... t=0.90
6405 Checking adform.net ... Exception: [Errno -5] No address associated with hostname
t=0.16
6406 Checking film2movie.biz ... t=2.24
6407 Checking bluedart.com ... t=0.95
6408 Checking mobrevflwms.com ... Exception: [Errno 111] Connection refused
t=0.07
6409 Checking google.al ... t=2.24
6410 Checking centerblog.net ... t=2.51
6411 Checking leroymerlin.es ... t=2.18
6412 Checking soundhouse.co.jp ... t=0.57
6413 Checking amadeus.net ... t=0.95
6414 Checking forex.com.cn ... t=2.24
6415 Checking robinwidget.com ... t=1.24
6416 Checking theringer.com ... t=4.76
6417 Checking sundayworld.com ... t=1.20
6418 Checking tickets.com ... t=1.51
6419 Checking wapa.tv ... t=1.85
6420 Checking fzg360.com ... t=0.90
6421 Checking mkyong.com ... t=1.74
6422 Checking elmercurio.com ... t=5.49
6423 Checking tixuz.com ... t=2.14
6424 Checking uc.cn ... t=1.77
6425 Checking lyst.com ... t=1.85
6426 Checking eplus.jp ... t=0.51
6427 Checking filmfanatic.com ... t=1.71
6428 Checking newsmemory.com ... t=9.83
6429 Checking nicozon.net ... t=0.44
6430 Checking bankmillennium.pl ... t=10.81
6431 Checking pathofexile.com ... t=1.59
6432 Checking asiatech.ir ... t=4.70
6433 Checking citehr.com ... t=2.43
6434 Checking jetaoshqef.al ... t=1.05
6435 Checking full-count.jp ... t=0.41
6436 Checking pcauto.com.cn ... t=0.42
6437 Checking bonprix.ru ... t=2.00
6438 Checking canadapost.ca ... t=1.75
6439 Checking dillards.com ... t=0.60
6440 Checking tirerack.com ... t=1.83
6441 Checking inazumanews2.com ... t=0.42
6442 Checking xhamstermania.com ... t=1.03
6443 Checking donedeal.ie ... t=1.61
6444 Checking tractorsupply.com ... t=1.37
6445 Checking majestic.com ... t=4.33
6446 Checking metronews.fr ... t=3.50
6447 Checking skyperfectv.co.jp ... t=0.29
6448 Checking bozhong.com ... t=0.68
6449 Checking pure-t.ru ... t=1.37
6450 Checking sondakika.com ... t=3.11
6451 Checking pornpics.com ... t=0.83
6452 Checking hqhole.com ... t=2.98
6453 Checking proquest.com ... t=2.23
6454 Checking mediaite.com ... t=1.88
6455 Checking calciomercato.com ... t=1.45
6456 Checking anilinkz.tv ... t=0.94
6457 Checking webmusic.in ... Exception: [Errno -2] Name or service not known
t=1.19
6458 Checking pornjam.com ... t=0.06
6459 Checking pembepanjur.com ... t=1.80
6460 Checking skelbiu.lt ... t=3.95
6461 Checking draxe.com ... t=1.04
6462 Checking lingualeo.com ... t=1.22
6463 Checking seedpeer.me ... t=8.63
6464 Checking casa.it ... t=1.61
6465 Checking xvideos.es ... t=0.98
6466 Checking orange.pl ... t=3.39
6467 Checking infox.sg ... t=1.65
6468 Checking orange.co.uk ... t=2.43
6469 Checking watchseries-online.la ... t=1.27
6470 Checking filmitorrent.org ... t=1.55
6471 Checking share-videos.se ... t=0.92
6472 Checking 112.ua ... t=2.61
6473 Checking itch.io ... t=1.24
6474 Checking celebjihad.com ... t=0.08
6475 Checking worktile.com ... t=0.64
6476 Checking nexon.co.jp ... Exception: [Errno -5] No address associated with hostname
t=0.48
6477 Checking infoq.com ... t=1.95
6478 Checking linode.com ... t=3.00
6479 Checking euro.com.pl ... t=2.78
6480 Checking legendas.tv ... t=1.65
6481 Checking vikiporn.com ... t=1.90
6482 Checking ulozto.cz ... t=3.79
6483 Checking filmey.tv ... t=0.60
6484 Checking bleepingcomputer.com ... t=1.41
6485 Checking tinhte.vn ... t=1.22
6486 Checking topwar.ru ... t=3.28
6487 Checking ibnlive.com ... t=2.89
6488 Checking allenbwest.com ... t=0.50
6489 Checking worldoftanks.asia ... t=0.59
6490 Checking bikroy.com ... t=0.45
6491 Checking suprclicks.com ... t=1.13
6492 Checking timeslive.co.za ... t=3.10
6493 Checking torrentino.com ... t=4.33
6494 Checking iemo.jp ... t=1.34
6495 Checking 2banh.vn ... t=1.65
6496 Checking farsroid.com ... t=4.16
6497 Checking sogi.com.tw ... t=0.83
6498 Checking mp3goo.com ... Exception: [Errno 110] Connection timed out
t=127.48
6499 Checking stoloto.ru ... t=3.14
6500 Checking funnyordie.com ... t=1.00
6501 Checking postgresql.org ... t=3.73
6502 Checking blair.com ... Exception: [Errno 110] Connection timed out
t=127.42
6503 Checking driverscape.com ... t=1.59
6504 Checking gaymas.com ... t=2.24
6505 Checking getuploader.com ... t=0.35
6506 Checking rozee.pk ... t=2.60
6507 Checking koreaboo.com ... t=1.60
6508 Checking gxsky.com ... t=0.28
6509 Checking gettraff.com ... Exception: [Errno -5] No address associated with hostname
t=1.00
6510 Checking kabum.com.br ... t=4.80
6511 Checking zalando.fr ... t=2.66
6512 Checking ebah.com.br ... t=5.03
6513 Checking ucsb.edu ... t=1.72
6514 Checking foodpanda.in ... t=1.25
6515 Checking movieweb.com ... t=0.69
6516 Checking ujipin.com ... t=0.63
6517 Checking classdojo.com ... t=1.44
6518 Checking tvklan.al ... t=0.94
6519 Checking discovery.com ... t=0.76
6520 Checking listverse.com ... t=0.66
6521 Checking lolwot.com ... t=2.32
6522 Checking allegiantair.com ... t=0.33
6523 Checking idigitaltimes.com ... t=0.92
6524 Checking google.co.ke ... t=0.93
6525 Checking bakecaincontrii.com ... t=2.91
6526 Checking cjmall.com ... t=0.49
6527 Checking relianceada.com ... t=0.86
6528 Checking tjsp.jus.br ... t=3.07
6529 Checking yohoboys.com ... t=2.04
6530 Checking yout.com ... t=1.53
6531 Checking meraki.com ... t=2.23
6532 Checking trendingpost.net ... t=0.53
6533 Checking searspartsdirect.com ... t=0.96
6534 Checking kino-teatr.ru ... t=2.06
6535 Checking dvdvideosoft.com ... t=1.54
6536 Checking imi.ne.jp ... t=0.99
6537 Checking cdkeys.com ... t=1.65
6538 Checking malaysiakini.com ... t=0.47
6539 Checking observer.com ... t=0.54
6540 Checking sbazar.cz ... t=3.96
6541 Checking espn.uol.com.br ... t=1.16
6542 Checking cloudinary.com ... t=0.60
6543 Checking wehkamp.nl ... t=2.10
6544 Checking ero-kawa.com ... t=0.12
6545 Checking eluniversal.com ... t=1.85
6546 Checking 220-volt.ru ... t=2.76
6547 Checking fodors.com ... t=2.38
6548 Checking ebs.in ... t=0.22
6549 Checking labnol.org ... t=1.27
6550 Checking mp3mad.com ... t=0.62
6551 Checking mp3teca.com ... t=19.96
6552 Checking olke.az ... t=1.98
6553 Checking fussball.de ... t=3.78
6554 Checking kumapon.jp ... t=0.16
6555 Checking visa.com ... t=0.45
6556 Checking xmovies8.tv ... t=0.59
6557 Checking ngoisao.net ... t=0.28
6558 Checking acehardware.com ... t=2.18
6559 Checking avangard.ru ... t=2.95
6560 Checking 9090.fm ... t=0.81
6561 Checking swedbank.lt ... t=15.31
6562 Checking experiandirect.com ... Exception: [Errno -3] Temporary failure in name resolution
t=20.03
6563 Checking townwork.net ... t=0.30
6564 Checking cloudy.ec ... t=1.49
6565 Checking sinaapp.com ... t=0.31
6566 Checking livelib.ru ... t=3.67
6567 Checking digitalponsel.com ... t=2.13
6568 Checking surveyenquete.net ... t=0.24
6569 Checking almaghribtoday.net ... t=1.05
6570 Checking youneedabudget.com ... t=1.97
6571 Checking simplesite.com ... t=2.09
6572 Checking medhelp.org ... t=1.44
6573 Checking denverpost.com ... t=1.06
6574 Checking freekaamaal.com ... t=0.36
6575 Checking itesm.mx ... t=1.15
6576 Checking yasdl.com ... t=2.99
6577 Checking mta.info ... t=1.71
6578 Checking lotte.com ... t=0.72
6579 Checking rasekhoon.net ... t=1.04
6580 Checking op.fi ... t=1.98
6581 Checking lotto.pl ... t=2.54
6582 Checking shoptime.com.br ... t=1.15
6583 Checking followmyhealth.com ... Exception: [Errno -5] No address associated with hostname
t=0.17
6584 Checking 2game.info ... t=0.45
6585 Checking sjtu.edu.cn ... t=0.89
6586 Checking mismarcadores.com ... t=3.16
6587 Checking monoprice.com ... t=1.05
6588 Checking behindthename.com ... t=1.46
6589 Checking zerodha.com ... t=3.46
6590 Checking newsner.com ... t=1.67
6591 Checking unrealengine.com ... t=2.41
6592 Checking border.gov.au ... t=1.86
6593 Checking nic.ru ... t=2.56
6594 Checking usf.edu ... t=2.07
6595 Checking hypebeast.com ... t=1.26
6596 Checking okdiario.com ... t=0.66
6597 Checking townhall.com ... t=0.72
6598 Checking maydany.com ... t=1.33
6599 Checking tudogostoso.com.br ... t=1.10
6600 Checking www.gob.mx ... t=0.62
6601 Checking sportsnavi.com ... Exception: [Errno -5] No address associated with hostname
t=0.18
6602 Checking meetic.fr ... t=6.23
6603 Checking newspapers.com ... t=1.64
6604 Checking nadaguides.com ... t=0.65
6605 Checking yaplog.jp ... t=0.85
6606 Checking mmobileoffers.com ... Exception: [Errno -5] No address associated with hostname
t=0.20
6607 Checking 4game.com ... t=6.01
6608 Checking klmty.net ... t=0.83
6609 Checking fetishshrine.com ... t=1.46
6610 Checking kol7sry.com ... t=1.03
6611 Checking wral.com ... t=2.39
6612 Checking gulfnews.com ... t=0.72
6613 Checking autotrader.ca ... t=1.73
6614 Checking khazmofi.ru ... t=2.08
6615 Checking dena-ec.com ... t=0.90
6616 Checking shoebuy.com ... t=1.46
6617 Checking iis.net ... t=1.17
6618 Checking thefappening.so ... t=0.10
6619 Checking pulse.ng ... t=1.09
6620 Checking servis24.cz ... t=6.08
6621 Checking nocutnews.co.kr ... t=0.61
6622 Checking r18.com ... t=0.07
6623 Checking ymobile.jp ... t=0.92
6624 Checking template.net ... t=1.79
6625 Checking blankrefer.com ... t=0.61
6626 Checking yuku.com ... t=0.93
6627 Checking formstack.com ... t=2.39
6628 Checking djangoproject.com ... t=4.13
6629 Checking techweb.com.cn ... t=2.65
6630 Checking pinggu.org ... t=0.48
6631 Checking thredup.com ... t=1.20
6632 Checking dealsea.com ... t=0.50
6633 Checking net.hr ... t=0.73
6634 Checking uw.edu ... t=1.83
6635 Checking uaewomen.net ... t=1.57
6636 Checking rhcloud.com ... t=0.85
6637 Checking quadrinhoseroticos.net ... t=0.34
6638 Checking filmstarts.de ... t=2.97
6639 Checking akhbarelyom.com ... t=0.98
6640 Checking ummy.net ... t=0.63
6641 Checking yy.com ... t=0.40
6642 Checking zaubacorp.com ... t=1.26
6643 Checking russianpost.ru ... t=9.95
6644 Checking pocket-lint.com ... t=2.09
6645 Checking embedsr.com ... t=0.99
6646 Checking tatasky.com ... t=1.41
6647 Checking nsportal.ru ... t=2.58
6648 Checking 5278.cc ... t=0.17
6649 Checking express.de ... t=2.60
6650 Checking beinsports.com ... t=2.33
6651 Checking apa.org ... t=1.47
6652 Checking freepeople.com ... t=2.21
6653 Checking yasarang.net ... t=0.16
6654 Checking filezilla-project.org ... t=2.65
6655 Checking las2orillas.co ... t=1.21
6656 Checking celebreport.net ... t=0.49
6657 Checking eventful.com ... t=2.57
6658 Checking cnn.co.jp ... t=2.57
6659 Checking guatevision.com ... t=0.96
6660 Checking payeer.com ... t=5.07
6661 Checking br.de ... t=4.76
6662 Checking xe.gr ... t=3.85
6663 Checking lordandtaylor.com ... t=0.55
6664 Checking yiyuanhuobao.com ... t=0.39
6665 Checking sledujufilmy.cz ... t=1.69
6666 Checking internshala.com ... t=0.44
6667 Checking sublimetext.com ... t=2.13
6668 Checking anime47.com ... t=0.21
6669 Checking blog.163.com ... t=0.14
6670 Checking metric-conversions.org ... t=1.38
6671 Checking saraba1st.com ... t=0.31
6672 Checking lotteimall.com ... t=0.25
6673 Checking handycafe.com.tr ... t=1.40
6674 Checking suomi24.fi ... t=2.87
6675 Checking dv37.com ... t=1.24
6676 Checking dishnetwork.com ... Exception: timed out
t=180.66
6677 Checking banma.com ... t=0.48
6678 Checking popmog.com ... t=1.18
6679 Checking shopgoodwill.com ... t=0.81
6680 Checking wed114.cn ... t=2.70
6681 Checking jalantikus.com ... t=1.16
6682 Checking instant-gaming.com ... t=3.33
6683 Checking sharp.co.jp ... Exception: [Errno -5] No address associated with hostname
t=0.23
6684 Checking bookmeter.com ... t=0.17
6685 Checking kickassto.co ... t=0.92
6686 Checking elastic.co ... t=1.25
6687 Checking okanime.com ... t=2.94
6688 Checking brilio.net ... t=0.49
6689 Checking lendingclub.com ... t=1.89
6690 Checking santanderbank.com ... t=1.56
6691 Checking flippa.com ... t=1.59
6692 Checking dish.com ... Exception: timed out
t=180.61
6693 Checking kxcdn.com ... t=2.09
6694 Checking reg.ru ... t=2.53
6695 Checking mygreatlakes.org ... t=3.22
6696 Checking otpbankdirekt.hu ... Exception: [Errno -5] No address associated with hostname
t=1.31
6697 Checking trabalhosfeitos.com ... t=0.80
6698 Checking indiegala.com ... t=1.21
6699 Checking heydouga.com ... t=0.18
6700 Checking capitaloneinvesting.com ... t=4.36
6701 Checking rp-online.de ... t=2.56
6702 Checking snn.ir ... t=4.48
6703 Checking result24.co.in ... t=0.68
6704 Checking meijer.com ... t=1.59
6705 Checking managebac.com ... t=0.45
6706 Checking pornburst.xxx ... t=0.13
6707 Checking thesims.com ... t=0.83
6708 Checking stockisti.com ... t=2.07
6709 Checking groupon.jp ... t=1.18
6710 Checking onlainfilm.ucoz.ua ... t=1.43
6711 Checking purewow.com ... t=1.01
6712 Checking yougov.com ... t=6.46
6713 Checking enfemenino.com ... t=2.95
6714 Checking alwadifa-maroc.com ... t=1.77
6715 Checking tnebnet.org ... Exception: [Errno -5] No address associated with hostname
t=2.94
6716 Checking hs.fi ... t=1.53
6717 Checking saic.gov.cn ... Exception: [Errno -2] Name or service not known
t=0.87
6718 Checking chance.com ... t=0.44
6719 Checking doityourself.com ... t=1.21
6720 Checking estrategiaconcursos.com.br ... t=3.01
6721 Checking olx.ba ... t=1.76
6722 Checking pensador.uol.com.br ... t=1.31
6723 Checking ammonnews.net ... t=4.12
6724 Checking kupujemprodajem.com ... t=5.04
6725 Checking linksynergy.com ... Exception: [Errno -5] No address associated with hostname
t=0.15
6726 Checking searchengines.guru ... t=1.01
6727 Checking tradera.com ... t=1.64
6728 Checking esprit.de ... t=4.25
6729 Checking rdrekt.com ... Exception: [Errno -2] Name or service not known
t=0.39
6730 Checking alice.it ... Exception: ''
t=2.93
6731 Checking everbuying.net ... t=0.81
6732 Checking raagtune.com ... t=0.96
6733 Checking dengekionline.com ... t=0.28
6734 Checking onlinecasinoreports.com ... t=0.50
6735 Checking cont.ws ... t=3.66
6736 Checking sofascore.com ... t=0.66
6737 Checking via.com ... t=2.77
6738 Checking lanebryant.com ... t=1.24
6739 Checking hqq.tv ... t=0.51
6740 Checking cliphunter.com ... t=0.65
6741 Checking g9g.com ... t=1.43
6742 Checking ozy.com ... t=2.11
6743 Checking portaleargo.it ... Exception: [Errno -5] No address associated with hostname
t=0.16
6744 Checking fx678.com ... t=0.33
6745 Checking bitdefender.com ... t=3.07
6746 Checking lavoz.com.ar ... t=3.01
6747 Checking vipergirls.to ... t=1.04
6748 Checking rfi.fr ... t=2.87
6749 Checking trovit.com ... t=1.45
6750 Checking ab-in-den-urlaub.de ... t=2.45
6751 Checking mol.gov.sa ... t=4.82
6752 Checking mediotiempo.com ... t=1.06
6753 Checking download.ir ... t=4.22
6754 Checking newmobilelife.com ... t=0.77
6755 Checking revenuehits.com ... t=0.99
6756 Checking internetspeedtracker.com ... t=0.75
6757 Checking musicplayon.com ... t=1.06
6758 Checking zocdoc.com ... t=2.33
6759 Checking weeb.tv ... t=0.93
6760 Checking hinkhoj.com ... t=0.27
6761 Checking horriblesubs.info ... t=0.74
6762 Checking diablofans.com ... Warning: Redirect exceed limit
t=6.72
6763 Checking naftemporiki.gr ... t=7.19
6764 Checking ticketfly.com ... t=0.93
6765 Checking customink.com ... t=1.25
6766 Checking auchan.fr ... t=1.53
6767 Checking mckinsey.com ... t=1.95
6768 Checking k12.ga.us ... Exception: [Errno -5] No address associated with hostname
t=0.99
6769 Checking almogaz.com ... t=0.86
6770 Checking bovada.lv ... t=4.29
6771 Checking indianbank.net.in ... t=1.23
6772 Checking americancolumn.com ... t=1.45
6773 Checking foxbusiness.com ... t=0.40
6774 Checking zadane.pl ... t=0.92
6775 Checking btcclicks.com ... t=2.47
6776 Checking dumedia.ru ... t=5.51
6777 Checking cbp.gov ... t=1.58
6778 Checking asahi-net.or.jp ... t=1.13
6779 Checking ato.gov.au ... t=1.96
6780 Checking speedpay.com ... t=2.41
6781 Checking markt.de ... t=2.68
6782 Checking mris.com ... t=2.12
6783 Checking hstpnetwork.com ... t=0.79
6784 Checking mlstatic.com ... Exception: [Errno 110] Connection timed out
t=127.68
6785 Checking fotka.com ... t=0.67
6786 Checking questdiagnostics.com ... t=1.90
6787 Checking entertainmentcrave.com ... t=0.79
6788 Checking paypop.org ... t=1.38
6789 Checking indonetwork.co.id ... t=2.60
6790 Checking melon.com ... t=5.64
6791 Checking pushcrew.com ... t=1.48
6792 Checking containerstore.com ... t=3.76
6793 Checking zdnet.co.kr ... t=0.73
6794 Checking guru3d.com ... t=2.72
6795 Checking ladepeche.fr ... t=2.60
6796 Checking byr.cn ... Exception: [Errno -5] No address associated with hostname
t=0.64
6797 Checking rakuten.jp ... t=0.68
6798 Checking upresults.nic.in ... t=0.91
6799 Checking wapka.me ... t=1.95
6800 Checking gratka.pl ... t=2.93
6801 Checking informe21.com ... t=0.48
6802 Checking efu.com.cn ... t=1.36
6803 Checking jvpnews.com ... t=1.54
6804 Checking pbebank.com ... t=2.88
6805 Checking pge.com ... t=3.82
6806 Checking open.ac.uk ... t=3.23
6807 Checking firstcry.com ... t=0.86
6808 Checking 876kugo.com ... t=0.91
6809 Checking pasted.co ... t=0.64
6810 Checking rule34.xxx ... t=0.35
6811 Checking mojim.com ... t=0.82
6812 Checking imbc.com ... t=0.76
6813 Checking 1and1.co.uk ... t=3.21
6814 Checking virginamerica.com ... t=10.36
6815 Checking mgm.gov.tr ... t=1.64
6816 Checking housing.com ... t=0.93
6817 Checking hasznaltauto.hu ... t=3.19
6818 Checking merrjep.com ... t=2.81
6819 Checking storenvy.com ... t=1.67
6820 Checking blender.org ... t=2.68
6821 Checking nn.ru ... t=9.94
6822 Checking cardgames.io ... t=0.69
6823 Checking nedsecure.co.za ... Exception: [Errno -5] No address associated with hostname
t=1.15
6824 Checking dicionarioinformal.com.br ... t=1.12
6825 Checking gexing.com ... t=1.26
6826 Checking myschoolapp.com ... t=2.57
6827 Checking islamqa.info ... t=1.48
6828 Checking indusind.com ... t=3.29
6829 Checking stc.com.sa ... t=2.34
6830 Checking zju.edu.cn ... Exception: [Errno -5] No address associated with hostname
t=1.04
6831 Checking mingpao.com ... t=0.22
6832 Checking interswitchng.com ... t=2.41
6833 Checking vseigru.net ... t=1.02
6834 Checking summitracing.com ... t=1.70
6835 Checking fingerhut.com ... t=2.34
6836 Checking mery.jp ... t=0.57
6837 Checking portalnet.cl ... t=1.33
6838 Checking cgd.pt ... t=10.09
6839 Checking pooq.co.kr ... t=0.56
6840 Checking okceleb.com ... t=0.56
6841 Checking netdna-ssl.com ... Exception: [Errno -5] No address associated with hostname
t=0.10
6842 Checking ticketcamp.net ... t=0.75
6843 Checking lululemon.com ... t=0.85
6844 Checking xiachufang.com ... t=1.10
6845 Checking dfiles.ru ... t=2.72
6846 Checking rcgroups.com ... t=3.04
6847 Checking 3987.com ... t=2.98
6848 Checking straightdope.com ... t=1.77
6849 Checking nikkei225jp.com ... t=0.52
6850 Checking bootsnipp.com ... t=0.54
6851 Checking noticiasrcn.com ... t=4.37
6852 Checking gamesbarq.com ... t=0.45
6853 Checking hipertextual.com ... t=1.63
6854 Checking gaiaonline.com ... t=1.32
6855 Checking liberoquotidiano.it ... t=4.74
6856 Checking comixology.com ... t=3.28
6857 Checking notebooksbilliger.de ... t=4.79
6858 Checking iconnect.co.in ... Exception: [Errno -5] No address associated with hostname
t=5.40
6859 Checking katm.co.uk ... t=1.09
6860 Checking bnf76d.com ... t=1.36
6861 Checking fronter.com ... t=2.61
6862 Checking d1ev.com ... t=0.50
6863 Checking ninisite.com ... t=1.33
6864 Checking lineq.jp ... t=1.16
6865 Checking shaw.ca ... t=4.81
6866 Checking convertunits.com ... t=0.89
6867 Checking mm-cg.com ... t=0.31
6868 Checking disneylatino.com ... t=0.66
6869 Checking hesport.com ... t=0.99
6870 Checking teambeachbody.com ... t=6.08
6871 Checking woorank.com ... t=3.97
6872 Checking fc2web.com ... t=1.36
6873 Checking alternet.org ... t=1.12
6874 Checking lendingtree.com ... t=1.75
6875 Checking indexmovie.xyz ... t=0.86
6876 Checking orfiads.com ... t=0.72
6877 Checking e-shop.gr ... t=8.08
6878 Checking clickbank.net ... t=0.43
6879 Checking collegedunia.com ... t=1.00
6880 Checking philenews.com ... t=4.41
6881 Checking axaxw.com ... t=1.63
6882 Checking zerochan.net ... t=1.85
6883 Checking 010com.cn ... Exception: [Errno 110] Connection timed out
t=127.35
6884 Checking emalls.ir ... t=3.40
6885 Checking dramacool.to ... t=0.88
6886 Checking altema.jp ... t=0.86
6887 Checking bongda60.us ... t=0.53
6888 Checking antena3.com ... t=2.65
6889 Checking ing.be ... t=5.65
6890 Checking fuq.com ... t=0.67
6891 Checking bitrix24.com ... t=3.37
6892 Checking biblestudytools.com ... t=1.57
6893 Checking wps.cn ... t=0.63
6894 Checking nationalpost.com ... t=2.86
6895 Checking ejemplode.com ... t=1.62
6896 Checking snhu.edu ... t=1.38
6897 Checking sakura.ad.jp ... t=1.86
6898 Checking dogdrip.net ... t=0.53
6899 Checking cnki.com.cn ... t=0.49
6900 Checking moegirl.org ... t=1.87
6901 Checking thaqafnafsak.com ... t=1.46
6902 Checking zhe800.com ... t=1.23
6903 Checking jomashop.com ... t=1.90
6904 Checking suprclickers.info ... t=1.23
6905 Checking tastingtable.com ... t=0.68
6906 Checking gotquestions.org ... t=0.89
6907 Checking ingdan.com ... t=0.65
6908 Checking wow-impulse.net ... t=1.39
6909 Checking mangaku.web.id ... t=0.82
6910 Checking bollywoodhungama.com ... t=1.04
6911 Checking nnm-club.me ... t=2.34
6912 Checking 84529.com ... t=0.82
6913 Checking digitalplayground.com ... t=0.52
6914 Checking wanyx.com ... t=2.24
6915 Checking horoscope.com ... t=1.23
6916 Checking ah.nl ... t=2.25
6917 Checking weibo.cn ... t=0.67
6918 Checking familyhandyman.com ... t=1.11
6919 Checking belfius.be ... t=10.85
6920 Checking unb.br ... t=1.58
6921 Checking elektroda.pl ... t=5.45
6922 Checking mudainodocument.com ... Exception: [Errno -5] No address associated with hostname
t=0.28
6923 Checking vercomicsporno.com ... t=0.06
6924 Checking wmmail.ru ... t=1.10
6925 Checking lucidchart.com ... t=2.83
6926 Checking creativecommons.org ... t=1.62
6927 Checking tejaratbank.ir ... t=2.30
6928 Checking nitori-net.jp ... t=0.83
6929 Checking kathimerini.gr ... t=3.98
6930 Checking 1c.ru ... t=1.58
6931 Checking shape.com ... t=1.21
6932 Checking anabel.al ... t=2.33
6933 Checking public-api.wordpress.com ... t=1.55
6934 Checking hsoub.com ... t=2.75
6935 Checking tosbase.com ... t=1.95
6936 Checking 9tsu.com ... t=2.48
6937 Checking bollywoodlife.com ... t=0.81
6938 Checking reverbnation.com ... t=1.36
6939 Checking delhi.gov.in ... t=0.93
6940 Checking tuttomercatoweb.com ... t=3.44
6941 Checking astrosage.com ... t=0.43
6942 Checking vecernji.hr ... t=2.84
6943 Checking lexisnexis.com ... t=4.11
6944 Checking cerpen.co.id ... t=0.68
6945 Checking lifecard.co.jp ... Exception: [Errno 110] Connection timed out
t=127.36
6946 Checking 123telugu.com ... t=0.44
6947 Checking mydigit.cn ... t=0.66
6948 Checking seriesubthai.co ... t=7.02
6949 Checking mec.es ... Exception: [Errno -5] No address associated with hostname
t=1.40
6950 Checking slutroulette.com ... t=1.90
6951 Checking mvnrepository.com ... t=0.47
6952 Checking slashfilm.com ... t=2.06
6953 Checking sgcpanel.com ... Exception: [Errno 110] Connection timed out
t=127.73
6954 Checking eleman.net ... t=3.03
6955 Checking 21cineplex.com ... t=1.11
6956 Checking mumsnet.com ... t=2.78
6957 Checking paruvendu.fr ... t=3.45
6958 Checking kidshealth.org ... t=1.58
6959 Checking elections.in ... t=1.82
6960 Checking lolphotobook.net ... t=0.63
6961 Checking koreanair.com ... t=1.20
6962 Checking securebanklogin.com ... Exception: [Errno -5] No address associated with hostname
t=0.81
6963 Checking k2nblog.com ... t=0.65
6964 Checking ittorrents.com ... t=2.05
6965 Checking baykoreans.com ... t=0.62
6966 Checking xici.net ... t=1.64
6967 Checking jbzd.pl ... t=0.74
6968 Checking funshop.co.kr ... t=0.54
6969 Checking meritnation.com ... t=1.69
6970 Checking fosshub.com ... t=0.93
6971 Checking pwc.com ... t=1.06
6972 Checking dip.jp ... t=0.87
6973 Checking hatelabo.jp ... t=0.20
6974 Checking farecompare.com ... t=0.48
6975 Checking ishangman.com ... t=0.28
6976 Checking paddypower.com ... t=1.50
6977 Checking olacabs.com ... t=0.62
6978 Checking airbnb.es ... t=1.43
6979 Checking eroshare.com ... t=1.96
6980 Checking searchtds.ru ... t=2.23
6981 Checking srclickpro.ru ... t=4.61
6982 Checking ldlc.com ... t=3.58
6983 Checking networksolutions.com ... t=2.19
6984 Checking alitalia.com ... t=4.62
6985 Checking baixing.com ... t=2.05
6986 Checking levi.com ... t=0.93
6987 Checking vppgamingnetwork.com ... t=0.54
6988 Checking freesoft-100.com ... t=0.83
6989 Checking pengpeng.com ... t=0.49
6990 Checking jr-odekake.net ... Exception: [Errno -5] No address associated with hostname
t=0.37
6991 Checking porsche.com ... t=2.75
6992 Checking vip.tmall.com ... Warning: Redirect exceed limit
t=8.66
6993 Checking fewo-direkt.de ... t=2.14
6994 Checking xxhh.com ... t=1.12
6995 Checking berlin.de ... t=2.96
6996 Checking sunstar.com.ph ... t=1.16
6997 Checking raj.nic.in ... t=3.58
6998 Checking womanwithin.com ... t=1.13
6999 Checking n193adserv.com ... t=1.94
7000 Checking buzzhearts.com ... t=2.28
