7001 Checking binzhi.com ... t=0.47
7002 Checking astro.com ... t=3.18
7003 Checking ionicframework.com ... t=0.50
7004 Checking i2symbol.com ... t=4.12
7005 Checking witkit.com ... t=2.10
7006 Checking curp.gob.mx ... Exception: [Errno 110] Connection timed out
t=127.55
7007 Checking education.com ... t=1.02
7008 Checking pcfinancial.ca ... t=5.19
7009 Checking heroku.com ... t=1.52
7010 Checking hdmoviespoint.com ... t=1.20
7011 Checking buyhatke.com ... t=0.64
7012 Checking 17house.com ... t=2.36
7013 Checking hkjc.com ... Exception: [Errno -2] Name or service not known
t=0.26
7014 Checking raiffeisen.ru ... t=2.45
7015 Checking newsone.gr ... t=1.65
7016 Checking wanelo.com ... t=1.41
7017 Checking worldofwarships.eu ... t=0.76
7018 Checking pottermore.com ... t=0.85
7019 Checking dstv.com ... t=17.73
7020 Checking abcmouse.com ... t=3.62
7021 Checking rhymezone.com ... t=0.80
7022 Checking igmhb.com ... Exception: [Errno -5] No address associated with hostname
t=0.03
7023 Checking torrent-games.net ... t=0.92
7024 Checking 0788.pics ... t=1.14
7025 Checking reliancebroadband.co.in ... Exception: [Errno 110] Connection timed out
t=127.83
7026 Checking insistpost.com ... t=10.62
7027 Checking fleshhole.com ... t=0.46
7028 Checking 2670.com ... Exception: [Errno -5] No address associated with hostname
t=0.21
7029 Checking acesso.gov.pt ... Exception: [Errno -5] No address associated with hostname
t=3.19
7030 Checking news1.kr ... t=0.54
7031 Checking aldi-sued.de ... t=2.16
7032 Checking live-smi.ru ... t=2.20
7033 Checking anything2mp3.com ... t=0.68
7034 Checking skynewsarabia.com ... t=3.49
7035 Checking jarir.com ... t=1.75
7036 Checking rustoria.ru ... t=0.82
7037 Checking lotour.com ... t=1.79
7038 Checking filepuma.com ... t=1.16
7039 Checking economicos.cl ... t=1.19
7040 Checking vavel.com ... t=4.29
7041 Checking hikikagami.com ... t=0.24
7042 Checking vivino.com ... t=2.22
7043 Checking gelbooru.com ... t=0.30
7044 Checking tuniu.com ... t=1.12
7045 Checking investors.com ... t=3.07
7046 Checking nordea.se ... t=3.11
7047 Checking pornbb.org ... t=0.03
7048 Checking whatmobile.com.pk ... t=1.12
7049 Checking codeschool.com ... t=1.76
7050 Checking stylewe.com ... t=1.40
7051 Checking ed2000.com ... Exception: [Errno -5] No address associated with hostname
t=5.18
7052 Checking naver.net ... t=0.36
7053 Checking runrun.es ... t=0.43
7054 Checking gamy.jp ... t=0.36
7055 Checking newser.cc ... t=4.43
7056 Checking brigitte.de ... t=2.95
7057 Checking hip2save.com ... t=0.29
7058 Checking benesse.ne.jp ... Exception: [Errno -5] No address associated with hostname
t=0.18
7059 Checking gh0089.com ... t=0.84
7060 Checking csgodouble.com ... t=1.49
7061 Checking jobtome.com ... t=0.88
7062 Checking patoghu.com ... t=1.70
7063 Checking gamepressure.com ... t=3.74
7064 Checking fineartamerica.com ... t=1.35
7065 Checking scamadviser.com ... t=0.85
7066 Checking 05tz2e9.com ... t=0.32
7067 Checking torrentmoa.com ... t=0.02
7068 Checking budget.com ... t=2.41
7069 Checking logic-immo.com ... t=6.11
7070 Checking opensky.com ... t=2.11
7071 Checking chann.net ... t=0.18
7072 Checking daliulian.net ... t=0.06
7073 Checking katespade.com ... t=19.06
7074 Checking gmx.com ... t=1.54
7075 Checking compucalitv.com ... t=1.81
7076 Checking shippingchina.com ... t=0.59
7077 Checking wisegames1.com ... t=0.66
7078 Checking movizland.com ... t=0.63
7079 Checking uast.ac.ir ... t=4.44
7080 Checking veoh.com ... t=1.45
7081 Checking mrskin.com ... t=0.31
7082 Checking rummycircle.com ... Exception: ''
t=0.71
7083 Checking vodafone.co.uk ... t=1.17
7084 Checking douban.com ... t=1.53
7085 Checking freeimages.com ... t=1.55
7086 Checking thetimes.co.uk ... t=1.28
7087 Checking retre.org ... t=1.16
7088 Checking 8muses.com ... t=0.03
7089 Checking khmeread.com ... t=1.01
7090 Checking bhinneka.com ... Exception: timed out
t=22328.46
7091 Checking billiger.de ... t=2.61
7092 Checking oxfordlearnersdictionaries.com ... t=1.65
7093 Checking eadaily.com ... t=2.59
7094 Checking redmp3.su ... t=0.61
7095 Checking exacttarget.com ... t=2.95
7096 Checking modelmayhem.com ... t=1.26
7097 Checking bicentenariobu.com ... t=1.88
7098 Checking thermofisher.com ... t=1.80
7099 Checking telewebion.com ... t=2.63
7100 Checking meteo.gr ... Exception: [Errno -2] Name or service not known
t=1.55
7101 Checking support.wordpress.com ... t=2.31
7102 Checking top4top.net ... t=2.09
7103 Checking ohnotheydidnt.livejournal.com ... t=1.11
7104 Checking my.gov.au ... Warning: Redirect exceed limit
t=22.96
7105 Checking allsingaporestuff.com ... t=1.79
7106 Checking escort-advisor.com ... t=2.62
7107 Checking sbtonline.in ... t=3.29
7108 Checking competitor.com ... t=0.89
7109 Checking arbitr.ru ... t=3.20
7110 Checking goldesel.to ... t=1.30
7111 Checking 228.com.cn ... t=0.65
7112 Checking dramaonline.com ... t=0.85
7113 Checking hoolo.tv ... t=5.12
7114 Checking thepaper.cn ... t=0.98
7115 Checking powtoon.com ... t=2.32
7116 Checking proxer.me ... t=0.84
7117 Checking sling.com ... t=0.70
7118 Checking teknosa.com ... t=2.42
7119 Checking jqueryscript.net ... t=0.97
7120 Checking smarturl.it ... t=2.16
7121 Checking mom2fuck.com ... t=0.67
7122 Checking coolkora.com ... t=1.47
7123 Checking paradoxplaza.com ... t=4.80
7124 Checking songsterr.com ... t=1.10
7125 Checking soufun.com ... t=0.42
7126 Checking realist.com ... t=1.59
7127 Checking northerntool.com ... t=1.73
7128 Checking sej.co.jp ... Exception: [Errno -5] No address associated with hostname
t=0.19
7129 Checking cutezee.com ... t=1.35
7130 Checking ufrgs.br ... t=4.29
7131 Checking csgostash.com ... t=1.67
7132 Checking mcskinsearch.com ... t=0.30
7133 Checking dnevnik.hr ... t=0.73
7134 Checking publico.pt ... t=3.01
7135 Checking obsproject.com ... t=1.56
7136 Checking newser.com ... t=1.22
7137 Checking sbb.ch ... t=3.31
7138 Checking ligatus.com ... t=4.70
7139 Checking 265.com ... t=1.09
7140 Checking megabus.com ... t=1.20
7141 Checking angelfire.com ... t=5.99
7142 Checking sexu.com ... t=0.82
7143 Checking cosmo.ru ... t=3.34
7144 Checking washingtonexaminer.com ... t=1.06
7145 Checking whois.net ... t=2.65
7146 Checking apne.tv ... t=1.24
7147 Checking octopuspop.com ... t=0.18
7148 Checking blogspot.co.za ... t=0.49
7149 Checking science-all.com ... t=2.67
7150 Checking hhs.gov ... t=1.22
7151 Checking plos.org ... t=1.35
7152 Checking awesomeinventions.com ... t=0.96
7153 Checking fuliba.net ... t=0.44
7154 Checking anntaylor.com ... t=1.37
7155 Checking bzwbk.pl ... t=3.41
7156 Checking s3.com.tw ... Exception: [Errno -5] No address associated with hostname
t=0.03
7157 Checking rxlist.com ... t=0.43
7158 Checking torlock.com ... t=2.05
7159 Checking buybuybaby.com ... t=1.65
7160 Checking megafilmesonline.net ... t=0.67
7161 Checking beyond.com ... t=1.70
7162 Checking corsair.com ... t=1.02
7163 Checking expedia.ca ... t=4.23
7164 Checking stafaband.co ... t=1.41
7165 Checking mygov.in ... t=4.89
7166 Checking sermepa.es ... Exception: [Errno -5] No address associated with hostname
t=1.37
7167 Checking 17jg.com ... t=0.63
7168 Checking rakuten.com.tw ... t=0.59
7169 Checking e-travel.com ... t=4.81
7170 Checking si.edu ... t=1.02
7171 Checking alrajhibank.com.sa ... Exception: [Errno 110] Connection timed out
t=127.93
7172 Checking thecontentcave.com ... t=0.58
7173 Checking liga.net ... t=4.97
7174 Checking alalam.ir ... t=3.21
7175 Checking revolve.com ... t=0.78
7176 Checking tohotheater.jp ... Exception: [Errno 111] Connection refused
t=0.18
7177 Checking peru21.pe ... t=1.97
7178 Checking ontvtime.ru ... t=2.56
7179 Checking kontur.ru ... t=3.00
7180 Checking imgclick.net ... t=0.77
7181 Checking ponpare.jp ... Exception: timed out
t=180.13
7182 Checking gob.cl ... t=4.10
7183 Checking pornhubpremium.com ... t=0.38
7184 Checking p-world.co.jp ... Exception: [Errno -5] No address associated with hostname
t=0.14
7185 Checking tvarticles.me ... t=0.70
7186 Checking brighthouse.com ... t=1.84
7187 Checking androidforums.com ... t=1.23
7188 Checking ixigo.com ... t=1.00
7189 Checking hamshahrionline.ir ... t=1.96
7190 Checking sportzwiki.com ... t=0.50
7191 Checking qantas.com ... t=1.90
7192 Checking gateway.gov.uk ... Exception: [Errno -5] No address associated with hostname
t=1.90
7193 Checking hightail.com ... t=1.37
7194 Checking gartner.com ... t=2.74
7195 Checking hitbox.tv ... t=1.30
7196 Checking golem.de ... t=3.99
7197 Checking instyle.com ... t=0.69
7198 Checking conforama.fr ... t=3.09
7199 Checking awd.ru ... t=1.32
7200 Checking realmadrid.com ... t=1.14
7201 Checking partycity.com ... t=0.99
7202 Checking kurir.mk ... t=0.95
7203 Checking gingersoftware.com ... t=0.94
7204 Checking connexus.com ... t=8.28
7205 Checking lbj.tw ... Exception: [Errno -5] No address associated with hostname
t=0.06
7206 Checking microsofttranslator.com ... t=0.80
7207 Checking 51credit.com ... t=0.51
7208 Checking offers.com ... t=1.36
7209 Checking asianwiki.com ... t=0.52
7210 Checking webaula.com.br ... t=2.08
7211 Checking jobstreet.com ... t=1.08
7212 Checking kdslife.com ... t=0.29
7213 Checking meh.com ... t=7.05
7214 Checking pfhsystem.com ... t=1.57
7215 Checking ssc.nic.in ... t=0.52
7216 Checking redflagdeals.com ... t=1.34
7217 Checking askmefast.com ... t=1.38
7218 Checking gsp.ro ... t=4.03
7219 Checking topito.com ... t=1.89
7220 Checking flightstats.com ... t=1.20
7221 Checking pr-cy.ru ... t=1.27
7222 Checking elasticbeanstalk.com ... t=1.13
7223 Checking futura-sciences.com ... t=4.95
7224 Checking sc.gov.br ... t=1.44
7225 Checking vic.edu.au ... Exception: [Errno -5] No address associated with hostname
t=0.17
7226 Checking samba.com ... t=1.35
7227 Checking ebay.tv ... t=0.46
7228 Checking hentai-foundry.com ... t=0.57
7229 Checking guns.ru ... t=2.14
7230 Checking uplea.com ... t=0.38
7231 Checking nutaku.net ... t=1.21
7232 Checking eventbrite.co.uk ... t=2.92
7233 Checking cloudtime.to ... t=4.34
7234 Checking fossbytes.com ... t=0.39
7235 Checking katestube.com ... t=0.75
7236 Checking aksam.com.tr ... t=4.62
7237 Checking vt.edu ... t=1.79
7238 Checking denofgeek.com ... t=2.12
7239 Checking spin.de ... t=2.56
7240 Checking topgear.com ... t=1.59
7241 Checking zv.fm ... t=2.41
7242 Checking bmj.com ... t=1.12
7243 Checking carousell.com ... t=1.54
7244 Checking voegol.com.br ... t=2.39
7245 Checking mejorconsalud.com ... t=0.60
7246 Checking ciudad.com.ar ... t=1.51
7247 Checking activehosted.com ... t=0.37
7248 Checking kinogb.net ... t=2.13
7249 Checking seg-social.es ... Exception: [Errno -5] No address associated with hostname
t=1.36
7250 Checking tushkan.tv ... t=1.20
7251 Checking mihanwebhost.com ... t=1.31
7252 Checking embedscr.com ... t=0.93
7253 Checking standaard.be ... t=4.04
7254 Checking macromedia.com ... t=0.53
7255 Checking echosign.com ... t=1.14
7256 Checking diary.ru ... t=1.49
7257 Checking joinindianarmy.nic.in ... t=1.08
7258 Checking dhnet.be ... t=2.65
7259 Checking bigcinema.tv ... t=2.17
7260 Checking cinepolis.com ... t=0.83
7261 Checking heraldsun.com.au ... Warning: Redirect exceed limit
t=3.75
7262 Checking baur.de ... t=3.24
7263 Checking xiazaiba.com ... t=1.31
7264 Checking rogers.com ... t=2.86
7265 Checking jamieoliver.com ... t=2.79
7266 Checking d1com.com ... t=4.74
7267 Checking trend-chaser.com ... t=1.73
7268 Checking samehadaku.net ... t=1.08
7269 Checking morningpost.com.cn ... t=19.31
7270 Checking filmesonlinehd1.com ... t=2.75
7271 Checking sexix.net ... t=0.03
7272 Checking lomadee.com ... t=1.25
7273 Checking parsonline.com ... t=3.73
7274 Checking luscious.net ... t=0.03
7275 Checking huffingtonpost.de ... t=3.13
7276 Checking q8yat.com ... t=2.00
7277 Checking ptt01.cc ... t=0.15
7278 Checking ocbc.com ... t=1.26
7279 Checking ingdirect.it ... t=1.99
7280 Checking ency-education.com ... t=2.17
7281 Checking ikyu.com ... t=0.44
7282 Checking naturum.ne.jp ... Exception: [Errno -5] No address associated with hostname
t=0.61
7283 Checking ni.com ... t=11.12
7284 Checking bakeca.it ... t=2.75
7285 Checking adoptapet.com ... t=2.33
7286 Checking tradingeconomics.com ... t=1.11
7287 Checking airfrance.fr ... t=6.04
7288 Checking yota.ru ... t=2.96
7289 Checking hellofresh.com ... t=4.59
7290 Checking donpornogratis.com ... t=0.90
7291 Checking i-web.jpn.com ... Exception: [Errno -5] No address associated with hostname
t=0.53
7292 Checking mhometheater.com ... t=0.38
7293 Checking click108.com.tw ... t=0.11
7294 Checking gnc.com ... t=1.57
7295 Checking cairoportal.com ... t=0.91
7296 Checking majikichi.com ... t=0.37
7297 Checking mydirtyhobby.com ... t=0.46
7298 Checking geneanet.org ... t=4.49
7299 Checking hrenh.com ... t=2.92
7300 Checking getnews.jp ... t=0.25
7301 Checking todayifoundout.com ... t=1.31
7302 Checking rallydev.com ... t=2.67
7303 Checking ntvbd.com ... t=1.74
7304 Checking coldwellbankerhomes.com ... t=2.75
7305 Checking morhipo.com ... t=3.85
7306 Checking ilovemobi.com ... t=0.88
7307 Checking thejigsawpuzzles.com ... t=0.58
7308 Checking d1net.com ... t=1.13
7309 Checking hubii.com ... t=1.18
7310 Checking dmi.dk ... t=5.53
7311 Checking ezinearticles.com ... t=1.94
7312 Checking photoshelter.com ... t=1.70
7313 Checking rightel.ir ... t=4.74
7314 Checking playpark.com ... t=10.70
7315 Checking warez-bb.org ... t=0.85
7316 Checking cnnindonesia.com ... t=1.16
7317 Checking spreadshirt.com ... t=0.83
7318 Checking hyundai.com ... t=5.93
7319 Checking diytrade.com ... t=1.10
7320 Checking ray-ban.com ... t=2.22
7321 Checking noip.com ... t=1.31
7322 Checking smartschool.be ... Exception: [Errno 110] Connection timed out
t=128.18
7323 Checking dunyavegercekler.com ... t=2.82
7324 Checking lezhin.com ... t=1.90
7325 Checking extremetech.com ... t=0.88
7326 Checking vanderbilt.edu ... t=0.70
7327 Checking sudouest.fr ... t=1.98
7328 Checking xrea.com ... t=0.73
7329 Checking colostate.edu ... t=1.67
7330 Checking lenskart.com ... t=0.43
7331 Checking bancogalicia.com.ar ... t=2.51
7332 Checking tripit.com ... t=2.75
7333 Checking otodom.pl ... Exception: [Errno 111] Connection refused
t=20.54
7334 Checking kingsoft.jp ... t=0.42
7335 Checking gahe.com ... t=0.43
7336 Checking mercadolivre.com ... t=2.78
7337 Checking xxxtubeset.com ... t=0.50
7338 Checking yiiframework.com ... t=1.58
7339 Checking maryland.gov ... t=11.65
7340 Checking youtube2mp3.cc ... t=2.98
7341 Checking canal-plus.com ... t=1.17
7342 Checking blogcu.com ... t=3.15
7343 Checking hixgo.com ... t=0.62
7344 Checking kinoclips.net ... t=1.28
7345 Checking elnuevodia.com ... t=1.82
7346 Checking rabb.it ... t=1.43
7347 Checking totalsportek.com ... t=2.17
7348 Checking catho.com.br ... t=4.30
7349 Checking blankmediagames.com ... t=1.12
7350 Checking pcgames-download.net ... t=0.65
7351 Checking onecoin.eu ... t=1.22
7352 Checking airberlin.com ... t=3.36
7353 Checking hotnews.ro ... t=2.45
7354 Checking thenounproject.com ... t=2.12
7355 Checking aipmt.nic.in ... t=0.79
7356 Checking techonthenet.com ... t=1.92
7357 Checking desire2learn.com ... t=2.23
7358 Checking sfglobe.com ... t=1.50
7359 Checking xvideosnavi.mobi ... t=0.09
7360 Checking lootcrate.com ... t=1.58
7361 Checking awm.com ... t=0.65
7362 Checking pdf2jpg.net ... t=1.27
7363 Checking linktech.cn ... Exception: [Errno -2] Name or service not known
t=2.90
7364 Checking pricepony.com.ph ... t=0.78
7365 Checking pinkbike.com ... t=0.90
7366 Checking sparkfun.com ... t=3.66
7367 Checking emitra.gov.in ... t=0.61
7368 Checking careerlink.vn ... t=2.63
7369 Checking 24wro.com.gr ... t=1.27
7370 Checking backpackers.com.tw ... t=0.60
7371 Checking atlasobscura.com ... t=1.19
7372 Checking filesfetcher.com ... t=1.98
7373 Checking depor.com ... t=0.73
7374 Checking vartoken.com ... t=15.92
7375 Checking sexfactor.com ... t=1.00
7376 Checking raialyoum.com ... t=0.96
7377 Checking louisvuitton.com ... t=0.31
7378 Checking iyiou.com ... t=0.83
7379 Checking 864321.com ... t=1.30
7380 Checking adac.de ... t=4.92
7381 Checking 8264.com ... t=1.02
7382 Checking marieclaire.com.tw ... Exception: [Errno -5] No address associated with hostname
t=0.04
7383 Checking webmasterplan.com ... t=10.15
7384 Checking qvc.de ... t=3.44
7385 Checking up.ac.za ... Exception: [Errno 110] Connection timed out
t=128.26
7386 Checking joxi.ru ... t=2.67
7387 Checking ye-mek.net ... Exception: [Errno 110] Connection timed out
t=127.63
7388 Checking 0783.pics ... t=0.85
7389 Checking lesoir.be ... t=1.49
7390 Checking zigwheels.com ... t=2.50
7391 Checking firmy.cz ... t=3.65
7392 Checking rozklad-pkp.pl ... t=1.39
7393 Checking onesignal.com ... t=0.93
7394 Checking pandora.net ... t=1.99
7395 Checking ih5.cn ... t=0.97
7396 Checking mmgp.ru ... t=2.82
7397 Checking parapolitika.gr ... t=3.81
7398 Checking greatamericancountry.com ... t=1.17
7399 Checking 99bill.com ... t=6.53
7400 Checking volaris.com ... t=2.31
7401 Checking holidayiq.com ... t=0.83
7402 Checking qhit.net ... Exception: [Errno -5] No address associated with hostname
t=0.21
7403 Checking minhavida.com.br ... t=3.06
7404 Checking it-ebooks.info ... t=0.61
7405 Checking zhangyu.tv ... t=1.14
7406 Checking batepapo.uol.com.br ... t=1.26
7407 Checking se.pl ... t=2.63
7408 Checking apartmenthomeliving.com ... t=0.24
7409 Checking 51seer.com ... t=0.71
7410 Checking groupon.de ... t=1.34
7411 Checking gameskinny.com ... t=1.33
7412 Checking statusbrew.com ... t=1.65
7413 Checking cjn.cn ... t=0.81
7414 Checking yellowpages.ca ... t=1.05
7415 Checking lidovky.cz ... t=4.33
7416 Checking viooz.ac ... t=0.67
7417 Checking aawsat.com ... t=0.96
7418 Checking behindwoods.com ... t=0.37
7419 Checking feiyang.com ... t=2.32
7420 Checking hbonordic.com ... t=2.32
7421 Checking aovivonatv.com ... t=1.31
7422 Checking ip138.com ... t=0.49
7423 Checking markafoni.com ... t=1.58
7424 Checking gyakorikerdesek.hu ... t=3.02
7425 Checking postquare.com ... t=0.54
7426 Checking 17zwd.com ... t=0.41
7427 Checking todo1.com ... t=0.64
7428 Checking interest.me ... t=0.80
7429 Checking nettavisen.no ... t=2.48
7430 Checking showoff.com.cn ... t=0.84
7431 Checking cebupacificair.com ... t=22.47
7432 Checking which.co.uk ... t=1.28
7433 Checking ipla.tv ... t=7.85
7434 Checking google.co.ao ... t=1.60
7435 Checking fenrir-inc.com ... t=0.37
7436 Checking seventeen.com ... t=0.87
7437 Checking jobstreet.com.my ... t=2.19
7438 Checking p30rank.ir ... t=2.51
7439 Checking zfilm-hd.net ... t=1.32
7440 Checking ultimasnoticias.com.ve ... t=3.42
7441 Checking cpubenchmark.net ... t=1.33
7442 Checking webaslan.com ... t=3.48
7443 Checking gezginler.net ... t=1.27
7444 Checking postfinance.ch ... t=4.60
7445 Checking tvtoday.de ... t=1.96
7446 Checking futurism.com ... t=0.43
7447 Checking bitcointalk.org ... t=2.96
7448 Checking bayern.de ... t=4.61
7449 Checking mb.com.ph ... t=9.72
7450 Checking studiocataldi.it ... t=1.98
7451 Checking bjs.com ... t=1.97
7452 Checking clarovideo.com ... t=3.04
7453 Checking uuu9.com ... t=0.94
7454 Checking petmd.com ... t=1.36
7455 Checking filerio.in ... t=1.28
7456 Checking wrapbootstrap.com ... t=2.88
7457 Checking warframe.com ... t=8.01
7458 Checking cldmine.com ... Exception: [Errno -5] No address associated with hostname
t=1.76
7459 Checking infoworld.com ... t=3.16
7460 Checking mrexcel.com ... t=12.22
7461 Checking mywapblog.com ... t=2.99
7462 Checking get2ch.net ... t=2.24
7463 Checking gimp.org ... t=2.33
7464 Checking autobild.de ... t=3.91
7465 Checking tkec.com.tw ... t=0.53
7466 Checking swzz.xyz ... t=2.03
7467 Checking modxvm.com ... t=2.53
7468 Checking almrsal.com ... t=3.65
7469 Checking pgr21.com ... t=0.48
7470 Checking scene7.com ... t=1.83
7471 Checking urbanladder.com ... t=1.17
7472 Checking dotnetperls.com ... t=0.97
7473 Checking nintendo.net ... Exception: [Errno -5] No address associated with hostname
t=0.63
7474 Checking sellfy.com ... t=1.56
7475 Checking kasvyksta.lt ... t=1.96
7476 Checking brunch.co.kr ... t=0.87
7477 Checking sharethis.com ... t=1.19
7478 Checking sucursalelectronica.com ... Exception: [Errno -5] No address associated with hostname
t=1.34
7479 Checking 80018.cn ... t=2.55
7480 Checking meteo.it ... t=3.46
7481 Checking kissmetrics.com ... t=1.91
7482 Checking animeshow.tv ... t=0.80
7483 Checking cafis-paynet.jp ... Exception: [Errno -5] No address associated with hostname
t=0.42
7484 Checking avsforum.com ... t=1.30
7485 Checking farnell.com ... t=0.86
7486 Checking wordstream.com ... t=1.23
7487 Checking 20945ds.com.cn ... Exception: [Errno -2] Name or service not known
t=0.30
7488 Checking disp.cc ... t=0.15
7489 Checking celebnews.today ... t=1.57
7490 Checking howtoforge.com ... t=3.36
7491 Checking mobile.free.fr ... t=1.12
7492 Checking highsnobiety.com ... t=1.04
7493 Checking gossip1.net ... t=0.35
7494 Checking football.ua ... t=1.43
7495 Checking onlinetrade.ru ... t=2.22
7496 Checking searchlf.com ... t=0.94
7497 Checking melty.fr ... t=3.01
7498 Checking charter97.org ... t=1.55
7499 Checking port.hu ... t=1.38
7500 Checking hotmovies.com ... t=0.25
7501 Checking on24.com ... t=3.64
7502 Checking pastemagazine.com ... t=5.11
7503 Checking raw-zip.com ... t=1.69
7504 Checking myprotein.com ... t=3.95
7505 Checking whatismyip.com ... t=1.91
7506 Checking derwesten.de ... t=2.76
7507 Checking rlsnet.ru ... t=3.19
7508 Checking hugefiles.net ... t=1.59
7509 Checking appmedia.jp ... t=0.82
7510 Checking webhostingtalk.com ... t=2.78
7511 Checking readmanga.me ... t=1.58
7512 Checking biglion.ru ... t=1.29
7513 Checking bod.com.ve ... Exception: [Errno -5] No address associated with hostname
t=2.06
7514 Checking bestwestern.com ... t=1.36
7515 Checking sendpulse.com ... t=2.78
7516 Checking hubspot.net ... t=1.07
7517 Checking telegraf.rs ... t=3.34
7518 Checking sarvgyan.com ... t=3.16
7519 Checking ah-me.com ... t=0.72
7520 Checking olx.com.ve ... t=3.21
7521 Checking lottedfs.com ... t=0.58
7522 Checking hitwe.com ... t=2.24
7523 Checking theporndude.com ... t=0.33
7524 Checking siasat.pk ... t=1.20
7525 Checking anonymz.com ... t=1.39
7526 Checking zennioptical.com ... t=1.30
7527 Checking his-j.com ... t=0.31
7528 Checking maisonsdumonde.com ... t=1.93
7529 Checking lamabang.com ... t=1.48
7530 Checking 114so.cn ... Exception: [Errno -5] No address associated with hostname
t=0.20
7531 Checking cedyna.co.jp ... t=0.67
7532 Checking revzilla.com ... t=1.25
7533 Checking profitmaximizer.co ... t=0.66
7534 Checking damage0.com ... t=0.24
7535 Checking ssense.com ... t=0.97
7536 Checking careesma.in ... t=0.58
7537 Checking gamek.vn ... t=0.33
7538 Checking 0776.pics ... t=1.54
7539 Checking rutor.org ... Exception: [Errno -2] Name or service not known
t=0.26
7540 Checking thecelebslife.com ... t=5.74
7541 Checking text.ru ... t=1.11
7542 Checking pbworks.com ... t=0.90
7543 Checking exam8.com ... t=1.17
7544 Checking elecom.co.jp ... Exception: [Errno -5] No address associated with hostname
t=0.28
7545 Checking escapistmagazine.com ... t=2.85
7546 Checking platnosci.pl ... t=4.57
7547 Checking share-online.biz ... t=1.34
7548 Checking localbitcoins.com ... t=2.29
7549 Checking vidads.in ... t=1.33
7550 Checking bri.co.id ... t=2.59
7551 Checking ubibanca.com ... t=3.95
7552 Checking laudable.com ... t=1.50
7553 Checking bih.nic.in ... Exception: [Errno 111] Connection refused
t=0.60
7554 Checking utah.gov ... t=3.36
7555 Checking server.pro ... t=3.43
7556 Checking my-personaltrainer.it ... t=2.68
7557 Checking gioco.it ... t=2.17
7558 Checking head-fi.org ... t=1.82
7559 Checking pasion.com ... t=1.40
7560 Checking byu.edu ... t=2.05
7561 Checking vrisko.gr ... t=12.72
7562 Checking thinkwithgoogle.com ... t=0.96
7563 Checking bookbub.com ... t=2.93
7564 Checking abercrombie.com ... t=0.83
7565 Checking bidorbuy.co.za ... t=2.14
7566 Checking taxguru.in ... t=1.02
7567 Checking pointi.jp ... t=0.74
7568 Checking congan.com.vn ... t=0.29
7569 Checking notepad-plus-plus.org ... t=2.26
7570 Checking eloqua.com ... t=1.04
7571 Checking miwifi.com ... t=0.26
7572 Checking symbols-n-emoticons.com ... t=0.60
7573 Checking pitt.edu ... t=1.33
7574 Checking weziwezi.com ... t=2.47
7575 Checking cbi.ir ... t=2.43
7576 Checking xinmin.cn ... t=1.22
7577 Checking readers.jp ... t=0.36
7578 Checking hnntube.com ... t=2.39
7579 Checking dhlglobalmail.com ... Exception: [Errno 111] Connection refused
t=0.97
7580 Checking vagaro.com ... t=1.60
7581 Checking bigstockphoto.com ... t=1.21
7582 Checking chinaacc.com ... t=1.13
7583 Checking zbiornik.com ... t=2.30
7584 Checking luminpdf.com ... t=1.54
7585 Checking hardware.fr ... t=2.15
7586 Checking vend-o.com ... t=2.50
7587 Checking paisdelosjuegos.com.ar ... t=1.45
7588 Checking aviny.com ... t=5.34
7589 Checking somosmovies.com ... t=0.74
7590 Checking cecile.co.jp ... Exception: [Errno -5] No address associated with hostname
t=0.21
7591 Checking bankcomm.com ... Exception: [Errno -5] No address associated with hostname
t=0.26
7592 Checking pho.to ... t=1.51
7593 Checking airbnb.de ... t=0.63
7594 Checking wo.com.cn ... t=0.33
7595 Checking artofmanliness.com ... t=0.35
7596 Checking greenmangaming.com ... t=2.60
7597 Checking handelsblatt.com ... t=1.69
7598 Checking senego.com ... t=1.33
7599 Checking google.com.bn ... t=0.91
7600 Checking sportsnet.ca ... t=1.89
7601 Checking infopanel.jp ... t=0.33
7602 Checking puma.com ... t=3.22
7603 Checking italki.com ... t=1.94
7604 Checking kiabi.com ... t=2.39
7605 Checking minkabu.jp ... t=0.45
7606 Checking smarter.com ... t=1.60
7607 Checking playboy.com ... t=0.35
7608 Checking poppen.de ... t=0.60
7609 Checking expedia.co.jp ... t=3.08
7610 Checking cgpersia.com ... t=3.62
7611 Checking babble.com ... t=1.42
7612 Checking n4g.com ... t=1.02
7613 Checking iha-a.com ... t=0.28
7614 Checking pearsonmylabandmastering.com ... t=1.54
7615 Checking iceporn.com ... t=1.16
7616 Checking xtec.cat ... t=4.62
7617 Checking pichunter.com ... t=0.73
7618 Checking 360safe.com ... t=1.21
7619 Checking obligao.com ... t=3.15
7620 Checking globovision.com ... t=0.85
7621 Checking bsi.ir ... t=13.83
7622 Checking torproject.org ... t=0.75
7623 Checking sarkarinaukrisarch.in ... t=2.05
7624 Checking alahlionline.com ... t=2.82
7625 Checking k-streaming.com ... t=2.48
7626 Checking liqu.com ... t=0.89
7627 Checking sleazyneasy.com ... t=1.86
7628 Checking wholecloud.net ... t=3.35
7629 Checking pingan.com ... t=0.19
7630 Checking symplicity.com ... t=3.32
7631 Checking turkcinema.tv ... t=1.84
7632 Checking baiduyun.me ... t=1.60
7633 Checking trafficholder.com ... t=2.37
7634 Checking hawahome.com ... t=0.65
7635 Checking 444.hu ... t=1.44
7636 Checking flyertea.com ... t=1.03
7637 Checking abcnyheter.no ... t=2.54
7638 Checking significados.com.br ... t=1.13
7639 Checking jqueryrain.com ... t=2.87
7640 Checking wipro.com ... t=1.60
7641 Checking leadzu.com ... t=1.58
7642 Checking rc-aflrm.com ... t=0.65
7643 Checking wikitree.co.kr ... t=2.28
7644 Checking stamps.com ... t=1.83
7645 Checking taobaocdn.com ... t=0.25
7646 Checking geek.com ... t=1.17
7647 Checking instacart.com ... t=1.94
7648 Checking eatingwell.com ... t=1.17
7649 Checking scmp.com ... t=0.46
7650 Checking kukudas.com ... t=0.68
7651 Checking correos.es ... t=3.66
7652 Checking redtubelive.com ... t=0.57
7653 Checking steamusercontent.com ... Exception: [Errno -5] No address associated with hostname
t=0.17
7654 Checking vividseats.com ... t=1.00
7655 Checking depfile.com ... t=3.32
7656 Checking barkpost.com ... t=0.45
7657 Checking o2.co.uk ... t=2.70
7658 Checking har.com ... t=1.12
7659 Checking aeriagames.com ... t=1.33
7660 Checking amazon.jobs ... t=1.66
7661 Checking ibs.it ... t=2.68
7662 Checking xem.vn ... t=0.55
7663 Checking ladenzeile.de ... t=1.31
7664 Checking branded.me ... t=1.60
7665 Checking heart.org ... t=3.16
7666 Checking arabshow.tv ... t=0.93
7667 Checking akamai.com ... t=0.98
7668 Checking torrent-anime.com ... t=2.01
7669 Checking pagomiscuentas.com ... t=3.06
7670 Checking rent.com ... t=1.12
7671 Checking payless.com ... t=2.51
7672 Checking miradetodo.net ... t=0.69
7673 Checking junglesvibes1.net ... t=0.72
7674 Checking sharekhan.com ... t=0.79
7675 Checking unionbank.com ... t=1.69
7676 Checking tubedupe.com ... t=0.31
7677 Checking hackaday.com ... t=0.50
7678 Checking gsm.ir ... t=5.74
7679 Checking binbox.io ... t=0.33
7680 Checking joemonster.org ... t=0.73
7681 Checking uverse.com ... t=0.64
7682 Checking uv.es ... Exception: [Errno -5] No address associated with hostname
t=1.45
7683 Checking koudaitong.com ... t=4.06
7684 Checking theaustralian.com.au ... Warning: Redirect exceed limit
t=2.65
7685 Checking bikebros.co.jp ... t=2.48
7686 Checking deutschepost.de ... t=3.34
7687 Checking filmpertutti.click ... t=1.13
7688 Checking elotrolado.net ... t=4.54
7689 Checking sportsmansguide.com ... t=0.64
7690 Checking 24tv.ua ... t=1.51
7691 Checking mygully.com ... t=1.39
7692 Checking ca168.com ... t=0.60
7693 Checking telemundo.com ... t=0.72
7694 Checking tomtop.com ... t=1.54
7695 Checking misionesonline.net ... t=0.80
7696 Checking stylecraze.com ... t=0.56
7697 Checking 17life.com ... Exception: [Errno 110] Connection timed out
t=127.71
7698 Checking gktoday.in ... t=2.80
7699 Checking jumia.ci ... t=5.64
7700 Checking win007.com ... t=0.52
7701 Checking angular.io ... t=1.19
7702 Checking asset-cache.net ... t=1.60
7703 Checking matometatta-news.net ... t=0.79
7704 Checking techinasia.com ... t=0.94
7705 Checking soccerline.co.kr ... t=0.96
7706 Checking visitkorea.or.kr ... t=6.21
7707 Checking intercom.io ... t=2.07
7708 Checking foreca.fi ... t=4.26
7709 Checking colissimo.fr ... t=3.86
7710 Checking sbbjonline.com ... t=4.24
7711 Checking sci-hub.cc ... t=0.91
7712 Checking elle.fr ... t=5.06
7713 Checking khaleejtimes.com ... t=0.69
7714 Checking wasu.cn ... t=1.22
7715 Checking fhm.com.tw ... t=0.48
7716 Checking payza.com ... t=3.20
7717 Checking uninstallmaster.com ... t=0.64
7718 Checking yes.xxx ... t=0.75
7719 Checking holloporn.com ... t=0.44
7720 Checking imgbabes.com ... t=1.82
7721 Checking alanba.com.kw ... t=9.35
7722 Checking podbbang.com ... t=0.61
7723 Checking ninjakiwi.com ... t=0.50
7724 Checking smartfren.com ... Exception: [Errno -5] No address associated with hostname
t=0.37
7725 Checking alarabyanews.com ... t=1.35
7726 Checking adult-empire.com ... t=0.27
7727 Checking icdrama.se ... t=0.62
7728 Checking harley-davidson.com ... t=1.59
7729 Checking alweeam.com.sa ... t=0.58
7730 Checking alamy.com ... t=1.19
7731 Checking consumeraffairs.com ... t=1.44
7732 Checking 33lc.com ... t=1.06
7733 Checking mineo.jp ... t=0.21
7734 Checking wickes.co.uk ... t=1.91
7735 Checking inhabitat.com ... t=0.64
7736 Checking hkej.com ... t=0.44
7737 Checking 10youtube.com ... t=1.35
7738 Checking ivoox.com ... t=2.96
7739 Checking kankan.com ... t=0.38
7740 Checking e-sehir.com ... t=2.08
7741 Checking tecmint.com ... t=1.84
7742 Checking bls.gov ... t=1.27
7743 Checking frandroid.com ... t=1.56
7744 Checking lapagina.com.sv ... t=3.02
7745 Checking 571xz.com ... t=0.34
7746 Checking beonpush.com ... t=1.07
7747 Checking viralpiranha.com ... t=2.61
7748 Checking documents.tips ... t=0.77
7749 Checking amap.com ... t=0.85
7750 Checking pornleech.com ... t=0.02
7751 Checking nissanusa.com ... t=0.72
7752 Checking definition.org ... t=0.92
7753 Checking arsenal.com ... t=7.17
7754 Checking ziraatbank.com.tr ... t=5.14
7755 Checking hotair.com ... t=0.74
7756 Checking senmanga.com ... t=1.66
7757 Checking geo-online.co.jp ... t=0.76
7758 Checking dian.gov.co ... Exception: [Errno -5] No address associated with hostname
t=1.55
7759 Checking sportal.bg ... t=5.21
7760 Checking sensedigital.in ... t=0.96
7761 Checking ru-board.com ... t=1.81
7762 Checking bankofindia.co.in ... t=0.73
7763 Checking novaposhta.ua ... t=5.43
7764 Checking demae-can.com ... t=0.58
7765 Checking theanimalrescuesite.com ... t=1.28
7766 Checking kting.cn ... Exception: [Errno -5] No address associated with hostname
t=0.27
7767 Checking seedit.com ... t=1.28
7768 Checking techbargains.com ... t=0.69
7769 Checking newindianexpress.com ... t=2.18
7770 Checking bensbargains.com ... t=0.67
7771 Checking dailyuploads.net ... t=0.77
7772 Checking bellanaija.com ... t=2.38
7773 Checking 1999.co.jp ... t=0.23
7774 Checking cadenaser.com ... t=0.75
7775 Checking skladchik.com ... t=2.73
7776 Checking silikonvadisi.tv ... t=3.82
7777 Checking n24.de ... t=2.85
7778 Checking kau.edu.sa ... t=9.09
7779 Checking bargozideha.com ... t=2.71
7780 Checking gosur.com ... t=0.38
7781 Checking guru.com ... t=1.10
7782 Checking legalzoom.com ... t=1.12
7783 Checking stocktwits.com ... t=0.45
7784 Checking mathletics.com ... t=1.58
7785 Checking gamebanana.com ... t=0.81
7786 Checking cancer.org ... t=2.51
7787 Checking hellporno.com ... t=0.72
7788 Checking quickbase.com ... Exception: [Errno -2] Name or service not known
t=2.49
7789 Checking beiii.com ... t=2.30
7790 Checking juggly.cn ... t=0.53
7791 Checking ay.gy ... t=0.74
7792 Checking nme.com ... t=1.14
7793 Checking tz.de ... t=2.74
7794 Checking saisoncard-sindan.jp ... t=0.23
7795 Checking qafqazinfo.az ... t=2.09
7796 Checking fastmail.com ... t=1.87
7797 Checking informationng.com ... t=0.69
7798 Checking mtagmonetizationc.com ... Exception: [Errno -5] No address associated with hostname
t=0.03
7799 Checking navy.mil ... Exception: [Errno -5] No address associated with hostname
t=0.03
7800 Checking seancody.com ... t=0.58
7801 Checking mylot.com ... t=1.08
7802 Checking mp.gov.in ... t=2.16
7803 Checking blizko.ru ... Warning: Redirect exceed limit
t=30.30
7804 Checking fanserials.tv ... t=1.83
7805 Checking denfaminicogamer.jp ... t=0.44
7806 Checking html.it ... t=2.19
7807 Checking listotic.com ... t=2.02
7808 Checking viber.com ... t=1.64
7809 Checking kogama.com ... t=2.63
7810 Checking eklablog.com ... t=3.38
7811 Checking calottery.com ... t=1.81
7812 Checking ioffer.com ... t=1.14
7813 Checking startpagina.nl ... t=2.83
7814 Checking careerride.com ... t=0.84
7815 Checking clkin.me ... t=0.66
7816 Checking mp4upload.com ... Exception: [Errno -2] Name or service not known
t=1.00
7817 Checking thecelebritylane.com ... t=0.69
7818 Checking slaati.com ... t=5.55
7819 Checking oddschecker.com ... t=1.57
7820 Checking keywordtool.io ... t=1.31
7821 Checking justia.com ... t=1.94
7822 Checking india-forums.com ... t=1.17
7823 Checking beslist.nl ... t=3.40
7824 Checking simple-download.net ... t=1.39
7825 Checking apa.az ... t=1.19
7826 Checking fabletics.com ... t=0.96
7827 Checking chouti.com ... t=1.74
7828 Checking medicalnewstoday.com ... t=1.23
7829 Checking networksolutionsemail.com ... Exception: [Errno -2] Name or service not known
t=0.65
7830 Checking unesco.org ... t=4.93
7831 Checking koplayer.com ... t=0.35
7832 Checking www.ne.jp ... t=0.37
7833 Checking vvvdj.com ... t=0.91
7834 Checking rateyourmusic.com ... t=0.78
7835 Checking onlinemapfinder.com ... t=1.37
7836 Checking turbosquid.com ... t=2.03
7837 Checking edgesuite.net ... Exception: [Errno -5] No address associated with hostname
t=0.14
7838 Checking ucl.ac.uk ... t=2.34
7839 Checking quizzzat.net ... t=0.75
7840 Checking ertk.net ... t=0.22
7841 Checking gamedog.cn ... t=1.57
7842 Checking l-tike.com ... t=0.48
7843 Checking media.net ... t=1.33
7844 Checking computerhoy.com ... t=0.69
7845 Checking semana.com ... t=1.38
7846 Checking google.sn ... t=0.27
7847 Checking gcu.edu ... t=1.85
7848 Checking mob.org ... t=0.76
7849 Checking tvsubs.net ... t=1.98
7850 Checking rosreestr.ru ... t=3.08
7851 Checking nts.org.pk ... t=0.92
7852 Checking quickmeme.com ... t=1.19
7853 Checking svpressa.ru ... t=2.52
7854 Checking 11467.com ... t=1.55
7855 Checking idlebrain.com ... t=1.07
7856 Checking ca800.com ... t=1.04
7857 Checking roadandtrack.com ... t=0.83
7858 Checking 9ku.com ... t=0.75
7859 Checking ozbargain.com.au ... t=1.81
7860 Checking bioskopkeren.org ... t=0.72
7861 Checking qianlong.com ... Exception: [Errno 110] Connection timed out
t=127.35
7862 Checking avira.net ... Exception: [Errno -5] No address associated with hostname
t=1.30
7863 Checking wtoutiao.com ... t=1.52
7864 Checking idealista.it ... t=1.95
7865 Checking woobox.com ... t=0.45
7866 Checking blablacar.ru ... t=2.21
7867 Checking skai.gr ... t=1.64
7868 Checking stgeorge.com.au ... t=2.08
7869 Checking prosieben.de ... t=3.44
7870 Checking ancensored.com ... t=0.80
7871 Checking cpuboss.com ... t=0.47
7872 Checking fobshanghai.com ... t=0.23
7873 Checking politifact.com ... t=0.96
7874 Checking haaretz.co.il ... t=3.37
7875 Checking pa.gov ... Exception: [Errno -3] Temporary failure in name resolution
t=20.02
7876 Checking sportingnews.com ... t=1.95
7877 Checking corazondemelon.es ... t=3.34
7878 Checking sg560.com ... t=1.26
7879 Checking thepioneerwoman.com ... t=0.50
7880 Checking pioncoo.net ... t=0.17
7881 Checking yify.tv ... t=0.68
7882 Checking ahaber.com.tr ... t=1.68
7883 Checking abc7.com ... t=0.68
7884 Checking pastsearcher.com ... t=0.43
7885 Checking armagedomfilmes.biz ... t=1.44
7886 Checking redd.it ... t=4.40
7887 Checking bong99.com ... t=0.27
7888 Checking wikitravel.org ... t=1.43
7889 Checking kanui.com.br ... t=3.00
7890 Checking shooshtime.com ... t=0.64
7891 Checking skyscanner.it ... t=2.54
7892 Checking qcw.com ... t=2.94
7893 Checking three.co.uk ... t=1.58
7894 Checking softarchive.la ... t=0.86
7895 Checking posta.com.tr ... t=3.97
7896 Checking softonic.com.br ... t=2.55
7897 Checking bankofscotland.co.uk ... t=2.90
7898 Checking narkive.com ... t=0.81
7899 Checking sportdog.gr ... t=2.00
7900 Checking eee114.com ... t=0.34
7901 Checking easycounter.com ... t=1.00
7902 Checking disquscdn.com ... Exception: [Errno -5] No address associated with hostname
t=0.19
7903 Checking meristation.com ... t=3.24
7904 Checking geekie.com.br ... t=1.12
7905 Checking ex-news.net ... t=4.15
7906 Checking qqbaobao.com ... Exception: [Errno -5] No address associated with hostname
t=0.06
7907 Checking elcats.ru ... t=4.58
7908 Checking anspress.com ... t=3.64
7909 Checking femina.mk ... t=2.73
7910 Checking illinois.gov ... Exception: [Errno 111] Connection refused
t=15.21
7911 Checking imss.gob.mx ... t=1.02
7912 Checking j-lyric.net ... t=0.46
7913 Checking albeu.com ... t=0.76
7914 Checking kitguru.net ... t=1.65
7915 Checking swedbank.lv ... t=4.27
7916 Checking orlandosentinel.com ... t=1.16
7917 Checking twcc.com ... t=1.90
7918 Checking thaiware.com ... t=7.36
7919 Checking netmile.co.jp ... Exception: [Errno -5] No address associated with hostname
t=0.19
7920 Checking meczyki.pl ... t=2.90
7921 Checking netcombo.com.br ... t=2.79
7922 Checking popcorntv.it ... t=1.29
7923 Checking moviescounter.com ... t=0.64
7924 Checking niume.com ... t=2.72
7925 Checking kasi-time.com ... t=0.70
7926 Checking miss-no1.com ... t=1.04
7927 Checking fbdown.net ... t=0.62
7928 Checking copart.com ... t=1.33
7929 Checking rainiertamayo.com ... t=0.03
7930 Checking greatschools.org ... t=1.37
7931 Checking leadsfinders.com ... t=0.40
7932 Checking mass.gov ... t=5.67
7933 Checking apk4fun.com ... t=2.86
7934 Checking uta-net.com ... t=0.62
7935 Checking 2mnd56.com ... t=0.77
7936 Checking sde.co.ke ... t=1.47
7937 Checking huxiu.com ... t=0.69
7938 Checking libertyland.tv ... t=1.21
7939 Checking koobuzz.com ... t=0.53
7940 Checking niroensani.ir ... t=5.90
7941 Checking 2ip.ru ... t=2.39
7942 Checking cytochemistryrecitativewrasse.com ... t=0.89
7943 Checking payubiz.in ... t=1.98
7944 Checking recyclix.com ... t=2.43
7945 Checking nola.com ... t=2.56
7946 Checking sistemadedinerogratis.com ... Exception: [Errno -2] Name or service not known
t=1.62
7947 Checking seratnews.ir ... t=4.48
7948 Checking doktorsitesi.com ... t=4.29
7949 Checking df.gob.mx ... Exception: [Errno -5] No address associated with hostname
t=0.92
7950 Checking kolalwatn.net ... t=2.35
7951 Checking gala.de ... t=3.16
7952 Checking targobank.de ... t=3.77
7953 Checking portaleducativo.net ... t=2.08
7954 Checking emedicinehealth.com ... t=0.44
7955 Checking bancochile.cl ... t=1.09
7956 Checking etoday.co.kr ... t=1.40
7957 Checking sengokuixa.jp ... t=0.35
7958 Checking baltimoresun.com ... t=0.80
7959 Checking ebay.com.hk ... t=0.78
7960 Checking men.com ... t=0.45
7961 Checking uga.edu ... t=1.45
7962 Checking ilsussidiario.net ... t=2.96
7963 Checking 4gamers4free.com ... t=1.55
7964 Checking steamcn.com ... Exception: [Errno -2] Name or service not known
t=3.58
7965 Checking autoc-one.jp ... t=0.45
7966 Checking west.cn ... t=3.46
7967 Checking uwaterloo.ca ... t=2.09
7968 Checking morganstanley.com ... t=0.63
7969 Checking hasbro.com ... t=2.57
7970 Checking petardas.com ... t=0.41
7971 Checking akbank.com ... t=12.51
7972 Checking fangraphs.com ... t=1.73
7973 Checking spox.com ... t=3.50
7974 Checking subway.com ... t=1.26
7975 Checking news.am ... t=1.01
7976 Checking mailce.com ... t=4.68
7977 Checking kinogo-2016.net ... t=2.97
7978 Checking watch32.is ... t=1.51
7979 Checking animalmozo.com ... t=0.53
7980 Checking jx.tmall.com ... t=0.62
7981 Checking dnevnik.ru ... t=2.24
7982 Checking dragonparking.com ... t=2.81
7983 Checking humoruniv.com ... t=1.17
7984 Checking aicheren.com ... t=1.21
7985 Checking taisha.org ... t=0.62
7986 Checking admob.com ... t=0.15
7987 Checking bochk.com ... Exception: [Errno -5] No address associated with hostname
t=0.45
7988 Checking bthave.org ... t=2.77
7989 Checking dydt.net ... t=0.33
7990 Checking hqporner.com ... t=1.01
7991 Checking ly.com ... t=0.49
7992 Checking dev-point.com ... t=1.00
7993 Checking 0109.pics ... t=1.71
7994 Checking myscore.ru ... t=3.22
7995 Checking takhfifan.com ... t=1.15
7996 Checking hide.me ... t=1.84
7997 Checking piroga.space ... t=1.75
7998 Checking krakow.pl ... t=1.88
7999 Checking itimes.com ... t=2.68
8000 Checking bunnings.com.au ... t=2.46
