8001 Checking uned.es ... Exception: [Errno -5] No address associated with hostname
t=1.04
8002 Checking touristtube.com ... t=4.91
8003 Checking citizensbank.com ... t=0.60
8004 Checking hindawi.com ... t=1.22
8005 Checking tntdrama.com ... t=1.00
8006 Checking starfall.com ... t=1.96
8007 Checking furusato-tax.jp ... t=0.36
8008 Checking despegar.com.ar ... t=2.42
8009 Checking post.ir ... t=132.87
8010 Checking iplaysoft.com ... t=1.73
8011 Checking jobstreet.com.sg ... t=0.84
8012 Checking appleinsider.com ... t=0.66
8013 Checking stihi.ru ... t=0.75
8014 Checking google.mu ... t=0.61
8015 Checking overheid.nl ... t=4.15
8016 Checking pornoonlain.tv ... t=1.52
8017 Checking metrprice.ru ... t=2.97
8018 Checking cricketwireless.com ... t=0.38
8019 Checking aqa.org.uk ... t=2.87
8020 Checking ncl.com ... t=1.37
8021 Checking aiyouji.xyz ... t=0.23
8022 Checking niazerooz.com ... t=2.69
8023 Checking designscrazed.org ... t=0.50
8024 Checking swirlsearch.com ... t=0.42
8025 Checking mogicons.com ... t=2.33
8026 Checking wallpaperup.com ... t=1.25
8027 Checking recreation.gov ... t=1.29
8028 Checking playxn.com ... t=0.50
8029 Checking pardad.ir ... t=1.65
8030 Checking xvideosmtm.com ... t=0.43
8031 Checking secure.ipage.com ... t=2.71
8032 Checking wustl.edu ... t=1.70
8033 Checking cima4up.com ... t=0.86
8034 Checking theintercept.com ... t=0.92
8035 Checking seslisozluk.net ... t=0.75
8036 Checking myswitzerland.com ... t=3.01
8037 Checking pianetadonna.it ... t=2.35
8038 Checking unibo.it ... t=3.61
8039 Checking rs.gov.br ... t=5.11
8040 Checking ule.com ... t=0.69
8041 Checking kanagawa.jp ... Exception: [Errno -5] No address associated with hostname
t=0.09
8042 Checking skillshare.com ... t=2.28
8043 Checking diariolibre.com ... t=0.79
8044 Checking corel.com ... t=0.78
8045 Checking home77.com ... t=1.04
8046 Checking cnpq.br ... t=1.82
8047 Checking winxdvd.com ... t=0.93
8048 Checking enikos.gr ... t=2.64
8049 Checking liginc.co.jp ... t=0.18
8050 Checking checkfreeweb.com ... Exception: [Errno 111] Connection refused
t=0.39
8051 Checking freefarcy.com ... t=0.90
8052 Checking game2.com.cn ... t=1.86
8053 Checking ufsc.br ... t=1.06
8054 Checking india.gov.in ... t=1.50
8055 Checking infomoney.com.br ... t=1.14
8056 Checking linkprice.com ... t=1.17
8057 Checking news-three-stars.net ... t=4.04
8058 Checking neowin.net ... t=0.97
8059 Checking vklass.se ... t=3.78
8060 Checking google.co.mz ... t=1.01
8061 Checking soft32.com ... t=2.37
8062 Checking newtabtvplussearch.com ... t=0.57
8063 Checking gitbooks.io ... t=2.81
8064 Checking arablionz.tv ... t=0.37
8065 Checking europe1.fr ... t=3.69
8066 Checking iridiumsearch.com ... t=0.40
8067 Checking hi.ru ... t=1.09
8068 Checking boneprice.com ... t=0.60
8069 Checking gtainside.com ... t=1.96
8070 Checking poloniex.com ... t=1.45
8071 Checking juiceads.net ... t=0.34
8072 Checking hwcdn.net ... t=0.65
8073 Checking vakifbank.com.tr ... t=1.45
8074 Checking stayfriends.de ... t=3.08
8075 Checking mycustomtab.com ... t=0.93
8076 Checking hellomagazine.com ... t=1.02
8077 Checking kocpc.com.tw ... t=0.33
8078 Checking unimelb.edu.au ... t=0.61
8079 Checking twoplayergames.org ... t=2.33
8080 Checking finya.de ... t=1.92
8081 Checking kyoto-u.ac.jp ... Exception: [Errno 110] Connection timed out
t=127.34
8082 Checking searchscroll.com ... t=0.39
8083 Checking cheaptickets.com ... t=1.94
8084 Checking sunnyplayer.com ... t=3.48
8085 Checking searchcave.com ... t=0.41
8086 Checking indiafreestuff.in ... t=1.06
8087 Checking shawcable.net ... t=0.80
8088 Checking cvbankas.lt ... t=2.21
8089 Checking linio.com.co ... t=1.67
8090 Checking jetcost.com ... t=1.38
8091 Checking ximalaya.com ... t=0.50
8092 Checking imperialsearch.com ... t=0.40
8093 Checking akhbaralahly.com ... t=1.89
8094 Checking 122.gov.cn ... t=0.98
8095 Checking eznewlife.com ... t=0.31
8096 Checking synonym.com ... t=0.51
8097 Checking samlib.ru ... t=0.97
8098 Checking ucoz.net ... t=1.34
8099 Checking tcgplayer.com ... t=1.31
8100 Checking cdw.com ... t=0.85
8101 Checking pokemondb.net ... t=0.41
8102 Checking unsw.edu.au ... t=3.25
8103 Checking education.fr ... t=3.36
8104 Checking jetsetmag.com ... t=0.44
8105 Checking spielaffe.de ... t=2.64
8106 Checking career.ru ... Warning: Redirect exceed limit
t=26.30
8107 Checking flashscore.pl ... t=2.34
8108 Checking military.com ... t=0.72
8109 Checking edgecastcdn.net ... t=0.11
8110 Checking dtdc.in ... t=0.63
8111 Checking nnews1.com ... t=0.22
8112 Checking piratestreaming.news ... t=1.39
8113 Checking realitatea.net ... t=1.44
8114 Checking iran-tejarat.com ... t=0.65
8115 Checking ruralvia.com ... t=1.03
8116 Checking otomania.com ... t=0.79
8117 Checking unieuro.it ... t=3.82
8118 Checking belastingdienst.nl ... t=2.07
8119 Checking gibdd.ru ... t=4.13
8120 Checking ganja2music.com ... t=3.20
8121 Checking djmaza.desi ... t=2.62
8122 Checking nuclersoncanthinger.info ... t=0.96
8123 Checking hdmovie14.net ... t=0.26
8124 Checking translate.ru ... t=2.78
8125 Checking lescard.com ... t=22151.46
8126 Checking gigabyte.com ... t=0.15
8127 Checking bobfilm1.net ... t=0.77
8128 Checking dochub.com ... t=1.81
8129 Checking tanoshikoto.com ... Exception: [Errno -5] No address associated with hostname
t=0.28
8130 Checking longdo.com ... t=0.54
8131 Checking press24.mk ... t=1.26
8132 Checking admin5.com ... t=0.69
8133 Checking google.hn ... t=0.52
8134 Checking 24smi.info ... t=1.21
8135 Checking my.com ... t=2.87
8136 Checking canadavisa.com ... t=1.03
8137 Checking avangate.com ... t=1.37
8138 Checking autotimes.com.cn ... t=0.46
8139 Checking televisionfanatic.com ... t=2.10
8140 Checking rastaneko-blog.com ... t=0.15
8141 Checking google.mn ... t=0.41
8142 Checking lulus.com ... t=1.04
8143 Checking pb.com ... t=1.18
8144 Checking coco.fr ... t=0.57
8145 Checking cloudscar.com ... t=0.23
8146 Checking uplus.co.kr ... t=0.30
8147 Checking tadawul.com.sa ... t=4.39
8148 Checking nemzetisport.hu ... t=2.05
8149 Checking twitchalerts.com ... t=0.83
8150 Checking thedirty.com ... t=0.27
8151 Checking pap.fr ... t=2.90
8152 Checking pdfconverterhq.com ... t=2.67
8153 Checking lyricsfreak.com ... t=1.44
8154 Checking claimmyvoucher.xyz ... t=0.54
8155 Checking eddiebauer.com ... t=0.96
8156 Checking loverslab.com ... t=0.44
8157 Checking renweb.com ... t=0.80
8158 Checking dashlane.com ... t=3.89
8159 Checking libsyn.com ... t=1.32
8160 Checking javhub.net ... t=0.02
8161 Checking webssearcher.com ... t=0.35
8162 Checking 800hr.com ... t=1.51
8163 Checking theclickcheck.com ... t=0.41
8164 Checking datpiff.com ... t=1.38
8165 Checking blackdesertonline.com ... t=11.76
8166 Checking zapimoveis.com.br ... t=3.61
8167 Checking sitel.com.mk ... t=0.89
8168 Checking niezalezna.pl ... t=0.76
8169 Checking incometaxindia.gov.in ... t=1.95
8170 Checking scienceplus2ch.com ... Exception: [Errno -5] No address associated with hostname
t=0.14
8171 Checking cincodias.com ... t=0.73
8172 Checking gaymaletube.com ... t=0.44
8173 Checking bukkit.org ... t=1.60
8174 Checking xdowns.com ... t=0.50
8175 Checking xm.com ... t=2.12
8176 Checking easeus.com ... t=0.91
8177 Checking nazwa.pl ... t=5.01
8178 Checking ebay.be ... t=0.47
8179 Checking streema.com ... t=0.55
8180 Checking consumerist.com ... t=2.10
8181 Checking sanwa.co.jp ... t=0.15
8182 Checking mnn.com ... t=0.93
8183 Checking cuisineaz.com ... t=2.42
8184 Checking dahe.cn ... t=0.27
8185 Checking 9111.ru ... t=6.29
8186 Checking infonavit.org.mx ... Exception: [Errno 110] Connection timed out
t=128.08
8187 Checking psychcentral.com ... t=0.44
8188 Checking shablol.com ... t=2.46
8189 Checking ahlife.com ... t=0.46
8190 Checking ankaraport.net ... Exception: [Errno -2] Name or service not known
t=1.83
8191 Checking oscaro.com ... t=0.71
8192 Checking canarabank.in ... t=3.16
8193 Checking sportsv.net ... t=0.40
8194 Checking ibicn.com ... t=0.73
8195 Checking stradivarius.com ... t=0.57
8196 Checking wondershare.net ... t=0.59
8197 Checking theme-fusion.com ... t=1.53
8198 Checking s7.ru ... t=1.57
8199 Checking topface.com ... t=0.78
8200 Checking beforeitsnews.com ... t=0.37
8201 Checking oursogo.com ... t=0.39
8202 Checking airliners.net ... t=0.96
8203 Checking web-hosting.com ... t=0.55
8204 Checking webcg.net ... t=3.80
8205 Checking updatestar.com ... t=1.26
8206 Checking politikus.ru ... t=0.92
8207 Checking malavida.com ... t=2.04
8208 Checking cartrade.com ... t=2.89
8209 Checking letsfinder.com ... t=0.40
8210 Checking google.ht ... t=0.39
8211 Checking pornoid.com ... t=0.40
8212 Checking doujinantena.com ... t=2.68
8213 Checking ayayf.com ... Exception: [Errno -5] No address associated with hostname
t=0.55
8214 Checking kisspornmovies.com ... t=0.59
8215 Checking punjabkesari.in ... t=0.66
8216 Checking eqxiu.com ... t=0.45
8217 Checking nemadgang.dk ... Exception: hostname 'nemadgang.dk' doesn't match '*.nemadgang.dk'
t=2.56
8218 Checking arting365.com ... t=0.75
8219 Checking chromium.org ... t=0.40
8220 Checking elgoog.im ... t=0.74
8221 Checking minecraft-server-list.com ... t=0.63
8222 Checking aguo.com ... t=0.46
8223 Checking ohmymag.com ... t=1.66
8224 Checking siilu.com ... t=0.80
8225 Checking newscientist.com ... t=3.62
8226 Checking cucudas.com ... t=0.84
8227 Checking comicbookmovie.com ... t=0.46
8228 Checking toto-dream.com ... t=0.32
8229 Checking encyclopedia.com ... t=1.13
8230 Checking searchnu.com ... t=0.49
8231 Checking ugm.ac.id ... t=0.84
8232 Checking nav.no ... t=8.62
8233 Checking wheretofinder.com ... t=0.38
8234 Checking yoast.com ... t=0.96
8235 Checking pagesperso-orange.fr ... t=3.23
8236 Checking yelp.ca ... t=3.52
8237 Checking zaq.ne.jp ... t=0.86
8238 Checking sunat.gob.pe ... Exception: [Errno -5] No address associated with hostname
t=1.37
8239 Checking qcloud.com ... t=17.41
8240 Checking uiowa.edu ... t=1.52
8241 Checking grameenphone.com ... t=32.21
8242 Checking caringbridge.org ... t=4.02
8243 Checking dlink.com ... t=2.80
8244 Checking youx.xxx ... t=1.58
8245 Checking lyft.com ... t=2.11
8246 Checking link.tl ... t=0.85
8247 Checking danskebank.dk ... t=2.35
8248 Checking iitb.ac.in ... t=0.80
8249 Checking rbc.com ... t=1.12
8250 Checking mangago.me ... t=0.65
8251 Checking scarymommy.com ... t=1.16
8252 Checking gerencie.com ... t=1.80
8253 Checking cinemark.com ... t=1.58
8254 Checking mahaonline.gov.in ... t=3.44
8255 Checking searchquirk.com ... t=0.39
8256 Checking wholefoodsmarket.com ... t=1.82
8257 Checking qt.io ... t=2.64
8258 Checking commonsensemedia.org ... t=2.22
8259 Checking uptostream.com ... t=0.63
8260 Checking streamay.com ... t=0.75
8261 Checking spletnik.ru ... t=2.76
8262 Checking 5acbd.com ... t=0.53
8263 Checking twasul.info ... t=0.04
8264 Checking oglaf.com ... t=0.50
8265 Checking videosdemadurasx.com ... t=1.01
8266 Checking indeed.ca ... t=1.10
8267 Checking everychina.com ... t=0.44
8268 Checking girlg.com ... t=2.57
8269 Checking cinefilmesonline.net ... t=1.41
8270 Checking trafficdelivery1.com ... t=0.89
8271 Checking qbqbi.com ... Exception: [Errno -5] No address associated with hostname
t=0.90
8272 Checking asiaone.com ... t=0.54
8273 Checking sdu.edu.cn ... t=0.86
8274 Checking saveup.jp ... t=0.20
8275 Checking mobilism.org ... t=6.80
8276 Checking rabbitpre.com ... Exception: [Errno -5] No address associated with hostname
t=0.20
8277 Checking shop.com ... t=1.91
8278 Checking denik.cz ... t=3.11
8279 Checking newsis.com ... t=0.30
8280 Checking stage32.com ... t=2.71
8281 Checking bigtheme.ir ... t=2.63
8282 Checking reliancenetconnect.co.in ... t=1.02
8283 Checking vodafone.es ... Warning: Redirect exceed limit
t=25.90
8284 Checking pistonheads.com ... t=1.38
8285 Checking justhost.com ... t=3.55
8286 Checking jia400.com ... t=1.43
8287 Checking dapenti.com ... t=0.71
8288 Checking adfa.cc ... t=0.88
8289 Checking latercera.com ... t=4.12
8290 Checking parsiblog.com ... t=1.75
8291 Checking wowkeren.com ... t=1.75
8292 Checking xinjunshi.com ... t=0.70
8293 Checking fj-n-tax.gov.cn ... Exception: [Errno -3] Temporary failure in name resolution
t=20.02
8294 Checking iporntv.net ... t=0.87
8295 Checking comic-walker.com ... t=0.37
8296 Checking topicks.jp ... t=0.15
8297 Checking shopkeeper.ir ... t=2.39
8298 Checking discoverbank.com ... t=3.65
8299 Checking quickconnect.to ... t=0.21
8300 Checking insppartner.com ... Exception: [Errno -5] No address associated with hostname
t=0.04
8301 Checking animeid.tv ... t=0.14
8302 Checking feiren.com ... t=0.53
8303 Checking mobile9.com ... t=4.17
8304 Checking 3lian.com ... t=0.30
8305 Checking zalando.nl ... t=3.30
8306 Checking setlist.fm ... t=1.04
8307 Checking edupage.org ... t=1.07
8308 Checking sportschau.de ... t=3.14
8309 Checking scopus.com ... t=1.45
8310 Checking pintu360.com ... t=1.69
8311 Checking the-toast.net ... t=0.78
8312 Checking securecafe.com ... t=4.20
8313 Checking r-project.org ... t=6.71
8314 Checking clevelandclinic.org ... t=2.63
8315 Checking jobomas.com ... t=2.44
8316 Checking sony.co.jp ... t=0.57
8317 Checking yespornplease.com ... t=0.95
8318 Checking allure.com ... t=1.15
8319 Checking tainies.online ... t=2.15
8320 Checking flibusta.is ... t=1.42
8321 Checking pdfescape.com ... t=1.15
8322 Checking khatrimaza.org ... Exception: [Errno -2] Name or service not known
t=0.74
8323 Checking wenwuchina.com ... t=0.66
8324 Checking onetravel.com ... t=1.99
8325 Checking nwu.ac.za ... Exception: [Errno -5] No address associated with hostname
t=3.38
8326 Checking quiminet.com ... t=1.11
8327 Checking freepornx.org ... t=0.75
8328 Checking tcfbank.com ... t=2.79
8329 Checking dnainfo.com ... t=3.67
8330 Checking navalny.com ... t=2.25
8331 Checking paginasamarillas.es ... t=3.28
8332 Checking anibis.ch ... t=4.10
8333 Checking thekrazycouponlady.com ... t=0.35
8334 Checking parimatch.com ... t=0.06
8335 Checking nus.edu.sg ... t=0.92
8336 Checking funmix.eu ... t=2.50
8337 Checking 1ting.com ... t=0.53
8338 Checking 2checkout.com ... t=3.61
8339 Checking skyscanner.es ... t=2.81
8340 Checking techz.vn ... t=1.52
8341 Checking wallpapercave.com ... t=0.96
8342 Checking fusion.net ... t=0.43
8343 Checking mediamarkt.ru ... t=4.47
8344 Checking gymboree.com ... t=1.33
8345 Checking disput.az ... t=5.58
8346 Checking fb.com ... t=0.94
8347 Checking teambition.com ... t=2.96
8348 Checking ucsc.edu ... t=1.87
8349 Checking dol.gov ... Exception: [Errno 110] Connection timed out
t=128.13
8350 Checking paypal.de ... t=1.53
8351 Checking shopandship.com ... t=4.42
8352 Checking princess.com ... t=0.82
8353 Checking madmimi.com ... t=1.59
8354 Checking manga-zone.org ... t=1.18
8355 Checking 37signals.com ... t=0.51
8356 Checking crowdfireapp.com ... t=0.97
8357 Checking kuleuven.be ... t=3.57
8358 Checking earnmoneylikeabo55.com ... t=0.73
8359 Checking gamgos.ae ... t=2.52
8360 Checking jameda.de ... t=3.20
8361 Checking bootcss.com ... t=1.85
8362 Checking hecha.cn ... t=0.33
8363 Checking hkepc.com ... t=0.29
8364 Checking smartrecruiters.com ... t=1.86
8365 Checking truthfinder.com ... t=2.28
8366 Checking searchrally.com ... t=0.62
8367 Checking bmwusa.com ... t=1.78
8368 Checking diarioregistrado.com ... t=1.54
8369 Checking 2ch-2.net ... t=0.37
8370 Checking manabadi.co.in ... t=1.11
8371 Checking raise.com ... t=1.55
8372 Checking 365online.com ... Exception: [Errno -5] No address associated with hostname
t=0.96
8373 Checking moe.gov.my ... t=0.56
8374 Checking 0787.pics ... t=1.03
8375 Checking x0.com ... Exception: [Errno -5] No address associated with hostname
t=0.24
8376 Checking mp3tunes.tk ... t=3.50
8377 Checking axs.com ... t=0.93
8378 Checking uoregon.edu ... t=0.69
8379 Checking garena.vn ... t=0.40
8380 Checking elmstba.com ... t=3.44
8381 Checking crsky.com ... t=0.36
8382 Checking 0672.pics ... t=0.92
8383 Checking tabmemfree.appspot.com ... t=0.19
8384 Checking jango.com ... t=1.47
8385 Checking hk-bc.net ... Exception: [Errno -2] Name or service not known
t=1.15
8386 Checking pconverter.com ... t=1.66
8387 Checking anwb.nl ... t=2.51
8388 Checking collective-evolution.com ... t=1.04
8389 Checking torrent9.tv ... t=0.05
8390 Checking redmondpie.com ... t=0.33
8391 Checking centrum.sk ... t=1.32
8392 Checking figsoku.net ... t=0.58
8393 Checking javfree.me ... t=127.74
8394 Checking cartoomad.com ... t=0.96
8395 Checking freee.co.jp ... t=0.92
8396 Checking skiddle.com ... t=1.36
8397 Checking taste.com.au ... t=0.69
8398 Checking k12.in.us ... Exception: [Errno -5] No address associated with hostname
t=0.81
8399 Checking tolexo.com ... t=1.47
8400 Checking scotch.io ... t=0.95
8401 Checking fastcodesign.com ... t=1.05
8402 Checking xabbs.com ... t=1.03
8403 Checking chotot.com ... t=1.59
8404 Checking kitco.com ... t=5.97
8405 Checking 24home.com ... t=1.03
8406 Checking zap.co.il ... Exception: [Errno 110] Connection timed out
t=127.25
8407 Checking gvm.com.tw ... t=0.44
8408 Checking dll-files.com ... t=2.08
8409 Checking musicnotes.com ... t=0.99
8410 Checking larazon.es ... t=2.45
8411 Checking premium.wix.com ... t=0.65
8412 Checking clickfordeal.click ... Exception: [Errno 111] Connection refused
t=5.06
8413 Checking datatables.net ... t=1.26
8414 Checking tabloidbintang.com ... t=0.93
8415 Checking iranecar.com ... t=2.30
8416 Checking ed.ac.uk ... Exception: [Errno -5] No address associated with hostname
t=1.20
8417 Checking jiwu.com ... t=0.50
8418 Checking movavi.com ... t=1.76
8419 Checking jetpack.wordpress.com ... t=1.57
8420 Checking ftchinese.com ... Exception: [Errno -5] No address associated with hostname
t=0.15
8421 Checking serienjunkies.de ... t=2.34
8422 Checking m24.ru ... t=2.98
8423 Checking indeed.co.za ... t=1.05
8424 Checking veikkaus.fi ... t=4.27
8425 Checking thefederalist.com ... t=0.64
8426 Checking potterybarnkids.com ... t=1.60
8427 Checking poradnikzdrowie.pl ... t=2.75
8428 Checking swisscom.ch ... t=3.38
8429 Checking packagetrackr.com ... t=0.58
8430 Checking mahadiscom.in ... t=1.43
8431 Checking compareraja.in ... t=0.35
8432 Checking cryptospout.com ... t=2.51
8433 Checking netcentrum.cz ... Exception: [Errno 101] Network is unreachable
t=128.34
8434 Checking cultofmac.com ... t=0.27
8435 Checking firefox.com ... t=3.50
8436 Checking febrayer.com ... t=1.04
8437 Checking powershow.com ... t=2.20
8438 Checking tokyo-tube.com ... t=0.17
8439 Checking onlinecontentads.com ... t=0.63
8440 Checking meb.k12.tr ... Exception: [Errno -5] No address associated with hostname
t=4.17
8441 Checking sdchina.com ... t=0.32
8442 Checking bursadabugun.com ... t=1.97
8443 Checking google.com.cu ... t=2.55
8444 Checking bikeradar.com ... t=1.35
8445 Checking sciencenet.cn ... t=0.21
8446 Checking uq.edu.au ... t=0.98
8447 Checking elliberal.com.ar ... t=1.47
8448 Checking dstrack1.com ... t=1.57
8449 Checking plnkr.co ... t=2.84
8450 Checking egov.kz ... t=3.89
8451 Checking kaymu.com.ng ... t=3.68
8452 Checking funmatrix.net ... t=1.55
8453 Checking chimsedinang.com ... t=0.47
8454 Checking xs8.cn ... t=0.66
8455 Checking donya-e-eqtesad.com ... t=1.51
8456 Checking miltt.com ... t=3.10
8457 Checking com-secured.online ... Exception: [Errno -5] No address associated with hostname
t=0.23
8458 Checking dhc.co.jp ... Exception: [Errno -5] No address associated with hostname
t=0.42
8459 Checking cyclingnews.com ... t=1.32
8460 Checking monster.co.uk ... t=2.51
8461 Checking liverpoolecho.co.uk ... t=1.14
8462 Checking zenfolio.com ... t=2.26
8463 Checking initialcontroledge.info ... t=0.97
8464 Checking remax.com ... t=3.93
8465 Checking downvids.net ... t=1.53
8466 Checking libertatea.ro ... t=3.50
8467 Checking 101.ru ... t=2.27
8468 Checking bigpara.com ... t=3.29
8469 Checking notdoppler.com ... t=0.89
8470 Checking baidajob.com ... t=1.12
8471 Checking wpolityce.pl ... t=1.28
8472 Checking crnobelo.com ... t=8.29
8473 Checking matome-plus.net ... t=0.50
8474 Checking bkm.com.tr ... t=4.09
8475 Checking oup.com ... t=3.39
8476 Checking firstdirect.com ... t=8.04
8477 Checking 4001075656.com ... Exception: [Errno -5] No address associated with hostname
t=1.71
8478 Checking vietq.vn ... t=0.52
8479 Checking plovdiv24.bg ... t=2.83
8480 Checking fshare.vn ... t=0.94
8481 Checking valueadservices.com ... t=0.59
8482 Checking practicefusion.com ... t=0.95
8483 Checking gofeminin.de ... t=3.76
8484 Checking 17iw.com ... t=1.04
8485 Checking linuxidc.com ... t=0.99
8486 Checking w3layouts.com ... t=1.89
8487 Checking adspirit.de ... t=2.93
8488 Checking mytoys.de ... t=3.10
8489 Checking faradeed.ir ... t=2.09
8490 Checking jigsawplanet.com ... t=1.11
8491 Checking ecwid.com ... t=1.52
8492 Checking worlddailyonline.com ... t=2.79
8493 Checking skidrow-games.com ... t=1.84
8494 Checking penfed.org ... t=5.10
8495 Checking zameen.com ... t=2.13
8496 Checking ganool.cc ... t=3.04
8497 Checking 9384.com ... t=0.40
8498 Checking vatgia.com ... t=1.40
8499 Checking roadrunner.com ... t=1.87
8500 Checking fabric.io ... t=2.62
8501 Checking dnvod.eu ... t=0.12
8502 Checking bose.com ... t=4.73
8503 Checking hoovers.com ... t=1.29
8504 Checking doujin-eromanga.com ... t=0.35
8505 Checking okkisokuho.com ... t=0.30
8506 Checking dfiles.eu ... t=3.16
8507 Checking 0669.pics ... t=1.22
8508 Checking stream-tv2.ag ... t=0.85
8509 Checking apple01.net ... t=0.12
8510 Checking univie.ac.at ... t=2.74
8511 Checking cpmwizard.com ... t=15.16
8512 Checking europapress.es ... t=1.67
8513 Checking mfatallp.com ... Exception: [Errno -5] No address associated with hostname
t=1.03
8514 Checking visa.com.ar ... Exception: [Errno -5] No address associated with hostname
t=1.68
8515 Checking flowlz.com ... Error: empty location t=1.10
8516 Checking vitorrentz.co ... t=1.64
8517 Checking artlebedev.ru ... t=2.67
8518 Checking funday24.ru ... t=0.82
8519 Checking keepa.com ... t=3.07
8520 Checking aristeguinoticias.com ... t=1.03
8521 Checking toonova.com ... t=0.82
8522 Checking mmmoffice.com ... t=0.23
8523 Checking eazon.com ... t=0.58
8524 Checking oakley.com ... t=1.45
8525 Checking ga.gov ... t=2.36
8526 Checking shush.se ... t=1.45
8527 Checking predictivadvertising.com ... t=0.61
8528 Checking alaraby.co.uk ... t=2.44
8529 Checking imp.free.fr ... t=3.07
8530 Checking playfulbet.com ... t=0.97
8531 Checking kulichki.net ... t=1.61
8532 Checking empik.com ... t=3.66
8533 Checking dbs.com ... t=1.01
8534 Checking proxybay.tv ... t=1.45
8535 Checking lexpress.mu ... t=2.05
8536 Checking matometanews.com ... t=0.60
8537 Checking in.com ... t=1.31
8538 Checking 365cgw.com ... t=16.11
8539 Checking memedeportes.com ... t=2.90
8540 Checking scolinfo.net ... t=0.79
8541 Checking naukrigulf.com ... t=1.65
8542 Checking qnap.com ... t=0.38
8543 Checking injo.com ... t=1.65
8544 Checking sagepay.com ... t=3.66
8545 Checking mercadolibre.com.uy ... t=3.13
8546 Checking torrinomedica.it ... t=2.33
8547 Checking evga.com ... t=1.03
8548 Checking mlssoccer.com ... t=1.08
8549 Checking socialmediaexaminer.com ... t=2.71
8550 Checking bricodepot.fr ... t=9.53
8551 Checking sellfile.ir ... t=1.54
8552 Checking jacquielawson.com ... t=1.95
8553 Checking gomiblog.com ... t=1.64
8554 Checking prisjakt.nu ... t=1.84
8555 Checking oszone.net ... t=2.62
8556 Checking myherbalife.com ... t=2.11
8557 Checking snagshout.com ... t=2.13
8558 Checking piktochart.com ... Exception: [Errno 101] Network is unreachable
t=127.51
8559 Checking lent.az ... t=3.95
8560 Checking maxtv.cn ... t=5.72
8561 Checking zhifang.com ... t=2.76
8562 Checking runetki.tv ... t=0.85
8563 Checking subaru.jp ... t=0.69
8564 Checking trojmiasto.pl ... t=2.16
8565 Checking tonkosti.ru ... t=2.97
8566 Checking mhoninoticias.com ... t=0.86
8567 Checking adfa.co ... t=0.78
8568 Checking medyaege.com.tr ... t=4.40
8569 Checking paysafecard.com ... t=2.03
8570 Checking immihelp.com ... t=2.17
8571 Checking tinysub2.com ... t=1.17
8572 Checking siren24.com ... t=0.40
8573 Checking alphapolis.co.jp ... t=1.20
8574 Checking dreamwidth.org ... t=1.26
8575 Checking letudiant.fr ... t=3.00
8576 Checking kcp.co.kr ... t=1.31
8577 Checking crossfit.com ... t=1.00
8578 Checking jpnumber.com ... t=1.10
8579 Checking barnamenevis.org ... t=2.68
8580 Checking cutv.com ... t=0.71
8581 Checking maxdome.de ... t=3.49
8582 Checking comparethemarket.com ... t=3.84
8583 Checking songx.pk ... t=1.08
8584 Checking vertoz.com ... t=2.15
8585 Checking naturalnews.com ... t=0.71
8586 Checking 3dlat.net ... t=2.90
8587 Checking snu.ac.kr ... t=1.21
8588 Checking depositfiles.org ... t=3.13
8589 Checking igra-prestoloff.pw ... t=1.48
8590 Checking koimoi.com ... t=1.84
8591 Checking startbootstrap.com ... t=0.86
8592 Checking baoku.com ... t=0.42
8593 Checking 20script.ir ... t=3.74
8594 Checking axaxi.com ... t=1.64
8595 Checking tmqd.me ... t=0.48
8596 Checking chaos2ch.com ... t=0.44
8597 Checking gothamist.com ... t=0.72
8598 Checking tibet.cn ... t=0.26
8599 Checking hawaii.edu ... t=1.28
8600 Checking airbnb.ru ... t=1.30
8601 Checking coindesk.com ... t=1.46
8602 Checking pixieset.com ... t=0.61
8603 Checking mrmlsmatrix.com ... t=0.52
8604 Checking trafficular.com ... t=0.82
8605 Checking bankofthewest.com ... t=2.76
8606 Checking onvasortir.com ... t=1.23
8607 Checking internations.org ... t=3.45
8608 Checking chuandong.com ... t=1.52
8609 Checking jbhifi.com.au ... t=2.45
8610 Checking nile.eg ... t=2.94
8611 Checking kmib.co.kr ... t=0.68
8612 Checking lentainform.com ... t=3.42
8613 Checking waze.com ... t=1.23
8614 Checking rtl-theme.com ... t=3.52
8615 Checking usaevent.net ... t=0.78
8616 Checking coolrom.com ... t=0.71
8617 Checking evolife.cn ... t=0.37
8618 Checking www-searching.com ... t=0.67
8619 Checking brit.co ... t=1.02
8620 Checking cinematicket.org ... t=4.80
8621 Checking karnataka.gov.in ... t=2.68
8622 Checking edf.fr ... t=4.65
8623 Checking kw.com ... t=0.68
8624 Checking iastate.edu ... t=2.06
8625 Checking adsupplyads.com ... Exception: [Errno 111] Connection refused
t=0.34
8626 Checking nine.com.au ... t=9.16
8627 Checking ef.com ... t=2.28
8628 Checking rapmls.com ... t=0.68
8629 Checking fanhuan.com ... t=0.72
8630 Checking amztracker.com ... t=2.48
8631 Checking komonews.com ... t=0.59
8632 Checking all-nationz.com ... Exception: [Errno -5] No address associated with hostname
t=0.40
8633 Checking ajabgjab.com ... t=1.26
8634 Checking 0101.co.jp ... Exception: [Errno -5] No address associated with hostname
t=0.30
8635 Checking azertag.az ... t=2.65
8636 Checking pressroomvip.com ... t=1.76
8637 Checking dondamedia.com ... t=0.82
8638 Checking zurb.com ... t=0.61
8639 Checking themakers.cn ... Exception: [Errno 110] Connection timed out
t=127.43
8640 Checking rarlab.com ... t=1.24
8641 Checking brands4friends.de ... t=4.31
8642 Checking mydramalist.com ... t=0.58
8643 Checking ns.nl ... t=2.39
8644 Checking mef.gov.it ... Exception: [Errno -5] No address associated with hostname
t=1.24
8645 Checking costcophotocenter.com ... t=3.06
8646 Checking uppit.com ... t=0.72
8647 Checking axaxg.com ... t=1.75
8648 Checking voicetube.com ... t=0.96
8649 Checking hrloo.com ... t=1.02
8650 Checking geihui.com ... t=0.80
8651 Checking mahendras.org ... t=0.83
8652 Checking chmail.ir ... t=4.71
8653 Checking ktla.com ... t=0.62
8654 Checking funssy.com ... t=0.64
8655 Checking themoneyconverter.com ... t=0.97
8656 Checking sophos.com ... t=2.46
8657 Checking masteroverwatch.com ... t=0.71
8658 Checking yes-news.com ... t=0.27
8659 Checking wfaa.com ... t=1.06
8660 Checking farsinow.ir ... t=4.20
8661 Checking giantitp.com ... t=0.67
8662 Checking movpod.in ... t=1.10
8663 Checking k12.va.us ... Exception: [Errno -5] No address associated with hostname
t=0.32
8664 Checking trainspnrstatus.com ... t=0.42
8665 Checking halfords.com ... t=3.63
8666 Checking trivago.it ... t=3.07
8667 Checking boerse.to ... t=0.29
8668 Checking toptal.com ... t=1.87
8669 Checking decathlon.es ... t=2.05
8670 Checking yx-ads6.com ... t=6.14
8671 Checking birchbox.com ... t=3.21
8672 Checking idbi.com ... Exception: [Errno 101] Network is unreachable
t=129.57
8673 Checking gmx.ch ... t=2.54
8674 Checking zylom.com ... t=1.98
8675 Checking tn.nic.in ... Exception: [Errno 111] Connection refused
t=0.81
8676 Checking k12.wi.us ... Exception: [Errno -5] No address associated with hostname
t=0.62
8677 Checking abc13.com ... t=0.69
8678 Checking 300mbfilms.co ... t=2.51
8679 Checking sugutama.jp ... t=0.62
8680 Checking thegeekstuff.com ... t=1.40
8681 Checking snapfish.com ... t=3.80
8682 Checking shanbay.com ... t=2.70
8683 Checking altyazi.org ... t=0.88
8684 Checking raiffeisen.ch ... t=3.72
8685 Checking cltrkr.com ... t=2.58
8686 Checking phncdn.com ... Exception: [Errno 111] Connection refused
t=0.11
8687 Checking 750g.com ... t=3.24
8688 Checking bankhapoalim.co.il ... t=4.39
8689 Checking wootalk.today ... t=3.03
8690 Checking teamspeak.com ... t=0.75
8691 Checking straighttalk.com ... Exception: [Errno 110] Connection timed out
t=255.73
8692 Checking safepcrepair.com ... t=1.83
8693 Checking mp3juices.cc ... t=2.05
8694 Checking modhoster.de ... t=1.23
8695 Checking tokyo-sports.co.jp ... t=0.24
8696 Checking phimbathu.com ... t=0.79
8697 Checking iq-research.info ... t=1.24
8698 Checking indavideo.hu ... t=9.00
8699 Checking ishtartv.com ... t=0.76
8700 Checking fz222.com ... t=2.62
8701 Checking jne.co.id ... t=0.72
8702 Checking sprashivai.ru ... t=0.64
8703 Checking prozeny.cz ... t=3.46
8704 Checking state.ma.us ... t=3.58
8705 Checking ads2rtb.com ... Exception: [Errno -5] No address associated with hostname
t=0.19
8706 Checking filehoslguru.com ... t=1.12
8707 Checking cio.com ... t=1.43
8708 Checking velvet.hu ... t=1.49
8709 Checking buzzhand.com ... t=0.67
8710 Checking chacha.com ... t=1.46
8711 Checking tv3.lt ... t=1.84
8712 Checking dmoz.org ... t=1.84
8713 Checking edreams.es ... t=3.85
8714 Checking famefocus.com ... t=0.62
8715 Checking shinhancard.com ... t=1.10
8716 Checking mover.uz ... Exception: [Errno 110] Connection timed out
t=128.14
8717 Checking rudaw.net ... Exception: [Errno 110] Connection timed out
t=128.38
8718 Checking hawaaworld.com ... t=3.46
8719 Checking publinews.gt ... t=3.28
8720 Checking ebookjapan.jp ... Exception: [Errno -5] No address associated with hostname
t=0.26
8721 Checking delta-homes.com ... t=0.70
8722 Checking antiplagiat.ru ... t=1.81
8723 Checking wapwon.cc ... t=1.08
8724 Checking routerlogin.net ... Exception: [Errno -5] No address associated with hostname
t=0.48
8725 Checking olx.com.ar ... t=2.75
8726 Checking blogspot.qa ... Exception: [Errno 101] Network is unreachable
t=127.88
8727 Checking punyu.com ... t=0.45
8728 Checking hitfix.com ... t=2.18
8729 Checking popmech.ru ... t=3.47
8730 Checking vivareal.com.br ... t=1.75
8731 Checking autoanything.com ... t=3.26
8732 Checking pcwelt.de ... t=2.01
8733 Checking voici.fr ... t=3.10
8734 Checking ladbrokes.com ... t=0.60
8735 Checking betanews.com ... t=0.65
8736 Checking daft.ie ... t=2.36
8737 Checking peopleclick.com ... t=2.26
8738 Checking revoluciontrespuntocero.com ... t=0.75
8739 Checking uncrate.com ... t=0.55
8740 Checking palcomp3.com ... t=2.07
8741 Checking 0524.pics ... Exception: [Errno -5] No address associated with hostname
t=0.72
8742 Checking jobtalk.jp ... t=0.85
8743 Checking premiumtimesng.com ... t=26.50
8744 Checking drive.ru ... t=3.17
8745 Checking istar.cn ... t=1.24
8746 Checking thegrommet.com ... t=1.11
8747 Checking zlx.com.br ... Exception: [Errno 101] Network is unreachable
t=128.70
8748 Checking techtunes.com.bd ... t=3.90
8749 Checking yesimright.com ... t=2.28
8750 Checking dressupgames.com ... t=5.06
8751 Checking shoprite.com ... Exception: [Errno 110] Connection timed out
t=129.55
8752 Checking tescobank.com ... t=9.37
8753 Checking habitica.com ... t=3.22
8754 Checking towleroad.com ... t=1.37
8755 Checking oploverz.net ... t=1.87
8756 Checking rocketlawyer.com ... t=2.07
8757 Checking telugumatrimony.com ... t=2.75
8758 Checking flvs.net ... t=3.90
8759 Checking local.ch ... t=4.52
8760 Checking millenium.org ... t=2.15
8761 Checking torrid.com ... t=1.58
8762 Checking 3ddd.ru ... t=1.87
8763 Checking infoplease.com ... t=1.55
8764 Checking seesaa.jp ... t=0.56
8765 Checking viglink.com ... t=1.26
8766 Checking wisgoon.com ... t=1.56
8767 Checking kurnik.pl ... t=3.38
8768 Checking rbc.ua ... t=5.94
8769 Checking rlsbb.com ... t=1.23
8770 Checking 1pondo.tv ... t=0.92
8771 Checking mcgill.ca ... t=1.14
8772 Checking collegeconfidential.com ... t=1.73
8773 Checking 1drv.com ... t=1.13
8774 Checking carcepts.com ... t=3.07
8775 Checking detmir.ru ... t=2.53
8776 Checking ilmatieteenlaitos.fi ... t=2.00
8777 Checking desirulez.me ... t=3.05
8778 Checking sexdatelocate.com ... Exception: [Errno -5] No address associated with hostname
t=0.49
8779 Checking megaserial.net ... t=1.06
8780 Checking paycomonline.net ... t=3.12
8781 Checking otomotifnet.com ... t=2.82
8782 Checking xo.gr ... t=1.92
8783 Checking songspk.live ... t=1.65
8784 Checking schneider-electric.com ... t=3.01
8785 Checking twinkledeals.com ... t=1.03
8786 Checking otosaigon.com ... t=2.73
8787 Checking lib.ru ... t=1.27
8788 Checking staples.ca ... t=1.75
8789 Checking philstar.com ... t=1.81
8790 Checking unwetterzentrale.de ... t=4.02
8791 Checking theimproper.com ... t=2.43
8792 Checking paipai.com ... Exception: [Errno 110] Connection timed out
t=381.86
8793 Checking lance.com.br ... t=3.47
8794 Checking tportal.hr ... t=3.29
8795 Checking apk-dl.com ... t=0.77
8796 Checking 6.cn ... t=0.70
8797 Checking connectoffer.com ... t=1.23
8798 Checking olx.uz ... Exception: [Errno 110] Connection timed out
t=130.69
8799 Checking adidas.jp ... Exception: timed out
t=182.32
8800 Checking thegioididong.com ... t=2.26
8801 Checking rvtrader.com ... t=1.18
8802 Checking citizentv.co.ke ... t=1.49
8803 Checking ey.com ... t=2.43
8804 Checking obconline.co.in ... t=40.88
8805 Checking lidl.pl ... t=2.40
8806 Checking proz.com ... t=2.21
8807 Checking bigrock.in ... t=2.67
8808 Checking onegreenplanet.org ... t=0.61
8809 Checking 61baobao.com ... t=1.00
8810 Checking vodafone.com.eg ... Exception: ''
t=65.28
8811 Checking viralands.com ... t=1.13
8812 Checking 074.pics ... t=1.28
8813 Checking ct.gov ... t=2.88
8814 Checking tim.com.br ... t=4.79
8815 Checking 21-sun.com ... t=0.74
8816 Checking phim3s.net ... t=0.87
8817 Checking musicema.com ... t=5.90
8818 Checking autodoc.ru ... t=3.11
8819 Checking almasdar.com ... t=2.08
8820 Checking ukpirate.click ... t=1.29
8821 Checking javseeds.com ... t=0.25
8822 Checking piaohua.com ... t=0.52
8823 Checking komando.com ... t=1.80
8824 Checking spi0n.com ... t=2.14
8825 Checking clickradio.me ... t=2.05
8826 Checking settrade.com ... Exception: [Errno 110] Connection timed out
t=127.79
8827 Checking mobile-review.com ... t=1.86
8828 Checking gfk.com ... t=3.38
8829 Checking childsobesity.com ... t=2.99
8830 Checking funimation.com ... t=0.25
8831 Checking saksoff5th.com ... t=2.24
8832 Checking iqoo.me ... t=0.74
8833 Checking suzuki.co.jp ... Exception: [Errno -5] No address associated with hostname
t=0.35
8834 Checking haberingundemi.com ... t=8.83
8835 Checking resonabank.co.jp ... Exception: [Errno -5] No address associated with hostname
t=0.58
8836 Checking shopee.tw ... t=0.55
8837 Checking consorsbank.de ... t=4.54
8838 Checking pubfilm.com ... t=0.71
8839 Checking soccer24.com ... t=3.75
8840 Checking estadio.ec ... t=2.01
8841 Checking auroravid.to ... t=3.86
8842 Checking islandmob.com ... t=1.22
8843 Checking type.jp ... t=0.72
8844 Checking number1hazard.com ... t=1.02
8845 Checking realoem.com ... t=2.36
8846 Checking webcamtoy.com ... Exception: [Errno 101] Network is unreachable
t=128.14
8847 Checking zbozi.cz ... t=4.01
8848 Checking resellerclub.com ... t=2.04
8849 Checking tabnakbato.ir ... t=2.84
8850 Checking house.gov ... t=2.02
8851 Checking nesine.com ... t=9.03
8852 Checking vidmate.mobi ... t=3.48
8853 Checking thebump.com ... t=1.65
8854 Checking livescores.com ... t=7.63
8855 Checking comodo.com ... t=3.49
8856 Checking abibaa.com ... t=2.86
8857 Checking kabutan.jp ... t=0.46
8858 Checking airarabia.com ... t=4.84
8859 Checking jeep.com ... t=1.47
8860 Checking theaa.com ... t=2.96
8861 Checking technobuffalo.com ... t=1.34
8862 Checking georgetown.edu ... t=3.07
8863 Checking dicelacancion.com ... t=1.91
8864 Checking cashvideotube.com ... t=1.08
8865 Checking nptel.ac.in ... t=3.89
8866 Checking giroditalia.it ... t=5.52
8867 Checking decathlon.it ... t=2.46
8868 Checking gamedesign.jp ... t=0.50
8869 Checking detroitnews.com ... t=4.11
8870 Checking tiancity.com ... t=3.17
8871 Checking filmai.in ... t=2.87
8872 Checking modthesims.info ... t=0.66
8873 Checking fonearena.com ... t=3.47
8874 Checking yihaocar.com ... t=1.00
8875 Checking resona-gr.co.jp ... t=0.95
8876 Checking wheninmanila.com ... t=1.30
8877 Checking manithan.com ... t=1.84
8878 Checking tap.az ... t=1.65
8879 Checking seositecheckup.com ... t=2.14
8880 Checking 100sp.ru ... t=1.98
8881 Checking 3suisses.fr ... t=7.50
8882 Checking gallup.com ... t=2.29
8883 Checking 1c-bitrix.ru ... t=1.70
8884 Checking rumble.com ... t=1.78
8885 Checking walkerland.com.tw ... t=1.03
8886 Checking zopbuy.com ... t=4.50
8887 Checking 720pizle.com ... t=0.92
8888 Checking elderscrollsonline.com ... t=2.76
8889 Checking filescdn.com ... t=3.56
8890 Checking hse.ru ... t=10.58
8891 Checking imslp.org ... t=0.98
8892 Checking opinion.al ... t=2.17
8893 Checking sch.gr ... Exception: [Errno -5] No address associated with hostname
t=2.13
8894 Checking vesti.bg ... t=9.64
8895 Checking shorouknews.com ... t=1.27
8896 Checking adultwork.com ... t=0.87
8897 Checking games.co.id ... t=2.59
8898 Checking moodle.org ... Exception: [Errno 101] Network is unreachable
t=128.28
8899 Checking thy.com ... t=3.69
8900 Checking omniture.com ... t=2.76
8901 Checking iphones.ru ... t=2.57
8902 Checking twyxi.com ... Exception: [Errno -5] No address associated with hostname
t=0.37
8903 Checking alldatasheet.com ... t=0.61
8904 Checking t-mobile.de ... t=5.78
8905 Checking animeindo.web.id ... t=0.94
8906 Checking wallapop.com ... t=1.01
8907 Checking aipai.com ... t=1.04
8908 Checking xiaoshuomm.com ... t=1.31
8909 Checking startnewtab.com ... t=1.24
8910 Checking kosovarja-ks.com ... t=1.43
8911 Checking lineq.tw ... t=0.92
8912 Checking netbeans.org ... t=2.36
8913 Checking a1.net ... t=5.45
8914 Checking yabaiero.com ... t=0.71
8915 Checking telus.com ... t=3.15
8916 Checking gib.gov.tr ... t=2.48
8917 Checking entrance-exam.net ... t=0.71
8918 Checking cgpeers.com ... t=6.96
8919 Checking fff.fr ... t=3.38
8920 Checking stream-tv-series.net ... t=1.09
8921 Checking indeed.ae ... t=1.89
8922 Checking sarizeybekhaber.com.tr ... t=5.63
8923 Checking forum-auto.com ... t=3.79
8924 Checking the-village.ru ... t=3.59
8925 Checking caltech.edu ... t=1.81
8926 Checking top10homeremedies.com ... t=2.89
8927 Checking guardaserie.news ... t=0.22
8928 Checking mcdonalds.com ... t=1.20
8929 Checking rezultati.com ... t=4.22
8930 Checking mendeley.com ... t=2.51
8931 Checking arukereso.hu ... t=4.97
8932 Checking nju.edu.cn ... Exception: [Errno -5] No address associated with hostname
t=1.94
8933 Checking warhistoryonline.com ... t=1.53
8934 Checking electracard.com ... t=2.47
8935 Checking thepiratebay-proxylist.org ... Exception: [Errno 101] Network is unreachable
t=127.57
8936 Checking co-operativebank.co.uk ... t=3.76
8937 Checking picresize.com ... t=0.66
8938 Checking osd.mil ... Exception: [Errno 110] Connection timed out
t=254.52
8939 Checking treehugger.com ... t=1.32
8940 Checking riverisland.com ... t=6.79
8941 Checking rtvslo.si ... t=1.74
8942 Checking zjol.com.cn ... t=1.14
8943 Checking freedownloadmanager.org ... t=0.94
8944 Checking thiraivideo.com ... t=2.35
8945 Checking meti.go.jp ... Exception: [Errno -5] No address associated with hostname
t=0.33
8946 Checking imgsrc.ru ... t=1.83
8947 Checking jeux.fr ... t=2.03
8948 Checking primark.com ... t=3.89
8949 Checking whowhatwear.com ... t=2.08
8950 Checking sacbee.com ... t=1.41
8951 Checking tradesy.com ... t=1.84
8952 Checking puritan.com ... t=7.59
8953 Checking cguwan.com ... t=1.33
8954 Checking volkskrant.nl ... t=2.14
8955 Checking your-server.de ... Exception: [Errno -5] No address associated with hostname
t=1.67
8956 Checking apotheken-umschau.de ... t=5.95
8957 Checking boxza.com ... t=0.89
8958 Checking mydiv.net ... t=1.05
8959 Checking helpscout.net ... t=1.40
8960 Checking builtwith.com ... t=0.62
8961 Checking booksky.org ... Exception: [Errno -3] Temporary failure in name resolution
t=20.02
8962 Checking tubeplus.is ... t=4.16
8963 Checking womai.com ... t=2.28
8964 Checking 95095.com ... t=0.58
8965 Checking bancopopolare.it ... t=7.52
8966 Checking gigafree.net ... t=2.12
8967 Checking amiami.com ... t=5.58
8968 Checking aftabnews.ir ... t=2.34
8969 Checking drsfostersmith.com ... t=2.43
8970 Checking vajehyab.com ... t=2.14
8971 Checking kemdikbud.go.id ... Exception: [Errno 110] Connection timed out
t=127.71
8972 Checking ilovefilmesonline.com ... t=1.59
8973 Checking securesuite.co.uk ... Exception: [Errno 110] Connection timed out
t=127.56
8974 Checking airfarewatchdog.com ... t=2.14
8975 Checking dramanice.eu ... t=1.68
8976 Checking 4px.com ... t=1.21
8977 Checking simozo.com ... t=0.57
8978 Checking yoy.tv ... t=1.25
8979 Checking ewg.org ... t=1.94
8980 Checking filmywap.us ... t=6.76
8981 Checking nettiauto.com ... t=2.05
8982 Checking netcoc.com ... Exception: [Errno -2] Name or service not known
t=2.08
8983 Checking bayanbox.ir ... t=2.63
8984 Checking leovegas.com ... t=4.10
8985 Checking femina.hu ... t=3.59
8986 Checking wordfind.com ... t=2.25
8987 Checking plus.ir ... t=3.13
8988 Checking komus.ru ... t=3.73
8989 Checking cyzo.com ... t=0.17
8990 Checking animoto.com ... t=2.70
8991 Checking hankookilbo.com ... t=0.75
8992 Checking modoo.at ... t=1.18
8993 Checking backlog.jp ... t=0.94
8994 Checking asagei.com ... t=0.79
8995 Checking londynek.net ... t=2.17
8996 Checking creativecow.net ... t=3.10
8997 Checking takuhai.jp ... Exception: [Errno -5] No address associated with hostname
t=0.43
8998 Checking gsn.com ... t=6.06
8999 Checking watchmovie.ms ... t=2.71
9000 Checking reason.com ... t=0.83
