9001 Checking linuxmint.com ... t=1.80
9002 Checking realgm.com ... t=1.25
9003 Checking dojki.com ... t=0.68
9004 Checking vit.ac.in ... t=0.46
9005 Checking heftig.co ... t=1.08
9006 Checking shinseibank.com ... t=0.69
9007 Checking caloriecount.com ... t=2.64
9008 Checking pagina12.com.ar ... t=2.81
9009 Checking tvmao.com ... t=0.32
9010 Checking thenationonlineng.net ... t=0.47
9011 Checking commsec.com.au ... t=1.09
9012 Checking gigafile.nu ... t=0.20
9013 Checking fangdd.com ... t=1.35
9014 Checking mobile.bg ... t=3.33
9015 Checking pornodingue.com ... t=0.06
9016 Checking eltrecetv.com.ar ... t=1.48
9017 Checking filmeonline2013.biz ... t=2.81
9018 Checking google.com.jm ... t=0.89
9019 Checking genteflowmp3.me ... t=3.12
9020 Checking kym-cdn.com ... t=0.88
9021 Checking omelete.uol.com.br ... t=3.00
9022 Checking livesoccertv.com ... t=1.18
9023 Checking antenam.biz ... t=0.24
9024 Checking icarros.com.br ... t=3.33
9025 Checking ishuhui.com ... t=0.37
9026 Checking bufferapp.com ... t=1.38
9027 Checking commercebank.com ... t=2.20
9028 Checking cbr.ru ... t=0.83
9029 Checking e-leclerc.com ... t=1.07
9030 Checking todaypk.to ... t=0.59
9031 Checking 1jux.net ... t=1.35
9032 Checking minne.com ... t=0.99
9033 Checking justgiving.com ... t=2.50
9034 Checking 9lwan.com ... Exception: [Errno -5] No address associated with hostname
t=1.00
9035 Checking pelisplus.tv ... t=1.05
9036 Checking javascript.ru ... t=1.12
9037 Checking blitz.bg ... t=2.99
9038 Checking bilgiustam.com ... t=2.69
9039 Checking zetaboards.com ... t=0.83
9040 Checking linksys.com ... t=1.59
9041 Checking menclub.hk ... t=0.40
9042 Checking centrelink.gov.au ... t=5.74
9043 Checking iconfont.cn ... t=0.45
9044 Checking pravda.sk ... t=2.81
9045 Checking leonardo.it ... t=1.96
9046 Checking mcssl.com ... t=2.66
9047 Checking libertymutual.com ... t=0.78
9048 Checking superbahis199.com ... t=2.89
9049 Checking president.jp ... t=0.18
9050 Checking gmo.jp ... t=0.67
9051 Checking geo.tv ... t=0.52
9052 Checking twilio.com ... t=2.09
9053 Checking ietf.org ... t=0.44
9054 Checking life.hu ... t=4.84
9055 Checking usen.com ... Exception: [Errno -2] Name or service not known
t=0.47
9056 Checking saidaonline.com ... t=0.53
9057 Checking thegaw.net ... t=1.27
9058 Checking mywot.com ... t=2.07
9059 Checking flydubai.com ... t=7.73
9060 Checking autorambler.ru ... t=0.78
9061 Checking hsbcnet.com ... t=1.36
9062 Checking beeradvocate.com ... t=1.19
9063 Checking suddenlink.net ... t=0.65
9064 Checking eclinicalweb.com ... t=0.66
9065 Checking csgostrong.com ... t=0.02
9066 Checking flyasiana.com ... t=0.20
9067 Checking porn.es ... t=0.12
9068 Checking moppy.jp ... Warning: Redirect exceed limit
t=3.70
9069 Checking wtfast.com ... t=1.69
9070 Checking myclk.net ... t=4.83
9071 Checking maxifoot.fr ... t=2.33
9072 Checking vcp.ir ... t=1.35
9073 Checking akibablog.net ... Exception: [Errno -5] No address associated with hostname
t=0.02
9074 Checking msdn.com ... t=3.19
9075 Checking filmesonlinex.net ... Exception: [Errno -3] Temporary failure in name resolution
t=32.55
9076 Checking 1kkk.com ... t=10.32
9077 Checking portail.free.fr ... t=1.15
9078 Checking liverpoolfc.com ... t=1.70
9079 Checking uh.edu ... t=0.75
9080 Checking oregon.gov ... t=4.50
9081 Checking moneta.co.kr ... t=0.38
9082 Checking kaymu.pk ... t=2.60
9083 Checking sandisk.com ... t=0.82
9084 Checking qudrat.com.pk ... t=1.05
9085 Checking 1688wan.com ... t=0.96
9086 Checking hawaalive.com ... t=1.12
9087 Checking technicpack.net ... t=0.50
9088 Checking devexpress.com ... t=2.93
9089 Checking tvboxnow.com ... t=0.42
9090 Checking triphobo.com ... t=1.54
9091 Checking dot.gov ... Exception: [Errno -5] No address associated with hostname
t=0.64
9092 Checking en-hyouban.com ... t=1.07
9093 Checking romwe.com ... t=0.75
9094 Checking gaadi.com ... t=2.53
9095 Checking magento.com ... t=1.67
9096 Checking filmakinesi.org ... t=0.65
9097 Checking bato.to ... t=0.70
9098 Checking theoatmeal.com ... t=0.69
9099 Checking 7sur7.be ... t=1.99
9100 Checking world-fusigi.net ... t=0.32
9101 Checking difi.no ... t=4.56
9102 Checking abaenglish.com ... t=4.63
9103 Checking arbetsformedlingen.se ... t=1.89
9104 Checking truelife.com ... t=2.46
9105 Checking admitad.com ... t=5.41
9106 Checking macupdate.com ... t=5.01
9107 Checking afo-news.com ... t=3.56
9108 Checking transunion.com ... t=1.08
9109 Checking leroymerlin.pl ... t=2.76
9110 Checking good.is ... t=3.26
9111 Checking damasgate.com ... t=1.56
9112 Checking dzsc.com ... t=0.68
9113 Checking sixflags.com ... t=1.27
9114 Checking audiojungle.net ... t=1.48
9115 Checking bilutv.com ... t=0.48
9116 Checking iplayer.fm ... t=0.91
9117 Checking justclick.ru ... t=1.08
9118 Checking seniat.gob.ve ... Exception: [Errno -5] No address associated with hostname
t=1.87
9119 Checking wankoz.com ... t=0.68
9120 Checking dollartree.com ... t=3.55
9121 Checking listal.com ... t=1.58
9122 Checking ibabyzone.cn ... t=1.31
9123 Checking seccionamarilla.com.mx ... t=1.70
9124 Checking blogspot.fi ... t=0.33
9125 Checking 5i5j.com ... t=0.98
9126 Checking meteo.pl ... t=4.18
9127 Checking speedsociety.com ... t=1.19
9128 Checking popupplus.ir ... t=3.97
9129 Checking rci.com ... t=2.77
9130 Checking jobbank.gc.ca ... t=3.89
9131 Checking freetel.jp ... t=0.56
9132 Checking jumia.ma ... t=5.29
9133 Checking citethisforme.com ... t=1.01
9134 Checking mahresult.nic.in ... t=0.81
9135 Checking hotntubes.com ... t=0.92
9136 Checking magentocommerce.com ... t=3.28
9137 Checking nijie.info ... t=0.10
9138 Checking public.gr ... t=3.42
9139 Checking buenosaires.gob.ar ... t=3.98
9140 Checking quickprivacycheck.com ... t=0.62
9141 Checking basketball-reference.com ... t=1.57
9142 Checking job-mo.ru ... t=1.83
9143 Checking ipsy.com ... t=1.47
9144 Checking hublaa.me ... t=1.58
9145 Checking outsideonline.com ... t=0.90
9146 Checking netseer.com ... t=0.49
9147 Checking virtualtourist.com ... t=1.87
9148 Checking kaizentraffic.com ... t=0.64
9149 Checking navi-gaming.com ... t=2.77
9150 Checking wangpansou.cn ... t=0.69
9151 Checking everydaynews.today ... t=1.13
9152 Checking insomnia.gr ... t=2.94
9153 Checking studopedia.ru ... t=1.28
9154 Checking yande.re ... t=3.28
9155 Checking americanlisted.com ... t=4.82
9156 Checking arageek.com ... Exception: [Errno -3] Temporary failure in name resolution
t=20.02
9157 Checking droid-life.com ... t=1.49
9158 Checking kenyamoja.com ... t=2.46
9159 Checking otorrents.com ... t=3.20
9160 Checking moviesub.net ... t=0.84
9161 Checking grapee.jp ... t=0.34
9162 Checking racingpost.com ... t=1.92
9163 Checking asianetnews.tv ... t=1.74
9164 Checking jjgirls.com ... t=0.59
9165 Checking bugs.co.kr ... t=0.42
9166 Checking mitsubishielectric.co.jp ... t=0.19
9167 Checking cloudconvert.com ... t=3.53
9168 Checking ojogo.pt ... t=3.21
9169 Checking picarto.tv ... t=1.97
9170 Checking takvim.com.tr ... t=12.87
9171 Checking shmu.sk ... t=5.83
9172 Checking dresslily.com ... t=0.35
9173 Checking pornktube.com ... t=0.07
9174 Checking teamunify.com ... t=4.09
9175 Checking endclothing.com ... t=2.73
9176 Checking cursecdn.com ... t=0.44
9177 Checking imageshack.us ... t=0.45
9178 Checking fungo.cn ... t=0.30
9179 Checking k12.fl.us ... Exception: [Errno -5] No address associated with hostname
t=0.91
9180 Checking nielsen.com ... t=1.38
9181 Checking canstockphoto.com ... t=1.38
9182 Checking snip.ly ... t=0.68
9183 Checking elcinema.com ... t=1.44
9184 Checking freekibble.com ... t=1.36
9185 Checking charlotteobserver.com ... t=1.47
9186 Checking sur.ly ... t=0.48
9187 Checking sahadan.com ... t=4.22
9188 Checking biografiasyvidas.com ... t=2.18
9189 Checking kindgirls.com ... t=1.00
9190 Checking worldfree4u.ind.in ... t=1.77
9191 Checking kupivip.ru ... t=1.82
9192 Checking transferwise.com ... t=3.13
9193 Checking apsrtconline.in ... t=1.65
9194 Checking datafilehost.com ... t=2.33
9195 Checking itp.ne.jp ... t=0.73
9196 Checking dunya.com.pk ... t=2.15
9197 Checking yupptv.com ... t=2.06
9198 Checking largeporntube.com ... t=0.24
9199 Checking vandal.net ... t=0.93
9200 Checking propertyguru.com.sg ... t=0.57
9201 Checking voetbalzone.nl ... t=1.33
9202 Checking tldp.org ... t=0.66
9203 Checking fco.gov.uk ... t=3.40
9204 Checking yuvutu.com ... t=0.35
9205 Checking credoaction.com ... t=0.85
9206 Checking com-updates.online ... t=1.21
9207 Checking fanpiece.com ... t=0.21
9208 Checking jakartanotebook.com ... t=0.91
9209 Checking beyazperde.com ... t=3.08
9210 Checking esmplus.com ... t=1.52
9211 Checking moo.com ... t=6.27
9212 Checking wgu.edu ... t=1.02
9213 Checking filesend.to ... Exception: [Errno -5] No address associated with hostname
t=0.35
9214 Checking cri.cn ... Exception: [Errno 110] Connection timed out
t=22270.54
9215 Checking symbolab.com ... t=1.37
9216 Checking alfemminile.com ... t=2.90
9217 Checking cinematoday.jp ... t=1.65
9218 Checking legalporno.com ... t=1.32
9219 Checking draw.io ... t=0.08
9220 Checking monash.edu ... t=1.86
9221 Checking smule.com ... t=1.29
9222 Checking gov.bc.ca ... t=4.61
9223 Checking lww.com ... t=2.42
9224 Checking meidebi.com ... t=0.86
9225 Checking mbusa.com ... t=1.37
9226 Checking gutenberg.org ... t=2.06
9227 Checking friendscout24.de ... t=7.50
9228 Checking f1news.ru ... t=1.23
9229 Checking coach.com ... t=1.19
9230 Checking littlewoods.com ... t=1.16
9231 Checking convertonlinefree.com ... t=0.44
9232 Checking jimmyfans.com ... t=0.91
9233 Checking svd.se ... t=3.15
9234 Checking takefreebitcoin.com ... t=1.17
9235 Checking numbeo.com ... t=2.23
9236 Checking yalalla.com ... t=1.20
9237 Checking a135.net ... t=0.47
9238 Checking ichacha.net ... t=0.15
9239 Checking webopedia.com ... t=1.83
9240 Checking hi-pda.com ... t=4.09
9241 Checking your-surveys.com ... t=2.96
9242 Checking waseet.net ... t=1.34
9243 Checking daiwa.co.jp ... Exception: [Errno -5] No address associated with hostname
t=0.21
9244 Checking ygdy8.com ... Exception: [Errno -2] Name or service not known
t=0.51
9245 Checking shopserve.jp ... t=0.27
9246 Checking sedo.com ... t=3.23
9247 Checking xxeronetxx.info ... t=0.38
9248 Checking theqoo.net ... t=0.25
9249 Checking thepage.jp ... t=0.54
9250 Checking wg-gesucht.de ... t=2.36
9251 Checking samakal.net ... t=0.87
9252 Checking alaham.org ... t=1.94
9253 Checking idropnews.com ... t=1.66
9254 Checking cgv.co.kr ... t=0.66
9255 Checking bubble.am ... t=0.66
9256 Checking audacityteam.org ... t=1.19
9257 Checking moeimg.net ... t=0.22
9258 Checking momomall.com.tw ... t=0.10
9259 Checking dollarshaveclub.com ... t=2.59
9260 Checking epost.go.kr ... t=0.30
9261 Checking converse.com ... t=1.80
9262 Checking cqvip.com ... t=0.20
9263 Checking technologyreview.com ... t=2.33
9264 Checking evine.com ... t=1.78
9265 Checking taojindi.com ... t=1.36
9266 Checking kink.com ... t=0.35
9267 Checking icontact.com ... t=6.00
9268 Checking annauniv.edu ... Exception: [Errno -5] No address associated with hostname
t=3.42
9269 Checking hepsibahis310.com ... t=0.93
9270 Checking manoramanews.com ... t=1.28
9271 Checking emex.ru ... Warning: Location same as destination
t=2.55
9272 Checking newspicks.com ... t=0.79
9273 Checking tampabay.com ... t=0.97
9274 Checking vidup.me ... t=1.33
9275 Checking itube247.com ... t=2.60
9276 Checking yes123.com.tw ... Exception: [Errno -2] Name or service not known
t=0.10
9277 Checking bgr.in ... t=0.99
9278 Checking diaoyu.com ... t=2.69
9279 Checking sokmil.com ... t=0.24
9280 Checking animeid.com ... t=0.09
9281 Checking record.com.mx ... t=3.08
9282 Checking 3ple.jp ... Exception: [Errno 101] Network is unreachable
t=6.26
9283 Checking gongkong.com ... t=1.21
9284 Checking sovsport.ru ... t=2.87
9285 Checking fsymbols.com ... t=0.94
9286 Checking unicamp.br ... Exception: [Errno -5] No address associated with hostname
t=1.50
9287 Checking seriesvideobb.net ... t=1.85
9288 Checking dailytelegraph.com.au ... Warning: Redirect exceed limit
t=3.78
9289 Checking ilmattino.it ... t=1.42
9290 Checking talks.by ... t=2.22
9291 Checking windstream.net ... t=2.11
9292 Checking pdffiller.com ... t=1.05
9293 Checking pluska.sk ... t=1.90
9294 Checking ondemandkorea.com ... t=2.09
9295 Checking ponisha.ir ... t=1.45
9296 Checking meitu.com ... t=0.61
9297 Checking dealdey.com ... t=3.61
9298 Checking tvigle.ru ... t=3.25
9299 Checking topfo.com ... t=1.65
9300 Checking indiaproperty.com ... t=2.41
9301 Checking whentowork.com ... t=0.81
9302 Checking pornzeus.com ... t=0.65
9303 Checking zattoo.com ... t=1.39
9304 Checking fupa.net ... t=3.95
9305 Checking theoldreader.com ... t=2.28
9306 Checking remontka.pro ... t=1.14
9307 Checking jpost.com ... t=4.54
9308 Checking egirlgames.net ... t=1.26
9309 Checking witchcraftcash.com ... Exception: [Errno -5] No address associated with hostname
t=0.08
9310 Checking kufar.by ... t=4.75
9311 Checking educamos.com ... t=0.82
9312 Checking xttaff.com ... Exception: [Errno -2] Name or service not known
t=0.17
9313 Checking agar.la ... t=0.84
9314 Checking mindmeister.com ... t=2.59
9315 Checking trivago.es ... t=3.52
9316 Checking muryoueiga.com ... t=0.80
9317 Checking jzb.com ... t=0.45
9318 Checking feedburner.com ... t=0.81
9319 Checking topserialy.sk ... t=2.41
9320 Checking journaldemontreal.com ... t=2.24
9321 Checking suntory-kenko.com ... Exception: [Errno -5] No address associated with hostname
t=0.42
9322 Checking slutload.com ... t=0.36
9323 Checking icann.org ... t=1.88
9324 Checking payzippy.com ... t=1.43
9325 Checking indimusic.tv ... t=2.88
9326 Checking random.org ... t=0.98
9327 Checking nemlog-in.dk ... Exception: [Errno 111] Connection refused
t=1.87
9328 Checking offliberty.com ... t=0.88
9329 Checking casio.jp ... t=0.14
9330 Checking viewsnet.jp ... Exception: [Errno 110] Connection timed out
t=127.36
9331 Checking www.gov.qa ... t=13.40
9332 Checking squirt.org ... t=0.41
9333 Checking vans.com ... t=1.96
9334 Checking fluege.de ... t=2.39
9335 Checking tagesspiegel.de ... t=2.51
9336 Checking barlamane.com ... t=3.68
9337 Checking juanpi.com ... t=0.61
9338 Checking football365.com ... t=2.01
9339 Checking whicdn.com ... Exception: [Errno -5] No address associated with hostname
t=0.47
9340 Checking olivesoftware.com ... t=2.94
9341 Checking f1-gate.com ... t=0.20
9342 Checking hrs.de ... t=2.29
9343 Checking harrisbank.com ... t=1.83
9344 Checking caliente.mx ... t=2.41
9345 Checking pleer.ru ... Exception: [Errno 110] Connection timed out
t=129.54
9346 Checking rbi.org.in ... t=0.81
9347 Checking blogspot.hu ... t=0.32
9348 Checking www.gov.cn ... t=0.37
9349 Checking zorpia.com ... t=1.77
9350 Checking google.ci ... t=1.03
9351 Checking searchenginejournal.com ... t=0.69
9352 Checking jikexueyuan.com ... t=1.09
9353 Checking motortrend.com ... t=1.60
9354 Checking dailysuperheroes.com ... t=0.56
9355 Checking spwiki.net ... t=0.27
9356 Checking wallhaven.cc ... t=1.41
9357 Checking 25pp.com ... t=0.89
9358 Checking jagonews24.com ... t=2.82
9359 Checking tamilmatrimony.com ... t=1.81
9360 Checking adrs.me ... t=0.81
9361 Checking diepresse.com ... t=1.32
9362 Checking wetplace.com ... t=0.70
9363 Checking definicionabc.com ... t=2.57
9364 Checking managershare.com ... t=1.54
9365 Checking enkivillage.com ... t=0.83
9366 Checking allin1convert.com ... t=1.84
9367 Checking yidio.com ... t=0.83
9368 Checking adimmix.com ... t=1.02
9369 Checking digicame-info.com ... t=0.41
9370 Checking nokia.com ... t=1.21
9371 Checking vu.edu.pk ... t=1.72
9372 Checking proceso.com.mx ... t=2.91
9373 Checking eposcard.co.jp ... t=0.88
9374 Checking rahvar120.ir ... Exception: ''
t=2.51
9375 Checking zigmos.com ... t=2.56
9376 Checking magicalpictureland.net ... t=0.38
9377 Checking anses.gob.ar ... Exception: [Errno -3] Temporary failure in name resolution
t=20.02
9378 Checking teachable.com ... t=1.01
9379 Checking ele.me ... t=2.40
9380 Checking teatroporno.com ... t=0.91
9381 Checking nginx.org ... t=0.90
9382 Checking expediapartnercentral.com ... Warning: Redirect exceed limit
t=9.55
9383 Checking elfarandi.com ... t=5.23
9384 Checking slideplayer.com ... t=1.38
9385 Checking 86gg.cn ... t=0.77
9386 Checking fimina.com ... t=0.53
9387 Checking alquds.com ... t=2.89
9388 Checking cedacri.it ... Exception: [Errno -5] No address associated with hostname
t=1.62
9389 Checking 0654.pics ... t=1.12
9390 Checking namesakeoscilloscopemarquis.com ... t=0.77
9391 Checking filmstreamvk.com ... t=1.02
9392 Checking travel.co.jp ... t=0.23
9393 Checking bossip.com ... t=0.41
9394 Checking 1688.com.au ... t=0.69
9395 Checking bestiz.net ... t=0.35
9396 Checking easybitcoinfaucet.com ... t=0.68
9397 Checking notonthehighstreet.com ... t=1.36
9398 Checking cms.gov ... t=3.03
9399 Checking 9apps.com ... t=1.17
9400 Checking fmkorea.com ... t=0.41
9401 Checking as-web.jp ... t=0.50
9402 Checking x-rates.com ... t=0.47
9403 Checking cartoonnetwork.com ... t=1.84
9404 Checking unian.net ... t=7.93
9405 Checking hackforums.net ... t=0.07
9406 Checking sextubeset.com ... t=1.48
9407 Checking fanatics.com ... t=1.51
9408 Checking segye.com ... t=0.31
9409 Checking hacg.li ... t=0.52
9410 Checking ygdy8.net ... Exception: [Errno -5] No address associated with hostname
t=1.08
9411 Checking futbin.com ... t=3.02
9412 Checking zouba.cn ... t=0.27
9413 Checking tovima.gr ... t=3.85
9414 Checking bookvip.com ... t=2.51
9415 Checking ryusoku.com ... t=0.42
9416 Checking wmaraci.com ... t=5.30
9417 Checking chinanews.com ... t=0.75
9418 Checking babycentre.co.uk ... t=1.01
9419 Checking lxwxw.com ... t=0.64
9420 Checking hdfilmsaati.org ... t=0.82
9421 Checking themarker.com ... t=2.11
9422 Checking sce.com ... t=4.42
9423 Checking filmvf.ws ... t=0.97
9424 Checking dinodirect.com ... t=0.98
9425 Checking 123-reg.co.uk ... t=3.07
9426 Checking avianca.com ... t=3.05
9427 Checking drdinl.com ... t=0.18
9428 Checking 2dbook.com ... t=0.38
9429 Checking appcrawlr.com ... t=1.12
9430 Checking wallstreetcn.com ... t=0.72
9431 Checking radio-canada.ca ... t=1.82
9432 Checking noticiasaominuto.com ... t=6.91
9433 Checking myfico.com ... t=4.13
9434 Checking olx.com.co ... t=1.51
9435 Checking bein.net ... t=0.94
9436 Checking booth.pm ... t=0.99
9437 Checking i-say.com ... t=0.93
9438 Checking iodata.jp ... Exception: [Errno -5] No address associated with hostname
t=0.45
9439 Checking wiggle.co.uk ... t=2.06
9440 Checking charlotterusse.com ... t=0.87
9441 Checking giadinhvietnam.com ... t=0.32
9442 Checking lever.co ... t=3.10
9443 Checking unibet.com ... t=0.59
9444 Checking womany.net ... t=0.53
9445 Checking jn.pt ... t=3.43
9446 Checking swimoutlet.com ... t=2.07
9447 Checking izito.de ... t=1.51
9448 Checking mapsofworld.com ... t=1.43
9449 Checking foxsports.com.au ... Warning: Redirect exceed limit
t=2.50
9450 Checking 666nf.com ... t=0.98
9451 Checking iimjobs.com ... t=2.65
9452 Checking seekingarrangement.com ... t=3.33
9453 Checking casualgameportal.com ... t=1.69
9454 Checking davidsbridal.com ... t=2.17
9455 Checking triviahive.com ... t=0.39
9456 Checking legifrance.gouv.fr ... t=3.62
9457 Checking dinos.co.jp ... t=0.84
9458 Checking ub.edu ... t=5.32
9459 Checking karresults.nic.in ... t=0.72
9460 Checking sureawesomeness.com ... t=2.52
9461 Checking eki-net.com ... Exception: [Errno -5] No address associated with hostname
t=0.49
9462 Checking gwu.edu ... Exception: [Errno -5] No address associated with hostname
t=1.20
9463 Checking clkdboxtool.com ... t=0.66
9464 Checking ma-bimbo.com ... t=2.28
9465 Checking alpari.ru ... t=4.58
9466 Checking fresherslive.com ... t=0.60
9467 Checking ocado.com ... t=3.48
9468 Checking bestappstore.mobi ... t=1.97
9469 Checking eat24hours.com ... t=0.83
9470 Checking gossip-tv.gr ... t=2.52
9471 Checking mimp3.me ... t=0.17
9472 Checking seattlepi.com ... t=1.50
9473 Checking ilvyou.cc ... t=5.15
9474 Checking cyclestyle.net ... t=0.25
9475 Checking nextag.com ... t=1.65
9476 Checking youtubeinmp3.com ... t=8.69
9477 Checking piaotian.net ... t=0.48
9478 Checking letgo.com ... t=0.32
9479 Checking searsoutlet.com ... t=1.41
9480 Checking liberal.gr ... t=5.04
9481 Checking googleplex.com ... t=0.50
9482 Checking dxy.com ... t=0.59
9483 Checking lpga.or.jp ... Exception: [Errno -5] No address associated with hostname
t=0.35
9484 Checking nelnet.com ... t=3.55
9485 Checking boafoda.com ... t=0.05
9486 Checking rtl.be ... t=5.14
9487 Checking snob.ru ... t=3.04
9488 Checking dbw.cn ... Exception: [Errno -5] No address associated with hostname
t=0.54
9489 Checking urcosme.com ... t=0.69
9490 Checking extratorrent.asia ... t=2.21
9491 Checking guiltyfix.com ... t=0.84
9492 Checking khamsat.com ... t=2.52
9493 Checking stardewvalleywiki.com ... t=1.59
9494 Checking saisoncard-international.com ... t=0.24
9495 Checking wyborcza.biz ... t=7.27
9496 Checking hotchatdate.com ... t=1.05
9497 Checking daveramsey.com ... t=3.56
9498 Checking indianpornvideos.com ... t=0.03
9499 Checking mega.cl ... t=4.33
9500 Checking venmo.com ... t=1.87
9501 Checking mybrand.tmall.com ... Warning: Redirect exceed limit
t=11.29
9502 Checking letyshops.ru ... t=4.35
9503 Checking umass.edu ... t=1.82
9504 Checking priceprice.com ... t=0.95
9505 Checking ipn.mx ... t=2.06
9506 Checking corpretail.com ... t=2.24
9507 Checking fonts.com ... t=2.66
9508 Checking aboutyou.de ... t=1.52
9509 Checking softportal.com ... t=2.57
9510 Checking cmb.fr ... t=14.36
9511 Checking excel-easy.com ... t=2.42
9512 Checking report.az ... t=1.47
9513 Checking topyaps.com ... t=0.28
9514 Checking gomlab.com ... t=1.06
9515 Checking hitosara.com ... t=0.75
9516 Checking lazada.sg ... t=1.00
9517 Checking sarenza.com ... t=2.09
9518 Checking cv-library.co.uk ... t=2.38
9519 Checking webdesignerdepot.com ... t=2.51
9520 Checking quizony.com ... t=0.69
9521 Checking sabbnet.com ... Exception: [Errno -5] No address associated with hostname
t=1.19
9522 Checking jabirufun.com ... t=2.79
9523 Checking streaming-illimite.net ... t=2.09
9524 Checking fucked-tube.com ... t=0.74
9525 Checking pikolive.com ... t=0.14
9526 Checking 9666.cn ... t=1.58
9527 Checking campingworld.com ... t=2.94
9528 Checking nnm.me ... t=0.98
9529 Checking playgroundmag.net ... t=2.50
9530 Checking hostmonster.com ... t=3.21
9531 Checking excnn.com ... t=1.25
9532 Checking cincinnati.com ... t=5.15
9533 Checking okcaller.com ... t=1.70
9534 Checking so-v.com ... t=0.57
9535 Checking extendoffice.com ... t=5.89
9536 Checking yungching.com.tw ... t=1.36
9537 Checking urasunday.com ... t=0.28
9538 Checking qqt38.com ... t=1.37
9539 Checking nd.edu ... t=3.77
9540 Checking tusooo.com ... Exception: [Errno -2] Name or service not known
t=0.55
9541 Checking halkbank.com.tr ... t=7.74
9542 Checking neu6.edu.cn ... Exception: [Errno 101] Network is unreachable
t=0.13
9543 Checking freepostcodelottery.com ... t=3.04
9544 Checking alexamaster.com ... t=1.82
9545 Checking kiplinger.com ... t=2.11
9546 Checking 365jilin.com ... t=0.24
9547 Checking allwomenstalk.com ... t=0.64
9548 Checking zain.com ... t=1.44
9549 Checking alrakoba.net ... t=1.12
9550 Checking enuygun.com ... t=9.31
9551 Checking loveplanet.ru ... t=2.59
9552 Checking famousfootwear.com ... t=0.71
9553 Checking smart-lab.ru ... t=1.20
9554 Checking cmle.ru ... t=4.06
9555 Checking pipaw.com ... t=0.65
9556 Checking salamdl.com ... t=2.36
9557 Checking panoramastock.com ... t=0.86
9558 Checking 6vhao.net ... t=0.63
9559 Checking lbb.de ... Exception: [Errno -2] Name or service not known
t=2.76
9560 Checking airbnb.ca ... t=1.06
9561 Checking downloadopensoftware.com ... t=0.51
9562 Checking yesbank.in ... t=3.75
9563 Checking masaladesi.com ... t=2.25
9564 Checking justfly.com ... t=2.25
9565 Checking topcashback.com ... t=11.01
9566 Checking bloter.net ... t=0.76
9567 Checking beenverified.com ... t=2.05
9568 Checking bankaustria.at ... t=1.07
9569 Checking kayako.com ... t=2.82
9570 Checking mindtools.com ... t=3.72
9571 Checking osaka.lg.jp ... Exception: [Errno -5] No address associated with hostname
t=0.13
9572 Checking dashnet.org ... t=1.93
9573 Checking kurier.at ... t=1.21
9574 Checking m2k.to ... t=2.73
9575 Checking janebi.com ... t=4.14
9576 Checking yonsei.ac.kr ... t=0.74
9577 Checking workflowy.com ... t=2.72
9578 Checking nist.gov ... t=0.76
9579 Checking aegeanair.com ... t=4.23
9580 Checking guru99.com ... t=2.46
9581 Checking lawson.co.jp ... t=1.11
9582 Checking toukoucity.to ... t=0.17
9583 Checking oeker.net ... t=0.70
9584 Checking footyroom.com ... t=1.12
9585 Checking pcgameshardware.de ... t=2.83
9586 Checking infojobs.it ... t=2.63
9587 Checking crocs.com ... t=2.01
9588 Checking bicycling.com ... t=5.09
9589 Checking 1881.no ... Exception: timed out
t=181.74
9590 Checking cozi.com ... t=1.09
9591 Checking huabian.com ... t=2.24
9592 Checking destructoid.com ... t=0.81
9593 Checking education.gouv.fr ... t=4.18
9594 Checking dailyrecord.co.uk ... t=1.79
9595 Checking netzwelt.de ... t=1.38
9596 Checking taqat.sa ... t=4.99
9597 Checking aventertainments.com ... t=0.57
9598 Checking zedge.net ... t=1.17
9599 Checking myaccountaccess.com ... t=2.06
9600 Checking hcsc.net ... t=1.13
9601 Checking mediatemple.net ... t=1.94
9602 Checking unad.edu.co ... Exception: [Errno -5] No address associated with hostname
t=1.15
9603 Checking stitchfix.com ... t=2.60
9604 Checking gaoqing.la ... t=0.26
9605 Checking instapaper.com ... t=1.41
9606 Checking bien.hu ... t=1.55
9607 Checking missyusa.com ... t=1.93
9608 Checking minutouno.com ... t=9.15
9609 Checking muffingroup.com ... t=0.64
9610 Checking bgoperator.ru ... t=1.72
9611 Checking ssaa.ir ... t=3.62
9612 Checking phileweb.com ... Exception: [Errno -5] No address associated with hostname
t=0.23
9613 Checking gameduell.de ... t=2.49
9614 Checking cricut.com ... t=2.44
9615 Checking digi24.ro ... t=3.98
9616 Checking dizilab.com ... t=0.65
9617 Checking tameteo.com ... t=1.27
9618 Checking matadornetwork.com ... t=0.48
9619 Checking sport5.co.il ... t=3.49
9620 Checking plsdrct2.me ... t=0.68
9621 Checking poznan.pl ... t=3.80
9622 Checking fnac.es ... t=4.82
9623 Checking calcalist.co.il ... t=1.33
9624 Checking sta.sh ... t=0.91
9625 Checking hnzxyy.com ... t=3.37
9626 Checking leafly.com ... t=3.64
9627 Checking pdx.edu ... t=1.71
9628 Checking tonicmovies.com ... t=2.22
9629 Checking saharareporters.com ... t=0.56
9630 Checking regmovies.com ... t=2.48
9631 Checking ck365.cn ... t=2.54
9632 Checking bancainternet.com.ar ... Exception: [Errno -5] No address associated with hostname
t=2.67
9633 Checking winteriscoming.net ... t=0.47
9634 Checking ftc.gov ... t=1.83
9635 Checking freshdesignweb.com ... t=0.58
9636 Checking torrentbutler.eu ... t=0.55
9637 Checking onehallyu.com ... t=0.94
9638 Checking zimuku.net ... t=1.70
9639 Checking lurkmore.to ... t=2.09
9640 Checking tenpay.com ... t=6.39
9641 Checking k12.mn.us ... Exception: [Errno -5] No address associated with hostname
t=1.09
9642 Checking smartresponder.ru ... t=3.87
9643 Checking issuein.com ... t=0.35
9644 Checking faa.gov ... Exception: [Errno -5] No address associated with hostname
t=0.90
9645 Checking secure-banking.com ... Exception: [Errno 110] Connection timed out
t=127.44
9646 Checking e.jimdo.com ... t=1.94
9647 Checking beachbody.com ... t=4.01
9648 Checking cartoonnetworkarabic.com ... t=1.27
9649 Checking jdsports.co.uk ... t=4.20
9650 Checking espn.co.uk ... t=1.79
9651 Checking tatacliq.com ... t=1.66
9652 Checking spieletipps.de ... t=2.71
9653 Checking worldfree4u.info ... t=0.73
9654 Checking bestblackhatforum.com ... t=0.03
9655 Checking anews.com ... t=3.93
9656 Checking swtor.com ... t=1.12
9657 Checking mid-day.com ... t=1.38
9658 Checking gelbeseiten.de ... t=3.03
9659 Checking nationalinterest.org ... t=0.61
9660 Checking 9292.nl ... t=1.23
9661 Checking cyberleninka.ru ... t=1.62
9662 Checking ndl.go.jp ... t=0.20
9663 Checking uob.com.sg ... t=0.35
9664 Checking gotomypc.com ... t=2.16
9665 Checking doccheck.com ... t=4.06
9666 Checking sitenable.info ... t=4.30
9667 Checking myfxbook.com ... t=2.65
9668 Checking lookforporn.com ... t=0.66
9669 Checking forvo.com ... t=0.78
9670 Checking wanmei.com ... Exception: timed out
t=181.73
9671 Checking swansonvitamins.com ... t=2.33
9672 Checking sprzedajemy.pl ... t=1.38
9673 Checking sharelatex.com ... t=2.21
9674 Checking xaffair-upp.com ... t=1.35
9675 Checking oprah.com ... t=2.45
9676 Checking bharatmatrimony.com ... t=1.87
9677 Checking colaboraread.com.br ... Exception: [SSL: CERTIFICATE_VERIFY_FAILED] certificate verify failed (_ssl.c:590)
t=3.04
9678 Checking 411.com ... t=1.19
9679 Checking routard.com ... t=2.69
9680 Checking fullypcgames.net ... t=1.20
9681 Checking chatango.com ... t=0.64
9682 Checking firstcitizens.com ... t=6.59
9683 Checking bnc.ca ... t=4.39
9684 Checking vitutor.com ... t=2.71
9685 Checking hsbc.com.br ... t=4.58
9686 Checking bankleumi.co.il ... Exception: [Errno -5] No address associated with hostname
t=1.63
9687 Checking boards.net ... t=1.98
9688 Checking klankosova.tv ... t=0.51
9689 Checking davidwalsh.name ... t=2.27
9690 Checking bitnami.com ... t=1.43
9691 Checking asianfanfics.com ... t=0.97
9692 Checking deseretnews.com ... t=1.26
9693 Checking tworld.co.kr ... t=1.66
9694 Checking littleone.ru ... t=3.10
9695 Checking sambaporno.com ... t=0.55
9696 Checking tjournal.ru ... t=3.11
9697 Checking mpgh.net ... t=0.63
9698 Checking jumia.co.ke ... t=5.14
9699 Checking webrootanywhere.com ... t=4.70
9700 Checking sofifa.com ... t=1.46
9701 Checking warpedspeed.com ... t=1.03
9702 Checking distancesfrom.com ... t=2.18
9703 Checking us.es ... Exception: [Errno -5] No address associated with hostname
t=1.48
9704 Checking homedepot.com.mx ... t=3.79
9705 Checking skincare-univ.com ... t=1.08
9706 Checking tvm.com.mt ... t=4.74
9707 Checking qinbei.com ... t=1.05
9708 Checking zhulong.com ... t=0.40
9709 Checking perspolisnews.com ... t=0.80
9710 Checking cocoachina.com ... t=2.46
9711 Checking pdftoword.com ... t=1.81
9712 Checking itpro.ir ... t=4.26
9713 Checking chia-anime.tv ... t=1.21
9714 Checking sherwin-williams.com ... t=1.13
9715 Checking 520cc.me ... Exception: [Errno -2] Name or service not known
t=1.07
9716 Checking e-earphone.jp ... t=0.43
9717 Checking mrporter.com ... t=1.72
9718 Checking golfchannel.com ... t=1.39
9719 Checking vatera.hu ... t=4.07
9720 Checking userstyles.org ... t=2.18
9721 Checking oe24.at ... t=3.21
9722 Checking cashcapitalsystem.com ... t=1.30
9723 Checking blogjav.net ... t=0.03
9724 Checking olark.com ... t=4.68
9725 Checking pcgames.com.cn ... t=0.77
9726 Checking emailsrvr.com ... t=0.55
9727 Checking bolha.com ... t=3.00
9728 Checking gulesider.no ... t=1.43
9729 Checking ananmanan.lk ... t=3.61
9730 Checking pmi.org ... t=2.27
9731 Checking wsu.edu ... t=1.97
9732 Checking elfinanciero.com.mx ... t=1.56
9733 Checking viralmundo.nl ... t=0.98
9734 Checking qq5.com ... t=0.38
9735 Checking ccbchurch.com ... Exception: timed out
t=180.33
9736 Checking trt.net.tr ... t=4.15
9737 Checking onthehub.com ... t=0.65
9738 Checking zoon.ru ... t=1.18
9739 Checking lyricsmint.com ... t=0.89
9740 Checking btio.pw ... t=3.03
9741 Checking thehindubusinessline.com ... t=2.18
9742 Checking creditsesame.com ... t=1.67
9743 Checking dailyfx.com ... t=0.88
9744 Checking amity.edu ... t=0.97
9745 Checking worldtimebuddy.com ... t=1.02
9746 Checking bbvacompass.com ... t=2.93
9747 Checking senscritique.com ... t=1.30
9748 Checking qualifiedourspecialoffer.com ... t=1.70
9749 Checking yaaknaa.info ... t=0.51
9750 Checking mirraw.com ... t=1.71
9751 Checking brand.tmall.com ... Warning: Redirect exceed limit
t=7.94
9752 Checking esri.com ... t=1.04
9753 Checking ku.edu ... t=0.82
9754 Checking innfrad.com ... t=0.46
9755 Checking 7-zip.org ... t=0.82
9756 Checking v9.com ... t=0.49
9757 Checking tufts.edu ... t=2.43
9758 Checking tv-envivo.net ... t=0.78
9759 Checking ebuyer.com ... t=3.03
9760 Checking mediamarkt.nl ... t=2.12
9761 Checking ac-versailles.fr ... t=4.65
9762 Checking kodhit.com ... t=1.53
9763 Checking myhermes.de ... t=6.19
9764 Checking adopteunmec.com ... t=2.26
9765 Checking saymails.com ... Exception: [Errno -5] No address associated with hostname
t=0.10
9766 Checking g9.co.kr ... t=0.48
9767 Checking digitalpoint.com ... t=1.41
9768 Checking nastygal.com ... t=1.46
9769 Checking 3m.com ... t=0.80
9770 Checking omiga-plus.com ... t=0.72
9771 Checking driverupdate.net ... t=0.70
9772 Checking maximonline.ru ... t=3.92
9773 Checking akc.org ... t=3.52
9774 Checking ubergizmo.com ... t=1.11
9775 Checking clicky.com ... t=1.32
9776 Checking roozno.com ... t=1.56
9777 Checking bancaribe.com.ve ... Exception: [Errno -5] No address associated with hostname
t=12.86
9778 Checking saat24.com ... t=6.62
9779 Checking eniro.se ... t=1.89
9780 Checking cxpublic.com ... Exception: [Errno -5] No address associated with hostname
t=0.21
9781 Checking wap4game.com ... t=0.55
9782 Checking astrology.com ... t=1.29
9783 Checking paybox.com ... Exception: [Errno -5] No address associated with hostname
t=1.40
9784 Checking kyofun.com ... t=0.30
9785 Checking circleksunkus.jp ... Exception: [Errno -5] No address associated with hostname
t=0.56
9786 Checking lablue.de ... t=3.40
9787 Checking topmine.io ... Exception: [Errno 110] Connection timed out
t=128.36
9788 Checking wallst.com ... t=9.00
9789 Checking rmdown.com ... t=0.36
9790 Checking sips-atos.com ... Exception: [Errno -5] No address associated with hostname
t=1.25
9791 Checking espnfcasia.com ... t=1.61
9792 Checking foxtube.com ... t=0.39
9793 Checking dti.ne.jp ... Exception: [Errno -5] No address associated with hostname
t=0.40
9794 Checking letras.com ... t=1.84
9795 Checking thelogicalindian.com ... t=1.14
9796 Checking icai.org ... t=1.56
9797 Checking consumercomplaints.in ... t=1.61
9798 Checking stuccu.com ... t=0.50
9799 Checking mouse-jp.co.jp ... t=128.24
9800 Checking nuget.org ... t=1.49
9801 Checking excite.com ... t=0.76
9802 Checking collectivads.com ... t=0.49
9803 Checking emlakkulisi.com ... t=1.60
9804 Checking spareroom.co.uk ... t=1.48
9805 Checking indgovtjobs.in ... t=1.05
9806 Checking animevost.org ... t=0.85
9807 Checking youporngay.com ... t=0.33
9808 Checking lyricsmode.com ... t=1.64
9809 Checking cup.ir ... t=2.14
9810 Checking elandroidelibre.com ... t=3.85
9811 Checking befuck.com ... t=0.75
9812 Checking upyim.com ... t=0.57
9813 Checking baiscopelk.com ... t=4.47
9814 Checking unl.edu ... t=2.66
9815 Checking jaccs.co.jp ... Exception: [Errno -5] No address associated with hostname
t=0.24
9816 Checking gdm.or.jp ... t=0.77
9817 Checking vsco.co ... t=0.34
9818 Checking thepiratebay.cr ... t=0.98
9819 Checking vodafone.com.tr ... t=3.74
9820 Checking hku.hk ... t=0.12
9821 Checking kpmg.com ... t=1.94
9822 Checking dellin.ru ... t=1.97
9823 Checking palikan.com ... t=0.35
9824 Checking remedydaily.com ... t=1.32
9825 Checking open2ch.net ... t=0.22
9826 Checking whmcs.com ... t=1.00
9827 Checking derwaza.cc ... t=1.06
9828 Checking clegc-gckey.gc.ca ... t=4.62
9829 Checking mofos.com ... t=0.45
9830 Checking hl.co.uk ... t=4.26
9831 Checking vertex42.com ... t=2.23
9832 Checking france2.fr ... t=1.40
9833 Checking frmtr.com ... t=0.09
9834 Checking soutalomma.com ... t=1.23
9835 Checking matchesfashion.com ... t=1.34
9836 Checking crx7601.com ... t=0.56
9837 Checking yasell.biz ... t=1.98
9838 Checking plaisio.gr ... t=3.45
9839 Checking topcpm.com ... t=2.95
9840 Checking djpunjab.com ... t=0.88
9841 Checking englishforums.com ... t=2.46
9842 Checking uanl.mx ... Exception: [Errno -3] Temporary failure in name resolution
t=20.02
9843 Checking wugu.com.cn ... t=1.22
9844 Checking csgowild.com ... t=0.72
9845 Checking fin24.com ... t=4.54
9846 Checking goglogo.com ... t=1.65
9847 Checking telerama.fr ... t=2.60
9848 Checking stack.com ... t=1.23
9849 Checking luxuretv.com ... t=0.04
9850 Checking ganool.ph ... t=0.64
9851 Checking ui.ac.id ... t=3.43
9852 Checking netoff.co.jp ... t=0.50
9853 Checking nameberry.com ... t=0.52
9854 Checking srv2trking.com ... t=0.76
9855 Checking tradelg.org ... t=1.85
9856 Checking kasikornbankgroup.com ... t=0.44
9857 Checking pep.com.cn ... Exception: [Errno -5] No address associated with hostname
t=0.27
9858 Checking grammarist.com ... t=0.06
9859 Checking 400zg.com ... t=2.02
9860 Checking eobot.com ... t=1.77
9861 Checking hypovereinsbank.de ... t=5.16
9862 Checking websudoku.com ... t=0.88
9863 Checking sydney.edu.au ... t=1.24
9864 Checking ulinkths.com ... t=0.99
9865 Checking search-results.com ... t=1.36
9866 Checking sk2ch.com ... t=0.45
9867 Checking multiplayer.it ... t=0.39
9868 Checking diplo.de ... t=3.04
9869 Checking ugr.es ... Exception: [Errno -5] No address associated with hostname
t=1.48
9870 Checking ashleyfurniturehomestore.com ... t=1.63
9871 Checking indeed.com.br ... t=1.39
9872 Checking mikrotik.com ... t=11.66
9873 Checking swr.de ... t=1.45
9874 Checking fabric.com ... t=1.64
9875 Checking gfxnull.net ... t=3.66
9876 Checking capgemini.com ... t=4.78
9877 Checking umuc.edu ... t=2.90
9878 Checking carlosjeurissen.com ... t=2.04
9879 Checking majmasti.in ... t=0.86
9880 Checking torbox.net ... t=1.19
9881 Checking ondemand.com ... Exception: [Errno 110] Connection timed out
t=254.53
9882 Checking xiumi.us ... t=0.32
9883 Checking payserve.com ... t=0.87
9884 Checking parlamentnilisty.cz ... t=3.15
9885 Checking kepu.net.cn ... t=1.18
9886 Checking avforums.com ... t=4.13
9887 Checking securenetsystems.net ... t=2.11
9888 Checking feide.no ... t=6.98
9889 Checking plenti.com ... t=7.55
9890 Checking state.md.us ... t=0.69
9891 Checking timesofisrael.com ... t=1.06
9892 Checking hifixxx.com ... t=0.98
9893 Checking el-balad.com ... t=1.38
9894 Checking swiggy.com ... t=1.57
9895 Checking nowtv.com ... t=0.93
9896 Checking ucf.edu ... t=1.90
9897 Checking bkstr.com ... t=1.29
9898 Checking acronymfinder.com ... t=1.78
9899 Checking spaces.ru ... t=1.81
9900 Checking google.la ... t=1.04
9901 Checking iplocation.net ... t=1.33
9902 Checking xxxbunker.com ... t=0.36
9903 Checking sokrostream.biz ... t=0.68
9904 Checking watchxxxfree.com ... t=0.04
9905 Checking seb.se ... t=1.70
9906 Checking propakistani.pk ... t=2.04
9907 Checking legiaodosherois.uol.com.br ... t=1.28
9908 Checking aircel.com ... t=0.80
9909 Checking dzwww.com ... t=0.29
9910 Checking youxixiazai.org ... t=1.53
9911 Checking gls-group.eu ... t=3.15
9912 Checking gmu.edu ... t=3.62
9913 Checking leroymerlin.it ... t=2.07
9914 Checking tripadvisor.com.mx ... t=2.59
9915 Checking ekiten.jp ... t=0.53
9916 Checking jpmediablog.com ... t=0.86
9917 Checking fullbeauty.com ... t=1.40
9918 Checking bajajfinserv.in ... t=1.92
9919 Checking cps.com.cn ... t=0.60
9920 Checking lavenir.net ... t=2.75
9921 Checking mandrillapp.com ... t=1.26
9922 Checking tsdm.net ... t=0.40
9923 Checking phim14.net ... t=0.41
9924 Checking file.rocks ... t=0.95
9925 Checking gold-price-today.com ... t=2.08
9926 Checking macx.cn ... t=0.21
9927 Checking ovguide.com ... t=1.67
9928 Checking fsu.edu ... t=3.05
9929 Checking 9news.com ... t=1.24
9930 Checking ekikara.jp ... t=0.62
9931 Checking irannaz.com ... t=2.29
9932 Checking optus.com.au ... t=1.50
9933 Checking postila.ru ... t=1.80
9934 Checking dn.pt ... t=3.73
9935 Checking trakt.tv ... t=1.13
9936 Checking namasha.com ... t=2.14
9937 Checking wellnessmama.com ... t=0.40
9938 Checking ricardoeletro.com.br ... t=1.57
9939 Checking barrons.com ... t=3.45
9940 Checking culturacolectiva.com ... t=0.59
9941 Checking empornium.me ... t=7.06
9942 Checking prosperent.com ... t=0.48
9943 Checking onhax.net ... t=0.72
9944 Checking giffgaff.com ... t=3.98
9945 Checking dofus.com ... Warning: Redirect exceed limit
t=31.05
9946 Checking uploadrocket.net ... t=0.70
9947 Checking steamdb.info ... t=1.29
9948 Checking webmail-seguro.com.br ... t=4.11
9949 Checking quickteller.com ... t=3.52
9950 Checking jobsite.co.uk ... t=2.25
9951 Checking leggo.it ... t=1.62
9952 Checking canlitv.mobi ... t=0.64
9953 Checking mizanonline.ir ... t=3.91
9954 Checking maxpreps.com ... t=1.35
9955 Checking worldofwarships.asia ... t=0.48
9956 Checking afftrack.com ... t=1.14
9957 Checking shogi.or.jp ... Exception: [Errno -5] No address associated with hostname
t=0.21
9958 Checking pixta.jp ... t=1.08
9959 Checking jobbole.com ... t=1.67
9960 Checking cajamar.es ... t=4.31
9961 Checking dingtalk.com ... t=1.40
9962 Checking kadinlarkulubu.com ... t=3.05
9963 Checking kbc.be ... t=3.64
9964 Checking ebanksepah.ir ... t=2.33
9965 Checking mitofago.com.mx ... t=1.30
9966 Checking limango.de ... t=2.71
9967 Checking justlanded.com ... t=1.94
9968 Checking usingenglish.com ... t=1.24
9969 Checking topg.org ... t=0.74
9970 Checking superbahis150.com ... t=4.20
9971 Checking estatesales.net ... t=3.62
9972 Checking asiannewsfeed.com ... t=0.68
9973 Checking quattroruote.it ... t=2.53
9974 Checking memecenter.com ... t=1.06
9975 Checking teenvogue.com ... t=0.84
9976 Checking free-power-point-templates.com ... t=0.87
9977 Checking lesports.com ... t=1.47
9978 Checking meta.ua ... t=1.98
9979 Checking kmcert.com ... t=0.45
9980 Checking e-words.jp ... t=10.32
9981 Checking sina.cn ... t=0.19
9982 Checking indiana.edu ... t=3.30
9983 Checking seedpeer.eu ... t=0.84
9984 Checking taobao.org ... Exception: [Errno -5] No address associated with hostname
t=0.36
9985 Checking watchonlinemovies.com.pk ... t=1.72
9986 Checking indguru.com ... t=0.44
9987 Checking helpster.de ... t=2.48
9988 Checking vidspot.net ... t=1.34
9989 Checking kaptest.com ... t=2.34
9990 Checking mywebgrocer.com ... t=1.12
9991 Checking francaisfacile.com ... t=2.80
9992 Checking nestle.jp ... t=1.53
9993 Checking ticketnew.com ... t=0.80
9994 Checking 80s.tw ... t=2.12
9995 Checking wi.gov ... t=4.36
9996 Checking makezine.com ... t=0.48
9997 Checking snapwidget.com ... t=0.51
9998 Checking avdesktop.com ... Exception: [Errno -5] No address associated with hostname
t=0.17
9999 Checking specialized.com ... t=3.79
10000 Checking venus.com ... t=0.77
